[100%] Built target irobot_create_toolbox
-- Install configuration: ""
-- Installing: /home/tahaos/Code/Projects/rpwr-assignments/04_navigation/ws/ros/install/irobot_create_toolbox/lib/libirobot_create_toolbox.so
-- Set non-toolchain portion of runtime path of "/home/tahaos/Code/Projects/rpwr-assignments/04_navigation/ws/ros/install/irobot_create_toolbox/lib/libirobot_create_toolbox.so" to ""
-- Installing: /home/tahaos/Code/Projects/rpwr-assignments/04_navigation/ws/ros/install/irobot_create_toolbox/include/irobot_create_toolbox
-- Installing: /home/tahaos/Code/Projects/rpwr-assignments/04_navigation/ws/ros/install/irobot_create_toolbox/include/irobot_create_toolbox/irobot_create_toolbox
-- Installing: /home/tahaos/Code/Projects/rpwr-assignments/04_navigation/ws/ros/install/irobot_create_toolbox/include/irobot_create_toolbox/irobot_create_toolbox/sensors
-- Installing: /home/tahaos/Code/Projects/rpwr-assignments/04_navigation/ws/ros/install/irobot_create_toolbox/include/irobot_create_toolbox/irobot_create_toolbox/sensors/bumpers.hpp
-- Installing: /home/tahaos/Code/Projects/rpwr-assignments/04_navigation/ws/ros/install/irobot_create_toolbox/include/irobot_create_toolbox/irobot_create_toolbox/math.hpp
-- Installing: /home/tahaos/Code/Projects/rpwr-assignments/04_navigation/ws/ros/install/irobot_create_toolbox/include/irobot_create_toolbox/irobot_create_toolbox/polar_coordinates.hpp
-- Installing: /home/tahaos/Code/Projects/rpwr-assignments/04_navigation/ws/ros/install/irobot_create_toolbox/share/ament_index/resource_index/package_run_dependencies/irobot_create_toolbox
-- Installing: /home/tahaos/Code/Projects/rpwr-assignments/04_navigation/ws/ros/install/irobot_create_toolbox/share/ament_index/resource_index/parent_prefix_path/irobot_create_toolbox
-- Installing: /home/tahaos/Code/Projects/rpwr-assignments/04_navigation/ws/ros/install/irobot_create_toolbox/share/irobot_create_toolbox/environment/ament_prefix_path.sh
-- Installing: /home/tahaos/Code/Projects/rpwr-assignments/04_navigation/ws/ros/install/irobot_create_toolbox/share/irobot_create_toolbox/environment/ament_prefix_path.dsv
-- Installing: /home/tahaos/Code/Projects/rpwr-assignments/04_navigation/ws/ros/install/irobot_create_toolbox/share/irobot_create_toolbox/environment/path.sh
-- Installing: /home/tahaos/Code/Projects/rpwr-assignments/04_navigation/ws/ros/install/irobot_create_toolbox/share/irobot_create_toolbox/environment/path.dsv
-- Installing: /home/tahaos/Code/Projects/rpwr-assignments/04_navigation/ws/ros/install/irobot_create_toolbox/share/irobot_create_toolbox/local_setup.bash
-- Installing: /home/tahaos/Code/Projects/rpwr-assignments/04_navigation/ws/ros/install/irobot_create_toolbox/share/irobot_create_toolbox/local_setup.sh
-- Installing: /home/tahaos/Code/Projects/rpwr-assignments/04_navigation/ws/ros/install/irobot_create_toolbox/share/irobot_create_toolbox/local_setup.zsh
-- Installing: /home/tahaos/Code/Projects/rpwr-assignments/04_navigation/ws/ros/install/irobot_create_toolbox/share/irobot_create_toolbox/local_setup.dsv
-- Installing: /home/tahaos/Code/Projects/rpwr-assignments/04_navigation/ws/ros/install/irobot_create_toolbox/share/irobot_create_toolbox/package.dsv
-- Installing: /home/tahaos/Code/Projects/rpwr-assignments/04_navigation/ws/ros/install/irobot_create_toolbox/share/ament_index/resource_index/packages/irobot_create_toolbox
-- Installing: /home/tahaos/Code/Projects/rpwr-assignments/04_navigation/ws/ros/install/irobot_create_toolbox/share/irobot_create_toolbox/cmake/export_irobot_create_toolboxExport.cmake
-- Installing: /home/tahaos/Code/Projects/rpwr-assignments/04_navigation/ws/ros/install/irobot_create_toolbox/share/irobot_create_toolbox/cmake/export_irobot_create_toolboxExport-noconfig.cmake
-- Installing: /home/tahaos/Code/Projects/rpwr-assignments/04_navigation/ws/ros/install/irobot_create_toolbox/share/irobot_create_toolbox/cmake/ament_cmake_export_targets-extras.cmake
-- Installing: /home/tahaos/Code/Projects/rpwr-assignments/04_navigation/ws/ros/install/irobot_create_toolbox/share/irobot_create_toolbox/cmake/ament_cmake_export_dependencies-extras.cmake
-- Installing: /home/tahaos/Code/Projects/rpwr-assignments/04_navigation/ws/ros/install/irobot_create_toolbox/share/irobot_create_toolbox/cmake/irobot_create_toolboxConfig.cmake
-- Installing: /home/tahaos/Code/Projects/rpwr-assignments/04_navigation/ws/ros/install/irobot_create_toolbox/share/irobot_create_toolbox/cmake/irobot_create_toolboxConfig-version.cmake
-- Installing: /home/tahaos/Code/Projects/rpwr-assignments/04_navigation/ws/ros/install/irobot_create_toolbox/share/irobot_create_toolbox/package.xml
