[0.028s] Invoking command in '/home/tahaos/Code/Projects/rpwr-assignments/04_navigation/ws/ros/build/turtlebot4_gz_gui_plugins': CMAKE_PREFIX_PATH=${CMAKE_PREFIX_PATH}:/opt/ros/jazzy VIRTUAL_ENV_PROMPT=(.rpwr_venv) /usr/bin/cmake /home/tahaos/Code/Projects/rpwr-assignments/04_navigation/ws/ros/src/turtlebot4_simulator/turtlebot4_gz_gui_plugins -DCMAKE_INSTALL_PREFIX=/home/tahaos/Code/Projects/rpwr-assignments/04_navigation/ws/ros/install/turtlebot4_gz_gui_plugins
[0.045s] -- Found ament_cmake: 2.5.4 (/opt/ros/jazzy/share/ament_cmake/cmake)
[0.279s] -- Found gz_gui_vendor: 0.0.5 (/opt/ros/jazzy/share/gz_gui_vendor/cmake)
[0.296s] -- Looking for gz-gui8 -- found version 8.4.0
[0.306s] -- Searching for dependencies of gz-gui8
[0.348s] -- Checking for module 'tinyxml2'
[0.367s] --   Found tinyxml2, version 10.0.0
[0.404s] -- Looking for gz-utils2 -- found version 2.2.1
[0.405s] -- Searching for dependencies of gz-utils2
[0.406s] -- Looking for gz-math7 -- found version 7.5.2
[0.407s] -- Searching for dependencies of gz-math7
[0.407s] -- Looking for gz-utils2 -- found version 2.2.1
[0.408s] -- Looking for gz-common5 -- found version 5.7.1
[0.409s] -- Searching for dependencies of gz-common5
[0.409s] -- Looking for gz-utils2 -- found version 2.2.1
[0.409s] -- Looking for dlfcn.h - found
[0.409s] -- Looking for libdl - found
[0.418s] -- Checking for module 'uuid'
[0.435s] --   Found uuid, version 2.39.3
[0.467s] -- Searching for <gz-common5> component [profiler]
[0.468s] -- Looking for gz-common5-profiler -- found version 5.7.1
[0.468s] -- Searching for dependencies of gz-common5-profiler
[0.469s] -- Looking for gz-plugin2 -- found version 2.0.4
[0.469s] -- Searching for dependencies of gz-plugin2
[0.469s] -- Looking for gz-utils2 -- found version 2.2.1
[0.470s] -- Searching for dependencies of gz-utils2
[0.470s] -- Searching for <gz-utils2> component [cli]
[0.470s] -- Looking for gz-utils2-cli -- found version 2.2.1
[0.470s] -- Searching for dependencies of gz-utils2-cli
[0.471s] -- Searching for <gz-plugin2> component [loader]
[0.472s] -- Looking for gz-plugin2-loader -- found version 2.0.4
[0.472s] -- Searching for dependencies of gz-plugin2-loader
[0.472s] -- Searching for <gz-plugin2> component [register]
[0.473s] -- Looking for gz-plugin2-register -- found version 2.0.4
[0.473s] -- Searching for dependencies of gz-plugin2-register
[0.474s] -- Looking for gz-transport13 -- found version 13.4.1
[0.474s] -- Searching for dependencies of gz-transport13
[0.533s] -- Config-file not installed for ZeroMQ -- checking for pkg-config
[0.537s] -- Checking for module 'libzmq >= 4'
[0.552s] --   Found libzmq, version 4.3.5
[0.605s] -- Looking for gz-utils2 -- found version 2.2.1
[0.605s] -- Looking for gz-msgs10 -- found version 10.3.2
[0.606s] -- Searching for dependencies of gz-msgs10
[0.639s] -- Looking for gz-utils2 -- found version 2.2.1
[0.639s] -- Looking for gz-math7 -- found version 7.5.2
[0.647s] -- Looking for gz-rendering8 -- found version 8.2.2
[0.648s] -- Searching for dependencies of gz-rendering8
[0.648s] -- Looking for gz-math7 -- found version 7.5.2
[0.648s] -- Searching for dependencies of gz-math7
[0.648s] -- Looking for gz-utils2 -- found version 2.2.1
[0.649s] -- Searching for <gz-math7> component [eigen3]
[0.649s] -- Looking for gz-math7-eigen3 -- found version 7.5.2
[0.649s] -- Searching for dependencies of gz-math7-eigen3
[0.650s] -- Looking for gz-common5 -- found version 5.7.1
[0.650s] -- Searching for dependencies of gz-common5
[0.651s] -- Looking for gz-utils2 -- found version 2.2.1
[0.651s] -- Looking for dlfcn.h - found
[0.651s] -- Looking for libdl - found
[0.658s] -- Searching for <gz-common5> component [graphics]
[0.658s] -- Looking for gz-common5-graphics -- found version 5.7.1
[0.659s] -- Searching for dependencies of gz-common5-graphics
[0.659s] -- Looking for gz-math7 -- found version 7.5.2
[0.662s] -- Searching for <gz-common5> component [events]
[0.663s] -- Looking for gz-common5-events -- found version 5.7.1
[0.663s] -- Searching for dependencies of gz-common5-events
[0.663s] -- Looking for gz-math7 -- found version 7.5.2
[0.664s] -- Searching for <gz-common5> component [geospatial]
[0.664s] -- Looking for gz-common5-geospatial -- found version 5.7.1
[0.665s] -- Searching for dependencies of gz-common5-geospatial
[0.665s] -- Looking for gz-math7 -- found version 7.5.2
[0.665s] -- Looking for gz-common5 -- found version 5.7.1
[0.666s] -- Looking for gz-plugin2 -- found version 2.0.4
[0.667s] -- Searching for dependencies of gz-plugin2
[0.667s] -- Looking for gz-utils2 -- found version 2.2.1
[0.667s] -- Searching for <gz-plugin2> component [all]
[0.667s] -- Looking for all libraries of gz-plugin2 -- found version 2.0.4
[0.668s] -- Looking for gz-plugin2 -- found version 2.0.4
[0.669s] -- Looking for gz-utils2 -- found version 2.2.1
[0.675s] -- Looking for gz-msgs10 -- found version 10.3.2
[0.703s] -- Found ament_lint_auto: 0.17.2 (/opt/ros/jazzy/share/ament_lint_auto/cmake)
[0.728s] Traceback (most recent call last):
[0.728s]   File "/opt/ros/jazzy/share/ament_cmake_core/cmake/core/package_xml_2_cmake.py", line 22, in <module>
[0.728s]     from catkin_pkg.package import parse_package_string
[0.728s] ModuleNotFoundError: No module named 'catkin_pkg'
[0.731s] [31mCMake Error at /opt/ros/jazzy/share/ament_cmake_core/cmake/core/ament_package_xml.cmake:95 (message):
[0.731s]   
[0.731s]   execute_process(/home/tahaos/Code/Projects/rpwr-assignments/.rpwr_venv/bin/python3
[0.731s]   /opt/ros/jazzy/share/ament_cmake_core/cmake/core/package_xml_2_cmake.py
[0.731s]   /home/tahaos/Code/Projects/rpwr-assignments/04_navigation/ws/ros/src/turtlebot4_simulator/turtlebot4_gz_gui_plugins/package.xml
[0.731s]   /home/tahaos/Code/Projects/rpwr-assignments/04_navigation/ws/ros/build/turtlebot4_gz_gui_plugins/ament_cmake_core/package.cmake)
[0.731s]   returned error code 1
[0.731s] Call Stack (most recent call first):
[0.731s]   /opt/ros/jazzy/share/ament_cmake_core/cmake/core/ament_package_xml.cmake:49 (_ament_package_xml)
[0.731s]   /opt/ros/jazzy/share/ament_lint_auto/cmake/ament_lint_auto_find_test_dependencies.cmake:31 (ament_package_xml)
[0.731s]   CMakeLists.txt:19 (ament_lint_auto_find_test_dependencies)
[0.731s] 
[0.731s] [0m
[0.732s] -- Configuring incomplete, errors occurred!
[0.738s] Invoked command in '/home/tahaos/Code/Projects/rpwr-assignments/04_navigation/ws/ros/build/turtlebot4_gz_gui_plugins' returned '1': CMAKE_PREFIX_PATH=${CMAKE_PREFIX_PATH}:/opt/ros/jazzy VIRTUAL_ENV_PROMPT=(.rpwr_venv) /usr/bin/cmake /home/tahaos/Code/Projects/rpwr-assignments/04_navigation/ws/ros/src/turtlebot4_simulator/turtlebot4_gz_gui_plugins -DCMAKE_INSTALL_PREFIX=/home/tahaos/Code/Projects/rpwr-assignments/04_navigation/ws/ros/install/turtlebot4_gz_gui_plugins
