[0.032s] Invoking command in '/home/tahaos/Code/Projects/rpwr-assignments/04_navigation/ws/ros/build/turtlebot4_gz_gui_plugins': CMAKE_PREFIX_PATH=${CMAKE_PREFIX_PATH}:/opt/ros/jazzy VIRTUAL_ENV_PROMPT=(.rpwr_venv) /usr/bin/cmake /home/tahaos/Code/Projects/rpwr-assignments/04_navigation/ws/ros/src/turtlebot4_simulator/turtlebot4_gz_gui_plugins -DCMAKE_INSTALL_PREFIX=/home/tahaos/Code/Projects/rpwr-assignments/04_navigation/ws/ros/install/turtlebot4_gz_gui_plugins
[0.049s] -- Found ament_cmake: 2.5.4 (/opt/ros/jazzy/share/ament_cmake/cmake)
[0.270s] -- Found gz_gui_vendor: 0.0.5 (/opt/ros/jazzy/share/gz_gui_vendor/cmake)
[0.281s] -- Looking for gz-gui8 -- found version 8.4.0
[0.287s] -- Searching for dependencies of gz-gui8
[0.328s] -- Checking for module 'tinyxml2'
[0.346s] --   Found tinyxml2, version 10.0.0
[0.379s] -- Looking for gz-utils2 -- found version 2.2.1
[0.379s] -- Searching for dependencies of gz-utils2
[0.380s] -- Looking for gz-math7 -- found version 7.5.2
[0.381s] -- Searching for dependencies of gz-math7
[0.381s] -- Looking for gz-utils2 -- found version 2.2.1
[0.383s] -- Looking for gz-common5 -- found version 5.7.1
[0.383s] -- Searching for dependencies of gz-common5
[0.383s] -- Looking for gz-utils2 -- found version 2.2.1
[0.384s] -- Looking for dlfcn.h - found
[0.384s] -- Looking for libdl - found
[0.391s] -- Checking for module 'uuid'
[0.407s] --   Found uuid, version 2.39.3
[0.437s] -- Searching for <gz-common5> component [profiler]
[0.437s] -- Looking for gz-common5-profiler -- found version 5.7.1
[0.438s] -- Searching for dependencies of gz-common5-profiler
[0.438s] -- Looking for gz-plugin2 -- found version 2.0.4
[0.439s] -- Searching for dependencies of gz-plugin2
[0.439s] -- Looking for gz-utils2 -- found version 2.2.1
[0.439s] -- Searching for dependencies of gz-utils2
[0.439s] -- Searching for <gz-utils2> component [cli]
[0.440s] -- Looking for gz-utils2-cli -- found version 2.2.1
[0.440s] -- Searching for dependencies of gz-utils2-cli
[0.441s] -- Searching for <gz-plugin2> component [loader]
[0.441s] -- Looking for gz-plugin2-loader -- found version 2.0.4
[0.441s] -- Searching for dependencies of gz-plugin2-loader
[0.442s] -- Searching for <gz-plugin2> component [register]
[0.442s] -- Looking for gz-plugin2-register -- found version 2.0.4
[0.442s] -- Searching for dependencies of gz-plugin2-register
[0.443s] -- Looking for gz-transport13 -- found version 13.4.1
[0.443s] -- Searching for dependencies of gz-transport13
[0.494s] -- Config-file not installed for ZeroMQ -- checking for pkg-config
[0.499s] -- Checking for module 'libzmq >= 4'
[0.516s] --   Found libzmq, version 4.3.5
[0.562s] -- Looking for gz-utils2 -- found version 2.2.1
[0.562s] -- Looking for gz-msgs10 -- found version 10.3.2
[0.563s] -- Searching for dependencies of gz-msgs10
[0.594s] -- Looking for gz-utils2 -- found version 2.2.1
[0.595s] -- Looking for gz-math7 -- found version 7.5.2
[0.605s] -- Looking for gz-rendering8 -- found version 8.2.2
[0.605s] -- Searching for dependencies of gz-rendering8
[0.606s] -- Looking for gz-math7 -- found version 7.5.2
[0.606s] -- Searching for dependencies of gz-math7
[0.607s] -- Looking for gz-utils2 -- found version 2.2.1
[0.607s] -- Searching for <gz-math7> component [eigen3]
[0.609s] -- Looking for gz-math7-eigen3 -- found version 7.5.2
[0.609s] -- Searching for dependencies of gz-math7-eigen3
[0.610s] -- Looking for gz-common5 -- found version 5.7.1
[0.610s] -- Searching for dependencies of gz-common5
[0.611s] -- Looking for gz-utils2 -- found version 2.2.1
[0.611s] -- Looking for dlfcn.h - found
[0.611s] -- Looking for libdl - found
[0.619s] -- Searching for <gz-common5> component [graphics]
[0.620s] -- Looking for gz-common5-graphics -- found version 5.7.1
[0.620s] -- Searching for dependencies of gz-common5-graphics
[0.620s] -- Looking for gz-math7 -- found version 7.5.2
[0.623s] -- Searching for <gz-common5> component [events]
[0.623s] -- Looking for gz-common5-events -- found version 5.7.1
[0.623s] -- Searching for dependencies of gz-common5-events
[0.624s] -- Looking for gz-math7 -- found version 7.5.2
[0.624s] -- Searching for <gz-common5> component [geospatial]
[0.625s] -- Looking for gz-common5-geospatial -- found version 5.7.1
[0.625s] -- Searching for dependencies of gz-common5-geospatial
[0.625s] -- Looking for gz-math7 -- found version 7.5.2
[0.626s] -- Looking for gz-common5 -- found version 5.7.1
[0.627s] -- Looking for gz-plugin2 -- found version 2.0.4
[0.627s] -- Searching for dependencies of gz-plugin2
[0.627s] -- Looking for gz-utils2 -- found version 2.2.1
[0.627s] -- Searching for <gz-plugin2> component [all]
[0.628s] -- Looking for all libraries of gz-plugin2 -- found version 2.0.4
[0.628s] -- Looking for gz-plugin2 -- found version 2.0.4
[0.629s] -- Looking for gz-utils2 -- found version 2.2.1
[0.634s] -- Looking for gz-msgs10 -- found version 10.3.2
[0.660s] -- Found ament_lint_auto: 0.17.2 (/opt/ros/jazzy/share/ament_lint_auto/cmake)
[0.680s] Traceback (most recent call last):
[0.680s]   File "/opt/ros/jazzy/share/ament_cmake_core/cmake/core/package_xml_2_cmake.py", line 22, in <module>
[0.680s]     from catkin_pkg.package import parse_package_string
[0.680s] ModuleNotFoundError: No module named 'catkin_pkg'
[0.684s] [31mCMake Error at /opt/ros/jazzy/share/ament_cmake_core/cmake/core/ament_package_xml.cmake:95 (message):
[0.684s]   
[0.684s]   execute_process(/home/tahaos/Code/Projects/rpwr-assignments/.rpwr_venv/bin/python3
[0.684s]   /opt/ros/jazzy/share/ament_cmake_core/cmake/core/package_xml_2_cmake.py
[0.684s]   /home/tahaos/Code/Projects/rpwr-assignments/04_navigation/ws/ros/src/turtlebot4_simulator/turtlebot4_gz_gui_plugins/package.xml
[0.684s]   /home/tahaos/Code/Projects/rpwr-assignments/04_navigation/ws/ros/build/turtlebot4_gz_gui_plugins/ament_cmake_core/package.cmake)
[0.684s]   returned error code 1
[0.685s] Call Stack (most recent call first):
[0.685s]   /opt/ros/jazzy/share/ament_cmake_core/cmake/core/ament_package_xml.cmake:49 (_ament_package_xml)
[0.685s]   /opt/ros/jazzy/share/ament_lint_auto/cmake/ament_lint_auto_find_test_dependencies.cmake:31 (ament_package_xml)
[0.685s]   CMakeLists.txt:19 (ament_lint_auto_find_test_dependencies)
[0.685s] 
[0.685s] [0m
[0.685s] -- Configuring incomplete, errors occurred!
