[0.056s] Invoking command in '/home/tahaos/Code/Projects/rpwr-assignments/04_navigation/ws/ros/build/turtlebot4_gz_gui_plugins': CMAKE_PREFIX_PATH=${CMAKE_PREFIX_PATH}:/opt/ros/jazzy VIRTUAL_ENV_PROMPT=(.rpwr_venv) /usr/bin/cmake /home/tahaos/Code/Projects/rpwr-assignments/04_navigation/ws/ros/src/turtlebot4_simulator/turtlebot4_gz_gui_plugins -DCMAKE_INSTALL_PREFIX=/home/tahaos/Code/Projects/rpwr-assignments/04_navigation/ws/ros/install/turtlebot4_gz_gui_plugins
[0.271s] -- The C compiler identification is GNU 13.3.0
[0.523s] -- The CXX compiler identification is GNU 13.3.0
[0.546s] -- Detecting C compiler ABI info
[0.657s] -- Detecting C compiler ABI info - done
[0.667s] -- Check for working C compiler: /usr/bin/cc - skipped
[0.668s] -- Detecting C compile features
[0.668s] -- Detecting C compile features - done
[0.679s] -- Detecting CXX compiler ABI info
[0.818s] -- Detecting CXX compiler ABI info - done
[0.841s] -- Check for working CXX compiler: /usr/bin/c++ - skipped
[0.841s] -- Detecting CXX compile features
[0.842s] -- Detecting CXX compile features - done
[0.853s] -- Found ament_cmake: 2.5.4 (/opt/ros/jazzy/share/ament_cmake/cmake)
[1.016s] -- Found Python3: /home/tahaos/Code/Projects/rpwr-assignments/.rpwr_venv/bin/python3 (found version "3.12.3") found components: Interpreter 
[1.255s] -- Found gz_gui_vendor: 0.0.5 (/opt/ros/jazzy/share/gz_gui_vendor/cmake)
[1.366s] -- Looking for gz-gui8 -- found version 8.4.0
[1.377s] -- Searching for dependencies of gz-gui8
[1.539s] -- Found Protobuf: /usr/lib/x86_64-linux-gnu/libprotobuf.so (found version "3.21.12") 
[1.548s] -- Checking for module 'tinyxml2'
[1.563s] --   Found tinyxml2, version 10.0.0
[1.603s] -- Looking for gz-utils2 -- found version 2.2.1
[1.604s] -- Searching for dependencies of gz-utils2
[1.610s] -- Looking for gz-math7 -- found version 7.5.2
[1.610s] -- Searching for dependencies of gz-math7
[1.611s] -- Looking for gz-utils2 -- found version 2.2.1
[1.617s] -- Looking for gz-common5 -- found version 5.7.1
[1.617s] -- Searching for dependencies of gz-common5
[1.617s] -- Looking for gz-utils2 -- found version 2.2.1
[1.618s] -- Looking for dlfcn.h - found
[1.620s] -- Looking for libdl - found
[1.621s] -- Found DL: TRUE  
[1.626s] -- Checking for module 'uuid'
[1.640s] --   Found uuid, version 2.39.3
[1.671s] -- Found UUID: TRUE  
[1.672s] -- Searching for <gz-common5> component [profiler]
[1.678s] -- Looking for gz-common5-profiler -- found version 5.7.1
[1.678s] -- Searching for dependencies of gz-common5-profiler
[1.686s] -- Looking for gz-plugin2 -- found version 2.0.4
[1.686s] -- Searching for dependencies of gz-plugin2
[1.686s] -- Looking for gz-utils2 -- found version 2.2.1
[1.687s] -- Searching for dependencies of gz-utils2
[1.687s] -- Searching for <gz-utils2> component [cli]
[1.695s] -- Looking for gz-utils2-cli -- found version 2.2.1
[1.695s] -- Searching for dependencies of gz-utils2-cli
[1.697s] -- Searching for <gz-plugin2> component [loader]
[1.704s] -- Looking for gz-plugin2-loader -- found version 2.0.4
[1.704s] -- Searching for dependencies of gz-plugin2-loader
[1.705s] -- Searching for <gz-plugin2> component [register]
[1.712s] -- Looking for gz-plugin2-register -- found version 2.0.4
[1.712s] -- Searching for dependencies of gz-plugin2-register
[1.719s] -- Looking for gz-transport13 -- found version 13.4.1
[1.720s] -- Searching for dependencies of gz-transport13
[1.791s] -- Config-file not installed for ZeroMQ -- checking for pkg-config
[1.797s] -- Checking for module 'libzmq >= 4'
[1.815s] --   Found libzmq, version 4.3.5
[1.862s] -- Found ZeroMQ: TRUE (Required is at least version "4") 
[1.871s] -- Looking for gz-utils2 -- found version 2.2.1
[1.876s] -- Looking for gz-msgs10 -- found version 10.3.2
[1.876s] -- Searching for dependencies of gz-msgs10
[1.910s] -- Looking for gz-utils2 -- found version 2.2.1
[1.910s] -- Looking for gz-math7 -- found version 7.5.2
[1.923s] -- Looking for gz-rendering8 -- found version 8.2.2
[1.923s] -- Searching for dependencies of gz-rendering8
[1.923s] -- Looking for gz-math7 -- found version 7.5.2
[1.924s] -- Searching for dependencies of gz-math7
[1.924s] -- Looking for gz-utils2 -- found version 2.2.1
[1.924s] -- Searching for <gz-math7> component [eigen3]
[1.930s] -- Looking for gz-math7-eigen3 -- found version 7.5.2
[1.930s] -- Searching for dependencies of gz-math7-eigen3
[1.951s] -- Looking for gz-common5 -- found version 5.7.1
[1.951s] -- Searching for dependencies of gz-common5
[1.952s] -- Looking for gz-utils2 -- found version 2.2.1
[1.952s] -- Looking for dlfcn.h - found
[1.952s] -- Looking for libdl - found
[1.961s] -- Searching for <gz-common5> component [graphics]
[1.969s] -- Looking for gz-common5-graphics -- found version 5.7.1
[1.969s] -- Searching for dependencies of gz-common5-graphics
[1.969s] -- Looking for gz-math7 -- found version 7.5.2
[1.989s] -- Found GzAssimp: TRUE (found version "5.3.0") 
[1.989s] -- Searching for <gz-common5> component [events]
[1.995s] -- Looking for gz-common5-events -- found version 5.7.1
[1.996s] -- Searching for dependencies of gz-common5-events
[1.996s] -- Looking for gz-math7 -- found version 7.5.2
[1.997s] -- Searching for <gz-common5> component [geospatial]
[2.003s] -- Looking for gz-common5-geospatial -- found version 5.7.1
[2.003s] -- Searching for dependencies of gz-common5-geospatial
[2.003s] -- Looking for gz-math7 -- found version 7.5.2
[2.004s] -- Looking for gz-common5 -- found version 5.7.1
[2.005s] -- Looking for gz-plugin2 -- found version 2.0.4
[2.006s] -- Searching for dependencies of gz-plugin2
[2.006s] -- Looking for gz-utils2 -- found version 2.2.1
[2.006s] -- Searching for <gz-plugin2> component [all]
[2.011s] -- Looking for all libraries of gz-plugin2 -- found version 2.0.4
[2.011s] -- Looking for gz-plugin2 -- found version 2.0.4
[2.012s] -- Looking for gz-utils2 -- found version 2.2.1
[2.034s] -- Found OpenGL: /usr/lib/x86_64-linux-gnu/libOpenGL.so  found components: OpenGL 
[2.035s] -- Looking for gz-msgs10 -- found version 10.3.2
[2.106s] -- Found ament_lint_auto: 0.17.2 (/opt/ros/jazzy/share/ament_lint_auto/cmake)
[2.130s] Traceback (most recent call last):
[2.130s]   File "/opt/ros/jazzy/share/ament_cmake_core/cmake/core/package_xml_2_cmake.py", line 22, in <module>
[2.130s]     from catkin_pkg.package import parse_package_string
[2.130s] ModuleNotFoundError: No module named 'catkin_pkg'
[2.133s] [31mCMake Error at /opt/ros/jazzy/share/ament_cmake_core/cmake/core/ament_package_xml.cmake:95 (message):
[2.133s]   
[2.134s]   execute_process(/home/tahaos/Code/Projects/rpwr-assignments/.rpwr_venv/bin/python3
[2.134s]   /opt/ros/jazzy/share/ament_cmake_core/cmake/core/package_xml_2_cmake.py
[2.134s]   /home/tahaos/Code/Projects/rpwr-assignments/04_navigation/ws/ros/src/turtlebot4_simulator/turtlebot4_gz_gui_plugins/package.xml
[2.134s]   /home/tahaos/Code/Projects/rpwr-assignments/04_navigation/ws/ros/build/turtlebot4_gz_gui_plugins/ament_cmake_core/package.cmake)
[2.134s]   returned error code 1
[2.134s] Call Stack (most recent call first):
[2.134s]   /opt/ros/jazzy/share/ament_cmake_core/cmake/core/ament_package_xml.cmake:49 (_ament_package_xml)
[2.134s]   /opt/ros/jazzy/share/ament_lint_auto/cmake/ament_lint_auto_find_test_dependencies.cmake:31 (ament_package_xml)
[2.134s]   CMakeLists.txt:19 (ament_lint_auto_find_test_dependencies)
[2.134s] 
[2.134s] [0m
[2.135s] -- Configuring incomplete, errors occurred!
