[0.035s] Invoking command in '/home/tahaos/Code/Projects/rpwr-assignments/04_navigation/ws/ros/build/irobot_create_toolbox': CMAKE_PREFIX_PATH=${CMAKE_PREFIX_PATH}:/opt/ros/jazzy VIRTUAL_ENV_PROMPT=(.rpwr_venv) /usr/bin/cmake /home/tahaos/Code/Projects/rpwr-assignments/04_navigation/ws/ros/src/create3_sim/irobot_create_common/irobot_create_toolbox -DCMAKE_INSTALL_PREFIX=/home/tahaos/Code/Projects/rpwr-assignments/04_navigation/ws/ros/install/irobot_create_toolbox
[0.057s] -- Found ament_cmake: 2.5.4 (/opt/ros/jazzy/share/ament_cmake/cmake)
[0.281s] -- Found gz_math_vendor: 0.0.8 (/opt/ros/jazzy/share/gz_math_vendor/cmake)
[0.283s] -- Looking for gz-math7 -- found version 7.5.2
[0.288s] -- Searching for dependencies of gz-math7
[0.289s] -- Looking for gz-utils2 -- found version 2.2.1
[0.289s] -- Searching for dependencies of gz-utils2
[0.290s] -- Found rclcpp: 28.1.9 (/opt/ros/jazzy/share/rclcpp/cmake)
[0.333s] -- Found rosidl_generator_c: 4.6.5 (/opt/ros/jazzy/share/rosidl_generator_c/cmake)
[0.345s] -- Found rosidl_generator_cpp: 4.6.5 (/opt/ros/jazzy/share/rosidl_generator_cpp/cmake)
[0.361s] -- Using all available rosidl_typesupport_c: rosidl_typesupport_fastrtps_c;rosidl_typesupport_introspection_c
[0.379s] -- Using all available rosidl_typesupport_cpp: rosidl_typesupport_fastrtps_cpp;rosidl_typesupport_introspection_cpp
[0.453s] -- Found rmw_implementation_cmake: 7.3.2 (/opt/ros/jazzy/share/rmw_implementation_cmake/cmake)
[0.455s] -- Found rmw_fastrtps_cpp: 8.4.2 (/opt/ros/jazzy/share/rmw_fastrtps_cpp/cmake)
[0.526s] -- Using RMW implementation 'rmw_fastrtps_cpp' as default
[0.596s] -- Found ament_lint_auto: 0.17.2 (/opt/ros/jazzy/share/ament_lint_auto/cmake)
[0.620s] Traceback (most recent call last):
[0.620s]   File "/opt/ros/jazzy/share/ament_cmake_core/cmake/core/package_xml_2_cmake.py", line 22, in <module>
[0.620s]     from catkin_pkg.package import parse_package_string
[0.620s] ModuleNotFoundError: No module named 'catkin_pkg'
[0.624s] [31mCMake Error at /opt/ros/jazzy/share/ament_cmake_core/cmake/core/ament_package_xml.cmake:95 (message):
[0.624s]   
[0.624s]   execute_process(/home/tahaos/Code/Projects/rpwr-assignments/.rpwr_venv/bin/python3
[0.624s]   /opt/ros/jazzy/share/ament_cmake_core/cmake/core/package_xml_2_cmake.py
[0.624s]   /home/tahaos/Code/Projects/rpwr-assignments/04_navigation/ws/ros/src/create3_sim/irobot_create_common/irobot_create_toolbox/package.xml
[0.624s]   /home/tahaos/Code/Projects/rpwr-assignments/04_navigation/ws/ros/build/irobot_create_toolbox/ament_cmake_core/package.cmake)
[0.624s]   returned error code 1
[0.624s] Call Stack (most recent call first):
[0.625s]   /opt/ros/jazzy/share/ament_cmake_core/cmake/core/ament_package_xml.cmake:49 (_ament_package_xml)
[0.625s]   /opt/ros/jazzy/share/ament_lint_auto/cmake/ament_lint_auto_find_test_dependencies.cmake:31 (ament_package_xml)
[0.625s]   CMakeLists.txt:57 (ament_lint_auto_find_test_dependencies)
[0.625s] 
[0.625s] [0m
[0.625s] -- Configuring incomplete, errors occurred!
