[0.015s] Invoking command in '/home/tahaos/Code/Projects/rpwr-assignments/internship/ws/ros/build/irobot_create_common_bringup': AMENT_PREFIX_PATH=/home/tahaos/Code/Projects/rpwr-assignments/internship/ws/ros/install/irobot_create_nodes:/home/tahaos/Code/Projects/rpwr-assignments/internship/ws/ros/install/irobot_create_description:/home/tahaos/Code/Projects/rpwr-assignments/internship/ws/ros/install/irobot_create_toolbox:/home/tahaos/Code/Projects/rpwr-assignments/internship/ws/ros/install/irobot_create_control:${AMENT_PREFIX_PATH} CMAKE_PREFIX_PATH=/home/tahaos/Code/Projects/rpwr-assignments/internship/ws/ros/install/irobot_create_nodes:/home/tahaos/Code/Projects/rpwr-assignments/internship/ws/ros/install/irobot_create_description:/home/tahaos/Code/Projects/rpwr-assignments/internship/ws/ros/install/irobot_create_toolbox:/home/tahaos/Code/Projects/rpwr-assignments/internship/ws/ros/install/irobot_create_control:/opt/ros/jazzy/opt/gz_sim_vendor:/opt/ros/jazzy/opt/gz_sensors_vendor:/opt/ros/jazzy/opt/gz_physics_vendor:/opt/ros/jazzy/opt/sdformat_vendor:/opt/ros/jazzy/opt/gz_gui_vendor:/opt/ros/jazzy/opt/gz_transport_vendor:/opt/ros/jazzy/opt/gz_rendering_vendor:/opt/ros/jazzy/opt/gz_plugin_vendor:/opt/ros/jazzy/opt/gz_fuel_tools_vendor:/opt/ros/jazzy/opt/gz_msgs_vendor:/opt/ros/jazzy/opt/gz_common_vendor:/opt/ros/jazzy/opt/gz_math_vendor:/opt/ros/jazzy/opt/gz_utils_vendor:/opt/ros/jazzy/opt/gz_tools_vendor:/opt/ros/jazzy/opt/gz_ogre_next_vendor:/opt/ros/jazzy/opt/gz_dartsim_vendor:/opt/ros/jazzy/opt/gz_cmake_vendor:/opt/ros/jazzy LD_LIBRARY_PATH=/home/tahaos/Code/Projects/rpwr-assignments/internship/ws/ros/install/irobot_create_nodes/lib:/home/tahaos/Code/Projects/rpwr-assignments/internship/ws/ros/install/irobot_create_toolbox/lib:${LD_LIBRARY_PATH} PS1=(.rpwr_venv) \[\e]0;\u@\h: \w\a\]${debian_chroot:+($debian_chroot)}\[\033[01;32m\]\u@\h\[\033[00m\]:\[\033[01;34m\]\w\[\033[00m\]\$ VIRTUAL_ENV_PROMPT=(.rpwr_venv) /usr/bin/cmake /home/tahaos/Code/Projects/rpwr-assignments/internship/ws/ros/src/create3_sim/irobot_create_common/irobot_create_common_bringup -DCMAKE_INSTALL_PREFIX=/home/tahaos/Code/Projects/rpwr-assignments/internship/ws/ros/install/irobot_create_common_bringup
[0.081s] -- The C compiler identification is GNU 13.3.0
[0.141s] -- The CXX compiler identification is GNU 13.3.0
[0.164s] -- Detecting C compiler ABI info
[0.267s] -- Detecting C compiler ABI info - done
[0.278s] -- Check for working C compiler: /usr/bin/cc - skipped
[0.278s] -- Detecting C compile features
[0.278s] -- Detecting C compile features - done
[0.288s] -- Detecting CXX compiler ABI info
[0.422s] -- Detecting CXX compiler ABI info - done
[0.437s] -- Check for working CXX compiler: /usr/bin/c++ - skipped
[0.437s] -- Detecting CXX compile features
[0.438s] -- Detecting CXX compile features - done
[0.452s] -- Found ament_cmake: 2.5.4 (/opt/ros/jazzy/share/ament_cmake/cmake)
[0.594s] -- Found Python3: /home/tahaos/Code/Projects/rpwr-assignments/.rpwr_venv/bin/python3 (found version "3.12.3") found components: Interpreter 
[0.948s] -- Found ament_lint_auto: 0.17.2 (/opt/ros/jazzy/share/ament_lint_auto/cmake)
[1.131s] -- Added test 'flake8' to check Python code syntax and style conventions
[1.131s] -- Configured 'flake8' exclude dirs and/or files: 
[1.132s] -- Added test 'lint_cmake' to check CMake code style
[1.133s] -- Added test 'pep257' to check Python code against some of the docstring style conventions in PEP 257
[1.136s] -- Added test 'xmllint' to check XML markup files
[1.139s] -- Configuring done (1.1s)
[1.146s] -- Generating done (0.0s)
[1.150s] -- Build files have been written to: /home/tahaos/Code/Projects/rpwr-assignments/internship/ws/ros/build/irobot_create_common_bringup
[1.160s] Invoked command in '/home/tahaos/Code/Projects/rpwr-assignments/internship/ws/ros/build/irobot_create_common_bringup' returned '0': AMENT_PREFIX_PATH=/home/tahaos/Code/Projects/rpwr-assignments/internship/ws/ros/install/irobot_create_nodes:/home/tahaos/Code/Projects/rpwr-assignments/internship/ws/ros/install/irobot_create_description:/home/tahaos/Code/Projects/rpwr-assignments/internship/ws/ros/install/irobot_create_toolbox:/home/tahaos/Code/Projects/rpwr-assignments/internship/ws/ros/install/irobot_create_control:${AMENT_PREFIX_PATH} CMAKE_PREFIX_PATH=/home/tahaos/Code/Projects/rpwr-assignments/internship/ws/ros/install/irobot_create_nodes:/home/tahaos/Code/Projects/rpwr-assignments/internship/ws/ros/install/irobot_create_description:/home/tahaos/Code/Projects/rpwr-assignments/internship/ws/ros/install/irobot_create_toolbox:/home/tahaos/Code/Projects/rpwr-assignments/internship/ws/ros/install/irobot_create_control:/opt/ros/jazzy/opt/gz_sim_vendor:/opt/ros/jazzy/opt/gz_sensors_vendor:/opt/ros/jazzy/opt/gz_physics_vendor:/opt/ros/jazzy/opt/sdformat_vendor:/opt/ros/jazzy/opt/gz_gui_vendor:/opt/ros/jazzy/opt/gz_transport_vendor:/opt/ros/jazzy/opt/gz_rendering_vendor:/opt/ros/jazzy/opt/gz_plugin_vendor:/opt/ros/jazzy/opt/gz_fuel_tools_vendor:/opt/ros/jazzy/opt/gz_msgs_vendor:/opt/ros/jazzy/opt/gz_common_vendor:/opt/ros/jazzy/opt/gz_math_vendor:/opt/ros/jazzy/opt/gz_utils_vendor:/opt/ros/jazzy/opt/gz_tools_vendor:/opt/ros/jazzy/opt/gz_ogre_next_vendor:/opt/ros/jazzy/opt/gz_dartsim_vendor:/opt/ros/jazzy/opt/gz_cmake_vendor:/opt/ros/jazzy LD_LIBRARY_PATH=/home/tahaos/Code/Projects/rpwr-assignments/internship/ws/ros/install/irobot_create_nodes/lib:/home/tahaos/Code/Projects/rpwr-assignments/internship/ws/ros/install/irobot_create_toolbox/lib:${LD_LIBRARY_PATH} PS1=(.rpwr_venv) \[\e]0;\u@\h: \w\a\]${debian_chroot:+($debian_chroot)}\[\033[01;32m\]\u@\h\[\033[00m\]:\[\033[01;34m\]\w\[\033[00m\]\$ VIRTUAL_ENV_PROMPT=(.rpwr_venv) /usr/bin/cmake /home/tahaos/Code/Projects/rpwr-assignments/internship/ws/ros/src/create3_sim/irobot_create_common/irobot_create_common_bringup -DCMAKE_INSTALL_PREFIX=/home/tahaos/Code/Projects/rpwr-assignments/internship/ws/ros/install/irobot_create_common_bringup
[1.161s] Invoking command in '/home/tahaos/Code/Projects/rpwr-assignments/internship/ws/ros/build/irobot_create_common_bringup': AMENT_PREFIX_PATH=/home/tahaos/Code/Projects/rpwr-assignments/internship/ws/ros/install/irobot_create_nodes:/home/tahaos/Code/Projects/rpwr-assignments/internship/ws/ros/install/irobot_create_description:/home/tahaos/Code/Projects/rpwr-assignments/internship/ws/ros/install/irobot_create_toolbox:/home/tahaos/Code/Projects/rpwr-assignments/internship/ws/ros/install/irobot_create_control:${AMENT_PREFIX_PATH} CMAKE_PREFIX_PATH=/home/tahaos/Code/Projects/rpwr-assignments/internship/ws/ros/install/irobot_create_nodes:/home/tahaos/Code/Projects/rpwr-assignments/internship/ws/ros/install/irobot_create_description:/home/tahaos/Code/Projects/rpwr-assignments/internship/ws/ros/install/irobot_create_toolbox:/home/tahaos/Code/Projects/rpwr-assignments/internship/ws/ros/install/irobot_create_control:/opt/ros/jazzy/opt/gz_sim_vendor:/opt/ros/jazzy/opt/gz_sensors_vendor:/opt/ros/jazzy/opt/gz_physics_vendor:/opt/ros/jazzy/opt/sdformat_vendor:/opt/ros/jazzy/opt/gz_gui_vendor:/opt/ros/jazzy/opt/gz_transport_vendor:/opt/ros/jazzy/opt/gz_rendering_vendor:/opt/ros/jazzy/opt/gz_plugin_vendor:/opt/ros/jazzy/opt/gz_fuel_tools_vendor:/opt/ros/jazzy/opt/gz_msgs_vendor:/opt/ros/jazzy/opt/gz_common_vendor:/opt/ros/jazzy/opt/gz_math_vendor:/opt/ros/jazzy/opt/gz_utils_vendor:/opt/ros/jazzy/opt/gz_tools_vendor:/opt/ros/jazzy/opt/gz_ogre_next_vendor:/opt/ros/jazzy/opt/gz_dartsim_vendor:/opt/ros/jazzy/opt/gz_cmake_vendor:/opt/ros/jazzy LD_LIBRARY_PATH=/home/tahaos/Code/Projects/rpwr-assignments/internship/ws/ros/install/irobot_create_nodes/lib:/home/tahaos/Code/Projects/rpwr-assignments/internship/ws/ros/install/irobot_create_toolbox/lib:${LD_LIBRARY_PATH} PS1=(.rpwr_venv) \[\e]0;\u@\h: \w\a\]${debian_chroot:+($debian_chroot)}\[\033[01;32m\]\u@\h\[\033[00m\]:\[\033[01;34m\]\w\[\033[00m\]\$ VIRTUAL_ENV_PROMPT=(.rpwr_venv) /usr/bin/cmake --build /home/tahaos/Code/Projects/rpwr-assignments/internship/ws/ros/build/irobot_create_common_bringup -- -j12 -l12
[1.231s] Built target ament_cmake_python_copy_irobot_create_common_bringup
[1.489s] running egg_info
[1.512s] creating irobot_create_common_bringup.egg-info
[1.512s] writing irobot_create_common_bringup.egg-info/PKG-INFO
[1.512s] writing dependency_links to irobot_create_common_bringup.egg-info/dependency_links.txt
[1.512s] writing top-level names to irobot_create_common_bringup.egg-info/top_level.txt
[1.512s] writing manifest file 'irobot_create_common_bringup.egg-info/SOURCES.txt'
[1.594s] reading manifest file 'irobot_create_common_bringup.egg-info/SOURCES.txt'
[1.595s] writing manifest file 'irobot_create_common_bringup.egg-info/SOURCES.txt'
[1.627s] Built target ament_cmake_python_build_irobot_create_common_bringup_egg
[1.642s] Invoked command in '/home/tahaos/Code/Projects/rpwr-assignments/internship/ws/ros/build/irobot_create_common_bringup' returned '0': AMENT_PREFIX_PATH=/home/tahaos/Code/Projects/rpwr-assignments/internship/ws/ros/install/irobot_create_nodes:/home/tahaos/Code/Projects/rpwr-assignments/internship/ws/ros/install/irobot_create_description:/home/tahaos/Code/Projects/rpwr-assignments/internship/ws/ros/install/irobot_create_toolbox:/home/tahaos/Code/Projects/rpwr-assignments/internship/ws/ros/install/irobot_create_control:${AMENT_PREFIX_PATH} CMAKE_PREFIX_PATH=/home/tahaos/Code/Projects/rpwr-assignments/internship/ws/ros/install/irobot_create_nodes:/home/tahaos/Code/Projects/rpwr-assignments/internship/ws/ros/install/irobot_create_description:/home/tahaos/Code/Projects/rpwr-assignments/internship/ws/ros/install/irobot_create_toolbox:/home/tahaos/Code/Projects/rpwr-assignments/internship/ws/ros/install/irobot_create_control:/opt/ros/jazzy/opt/gz_sim_vendor:/opt/ros/jazzy/opt/gz_sensors_vendor:/opt/ros/jazzy/opt/gz_physics_vendor:/opt/ros/jazzy/opt/sdformat_vendor:/opt/ros/jazzy/opt/gz_gui_vendor:/opt/ros/jazzy/opt/gz_transport_vendor:/opt/ros/jazzy/opt/gz_rendering_vendor:/opt/ros/jazzy/opt/gz_plugin_vendor:/opt/ros/jazzy/opt/gz_fuel_tools_vendor:/opt/ros/jazzy/opt/gz_msgs_vendor:/opt/ros/jazzy/opt/gz_common_vendor:/opt/ros/jazzy/opt/gz_math_vendor:/opt/ros/jazzy/opt/gz_utils_vendor:/opt/ros/jazzy/opt/gz_tools_vendor:/opt/ros/jazzy/opt/gz_ogre_next_vendor:/opt/ros/jazzy/opt/gz_dartsim_vendor:/opt/ros/jazzy/opt/gz_cmake_vendor:/opt/ros/jazzy LD_LIBRARY_PATH=/home/tahaos/Code/Projects/rpwr-assignments/internship/ws/ros/install/irobot_create_nodes/lib:/home/tahaos/Code/Projects/rpwr-assignments/internship/ws/ros/install/irobot_create_toolbox/lib:${LD_LIBRARY_PATH} PS1=(.rpwr_venv) \[\e]0;\u@\h: \w\a\]${debian_chroot:+($debian_chroot)}\[\033[01;32m\]\u@\h\[\033[00m\]:\[\033[01;34m\]\w\[\033[00m\]\$ VIRTUAL_ENV_PROMPT=(.rpwr_venv) /usr/bin/cmake --build /home/tahaos/Code/Projects/rpwr-assignments/internship/ws/ros/build/irobot_create_common_bringup -- -j12 -l12
[1.643s] Invoking command in '/home/tahaos/Code/Projects/rpwr-assignments/internship/ws/ros/build/irobot_create_common_bringup': AMENT_PREFIX_PATH=/home/tahaos/Code/Projects/rpwr-assignments/internship/ws/ros/install/irobot_create_nodes:/home/tahaos/Code/Projects/rpwr-assignments/internship/ws/ros/install/irobot_create_description:/home/tahaos/Code/Projects/rpwr-assignments/internship/ws/ros/install/irobot_create_toolbox:/home/tahaos/Code/Projects/rpwr-assignments/internship/ws/ros/install/irobot_create_control:${AMENT_PREFIX_PATH} CMAKE_PREFIX_PATH=/home/tahaos/Code/Projects/rpwr-assignments/internship/ws/ros/install/irobot_create_nodes:/home/tahaos/Code/Projects/rpwr-assignments/internship/ws/ros/install/irobot_create_description:/home/tahaos/Code/Projects/rpwr-assignments/internship/ws/ros/install/irobot_create_toolbox:/home/tahaos/Code/Projects/rpwr-assignments/internship/ws/ros/install/irobot_create_control:/opt/ros/jazzy/opt/gz_sim_vendor:/opt/ros/jazzy/opt/gz_sensors_vendor:/opt/ros/jazzy/opt/gz_physics_vendor:/opt/ros/jazzy/opt/sdformat_vendor:/opt/ros/jazzy/opt/gz_gui_vendor:/opt/ros/jazzy/opt/gz_transport_vendor:/opt/ros/jazzy/opt/gz_rendering_vendor:/opt/ros/jazzy/opt/gz_plugin_vendor:/opt/ros/jazzy/opt/gz_fuel_tools_vendor:/opt/ros/jazzy/opt/gz_msgs_vendor:/opt/ros/jazzy/opt/gz_common_vendor:/opt/ros/jazzy/opt/gz_math_vendor:/opt/ros/jazzy/opt/gz_utils_vendor:/opt/ros/jazzy/opt/gz_tools_vendor:/opt/ros/jazzy/opt/gz_ogre_next_vendor:/opt/ros/jazzy/opt/gz_dartsim_vendor:/opt/ros/jazzy/opt/gz_cmake_vendor:/opt/ros/jazzy LD_LIBRARY_PATH=/home/tahaos/Code/Projects/rpwr-assignments/internship/ws/ros/install/irobot_create_nodes/lib:/home/tahaos/Code/Projects/rpwr-assignments/internship/ws/ros/install/irobot_create_toolbox/lib:${LD_LIBRARY_PATH} PS1=(.rpwr_venv) \[\e]0;\u@\h: \w\a\]${debian_chroot:+($debian_chroot)}\[\033[01;32m\]\u@\h\[\033[00m\]:\[\033[01;34m\]\w\[\033[00m\]\$ VIRTUAL_ENV_PROMPT=(.rpwr_venv) /usr/bin/cmake --install /home/tahaos/Code/Projects/rpwr-assignments/internship/ws/ros/build/irobot_create_common_bringup
[1.656s] -- Install configuration: ""
[1.656s] -- Installing: /home/tahaos/Code/Projects/rpwr-assignments/internship/ws/ros/install/irobot_create_common_bringup/share/irobot_create_common_bringup/config
[1.656s] -- Installing: /home/tahaos/Code/Projects/rpwr-assignments/internship/ws/ros/install/irobot_create_common_bringup/share/irobot_create_common_bringup/config/hazard_vector_params.yaml
[1.657s] -- Installing: /home/tahaos/Code/Projects/rpwr-assignments/internship/ws/ros/install/irobot_create_common_bringup/share/irobot_create_common_bringup/config/robot_state_params.yaml
[1.657s] -- Installing: /home/tahaos/Code/Projects/rpwr-assignments/internship/ws/ros/install/irobot_create_common_bringup/share/irobot_create_common_bringup/config/mock_params.yaml
[1.657s] -- Installing: /home/tahaos/Code/Projects/rpwr-assignments/internship/ws/ros/install/irobot_create_common_bringup/share/irobot_create_common_bringup/config/wheel_status_params.yaml
[1.657s] -- Installing: /home/tahaos/Code/Projects/rpwr-assignments/internship/ws/ros/install/irobot_create_common_bringup/share/irobot_create_common_bringup/config/ir_intensity_vector_params.yaml
[1.657s] -- Installing: /home/tahaos/Code/Projects/rpwr-assignments/internship/ws/ros/install/irobot_create_common_bringup/share/irobot_create_common_bringup/config/ui_mgr_params.yaml
[1.657s] -- Installing: /home/tahaos/Code/Projects/rpwr-assignments/internship/ws/ros/install/irobot_create_common_bringup/share/irobot_create_common_bringup/config/kidnap_estimator_params.yaml
[1.657s] -- Installing: /home/tahaos/Code/Projects/rpwr-assignments/internship/ws/ros/install/irobot_create_common_bringup/share/irobot_create_common_bringup/launch
[1.657s] -- Installing: /home/tahaos/Code/Projects/rpwr-assignments/internship/ws/ros/install/irobot_create_common_bringup/share/irobot_create_common_bringup/launch/dock_description.launch.py
[1.657s] -- Installing: /home/tahaos/Code/Projects/rpwr-assignments/internship/ws/ros/install/irobot_create_common_bringup/share/irobot_create_common_bringup/launch/create3_nodes.launch.py
[1.657s] -- Installing: /home/tahaos/Code/Projects/rpwr-assignments/internship/ws/ros/install/irobot_create_common_bringup/share/irobot_create_common_bringup/launch/rviz2.launch.py
[1.658s] -- Installing: /home/tahaos/Code/Projects/rpwr-assignments/internship/ws/ros/install/irobot_create_common_bringup/share/irobot_create_common_bringup/launch/robot_description.launch.py
[1.658s] -- Installing: /home/tahaos/Code/Projects/rpwr-assignments/internship/ws/ros/install/irobot_create_common_bringup/share/irobot_create_common_bringup/rviz
[1.658s] -- Installing: /home/tahaos/Code/Projects/rpwr-assignments/internship/ws/ros/install/irobot_create_common_bringup/share/irobot_create_common_bringup/rviz/irobot_create_view.rviz
[1.658s] -- Installing: /home/tahaos/Code/Projects/rpwr-assignments/internship/ws/ros/install/irobot_create_common_bringup/share/irobot_create_common_bringup/rviz/irobot_logo.jpg
[1.658s] -- Installing: /home/tahaos/Code/Projects/rpwr-assignments/internship/ws/ros/install/irobot_create_common_bringup/share/irobot_create_common_bringup/environment/pythonpath.sh
[1.658s] -- Installing: /home/tahaos/Code/Projects/rpwr-assignments/internship/ws/ros/install/irobot_create_common_bringup/share/irobot_create_common_bringup/environment/pythonpath.dsv
[1.659s] -- Installing: /home/tahaos/Code/Projects/rpwr-assignments/internship/ws/ros/install/irobot_create_common_bringup/lib/python3.12/site-packages/irobot_create_common_bringup-3.0.4-py3.12.egg-info
[1.659s] -- Installing: /home/tahaos/Code/Projects/rpwr-assignments/internship/ws/ros/install/irobot_create_common_bringup/lib/python3.12/site-packages/irobot_create_common_bringup-3.0.4-py3.12.egg-info/dependency_links.txt
[1.659s] -- Installing: /home/tahaos/Code/Projects/rpwr-assignments/internship/ws/ros/install/irobot_create_common_bringup/lib/python3.12/site-packages/irobot_create_common_bringup-3.0.4-py3.12.egg-info/top_level.txt
[1.659s] -- Installing: /home/tahaos/Code/Projects/rpwr-assignments/internship/ws/ros/install/irobot_create_common_bringup/lib/python3.12/site-packages/irobot_create_common_bringup-3.0.4-py3.12.egg-info/PKG-INFO
[1.660s] -- Installing: /home/tahaos/Code/Projects/rpwr-assignments/internship/ws/ros/install/irobot_create_common_bringup/lib/python3.12/site-packages/irobot_create_common_bringup-3.0.4-py3.12.egg-info/SOURCES.txt
[1.660s] -- Installing: /home/tahaos/Code/Projects/rpwr-assignments/internship/ws/ros/install/irobot_create_common_bringup/lib/python3.12/site-packages/irobot_create_common_bringup
[1.660s] -- Installing: /home/tahaos/Code/Projects/rpwr-assignments/internship/ws/ros/install/irobot_create_common_bringup/lib/python3.12/site-packages/irobot_create_common_bringup/__init__.py
[1.660s] -- Installing: /home/tahaos/Code/Projects/rpwr-assignments/internship/ws/ros/install/irobot_create_common_bringup/lib/python3.12/site-packages/irobot_create_common_bringup/namespace.py
[1.660s] -- Installing: /home/tahaos/Code/Projects/rpwr-assignments/internship/ws/ros/install/irobot_create_common_bringup/lib/python3.12/site-packages/irobot_create_common_bringup/offset.py
[1.702s] Listing '/home/tahaos/Code/Projects/rpwr-assignments/internship/ws/ros/install/irobot_create_common_bringup/lib/python3.12/site-packages/irobot_create_common_bringup'...
[1.702s] Compiling '/home/tahaos/Code/Projects/rpwr-assignments/internship/ws/ros/install/irobot_create_common_bringup/lib/python3.12/site-packages/irobot_create_common_bringup/__init__.py'...
[1.702s] Compiling '/home/tahaos/Code/Projects/rpwr-assignments/internship/ws/ros/install/irobot_create_common_bringup/lib/python3.12/site-packages/irobot_create_common_bringup/namespace.py'...
[1.702s] Compiling '/home/tahaos/Code/Projects/rpwr-assignments/internship/ws/ros/install/irobot_create_common_bringup/lib/python3.12/site-packages/irobot_create_common_bringup/offset.py'...
[1.710s] -- Installing: /home/tahaos/Code/Projects/rpwr-assignments/internship/ws/ros/install/irobot_create_common_bringup/share/ament_index/resource_index/package_run_dependencies/irobot_create_common_bringup
[1.710s] -- Installing: /home/tahaos/Code/Projects/rpwr-assignments/internship/ws/ros/install/irobot_create_common_bringup/share/ament_index/resource_index/parent_prefix_path/irobot_create_common_bringup
[1.710s] -- Installing: /home/tahaos/Code/Projects/rpwr-assignments/internship/ws/ros/install/irobot_create_common_bringup/share/irobot_create_common_bringup/environment/ament_prefix_path.sh
[1.710s] -- Installing: /home/tahaos/Code/Projects/rpwr-assignments/internship/ws/ros/install/irobot_create_common_bringup/share/irobot_create_common_bringup/environment/ament_prefix_path.dsv
[1.710s] -- Installing: /home/tahaos/Code/Projects/rpwr-assignments/internship/ws/ros/install/irobot_create_common_bringup/share/irobot_create_common_bringup/environment/path.sh
[1.710s] -- Installing: /home/tahaos/Code/Projects/rpwr-assignments/internship/ws/ros/install/irobot_create_common_bringup/share/irobot_create_common_bringup/environment/path.dsv
[1.711s] -- Installing: /home/tahaos/Code/Projects/rpwr-assignments/internship/ws/ros/install/irobot_create_common_bringup/share/irobot_create_common_bringup/local_setup.bash
[1.711s] -- Installing: /home/tahaos/Code/Projects/rpwr-assignments/internship/ws/ros/install/irobot_create_common_bringup/share/irobot_create_common_bringup/local_setup.sh
[1.711s] -- Installing: /home/tahaos/Code/Projects/rpwr-assignments/internship/ws/ros/install/irobot_create_common_bringup/share/irobot_create_common_bringup/local_setup.zsh
[1.711s] -- Installing: /home/tahaos/Code/Projects/rpwr-assignments/internship/ws/ros/install/irobot_create_common_bringup/share/irobot_create_common_bringup/local_setup.dsv
[1.711s] -- Installing: /home/tahaos/Code/Projects/rpwr-assignments/internship/ws/ros/install/irobot_create_common_bringup/share/irobot_create_common_bringup/package.dsv
[1.711s] -- Installing: /home/tahaos/Code/Projects/rpwr-assignments/internship/ws/ros/install/irobot_create_common_bringup/share/ament_index/resource_index/packages/irobot_create_common_bringup
[1.712s] -- Installing: /home/tahaos/Code/Projects/rpwr-assignments/internship/ws/ros/install/irobot_create_common_bringup/share/irobot_create_common_bringup/cmake/irobot_create_common_bringupConfig.cmake
[1.712s] -- Installing: /home/tahaos/Code/Projects/rpwr-assignments/internship/ws/ros/install/irobot_create_common_bringup/share/irobot_create_common_bringup/cmake/irobot_create_common_bringupConfig-version.cmake
[1.712s] -- Installing: /home/tahaos/Code/Projects/rpwr-assignments/internship/ws/ros/install/irobot_create_common_bringup/share/irobot_create_common_bringup/package.xml
[1.714s] Invoked command in '/home/tahaos/Code/Projects/rpwr-assignments/internship/ws/ros/build/irobot_create_common_bringup' returned '0': AMENT_PREFIX_PATH=/home/tahaos/Code/Projects/rpwr-assignments/internship/ws/ros/install/irobot_create_nodes:/home/tahaos/Code/Projects/rpwr-assignments/internship/ws/ros/install/irobot_create_description:/home/tahaos/Code/Projects/rpwr-assignments/internship/ws/ros/install/irobot_create_toolbox:/home/tahaos/Code/Projects/rpwr-assignments/internship/ws/ros/install/irobot_create_control:${AMENT_PREFIX_PATH} CMAKE_PREFIX_PATH=/home/tahaos/Code/Projects/rpwr-assignments/internship/ws/ros/install/irobot_create_nodes:/home/tahaos/Code/Projects/rpwr-assignments/internship/ws/ros/install/irobot_create_description:/home/tahaos/Code/Projects/rpwr-assignments/internship/ws/ros/install/irobot_create_toolbox:/home/tahaos/Code/Projects/rpwr-assignments/internship/ws/ros/install/irobot_create_control:/opt/ros/jazzy/opt/gz_sim_vendor:/opt/ros/jazzy/opt/gz_sensors_vendor:/opt/ros/jazzy/opt/gz_physics_vendor:/opt/ros/jazzy/opt/sdformat_vendor:/opt/ros/jazzy/opt/gz_gui_vendor:/opt/ros/jazzy/opt/gz_transport_vendor:/opt/ros/jazzy/opt/gz_rendering_vendor:/opt/ros/jazzy/opt/gz_plugin_vendor:/opt/ros/jazzy/opt/gz_fuel_tools_vendor:/opt/ros/jazzy/opt/gz_msgs_vendor:/opt/ros/jazzy/opt/gz_common_vendor:/opt/ros/jazzy/opt/gz_math_vendor:/opt/ros/jazzy/opt/gz_utils_vendor:/opt/ros/jazzy/opt/gz_tools_vendor:/opt/ros/jazzy/opt/gz_ogre_next_vendor:/opt/ros/jazzy/opt/gz_dartsim_vendor:/opt/ros/jazzy/opt/gz_cmake_vendor:/opt/ros/jazzy LD_LIBRARY_PATH=/home/tahaos/Code/Projects/rpwr-assignments/internship/ws/ros/install/irobot_create_nodes/lib:/home/tahaos/Code/Projects/rpwr-assignments/internship/ws/ros/install/irobot_create_toolbox/lib:${LD_LIBRARY_PATH} PS1=(.rpwr_venv) \[\e]0;\u@\h: \w\a\]${debian_chroot:+($debian_chroot)}\[\033[01;32m\]\u@\h\[\033[00m\]:\[\033[01;34m\]\w\[\033[00m\]\$ VIRTUAL_ENV_PROMPT=(.rpwr_venv) /usr/bin/cmake --install /home/tahaos/Code/Projects/rpwr-assignments/internship/ws/ros/build/irobot_create_common_bringup
