[0.011s] Invoking command in '/home/tahaos/Code/Projects/rpwr-assignments/internship/ws/ros/build/turtlebot4_description': AMENT_PREFIX_PATH=/home/tahaos/Code/Projects/rpwr-assignments/internship/ws/ros/install/irobot_create_description:/home/tahaos/Code/Projects/rpwr-assignments/internship/ws/ros/install/irobot_create_control:${AMENT_PREFIX_PATH} CMAKE_PREFIX_PATH=/home/tahaos/Code/Projects/rpwr-assignments/internship/ws/ros/install/irobot_create_description:/home/tahaos/Code/Projects/rpwr-assignments/internship/ws/ros/install/irobot_create_control:/opt/ros/jazzy/opt/gz_sim_vendor:/opt/ros/jazzy/opt/gz_sensors_vendor:/opt/ros/jazzy/opt/gz_physics_vendor:/opt/ros/jazzy/opt/sdformat_vendor:/opt/ros/jazzy/opt/gz_gui_vendor:/opt/ros/jazzy/opt/gz_transport_vendor:/opt/ros/jazzy/opt/gz_rendering_vendor:/opt/ros/jazzy/opt/gz_plugin_vendor:/opt/ros/jazzy/opt/gz_fuel_tools_vendor:/opt/ros/jazzy/opt/gz_msgs_vendor:/opt/ros/jazzy/opt/gz_common_vendor:/opt/ros/jazzy/opt/gz_math_vendor:/opt/ros/jazzy/opt/gz_utils_vendor:/opt/ros/jazzy/opt/gz_tools_vendor:/opt/ros/jazzy/opt/gz_ogre_next_vendor:/opt/ros/jazzy/opt/gz_dartsim_vendor:/opt/ros/jazzy/opt/gz_cmake_vendor:/opt/ros/jazzy PS1=(.rpwr_venv) \[\e]0;\u@\h: \w\a\]${debian_chroot:+($debian_chroot)}\[\033[01;32m\]\u@\h\[\033[00m\]:\[\033[01;34m\]\w\[\033[00m\]\$ VIRTUAL_ENV_PROMPT=(.rpwr_venv) /usr/bin/cmake /home/tahaos/Code/Projects/rpwr-assignments/internship/ws/ros/src/turtlebot4/turtlebot4_description -DCMAKE_INSTALL_PREFIX=/home/tahaos/Code/Projects/rpwr-assignments/internship/ws/ros/install/turtlebot4_description
[0.087s] -- The C compiler identification is GNU 13.3.0
[0.155s] -- The CXX compiler identification is GNU 13.3.0
[0.175s] -- Detecting C compiler ABI info
[0.282s] -- Detecting C compiler ABI info - done
[0.293s] -- Check for working C compiler: /usr/bin/cc - skipped
[0.293s] -- Detecting C compile features
[0.293s] -- Detecting C compile features - done
[0.306s] -- Detecting CXX compiler ABI info
[0.460s] -- Detecting CXX compiler ABI info - done
[0.470s] -- Check for working CXX compiler: /usr/bin/c++ - skipped
[0.471s] -- Detecting CXX compile features
[0.471s] -- Detecting CXX compile features - done
[0.483s] -- Found ament_cmake: 2.5.4 (/opt/ros/jazzy/share/ament_cmake/cmake)
[0.669s] -- Found Python3: /home/tahaos/Code/Projects/rpwr-assignments/.rpwr_venv/bin/python3 (found version "3.12.3") found components: Interpreter 
[1.087s] -- Found urdf: 2.10.0 (/opt/ros/jazzy/share/urdf/cmake)
[1.297s] -- Found TinyXML2 via Config file: /usr/lib/x86_64-linux-gnu/cmake/tinyxml2
[1.361s] -- Found irobot_create_description: 3.0.4 (/home/tahaos/Code/Projects/rpwr-assignments/internship/ws/ros/install/irobot_create_description/share/irobot_create_description/cmake)
[1.380s] -- Found ament_lint_auto: 0.17.2 (/opt/ros/jazzy/share/ament_lint_auto/cmake)
[1.652s] -- Added test 'copyright' to check source files copyright and LICENSE
[1.657s] -- Added test 'flake8' to check Python code syntax and style conventions
[1.657s] -- Configured 'flake8' exclude dirs and/or files: 
[1.660s] -- Added test 'lint_cmake' to check CMake code style
[1.661s] -- Added test 'pep257' to check Python code against some of the docstring style conventions in PEP 257
[1.664s] -- Added test 'xmllint' to check XML markup files
[1.667s] -- Configuring done (1.6s)
[1.671s] -- Generating done (0.0s)
[1.674s] -- Build files have been written to: /home/tahaos/Code/Projects/rpwr-assignments/internship/ws/ros/build/turtlebot4_description
[1.707s] Invoked command in '/home/tahaos/Code/Projects/rpwr-assignments/internship/ws/ros/build/turtlebot4_description' returned '0': AMENT_PREFIX_PATH=/home/tahaos/Code/Projects/rpwr-assignments/internship/ws/ros/install/irobot_create_description:/home/tahaos/Code/Projects/rpwr-assignments/internship/ws/ros/install/irobot_create_control:${AMENT_PREFIX_PATH} CMAKE_PREFIX_PATH=/home/tahaos/Code/Projects/rpwr-assignments/internship/ws/ros/install/irobot_create_description:/home/tahaos/Code/Projects/rpwr-assignments/internship/ws/ros/install/irobot_create_control:/opt/ros/jazzy/opt/gz_sim_vendor:/opt/ros/jazzy/opt/gz_sensors_vendor:/opt/ros/jazzy/opt/gz_physics_vendor:/opt/ros/jazzy/opt/sdformat_vendor:/opt/ros/jazzy/opt/gz_gui_vendor:/opt/ros/jazzy/opt/gz_transport_vendor:/opt/ros/jazzy/opt/gz_rendering_vendor:/opt/ros/jazzy/opt/gz_plugin_vendor:/opt/ros/jazzy/opt/gz_fuel_tools_vendor:/opt/ros/jazzy/opt/gz_msgs_vendor:/opt/ros/jazzy/opt/gz_common_vendor:/opt/ros/jazzy/opt/gz_math_vendor:/opt/ros/jazzy/opt/gz_utils_vendor:/opt/ros/jazzy/opt/gz_tools_vendor:/opt/ros/jazzy/opt/gz_ogre_next_vendor:/opt/ros/jazzy/opt/gz_dartsim_vendor:/opt/ros/jazzy/opt/gz_cmake_vendor:/opt/ros/jazzy PS1=(.rpwr_venv) \[\e]0;\u@\h: \w\a\]${debian_chroot:+($debian_chroot)}\[\033[01;32m\]\u@\h\[\033[00m\]:\[\033[01;34m\]\w\[\033[00m\]\$ VIRTUAL_ENV_PROMPT=(.rpwr_venv) /usr/bin/cmake /home/tahaos/Code/Projects/rpwr-assignments/internship/ws/ros/src/turtlebot4/turtlebot4_description -DCMAKE_INSTALL_PREFIX=/home/tahaos/Code/Projects/rpwr-assignments/internship/ws/ros/install/turtlebot4_description
[1.709s] Invoking command in '/home/tahaos/Code/Projects/rpwr-assignments/internship/ws/ros/build/turtlebot4_description': AMENT_PREFIX_PATH=/home/tahaos/Code/Projects/rpwr-assignments/internship/ws/ros/install/irobot_create_description:/home/tahaos/Code/Projects/rpwr-assignments/internship/ws/ros/install/irobot_create_control:${AMENT_PREFIX_PATH} CMAKE_PREFIX_PATH=/home/tahaos/Code/Projects/rpwr-assignments/internship/ws/ros/install/irobot_create_description:/home/tahaos/Code/Projects/rpwr-assignments/internship/ws/ros/install/irobot_create_control:/opt/ros/jazzy/opt/gz_sim_vendor:/opt/ros/jazzy/opt/gz_sensors_vendor:/opt/ros/jazzy/opt/gz_physics_vendor:/opt/ros/jazzy/opt/sdformat_vendor:/opt/ros/jazzy/opt/gz_gui_vendor:/opt/ros/jazzy/opt/gz_transport_vendor:/opt/ros/jazzy/opt/gz_rendering_vendor:/opt/ros/jazzy/opt/gz_plugin_vendor:/opt/ros/jazzy/opt/gz_fuel_tools_vendor:/opt/ros/jazzy/opt/gz_msgs_vendor:/opt/ros/jazzy/opt/gz_common_vendor:/opt/ros/jazzy/opt/gz_math_vendor:/opt/ros/jazzy/opt/gz_utils_vendor:/opt/ros/jazzy/opt/gz_tools_vendor:/opt/ros/jazzy/opt/gz_ogre_next_vendor:/opt/ros/jazzy/opt/gz_dartsim_vendor:/opt/ros/jazzy/opt/gz_cmake_vendor:/opt/ros/jazzy PS1=(.rpwr_venv) \[\e]0;\u@\h: \w\a\]${debian_chroot:+($debian_chroot)}\[\033[01;32m\]\u@\h\[\033[00m\]:\[\033[01;34m\]\w\[\033[00m\]\$ VIRTUAL_ENV_PROMPT=(.rpwr_venv) /usr/bin/cmake --build /home/tahaos/Code/Projects/rpwr-assignments/internship/ws/ros/build/turtlebot4_description -- -j12 -l12
[1.814s] Invoked command in '/home/tahaos/Code/Projects/rpwr-assignments/internship/ws/ros/build/turtlebot4_description' returned '0': AMENT_PREFIX_PATH=/home/tahaos/Code/Projects/rpwr-assignments/internship/ws/ros/install/irobot_create_description:/home/tahaos/Code/Projects/rpwr-assignments/internship/ws/ros/install/irobot_create_control:${AMENT_PREFIX_PATH} CMAKE_PREFIX_PATH=/home/tahaos/Code/Projects/rpwr-assignments/internship/ws/ros/install/irobot_create_description:/home/tahaos/Code/Projects/rpwr-assignments/internship/ws/ros/install/irobot_create_control:/opt/ros/jazzy/opt/gz_sim_vendor:/opt/ros/jazzy/opt/gz_sensors_vendor:/opt/ros/jazzy/opt/gz_physics_vendor:/opt/ros/jazzy/opt/sdformat_vendor:/opt/ros/jazzy/opt/gz_gui_vendor:/opt/ros/jazzy/opt/gz_transport_vendor:/opt/ros/jazzy/opt/gz_rendering_vendor:/opt/ros/jazzy/opt/gz_plugin_vendor:/opt/ros/jazzy/opt/gz_fuel_tools_vendor:/opt/ros/jazzy/opt/gz_msgs_vendor:/opt/ros/jazzy/opt/gz_common_vendor:/opt/ros/jazzy/opt/gz_math_vendor:/opt/ros/jazzy/opt/gz_utils_vendor:/opt/ros/jazzy/opt/gz_tools_vendor:/opt/ros/jazzy/opt/gz_ogre_next_vendor:/opt/ros/jazzy/opt/gz_dartsim_vendor:/opt/ros/jazzy/opt/gz_cmake_vendor:/opt/ros/jazzy PS1=(.rpwr_venv) \[\e]0;\u@\h: \w\a\]${debian_chroot:+($debian_chroot)}\[\033[01;32m\]\u@\h\[\033[00m\]:\[\033[01;34m\]\w\[\033[00m\]\$ VIRTUAL_ENV_PROMPT=(.rpwr_venv) /usr/bin/cmake --build /home/tahaos/Code/Projects/rpwr-assignments/internship/ws/ros/build/turtlebot4_description -- -j12 -l12
[1.816s] Invoking command in '/home/tahaos/Code/Projects/rpwr-assignments/internship/ws/ros/build/turtlebot4_description': AMENT_PREFIX_PATH=/home/tahaos/Code/Projects/rpwr-assignments/internship/ws/ros/install/irobot_create_description:/home/tahaos/Code/Projects/rpwr-assignments/internship/ws/ros/install/irobot_create_control:${AMENT_PREFIX_PATH} CMAKE_PREFIX_PATH=/home/tahaos/Code/Projects/rpwr-assignments/internship/ws/ros/install/irobot_create_description:/home/tahaos/Code/Projects/rpwr-assignments/internship/ws/ros/install/irobot_create_control:/opt/ros/jazzy/opt/gz_sim_vendor:/opt/ros/jazzy/opt/gz_sensors_vendor:/opt/ros/jazzy/opt/gz_physics_vendor:/opt/ros/jazzy/opt/sdformat_vendor:/opt/ros/jazzy/opt/gz_gui_vendor:/opt/ros/jazzy/opt/gz_transport_vendor:/opt/ros/jazzy/opt/gz_rendering_vendor:/opt/ros/jazzy/opt/gz_plugin_vendor:/opt/ros/jazzy/opt/gz_fuel_tools_vendor:/opt/ros/jazzy/opt/gz_msgs_vendor:/opt/ros/jazzy/opt/gz_common_vendor:/opt/ros/jazzy/opt/gz_math_vendor:/opt/ros/jazzy/opt/gz_utils_vendor:/opt/ros/jazzy/opt/gz_tools_vendor:/opt/ros/jazzy/opt/gz_ogre_next_vendor:/opt/ros/jazzy/opt/gz_dartsim_vendor:/opt/ros/jazzy/opt/gz_cmake_vendor:/opt/ros/jazzy PS1=(.rpwr_venv) \[\e]0;\u@\h: \w\a\]${debian_chroot:+($debian_chroot)}\[\033[01;32m\]\u@\h\[\033[00m\]:\[\033[01;34m\]\w\[\033[00m\]\$ VIRTUAL_ENV_PROMPT=(.rpwr_venv) /usr/bin/cmake --install /home/tahaos/Code/Projects/rpwr-assignments/internship/ws/ros/build/turtlebot4_description
[1.831s] -- Install configuration: ""
[1.834s] -- Installing: /home/tahaos/Code/Projects/rpwr-assignments/internship/ws/ros/install/turtlebot4_description/share/turtlebot4_description/launch
[1.834s] -- Installing: /home/tahaos/Code/Projects/rpwr-assignments/internship/ws/ros/install/turtlebot4_description/share/turtlebot4_description/launch/robot_description.launch.py
[1.834s] -- Installing: /home/tahaos/Code/Projects/rpwr-assignments/internship/ws/ros/install/turtlebot4_description/share/turtlebot4_description/meshes
[1.835s] -- Installing: /home/tahaos/Code/Projects/rpwr-assignments/internship/ws/ros/install/turtlebot4_description/share/turtlebot4_description/meshes/tower_sensor_plate.dae
[1.835s] -- Installing: /home/tahaos/Code/Projects/rpwr-assignments/internship/ws/ros/install/turtlebot4_description/share/turtlebot4_description/meshes/shell_collision.dae
[1.836s] -- Installing: /home/tahaos/Code/Projects/rpwr-assignments/internship/ws/ros/install/turtlebot4_description/share/turtlebot4_description/meshes/weight_block.dae
[1.836s] -- Installing: /home/tahaos/Code/Projects/rpwr-assignments/internship/ws/ros/install/turtlebot4_description/share/turtlebot4_description/meshes/rplidar.dae
[1.837s] -- Installing: /home/tahaos/Code/Projects/rpwr-assignments/internship/ws/ros/install/turtlebot4_description/share/turtlebot4_description/meshes/tower_standoff.dae
[1.837s] -- Installing: /home/tahaos/Code/Projects/rpwr-assignments/internship/ws/ros/install/turtlebot4_description/share/turtlebot4_description/meshes/camera_bracket.dae
[1.837s] -- Installing: /home/tahaos/Code/Projects/rpwr-assignments/internship/ws/ros/install/turtlebot4_description/share/turtlebot4_description/meshes/oakd_pro.dae
[1.852s] -- Installing: /home/tahaos/Code/Projects/rpwr-assignments/internship/ws/ros/install/turtlebot4_description/share/turtlebot4_description/meshes/tower.dae
[1.853s] -- Installing: /home/tahaos/Code/Projects/rpwr-assignments/internship/ws/ros/install/turtlebot4_description/share/turtlebot4_description/meshes/shell.dae
[1.863s] -- Installing: /home/tahaos/Code/Projects/rpwr-assignments/internship/ws/ros/install/turtlebot4_description/share/turtlebot4_description/meshes/oakd_lite.dae
[1.870s] -- Installing: /home/tahaos/Code/Projects/rpwr-assignments/internship/ws/ros/install/turtlebot4_description/share/turtlebot4_description/urdf
[1.870s] -- Installing: /home/tahaos/Code/Projects/rpwr-assignments/internship/ws/ros/install/turtlebot4_description/share/turtlebot4_description/urdf/sensors
[1.871s] -- Installing: /home/tahaos/Code/Projects/rpwr-assignments/internship/ws/ros/install/turtlebot4_description/share/turtlebot4_description/urdf/sensors/rplidar.urdf.xacro
[1.871s] -- Installing: /home/tahaos/Code/Projects/rpwr-assignments/internship/ws/ros/install/turtlebot4_description/share/turtlebot4_description/urdf/sensors/camera_bracket.urdf.xacro
[1.871s] -- Installing: /home/tahaos/Code/Projects/rpwr-assignments/internship/ws/ros/install/turtlebot4_description/share/turtlebot4_description/urdf/sensors/oakd.urdf.xacro
[1.871s] -- Installing: /home/tahaos/Code/Projects/rpwr-assignments/internship/ws/ros/install/turtlebot4_description/share/turtlebot4_description/urdf/standard
[1.871s] -- Installing: /home/tahaos/Code/Projects/rpwr-assignments/internship/ws/ros/install/turtlebot4_description/share/turtlebot4_description/urdf/standard/tower_sensor_plate.urdf.xacro
[1.872s] -- Installing: /home/tahaos/Code/Projects/rpwr-assignments/internship/ws/ros/install/turtlebot4_description/share/turtlebot4_description/urdf/standard/turtlebot4.urdf.xacro
[1.872s] -- Installing: /home/tahaos/Code/Projects/rpwr-assignments/internship/ws/ros/install/turtlebot4_description/share/turtlebot4_description/urdf/standard/tower_standoff.urdf.xacro
[1.872s] -- Installing: /home/tahaos/Code/Projects/rpwr-assignments/internship/ws/ros/install/turtlebot4_description/share/turtlebot4_description/urdf/standard/weight_block.urdf.xacro
[1.872s] -- Installing: /home/tahaos/Code/Projects/rpwr-assignments/internship/ws/ros/install/turtlebot4_description/share/turtlebot4_description/urdf/lite
[1.872s] -- Installing: /home/tahaos/Code/Projects/rpwr-assignments/internship/ws/ros/install/turtlebot4_description/share/turtlebot4_description/urdf/lite/turtlebot4.urdf.xacro
[1.873s] -- Installing: /home/tahaos/Code/Projects/rpwr-assignments/internship/ws/ros/install/turtlebot4_description/share/ament_index/resource_index/package_run_dependencies/turtlebot4_description
[1.873s] -- Installing: /home/tahaos/Code/Projects/rpwr-assignments/internship/ws/ros/install/turtlebot4_description/share/ament_index/resource_index/parent_prefix_path/turtlebot4_description
[1.873s] -- Installing: /home/tahaos/Code/Projects/rpwr-assignments/internship/ws/ros/install/turtlebot4_description/share/turtlebot4_description/environment/ament_prefix_path.sh
[1.873s] -- Installing: /home/tahaos/Code/Projects/rpwr-assignments/internship/ws/ros/install/turtlebot4_description/share/turtlebot4_description/environment/ament_prefix_path.dsv
[1.874s] -- Installing: /home/tahaos/Code/Projects/rpwr-assignments/internship/ws/ros/install/turtlebot4_description/share/turtlebot4_description/environment/path.sh
[1.874s] -- Installing: /home/tahaos/Code/Projects/rpwr-assignments/internship/ws/ros/install/turtlebot4_description/share/turtlebot4_description/environment/path.dsv
[1.874s] -- Installing: /home/tahaos/Code/Projects/rpwr-assignments/internship/ws/ros/install/turtlebot4_description/share/turtlebot4_description/local_setup.bash
[1.874s] -- Installing: /home/tahaos/Code/Projects/rpwr-assignments/internship/ws/ros/install/turtlebot4_description/share/turtlebot4_description/local_setup.sh
[1.875s] -- Installing: /home/tahaos/Code/Projects/rpwr-assignments/internship/ws/ros/install/turtlebot4_description/share/turtlebot4_description/local_setup.zsh
[1.876s] -- Installing: /home/tahaos/Code/Projects/rpwr-assignments/internship/ws/ros/install/turtlebot4_description/share/turtlebot4_description/local_setup.dsv
[1.877s] -- Installing: /home/tahaos/Code/Projects/rpwr-assignments/internship/ws/ros/install/turtlebot4_description/share/turtlebot4_description/package.dsv
[1.877s] -- Installing: /home/tahaos/Code/Projects/rpwr-assignments/internship/ws/ros/install/turtlebot4_description/share/ament_index/resource_index/packages/turtlebot4_description
[1.877s] -- Installing: /home/tahaos/Code/Projects/rpwr-assignments/internship/ws/ros/install/turtlebot4_description/share/turtlebot4_description/cmake/turtlebot4_descriptionConfig.cmake
[1.878s] -- Installing: /home/tahaos/Code/Projects/rpwr-assignments/internship/ws/ros/install/turtlebot4_description/share/turtlebot4_description/cmake/turtlebot4_descriptionConfig-version.cmake
[1.878s] -- Installing: /home/tahaos/Code/Projects/rpwr-assignments/internship/ws/ros/install/turtlebot4_description/share/turtlebot4_description/package.xml
[1.880s] Invoked command in '/home/tahaos/Code/Projects/rpwr-assignments/internship/ws/ros/build/turtlebot4_description' returned '0': AMENT_PREFIX_PATH=/home/tahaos/Code/Projects/rpwr-assignments/internship/ws/ros/install/irobot_create_description:/home/tahaos/Code/Projects/rpwr-assignments/internship/ws/ros/install/irobot_create_control:${AMENT_PREFIX_PATH} CMAKE_PREFIX_PATH=/home/tahaos/Code/Projects/rpwr-assignments/internship/ws/ros/install/irobot_create_description:/home/tahaos/Code/Projects/rpwr-assignments/internship/ws/ros/install/irobot_create_control:/opt/ros/jazzy/opt/gz_sim_vendor:/opt/ros/jazzy/opt/gz_sensors_vendor:/opt/ros/jazzy/opt/gz_physics_vendor:/opt/ros/jazzy/opt/sdformat_vendor:/opt/ros/jazzy/opt/gz_gui_vendor:/opt/ros/jazzy/opt/gz_transport_vendor:/opt/ros/jazzy/opt/gz_rendering_vendor:/opt/ros/jazzy/opt/gz_plugin_vendor:/opt/ros/jazzy/opt/gz_fuel_tools_vendor:/opt/ros/jazzy/opt/gz_msgs_vendor:/opt/ros/jazzy/opt/gz_common_vendor:/opt/ros/jazzy/opt/gz_math_vendor:/opt/ros/jazzy/opt/gz_utils_vendor:/opt/ros/jazzy/opt/gz_tools_vendor:/opt/ros/jazzy/opt/gz_ogre_next_vendor:/opt/ros/jazzy/opt/gz_dartsim_vendor:/opt/ros/jazzy/opt/gz_cmake_vendor:/opt/ros/jazzy PS1=(.rpwr_venv) \[\e]0;\u@\h: \w\a\]${debian_chroot:+($debian_chroot)}\[\033[01;32m\]\u@\h\[\033[00m\]:\[\033[01;34m\]\w\[\033[00m\]\$ VIRTUAL_ENV_PROMPT=(.rpwr_venv) /usr/bin/cmake --install /home/tahaos/Code/Projects/rpwr-assignments/internship/ws/ros/build/turtlebot4_description
