[0.050s] Invoking command in '/home/tahaos/Code/Projects/rpwr-assignments/04_navigation/ws/ros/build/irobot_create_gz_plugins': CMAKE_PREFIX_PATH=${CMAKE_PREFIX_PATH}:/opt/ros/jazzy VIRTUAL_ENV_PROMPT=(.rpwr_venv) /usr/bin/cmake /home/tahaos/Code/Projects/rpwr-assignments/04_navigation/ws/ros/src/create3_sim/irobot_create_gz/irobot_create_gz_plugins -DCMAKE_INSTALL_PREFIX=/home/tahaos/Code/Projects/rpwr-assignments/04_navigation/ws/ros/install/irobot_create_gz_plugins
[0.071s] -- Found ament_cmake: 2.5.4 (/opt/ros/jazzy/share/ament_cmake/cmake)
[0.302s] -- Found gz_gui_vendor: 0.0.5 (/opt/ros/jazzy/share/gz_gui_vendor/cmake)
[0.313s] -- Looking for gz-gui8 -- found version 8.4.0
[0.319s] -- Searching for dependencies of gz-gui8
[0.358s] -- Checking for module 'tinyxml2'
[0.374s] --   Found tinyxml2, version 10.0.0
[0.412s] -- Looking for gz-utils2 -- found version 2.2.1
[0.412s] -- Searching for dependencies of gz-utils2
[0.414s] -- Looking for gz-math7 -- found version 7.5.2
[0.414s] -- Searching for dependencies of gz-math7
[0.415s] -- Looking for gz-utils2 -- found version 2.2.1
[0.417s] -- Looking for gz-common5 -- found version 5.7.1
[0.417s] -- Searching for dependencies of gz-common5
[0.418s] -- Looking for gz-utils2 -- found version 2.2.1
[0.418s] -- Looking for dlfcn.h - found
[0.418s] -- Looking for libdl - found
[0.429s] -- Checking for module 'uuid'
[0.449s] --   Found uuid, version 2.39.3
[0.485s] -- Searching for <gz-common5> component [profiler]
[0.486s] -- Looking for gz-common5-profiler -- found version 5.7.1
[0.486s] -- Searching for dependencies of gz-common5-profiler
[0.488s] -- Looking for gz-plugin2 -- found version 2.0.4
[0.488s] -- Searching for dependencies of gz-plugin2
[0.489s] -- Looking for gz-utils2 -- found version 2.2.1
[0.489s] -- Searching for dependencies of gz-utils2
[0.489s] -- Searching for <gz-utils2> component [cli]
[0.490s] -- Looking for gz-utils2-cli -- found version 2.2.1
[0.490s] -- Searching for dependencies of gz-utils2-cli
[0.493s] -- Searching for <gz-plugin2> component [loader]
[0.494s] -- Looking for gz-plugin2-loader -- found version 2.0.4
[0.494s] -- Searching for dependencies of gz-plugin2-loader
[0.496s] -- Searching for <gz-plugin2> component [register]
[0.496s] -- Looking for gz-plugin2-register -- found version 2.0.4
[0.496s] -- Searching for dependencies of gz-plugin2-register
[0.497s] -- Looking for gz-transport13 -- found version 13.4.1
[0.497s] -- Searching for dependencies of gz-transport13
[0.587s] -- Config-file not installed for ZeroMQ -- checking for pkg-config
[0.596s] -- Checking for module 'libzmq >= 4'
[0.621s] --   Found libzmq, version 4.3.5
[0.680s] -- Looking for gz-utils2 -- found version 2.2.1
[0.681s] -- Looking for gz-msgs10 -- found version 10.3.2
[0.681s] -- Searching for dependencies of gz-msgs10
[0.721s] -- Looking for gz-utils2 -- found version 2.2.1
[0.722s] -- Looking for gz-math7 -- found version 7.5.2
[0.735s] -- Looking for gz-rendering8 -- found version 8.2.2
[0.735s] -- Searching for dependencies of gz-rendering8
[0.736s] -- Looking for gz-math7 -- found version 7.5.2
[0.736s] -- Searching for dependencies of gz-math7
[0.737s] -- Looking for gz-utils2 -- found version 2.2.1
[0.737s] -- Searching for <gz-math7> component [eigen3]
[0.738s] -- Looking for gz-math7-eigen3 -- found version 7.5.2
[0.738s] -- Searching for dependencies of gz-math7-eigen3
[0.740s] -- Looking for gz-common5 -- found version 5.7.1
[0.740s] -- Searching for dependencies of gz-common5
[0.741s] -- Looking for gz-utils2 -- found version 2.2.1
[0.741s] -- Looking for dlfcn.h - found
[0.741s] -- Looking for libdl - found
[0.755s] -- Searching for <gz-common5> component [graphics]
[0.756s] -- Looking for gz-common5-graphics -- found version 5.7.1
[0.756s] -- Searching for dependencies of gz-common5-graphics
[0.756s] -- Looking for gz-math7 -- found version 7.5.2
[0.761s] -- Searching for <gz-common5> component [events]
[0.762s] -- Looking for gz-common5-events -- found version 5.7.1
[0.762s] -- Searching for dependencies of gz-common5-events
[0.763s] -- Looking for gz-math7 -- found version 7.5.2
[0.764s] -- Searching for <gz-common5> component [geospatial]
[0.765s] -- Looking for gz-common5-geospatial -- found version 5.7.1
[0.765s] -- Searching for dependencies of gz-common5-geospatial
[0.766s] -- Looking for gz-math7 -- found version 7.5.2
[0.766s] -- Looking for gz-common5 -- found version 5.7.1
[0.768s] -- Looking for gz-plugin2 -- found version 2.0.4
[0.769s] -- Searching for dependencies of gz-plugin2
[0.769s] -- Looking for gz-utils2 -- found version 2.2.1
[0.770s] -- Searching for <gz-plugin2> component [all]
[0.770s] -- Looking for all libraries of gz-plugin2 -- found version 2.0.4
[0.771s] -- Looking for gz-plugin2 -- found version 2.0.4
[0.772s] -- Looking for gz-utils2 -- found version 2.2.1
[0.778s] -- Looking for gz-msgs10 -- found version 10.3.2
[0.823s] -- Found ament_lint_auto: 0.17.2 (/opt/ros/jazzy/share/ament_lint_auto/cmake)
[1.003s] -- Added test 'cppcheck' to perform static code analysis on C / C++ code
[1.003s] -- Configured cppcheck include dirs: 
[1.003s] -- Configured cppcheck exclude dirs and/or files: 
[1.005s] -- Added test 'cpplint' to check C / C++ code against the Google style
[1.005s] -- Configured cpplint exclude dirs and/or files: 
[1.008s] -- Added test 'lint_cmake' to check CMake code style
[1.011s] -- Added test 'xmllint' to check XML markup files
[1.014s] -- Configuring done (1.0s)
[1.046s] -- Generating done (0.0s)
[1.050s] -- Build files have been written to: /home/tahaos/Code/Projects/rpwr-assignments/04_navigation/ws/ros/build/irobot_create_gz_plugins
[1.057s] Invoked command in '/home/tahaos/Code/Projects/rpwr-assignments/04_navigation/ws/ros/build/irobot_create_gz_plugins' returned '0': CMAKE_PREFIX_PATH=${CMAKE_PREFIX_PATH}:/opt/ros/jazzy VIRTUAL_ENV_PROMPT=(.rpwr_venv) /usr/bin/cmake /home/tahaos/Code/Projects/rpwr-assignments/04_navigation/ws/ros/src/create3_sim/irobot_create_gz/irobot_create_gz_plugins -DCMAKE_INSTALL_PREFIX=/home/tahaos/Code/Projects/rpwr-assignments/04_navigation/ws/ros/install/irobot_create_gz_plugins
[1.058s] Invoking command in '/home/tahaos/Code/Projects/rpwr-assignments/04_navigation/ws/ros/build/irobot_create_gz_plugins': CMAKE_PREFIX_PATH=${CMAKE_PREFIX_PATH}:/opt/ros/jazzy VIRTUAL_ENV_PROMPT=(.rpwr_venv) /usr/bin/cmake --build /home/tahaos/Code/Projects/rpwr-assignments/04_navigation/ws/ros/build/irobot_create_gz_plugins -- -j12 -l12
[1.125s] [  0%] Built target Create3Hmi_autogen_timestamp_deps
[1.153s] [ 14%] [34m[1mAutomatic MOC for target Create3Hmi[0m
[1.861s] [ 14%] Built target Create3Hmi_autogen
[1.874s] [ 28%] [34m[1mGenerating qrc_Create3Hmi.cpp[0m
[1.923s] [ 71%] [32mBuilding CXX object Create3Hmi/CMakeFiles/Create3Hmi.dir/Create3Hmi_autogen/mocs_compilation.cpp.o[0m
[1.923s] [ 71%] [32mBuilding CXX object Create3Hmi/CMakeFiles/Create3Hmi.dir/qrc_Create3Hmi.cpp.o[0m
[1.923s] [ 71%] [32mBuilding CXX object Create3Hmi/CMakeFiles/Create3Hmi.dir/Create3Hmi.cc.o[0m
[5.687s] [ 85%] [32m[1mLinking CXX shared library libCreate3Hmi.so[0m
[5.968s] [100%] Built target Create3Hmi
