[0.049s] Invoking command in '/home/tahaos/Code/Projects/rpwr-assignments/04_navigation/ws/ros/build/irobot_create_toolbox': CMAKE_PREFIX_PATH=${CMAKE_PREFIX_PATH}:/opt/ros/jazzy VIRTUAL_ENV_PROMPT=(.rpwr_venv) /usr/bin/cmake --build /home/tahaos/Code/Projects/rpwr-assignments/04_navigation/ws/ros/build/irobot_create_toolbox -- -j12 -l12
[0.121s] [100%] Built target irobot_create_toolbox
[0.158s] Invoked command in '/home/tahaos/Code/Projects/rpwr-assignments/04_navigation/ws/ros/build/irobot_create_toolbox' returned '0': CMAKE_PREFIX_PATH=${CMAKE_PREFIX_PATH}:/opt/ros/jazzy VIRTUAL_ENV_PROMPT=(.rpwr_venv) /usr/bin/cmake --build /home/tahaos/Code/Projects/rpwr-assignments/04_navigation/ws/ros/build/irobot_create_toolbox -- -j12 -l12
[0.160s] Invoking command in '/home/tahaos/Code/Projects/rpwr-assignments/04_navigation/ws/ros/build/irobot_create_toolbox': CMAKE_PREFIX_PATH=${CMAKE_PREFIX_PATH}:/opt/ros/jazzy VIRTUAL_ENV_PROMPT=(.rpwr_venv) /usr/bin/cmake --install /home/tahaos/Code/Projects/rpwr-assignments/04_navigation/ws/ros/build/irobot_create_toolbox
[0.175s] -- Install configuration: ""
[0.175s] -- Up-to-date: /home/tahaos/Code/Projects/rpwr-assignments/04_navigation/ws/ros/install/irobot_create_toolbox/lib/libirobot_create_toolbox.so
[0.175s] -- Up-to-date: /home/tahaos/Code/Projects/rpwr-assignments/04_navigation/ws/ros/install/irobot_create_toolbox/include/irobot_create_toolbox
[0.176s] -- Up-to-date: /home/tahaos/Code/Projects/rpwr-assignments/04_navigation/ws/ros/install/irobot_create_toolbox/include/irobot_create_toolbox/irobot_create_toolbox
[0.176s] -- Up-to-date: /home/tahaos/Code/Projects/rpwr-assignments/04_navigation/ws/ros/install/irobot_create_toolbox/include/irobot_create_toolbox/irobot_create_toolbox/sensors
[0.176s] -- Up-to-date: /home/tahaos/Code/Projects/rpwr-assignments/04_navigation/ws/ros/install/irobot_create_toolbox/include/irobot_create_toolbox/irobot_create_toolbox/sensors/bumpers.hpp
[0.176s] -- Up-to-date: /home/tahaos/Code/Projects/rpwr-assignments/04_navigation/ws/ros/install/irobot_create_toolbox/include/irobot_create_toolbox/irobot_create_toolbox/math.hpp
[0.176s] -- Up-to-date: /home/tahaos/Code/Projects/rpwr-assignments/04_navigation/ws/ros/install/irobot_create_toolbox/include/irobot_create_toolbox/irobot_create_toolbox/polar_coordinates.hpp
[0.176s] -- Up-to-date: /home/tahaos/Code/Projects/rpwr-assignments/04_navigation/ws/ros/install/irobot_create_toolbox/share/ament_index/resource_index/package_run_dependencies/irobot_create_toolbox
[0.176s] -- Up-to-date: /home/tahaos/Code/Projects/rpwr-assignments/04_navigation/ws/ros/install/irobot_create_toolbox/share/ament_index/resource_index/parent_prefix_path/irobot_create_toolbox
[0.177s] -- Up-to-date: /home/tahaos/Code/Projects/rpwr-assignments/04_navigation/ws/ros/install/irobot_create_toolbox/share/irobot_create_toolbox/environment/ament_prefix_path.sh
[0.177s] -- Up-to-date: /home/tahaos/Code/Projects/rpwr-assignments/04_navigation/ws/ros/install/irobot_create_toolbox/share/irobot_create_toolbox/environment/ament_prefix_path.dsv
[0.177s] -- Up-to-date: /home/tahaos/Code/Projects/rpwr-assignments/04_navigation/ws/ros/install/irobot_create_toolbox/share/irobot_create_toolbox/environment/path.sh
[0.177s] -- Up-to-date: /home/tahaos/Code/Projects/rpwr-assignments/04_navigation/ws/ros/install/irobot_create_toolbox/share/irobot_create_toolbox/environment/path.dsv
[0.177s] -- Up-to-date: /home/tahaos/Code/Projects/rpwr-assignments/04_navigation/ws/ros/install/irobot_create_toolbox/share/irobot_create_toolbox/local_setup.bash
[0.177s] -- Up-to-date: /home/tahaos/Code/Projects/rpwr-assignments/04_navigation/ws/ros/install/irobot_create_toolbox/share/irobot_create_toolbox/local_setup.sh
[0.177s] -- Up-to-date: /home/tahaos/Code/Projects/rpwr-assignments/04_navigation/ws/ros/install/irobot_create_toolbox/share/irobot_create_toolbox/local_setup.zsh
[0.177s] -- Up-to-date: /home/tahaos/Code/Projects/rpwr-assignments/04_navigation/ws/ros/install/irobot_create_toolbox/share/irobot_create_toolbox/local_setup.dsv
[0.178s] -- Installing: /home/tahaos/Code/Projects/rpwr-assignments/04_navigation/ws/ros/install/irobot_create_toolbox/share/irobot_create_toolbox/package.dsv
[0.178s] -- Up-to-date: /home/tahaos/Code/Projects/rpwr-assignments/04_navigation/ws/ros/install/irobot_create_toolbox/share/ament_index/resource_index/packages/irobot_create_toolbox
[0.178s] -- Up-to-date: /home/tahaos/Code/Projects/rpwr-assignments/04_navigation/ws/ros/install/irobot_create_toolbox/share/irobot_create_toolbox/cmake/export_irobot_create_toolboxExport.cmake
[0.178s] -- Up-to-date: /home/tahaos/Code/Projects/rpwr-assignments/04_navigation/ws/ros/install/irobot_create_toolbox/share/irobot_create_toolbox/cmake/export_irobot_create_toolboxExport-noconfig.cmake
[0.178s] -- Up-to-date: /home/tahaos/Code/Projects/rpwr-assignments/04_navigation/ws/ros/install/irobot_create_toolbox/share/irobot_create_toolbox/cmake/ament_cmake_export_targets-extras.cmake
[0.179s] -- Up-to-date: /home/tahaos/Code/Projects/rpwr-assignments/04_navigation/ws/ros/install/irobot_create_toolbox/share/irobot_create_toolbox/cmake/ament_cmake_export_dependencies-extras.cmake
[0.183s] -- Up-to-date: /home/tahaos/Code/Projects/rpwr-assignments/04_navigation/ws/ros/install/irobot_create_toolbox/share/irobot_create_toolbox/cmake/irobot_create_toolboxConfig.cmake
[0.183s] -- Up-to-date: /home/tahaos/Code/Projects/rpwr-assignments/04_navigation/ws/ros/install/irobot_create_toolbox/share/irobot_create_toolbox/cmake/irobot_create_toolboxConfig-version.cmake
[0.183s] -- Up-to-date: /home/tahaos/Code/Projects/rpwr-assignments/04_navigation/ws/ros/install/irobot_create_toolbox/share/irobot_create_toolbox/package.xml
[0.184s] Invoked command in '/home/tahaos/Code/Projects/rpwr-assignments/04_navigation/ws/ros/build/irobot_create_toolbox' returned '0': CMAKE_PREFIX_PATH=${CMAKE_PREFIX_PATH}:/opt/ros/jazzy VIRTUAL_ENV_PROMPT=(.rpwr_venv) /usr/bin/cmake --install /home/tahaos/Code/Projects/rpwr-assignments/04_navigation/ws/ros/build/irobot_create_toolbox
