[0.019s] Invoking command in '/home/tahaos/Code/Projects/rpwr-assignments/internship/ws/ros/build/irobot_create_gz_toolbox': AMENT_PREFIX_PATH=/home/tahaos/Code/Projects/rpwr-assignments/internship/ws/ros/install/irobot_create_toolbox:${AMENT_PREFIX_PATH} CMAKE_PREFIX_PATH=/home/tahaos/Code/Projects/rpwr-assignments/internship/ws/ros/install/irobot_create_toolbox:/opt/ros/jazzy/opt/gz_sim_vendor:/opt/ros/jazzy/opt/gz_sensors_vendor:/opt/ros/jazzy/opt/gz_physics_vendor:/opt/ros/jazzy/opt/sdformat_vendor:/opt/ros/jazzy/opt/gz_gui_vendor:/opt/ros/jazzy/opt/gz_transport_vendor:/opt/ros/jazzy/opt/gz_rendering_vendor:/opt/ros/jazzy/opt/gz_plugin_vendor:/opt/ros/jazzy/opt/gz_fuel_tools_vendor:/opt/ros/jazzy/opt/gz_msgs_vendor:/opt/ros/jazzy/opt/gz_common_vendor:/opt/ros/jazzy/opt/gz_math_vendor:/opt/ros/jazzy/opt/gz_utils_vendor:/opt/ros/jazzy/opt/gz_tools_vendor:/opt/ros/jazzy/opt/gz_ogre_next_vendor:/opt/ros/jazzy/opt/gz_dartsim_vendor:/opt/ros/jazzy/opt/gz_cmake_vendor:/opt/ros/jazzy LD_LIBRARY_PATH=/home/tahaos/Code/Projects/rpwr-assignments/internship/ws/ros/install/irobot_create_toolbox/lib:${LD_LIBRARY_PATH} PS1=(.rpwr_venv) \[\e]0;\u@\h: \w\a\]${debian_chroot:+($debian_chroot)}\[\033[01;32m\]\u@\h\[\033[00m\]:\[\033[01;34m\]\w\[\033[00m\]\$ VIRTUAL_ENV_PROMPT=(.rpwr_venv) /usr/bin/cmake /home/tahaos/Code/Projects/rpwr-assignments/internship/ws/ros/src/create3_sim/irobot_create_gz/irobot_create_gz_toolbox -DCMAKE_INSTALL_PREFIX=/home/tahaos/Code/Projects/rpwr-assignments/internship/ws/ros/install/irobot_create_gz_toolbox
[0.109s] -- The C compiler identification is GNU 13.3.0
[0.197s] -- The CXX compiler identification is GNU 13.3.0
[0.220s] -- Detecting C compiler ABI info
[0.358s] -- Detecting C compiler ABI info - done
[0.373s] -- Check for working C compiler: /usr/bin/cc - skipped
[0.373s] -- Detecting C compile features
[0.374s] -- Detecting C compile features - done
[0.386s] -- Detecting CXX compiler ABI info
[0.529s] -- Detecting CXX compiler ABI info - done
[0.548s] -- Check for working CXX compiler: /usr/bin/c++ - skipped
[0.549s] -- Detecting CXX compile features
[0.550s] -- Detecting CXX compile features - done
[0.563s] -- Found ament_cmake: 2.5.4 (/opt/ros/jazzy/share/ament_cmake/cmake)
[0.764s] -- Found Python3: /home/tahaos/Code/Projects/rpwr-assignments/.rpwr_venv/bin/python3 (found version "3.12.3") found components: Interpreter 
[1.192s] -- Found control_msgs: 5.4.0 (/opt/ros/jazzy/share/control_msgs/cmake)
[1.412s] -- Found rosidl_generator_c: 4.6.5 (/opt/ros/jazzy/share/rosidl_generator_c/cmake)
[1.485s] -- Found rosidl_generator_cpp: 4.6.5 (/opt/ros/jazzy/share/rosidl_generator_cpp/cmake)
[1.560s] -- Using all available rosidl_typesupport_c: rosidl_typesupport_fastrtps_c;rosidl_typesupport_introspection_c
[1.640s] -- Using all available rosidl_typesupport_cpp: rosidl_typesupport_fastrtps_cpp;rosidl_typesupport_introspection_cpp
[2.051s] -- Found nav_msgs: 5.3.6 (/opt/ros/jazzy/share/nav_msgs/cmake)
[2.133s] -- Found irobot_create_msgs: 3.0.0 (/opt/ros/jazzy/share/irobot_create_msgs/cmake)
[2.219s] -- Found rclcpp: 28.1.9 (/opt/ros/jazzy/share/rclcpp/cmake)
[2.404s] -- Found rmw_implementation_cmake: 7.3.2 (/opt/ros/jazzy/share/rmw_implementation_cmake/cmake)
[2.415s] -- Found rmw_fastrtps_cpp: 8.4.2 (/opt/ros/jazzy/share/rmw_fastrtps_cpp/cmake)
[2.597s] -- Found OpenSSL: /usr/lib/x86_64-linux-gnu/libcrypto.so (found version "3.0.13")  
[2.636s] -- Found FastRTPS: /opt/ros/jazzy/include (Required is at least version "2.13") 
[2.671s] -- Using RMW implementation 'rmw_fastrtps_cpp' as default
[2.890s] -- Found rclcpp_action: 28.1.9 (/opt/ros/jazzy/share/rclcpp_action/cmake)
[2.962s] -- Found tf2: 0.36.11 (/opt/ros/jazzy/share/tf2/cmake)
[2.990s] -- Found tf2_geometry_msgs: 0.36.11 (/opt/ros/jazzy/share/tf2_geometry_msgs/cmake)
[3.093s] -- Found eigen3_cmake_module: 0.3.0 (/opt/ros/jazzy/share/eigen3_cmake_module/cmake)
[3.093s] -- Found Eigen3: TRUE (found version "3.4.0") 
[3.094s] -- Ensuring Eigen3 include directory is part of orocos-kdl CMake target
[3.460s] -- Found irobot_create_toolbox: 3.0.4 (/home/tahaos/Code/Projects/rpwr-assignments/internship/ws/ros/install/irobot_create_toolbox/share/irobot_create_toolbox/cmake)
[3.524s] -- Looking for gz-math7 -- found version 7.5.2
[3.558s] -- Searching for dependencies of gz-math7
[3.567s] -- Looking for gz-utils2 -- found version 2.2.1
[3.568s] -- Searching for dependencies of gz-utils2
[3.713s] -- Found ament_lint_auto: 0.17.2 (/opt/ros/jazzy/share/ament_lint_auto/cmake)
[4.138s] -- Added test 'cppcheck' to perform static code analysis on C / C++ code
[4.151s] -- Configured cppcheck include dirs: /home/tahaos/Code/Projects/rpwr-assignments/internship/ws/ros/src/create3_sim/irobot_create_gz/irobot_create_gz_toolbox/include
[4.152s] -- Configured cppcheck exclude dirs and/or files: 
[4.161s] -- Added test 'cpplint' to check C / C++ code against the Google style
[4.161s] -- Configured cpplint exclude dirs and/or files: 
[4.165s] -- Added test 'lint_cmake' to check CMake code style
[4.179s] -- Added test 'uncrustify' to check C / C++ code style
[4.182s] -- Configured uncrustify additional arguments: 
[4.184s] -- Added test 'xmllint' to check XML markup files
[4.198s] -- Configuring done (4.2s)
[4.455s] -- Generating done (0.2s)
[4.540s] -- Build files have been written to: /home/tahaos/Code/Projects/rpwr-assignments/internship/ws/ros/build/irobot_create_gz_toolbox
[4.586s] Invoked command in '/home/tahaos/Code/Projects/rpwr-assignments/internship/ws/ros/build/irobot_create_gz_toolbox' returned '0': AMENT_PREFIX_PATH=/home/tahaos/Code/Projects/rpwr-assignments/internship/ws/ros/install/irobot_create_toolbox:${AMENT_PREFIX_PATH} CMAKE_PREFIX_PATH=/home/tahaos/Code/Projects/rpwr-assignments/internship/ws/ros/install/irobot_create_toolbox:/opt/ros/jazzy/opt/gz_sim_vendor:/opt/ros/jazzy/opt/gz_sensors_vendor:/opt/ros/jazzy/opt/gz_physics_vendor:/opt/ros/jazzy/opt/sdformat_vendor:/opt/ros/jazzy/opt/gz_gui_vendor:/opt/ros/jazzy/opt/gz_transport_vendor:/opt/ros/jazzy/opt/gz_rendering_vendor:/opt/ros/jazzy/opt/gz_plugin_vendor:/opt/ros/jazzy/opt/gz_fuel_tools_vendor:/opt/ros/jazzy/opt/gz_msgs_vendor:/opt/ros/jazzy/opt/gz_common_vendor:/opt/ros/jazzy/opt/gz_math_vendor:/opt/ros/jazzy/opt/gz_utils_vendor:/opt/ros/jazzy/opt/gz_tools_vendor:/opt/ros/jazzy/opt/gz_ogre_next_vendor:/opt/ros/jazzy/opt/gz_dartsim_vendor:/opt/ros/jazzy/opt/gz_cmake_vendor:/opt/ros/jazzy LD_LIBRARY_PATH=/home/tahaos/Code/Projects/rpwr-assignments/internship/ws/ros/install/irobot_create_toolbox/lib:${LD_LIBRARY_PATH} PS1=(.rpwr_venv) \[\e]0;\u@\h: \w\a\]${debian_chroot:+($debian_chroot)}\[\033[01;32m\]\u@\h\[\033[00m\]:\[\033[01;34m\]\w\[\033[00m\]\$ VIRTUAL_ENV_PROMPT=(.rpwr_venv) /usr/bin/cmake /home/tahaos/Code/Projects/rpwr-assignments/internship/ws/ros/src/create3_sim/irobot_create_gz/irobot_create_gz_toolbox -DCMAKE_INSTALL_PREFIX=/home/tahaos/Code/Projects/rpwr-assignments/internship/ws/ros/install/irobot_create_gz_toolbox
[4.590s] Invoking command in '/home/tahaos/Code/Projects/rpwr-assignments/internship/ws/ros/build/irobot_create_gz_toolbox': AMENT_PREFIX_PATH=/home/tahaos/Code/Projects/rpwr-assignments/internship/ws/ros/install/irobot_create_toolbox:${AMENT_PREFIX_PATH} CMAKE_PREFIX_PATH=/home/tahaos/Code/Projects/rpwr-assignments/internship/ws/ros/install/irobot_create_toolbox:/opt/ros/jazzy/opt/gz_sim_vendor:/opt/ros/jazzy/opt/gz_sensors_vendor:/opt/ros/jazzy/opt/gz_physics_vendor:/opt/ros/jazzy/opt/sdformat_vendor:/opt/ros/jazzy/opt/gz_gui_vendor:/opt/ros/jazzy/opt/gz_transport_vendor:/opt/ros/jazzy/opt/gz_rendering_vendor:/opt/ros/jazzy/opt/gz_plugin_vendor:/opt/ros/jazzy/opt/gz_fuel_tools_vendor:/opt/ros/jazzy/opt/gz_msgs_vendor:/opt/ros/jazzy/opt/gz_common_vendor:/opt/ros/jazzy/opt/gz_math_vendor:/opt/ros/jazzy/opt/gz_utils_vendor:/opt/ros/jazzy/opt/gz_tools_vendor:/opt/ros/jazzy/opt/gz_ogre_next_vendor:/opt/ros/jazzy/opt/gz_dartsim_vendor:/opt/ros/jazzy/opt/gz_cmake_vendor:/opt/ros/jazzy LD_LIBRARY_PATH=/home/tahaos/Code/Projects/rpwr-assignments/internship/ws/ros/install/irobot_create_toolbox/lib:${LD_LIBRARY_PATH} PS1=(.rpwr_venv) \[\e]0;\u@\h: \w\a\]${debian_chroot:+($debian_chroot)}\[\033[01;32m\]\u@\h\[\033[00m\]:\[\033[01;34m\]\w\[\033[00m\]\$ VIRTUAL_ENV_PROMPT=(.rpwr_venv) /usr/bin/cmake --build /home/tahaos/Code/Projects/rpwr-assignments/internship/ws/ros/build/irobot_create_gz_toolbox -- -j12 -l12
[4.831s] [  5%] [32mBuilding CXX object CMakeFiles/irobot_create_gz_sensors_lib.dir/src/sensors/ir_intensity.cpp.o[0m
[4.835s] [ 11%] [32mBuilding CXX object CMakeFiles/irobot_create_gz_sensors_lib.dir/src/sensors/sensors_node.cpp.o[0m
[4.836s] [ 22%] [32mBuilding CXX object CMakeFiles/irobot_create_gz_interface_buttons_lib.dir/src/interface_buttons/interface_buttons_node.cpp.o[0m
[4.839s] [ 16%] [32mBuilding CXX object CMakeFiles/irobot_create_gz_pose_republisher_lib.dir/src/pose_republisher/pose_republisher_node.cpp.o[0m
[4.844s] [ 27%] [32mBuilding CXX object CMakeFiles/irobot_create_gz_sensors_lib.dir/src/sensors/mouse.cpp.o[0m
[4.848s] [ 33%] [32mBuilding CXX object CMakeFiles/irobot_create_gz_sensors_lib.dir/src/sensors/bumper.cpp.o[0m
[4.853s] [ 38%] [32mBuilding CXX object CMakeFiles/irobot_create_gz_sensors_lib.dir/src/sensors/wheel_drop.cpp.o[0m
[4.853s] [ 44%] [32mBuilding CXX object CMakeFiles/irobot_create_gz_sensors_lib.dir/src/sensors/cliff.cpp.o[0m
[4.860s] [ 50%] [32mBuilding CXX object CMakeFiles/irobot_create_gz_sensors_lib.dir/src/sensors/ir_opcode.cpp.o[0m
[37.594s] [ 55%] [32m[1mLinking CXX shared library libirobot_create_gz_interface_buttons_lib.so[0m
[38.723s] [ 55%] Built target irobot_create_gz_interface_buttons_lib
[39.566s] [ 61%] [32m[1mLinking CXX shared library libirobot_create_gz_sensors_lib.so[0m
[41.621s] [ 61%] Built target irobot_create_gz_sensors_lib
[43.516s] [ 66%] [32m[1mLinking CXX shared library libirobot_create_gz_pose_republisher_lib.so[0m
[44.408s] [ 66%] Built target irobot_create_gz_pose_republisher_lib
[44.439s] [ 72%] [32mBuilding CXX object CMakeFiles/sensors_node.dir/src/sensors/sensors_main.cpp.o[0m
[48.673s] [ 77%] [32m[1mLinking CXX executable sensors_node[0m
[49.350s] [ 77%] Built target sensors_node
[49.379s] [ 83%] [32mBuilding CXX object CMakeFiles/pose_republisher_node.dir/src/pose_republisher/pose_republisher_main.cpp.o[0m
[53.251s] [ 88%] [32m[1mLinking CXX executable pose_republisher_node[0m
[53.814s] [ 88%] Built target pose_republisher_node
[53.849s] [ 94%] [32mBuilding CXX object CMakeFiles/interface_buttons_node.dir/src/interface_buttons/interface_buttons_main.cpp.o[0m
[57.466s] [100%] [32m[1mLinking CXX executable interface_buttons_node[0m
[57.782s] [100%] Built target interface_buttons_node
[57.798s] Invoked command in '/home/tahaos/Code/Projects/rpwr-assignments/internship/ws/ros/build/irobot_create_gz_toolbox' returned '0': AMENT_PREFIX_PATH=/home/tahaos/Code/Projects/rpwr-assignments/internship/ws/ros/install/irobot_create_toolbox:${AMENT_PREFIX_PATH} CMAKE_PREFIX_PATH=/home/tahaos/Code/Projects/rpwr-assignments/internship/ws/ros/install/irobot_create_toolbox:/opt/ros/jazzy/opt/gz_sim_vendor:/opt/ros/jazzy/opt/gz_sensors_vendor:/opt/ros/jazzy/opt/gz_physics_vendor:/opt/ros/jazzy/opt/sdformat_vendor:/opt/ros/jazzy/opt/gz_gui_vendor:/opt/ros/jazzy/opt/gz_transport_vendor:/opt/ros/jazzy/opt/gz_rendering_vendor:/opt/ros/jazzy/opt/gz_plugin_vendor:/opt/ros/jazzy/opt/gz_fuel_tools_vendor:/opt/ros/jazzy/opt/gz_msgs_vendor:/opt/ros/jazzy/opt/gz_common_vendor:/opt/ros/jazzy/opt/gz_math_vendor:/opt/ros/jazzy/opt/gz_utils_vendor:/opt/ros/jazzy/opt/gz_tools_vendor:/opt/ros/jazzy/opt/gz_ogre_next_vendor:/opt/ros/jazzy/opt/gz_dartsim_vendor:/opt/ros/jazzy/opt/gz_cmake_vendor:/opt/ros/jazzy LD_LIBRARY_PATH=/home/tahaos/Code/Projects/rpwr-assignments/internship/ws/ros/install/irobot_create_toolbox/lib:${LD_LIBRARY_PATH} PS1=(.rpwr_venv) \[\e]0;\u@\h: \w\a\]${debian_chroot:+($debian_chroot)}\[\033[01;32m\]\u@\h\[\033[00m\]:\[\033[01;34m\]\w\[\033[00m\]\$ VIRTUAL_ENV_PROMPT=(.rpwr_venv) /usr/bin/cmake --build /home/tahaos/Code/Projects/rpwr-assignments/internship/ws/ros/build/irobot_create_gz_toolbox -- -j12 -l12
[57.799s] Invoking command in '/home/tahaos/Code/Projects/rpwr-assignments/internship/ws/ros/build/irobot_create_gz_toolbox': AMENT_PREFIX_PATH=/home/tahaos/Code/Projects/rpwr-assignments/internship/ws/ros/install/irobot_create_toolbox:${AMENT_PREFIX_PATH} CMAKE_PREFIX_PATH=/home/tahaos/Code/Projects/rpwr-assignments/internship/ws/ros/install/irobot_create_toolbox:/opt/ros/jazzy/opt/gz_sim_vendor:/opt/ros/jazzy/opt/gz_sensors_vendor:/opt/ros/jazzy/opt/gz_physics_vendor:/opt/ros/jazzy/opt/sdformat_vendor:/opt/ros/jazzy/opt/gz_gui_vendor:/opt/ros/jazzy/opt/gz_transport_vendor:/opt/ros/jazzy/opt/gz_rendering_vendor:/opt/ros/jazzy/opt/gz_plugin_vendor:/opt/ros/jazzy/opt/gz_fuel_tools_vendor:/opt/ros/jazzy/opt/gz_msgs_vendor:/opt/ros/jazzy/opt/gz_common_vendor:/opt/ros/jazzy/opt/gz_math_vendor:/opt/ros/jazzy/opt/gz_utils_vendor:/opt/ros/jazzy/opt/gz_tools_vendor:/opt/ros/jazzy/opt/gz_ogre_next_vendor:/opt/ros/jazzy/opt/gz_dartsim_vendor:/opt/ros/jazzy/opt/gz_cmake_vendor:/opt/ros/jazzy LD_LIBRARY_PATH=/home/tahaos/Code/Projects/rpwr-assignments/internship/ws/ros/install/irobot_create_toolbox/lib:${LD_LIBRARY_PATH} PS1=(.rpwr_venv) \[\e]0;\u@\h: \w\a\]${debian_chroot:+($debian_chroot)}\[\033[01;32m\]\u@\h\[\033[00m\]:\[\033[01;34m\]\w\[\033[00m\]\$ VIRTUAL_ENV_PROMPT=(.rpwr_venv) /usr/bin/cmake --install /home/tahaos/Code/Projects/rpwr-assignments/internship/ws/ros/build/irobot_create_gz_toolbox
[57.811s] -- Install configuration: ""
[57.812s] -- Installing: /home/tahaos/Code/Projects/rpwr-assignments/internship/ws/ros/install/irobot_create_gz_toolbox/lib/libirobot_create_gz_pose_republisher_lib.so
[57.820s] -- Set non-toolchain portion of runtime path of "/home/tahaos/Code/Projects/rpwr-assignments/internship/ws/ros/install/irobot_create_gz_toolbox/lib/libirobot_create_gz_pose_republisher_lib.so" to ""
[57.820s] -- Installing: /home/tahaos/Code/Projects/rpwr-assignments/internship/ws/ros/install/irobot_create_gz_toolbox/lib/libirobot_create_gz_sensors_lib.so
[57.834s] -- Set non-toolchain portion of runtime path of "/home/tahaos/Code/Projects/rpwr-assignments/internship/ws/ros/install/irobot_create_gz_toolbox/lib/libirobot_create_gz_sensors_lib.so" to ""
[57.834s] -- Installing: /home/tahaos/Code/Projects/rpwr-assignments/internship/ws/ros/install/irobot_create_gz_toolbox/lib/libirobot_create_gz_interface_buttons_lib.so
[57.838s] -- Set non-toolchain portion of runtime path of "/home/tahaos/Code/Projects/rpwr-assignments/internship/ws/ros/install/irobot_create_gz_toolbox/lib/libirobot_create_gz_interface_buttons_lib.so" to ""
[57.838s] -- Installing: /home/tahaos/Code/Projects/rpwr-assignments/internship/ws/ros/install/irobot_create_gz_toolbox/lib/irobot_create_gz_toolbox/pose_republisher_node
[57.838s] -- Set non-toolchain portion of runtime path of "/home/tahaos/Code/Projects/rpwr-assignments/internship/ws/ros/install/irobot_create_gz_toolbox/lib/irobot_create_gz_toolbox/pose_republisher_node" to ""
[57.838s] -- Installing: /home/tahaos/Code/Projects/rpwr-assignments/internship/ws/ros/install/irobot_create_gz_toolbox/lib/irobot_create_gz_toolbox/sensors_node
[57.839s] -- Set non-toolchain portion of runtime path of "/home/tahaos/Code/Projects/rpwr-assignments/internship/ws/ros/install/irobot_create_gz_toolbox/lib/irobot_create_gz_toolbox/sensors_node" to ""
[57.839s] -- Installing: /home/tahaos/Code/Projects/rpwr-assignments/internship/ws/ros/install/irobot_create_gz_toolbox/lib/irobot_create_gz_toolbox/interface_buttons_node
[57.839s] -- Set non-toolchain portion of runtime path of "/home/tahaos/Code/Projects/rpwr-assignments/internship/ws/ros/install/irobot_create_gz_toolbox/lib/irobot_create_gz_toolbox/interface_buttons_node" to ""
[57.839s] -- Installing: /home/tahaos/Code/Projects/rpwr-assignments/internship/ws/ros/install/irobot_create_gz_toolbox/include
[57.839s] -- Installing: /home/tahaos/Code/Projects/rpwr-assignments/internship/ws/ros/install/irobot_create_gz_toolbox/include/irobot_create_gz_toolbox
[57.840s] -- Installing: /home/tahaos/Code/Projects/rpwr-assignments/internship/ws/ros/install/irobot_create_gz_toolbox/include/irobot_create_gz_toolbox/interface_buttons
[57.840s] -- Installing: /home/tahaos/Code/Projects/rpwr-assignments/internship/ws/ros/install/irobot_create_gz_toolbox/include/irobot_create_gz_toolbox/interface_buttons/interface_buttons_node.hpp
[57.840s] -- Installing: /home/tahaos/Code/Projects/rpwr-assignments/internship/ws/ros/install/irobot_create_gz_toolbox/include/irobot_create_gz_toolbox/sensors
[57.840s] -- Installing: /home/tahaos/Code/Projects/rpwr-assignments/internship/ws/ros/install/irobot_create_gz_toolbox/include/irobot_create_gz_toolbox/sensors/sensors_node.hpp
[57.840s] -- Installing: /home/tahaos/Code/Projects/rpwr-assignments/internship/ws/ros/install/irobot_create_gz_toolbox/include/irobot_create_gz_toolbox/sensors/ir_opcode.hpp
[57.841s] -- Installing: /home/tahaos/Code/Projects/rpwr-assignments/internship/ws/ros/install/irobot_create_gz_toolbox/include/irobot_create_gz_toolbox/sensors/ir_intensity.hpp
[57.841s] -- Installing: /home/tahaos/Code/Projects/rpwr-assignments/internship/ws/ros/install/irobot_create_gz_toolbox/include/irobot_create_gz_toolbox/sensors/wheel_drop.hpp
[57.841s] -- Installing: /home/tahaos/Code/Projects/rpwr-assignments/internship/ws/ros/install/irobot_create_gz_toolbox/include/irobot_create_gz_toolbox/sensors/cliff.hpp
[57.841s] -- Installing: /home/tahaos/Code/Projects/rpwr-assignments/internship/ws/ros/install/irobot_create_gz_toolbox/include/irobot_create_gz_toolbox/sensors/bumper.hpp
[57.841s] -- Installing: /home/tahaos/Code/Projects/rpwr-assignments/internship/ws/ros/install/irobot_create_gz_toolbox/include/irobot_create_gz_toolbox/sensors/mouse.hpp
[57.841s] -- Installing: /home/tahaos/Code/Projects/rpwr-assignments/internship/ws/ros/install/irobot_create_gz_toolbox/include/irobot_create_gz_toolbox/utils.hpp
[57.841s] -- Installing: /home/tahaos/Code/Projects/rpwr-assignments/internship/ws/ros/install/irobot_create_gz_toolbox/include/irobot_create_gz_toolbox/pose_republisher
[57.841s] -- Installing: /home/tahaos/Code/Projects/rpwr-assignments/internship/ws/ros/install/irobot_create_gz_toolbox/include/irobot_create_gz_toolbox/pose_republisher/pose_republisher.hpp
[57.841s] -- Installing: /home/tahaos/Code/Projects/rpwr-assignments/internship/ws/ros/install/irobot_create_gz_toolbox/share/irobot_create_gz_toolbox/environment/library_path.sh
[57.842s] -- Installing: /home/tahaos/Code/Projects/rpwr-assignments/internship/ws/ros/install/irobot_create_gz_toolbox/share/irobot_create_gz_toolbox/environment/library_path.dsv
[57.842s] -- Installing: /home/tahaos/Code/Projects/rpwr-assignments/internship/ws/ros/install/irobot_create_gz_toolbox/share/ament_index/resource_index/package_run_dependencies/irobot_create_gz_toolbox
[57.842s] -- Installing: /home/tahaos/Code/Projects/rpwr-assignments/internship/ws/ros/install/irobot_create_gz_toolbox/share/ament_index/resource_index/parent_prefix_path/irobot_create_gz_toolbox
[57.842s] -- Installing: /home/tahaos/Code/Projects/rpwr-assignments/internship/ws/ros/install/irobot_create_gz_toolbox/share/irobot_create_gz_toolbox/environment/ament_prefix_path.sh
[57.842s] -- Installing: /home/tahaos/Code/Projects/rpwr-assignments/internship/ws/ros/install/irobot_create_gz_toolbox/share/irobot_create_gz_toolbox/environment/ament_prefix_path.dsv
[57.842s] -- Installing: /home/tahaos/Code/Projects/rpwr-assignments/internship/ws/ros/install/irobot_create_gz_toolbox/share/irobot_create_gz_toolbox/environment/path.sh
[57.843s] -- Installing: /home/tahaos/Code/Projects/rpwr-assignments/internship/ws/ros/install/irobot_create_gz_toolbox/share/irobot_create_gz_toolbox/environment/path.dsv
[57.843s] -- Installing: /home/tahaos/Code/Projects/rpwr-assignments/internship/ws/ros/install/irobot_create_gz_toolbox/share/irobot_create_gz_toolbox/local_setup.bash
[57.843s] -- Installing: /home/tahaos/Code/Projects/rpwr-assignments/internship/ws/ros/install/irobot_create_gz_toolbox/share/irobot_create_gz_toolbox/local_setup.sh
[57.843s] -- Installing: /home/tahaos/Code/Projects/rpwr-assignments/internship/ws/ros/install/irobot_create_gz_toolbox/share/irobot_create_gz_toolbox/local_setup.zsh
[57.843s] -- Installing: /home/tahaos/Code/Projects/rpwr-assignments/internship/ws/ros/install/irobot_create_gz_toolbox/share/irobot_create_gz_toolbox/local_setup.dsv
[57.843s] -- Installing: /home/tahaos/Code/Projects/rpwr-assignments/internship/ws/ros/install/irobot_create_gz_toolbox/share/irobot_create_gz_toolbox/package.dsv
[57.843s] -- Installing: /home/tahaos/Code/Projects/rpwr-assignments/internship/ws/ros/install/irobot_create_gz_toolbox/share/ament_index/resource_index/packages/irobot_create_gz_toolbox
[57.844s] -- Installing: /home/tahaos/Code/Projects/rpwr-assignments/internship/ws/ros/install/irobot_create_gz_toolbox/share/irobot_create_gz_toolbox/cmake/ament_cmake_export_include_directories-extras.cmake
[57.844s] -- Installing: /home/tahaos/Code/Projects/rpwr-assignments/internship/ws/ros/install/irobot_create_gz_toolbox/share/irobot_create_gz_toolbox/cmake/ament_cmake_export_libraries-extras.cmake
[57.844s] -- Installing: /home/tahaos/Code/Projects/rpwr-assignments/internship/ws/ros/install/irobot_create_gz_toolbox/share/irobot_create_gz_toolbox/cmake/ament_cmake_export_dependencies-extras.cmake
[57.844s] -- Installing: /home/tahaos/Code/Projects/rpwr-assignments/internship/ws/ros/install/irobot_create_gz_toolbox/share/irobot_create_gz_toolbox/cmake/irobot_create_gz_toolboxConfig.cmake
[57.844s] -- Installing: /home/tahaos/Code/Projects/rpwr-assignments/internship/ws/ros/install/irobot_create_gz_toolbox/share/irobot_create_gz_toolbox/cmake/irobot_create_gz_toolboxConfig-version.cmake
[57.844s] -- Installing: /home/tahaos/Code/Projects/rpwr-assignments/internship/ws/ros/install/irobot_create_gz_toolbox/share/irobot_create_gz_toolbox/package.xml
[57.846s] Invoked command in '/home/tahaos/Code/Projects/rpwr-assignments/internship/ws/ros/build/irobot_create_gz_toolbox' returned '0': AMENT_PREFIX_PATH=/home/tahaos/Code/Projects/rpwr-assignments/internship/ws/ros/install/irobot_create_toolbox:${AMENT_PREFIX_PATH} CMAKE_PREFIX_PATH=/home/tahaos/Code/Projects/rpwr-assignments/internship/ws/ros/install/irobot_create_toolbox:/opt/ros/jazzy/opt/gz_sim_vendor:/opt/ros/jazzy/opt/gz_sensors_vendor:/opt/ros/jazzy/opt/gz_physics_vendor:/opt/ros/jazzy/opt/sdformat_vendor:/opt/ros/jazzy/opt/gz_gui_vendor:/opt/ros/jazzy/opt/gz_transport_vendor:/opt/ros/jazzy/opt/gz_rendering_vendor:/opt/ros/jazzy/opt/gz_plugin_vendor:/opt/ros/jazzy/opt/gz_fuel_tools_vendor:/opt/ros/jazzy/opt/gz_msgs_vendor:/opt/ros/jazzy/opt/gz_common_vendor:/opt/ros/jazzy/opt/gz_math_vendor:/opt/ros/jazzy/opt/gz_utils_vendor:/opt/ros/jazzy/opt/gz_tools_vendor:/opt/ros/jazzy/opt/gz_ogre_next_vendor:/opt/ros/jazzy/opt/gz_dartsim_vendor:/opt/ros/jazzy/opt/gz_cmake_vendor:/opt/ros/jazzy LD_LIBRARY_PATH=/home/tahaos/Code/Projects/rpwr-assignments/internship/ws/ros/install/irobot_create_toolbox/lib:${LD_LIBRARY_PATH} PS1=(.rpwr_venv) \[\e]0;\u@\h: \w\a\]${debian_chroot:+($debian_chroot)}\[\033[01;32m\]\u@\h\[\033[00m\]:\[\033[01;34m\]\w\[\033[00m\]\$ VIRTUAL_ENV_PROMPT=(.rpwr_venv) /usr/bin/cmake --install /home/tahaos/Code/Projects/rpwr-assignments/internship/ws/ros/build/irobot_create_gz_toolbox
