[0.035s] Invoking command in '/home/tahaos/Code/Projects/rpwr-assignments/04_navigation/ws/ros/build/irobot_create_gz_plugins': CMAKE_PREFIX_PATH=${CMAKE_PREFIX_PATH}:/opt/ros/jazzy VIRTUAL_ENV_PROMPT=(.rpwr_venv) /usr/bin/cmake /home/tahaos/Code/Projects/rpwr-assignments/04_navigation/ws/ros/src/create3_sim/irobot_create_gz/irobot_create_gz_plugins -DCMAKE_INSTALL_PREFIX=/home/tahaos/Code/Projects/rpwr-assignments/04_navigation/ws/ros/install/irobot_create_gz_plugins
[0.052s] -- Found ament_cmake: 2.5.4 (/opt/ros/jazzy/share/ament_cmake/cmake)
[0.273s] -- Found gz_gui_vendor: 0.0.5 (/opt/ros/jazzy/share/gz_gui_vendor/cmake)
[0.282s] -- Looking for gz-gui8 -- found version 8.4.0
[0.288s] -- Searching for dependencies of gz-gui8
[0.331s] -- Checking for module 'tinyxml2'
[0.350s] --   Found tinyxml2, version 10.0.0
[0.382s] -- Looking for gz-utils2 -- found version 2.2.1
[0.383s] -- Searching for dependencies of gz-utils2
[0.384s] -- Looking for gz-math7 -- found version 7.5.2
[0.384s] -- Searching for dependencies of gz-math7
[0.384s] -- Looking for gz-utils2 -- found version 2.2.1
[0.385s] -- Looking for gz-common5 -- found version 5.7.1
[0.385s] -- Searching for dependencies of gz-common5
[0.386s] -- Looking for gz-utils2 -- found version 2.2.1
[0.386s] -- Looking for dlfcn.h - found
[0.386s] -- Looking for libdl - found
[0.393s] -- Checking for module 'uuid'
[0.410s] --   Found uuid, version 2.39.3
[0.441s] -- Searching for <gz-common5> component [profiler]
[0.441s] -- Looking for gz-common5-profiler -- found version 5.7.1
[0.441s] -- Searching for dependencies of gz-common5-profiler
[0.442s] -- Looking for gz-plugin2 -- found version 2.0.4
[0.443s] -- Searching for dependencies of gz-plugin2
[0.443s] -- Looking for gz-utils2 -- found version 2.2.1
[0.443s] -- Searching for dependencies of gz-utils2
[0.443s] -- Searching for <gz-utils2> component [cli]
[0.444s] -- Looking for gz-utils2-cli -- found version 2.2.1
[0.444s] -- Searching for dependencies of gz-utils2-cli
[0.445s] -- Searching for <gz-plugin2> component [loader]
[0.445s] -- Looking for gz-plugin2-loader -- found version 2.0.4
[0.445s] -- Searching for dependencies of gz-plugin2-loader
[0.446s] -- Searching for <gz-plugin2> component [register]
[0.446s] -- Looking for gz-plugin2-register -- found version 2.0.4
[0.447s] -- Searching for dependencies of gz-plugin2-register
[0.447s] -- Looking for gz-transport13 -- found version 13.4.1
[0.448s] -- Searching for dependencies of gz-transport13
[0.500s] -- Config-file not installed for ZeroMQ -- checking for pkg-config
[0.504s] -- Checking for module 'libzmq >= 4'
[0.522s] --   Found libzmq, version 4.3.5
[0.568s] -- Looking for gz-utils2 -- found version 2.2.1
[0.568s] -- Looking for gz-msgs10 -- found version 10.3.2
[0.568s] -- Searching for dependencies of gz-msgs10
[0.600s] -- Looking for gz-utils2 -- found version 2.2.1
[0.601s] -- Looking for gz-math7 -- found version 7.5.2
[0.610s] -- Looking for gz-rendering8 -- found version 8.2.2
[0.611s] -- Searching for dependencies of gz-rendering8
[0.611s] -- Looking for gz-math7 -- found version 7.5.2
[0.611s] -- Searching for dependencies of gz-math7
[0.612s] -- Looking for gz-utils2 -- found version 2.2.1
[0.612s] -- Searching for <gz-math7> component [eigen3]
[0.612s] -- Looking for gz-math7-eigen3 -- found version 7.5.2
[0.612s] -- Searching for dependencies of gz-math7-eigen3
[0.615s] -- Looking for gz-common5 -- found version 5.7.1
[0.615s] -- Searching for dependencies of gz-common5
[0.615s] -- Looking for gz-utils2 -- found version 2.2.1
[0.616s] -- Looking for dlfcn.h - found
[0.616s] -- Looking for libdl - found
[0.624s] -- Searching for <gz-common5> component [graphics]
[0.625s] -- Looking for gz-common5-graphics -- found version 5.7.1
[0.625s] -- Searching for dependencies of gz-common5-graphics
[0.625s] -- Looking for gz-math7 -- found version 7.5.2
[0.628s] -- Searching for <gz-common5> component [events]
[0.628s] -- Looking for gz-common5-events -- found version 5.7.1
[0.629s] -- Searching for dependencies of gz-common5-events
[0.629s] -- Looking for gz-math7 -- found version 7.5.2
[0.630s] -- Searching for <gz-common5> component [geospatial]
[0.631s] -- Looking for gz-common5-geospatial -- found version 5.7.1
[0.631s] -- Searching for dependencies of gz-common5-geospatial
[0.632s] -- Looking for gz-math7 -- found version 7.5.2
[0.632s] -- Looking for gz-common5 -- found version 5.7.1
[0.634s] -- Looking for gz-plugin2 -- found version 2.0.4
[0.634s] -- Searching for dependencies of gz-plugin2
[0.635s] -- Looking for gz-utils2 -- found version 2.2.1
[0.635s] -- Searching for <gz-plugin2> component [all]
[0.636s] -- Looking for all libraries of gz-plugin2 -- found version 2.0.4
[0.636s] -- Looking for gz-plugin2 -- found version 2.0.4
[0.639s] -- Looking for gz-utils2 -- found version 2.2.1
[0.642s] -- Looking for gz-msgs10 -- found version 10.3.2
[0.668s] -- Found ament_lint_auto: 0.17.2 (/opt/ros/jazzy/share/ament_lint_auto/cmake)
[0.688s] Traceback (most recent call last):
[0.688s]   File "/opt/ros/jazzy/share/ament_cmake_core/cmake/core/package_xml_2_cmake.py", line 22, in <module>
[0.688s]     from catkin_pkg.package import parse_package_string
[0.688s] ModuleNotFoundError: No module named 'catkin_pkg'
[0.692s] [31mCMake Error at /opt/ros/jazzy/share/ament_cmake_core/cmake/core/ament_package_xml.cmake:95 (message):
[0.692s]   
[0.692s]   execute_process(/home/tahaos/Code/Projects/rpwr-assignments/.rpwr_venv/bin/python3
[0.692s]   /opt/ros/jazzy/share/ament_cmake_core/cmake/core/package_xml_2_cmake.py
[0.692s]   /home/tahaos/Code/Projects/rpwr-assignments/04_navigation/ws/ros/src/create3_sim/irobot_create_gz/irobot_create_gz_plugins/package.xml
[0.692s]   /home/tahaos/Code/Projects/rpwr-assignments/04_navigation/ws/ros/build/irobot_create_gz_plugins/ament_cmake_core/package.cmake)
[0.692s]   returned error code 1
[0.693s] Call Stack (most recent call first):
[0.693s]   /opt/ros/jazzy/share/ament_cmake_core/cmake/core/ament_package_xml.cmake:49 (_ament_package_xml)
[0.693s]   /opt/ros/jazzy/share/ament_lint_auto/cmake/ament_lint_auto_find_test_dependencies.cmake:31 (ament_package_xml)
[0.693s]   CMakeLists.txt:19 (ament_lint_auto_find_test_dependencies)
[0.693s] 
[0.693s] [0m
[0.693s] -- Configuring incomplete, errors occurred!
