[0.040s] Invoking command in '/home/tahaos/Code/Projects/rpwr-assignments/internship/ws/ros/build/irobot_create_control': CMAKE_PREFIX_PATH=${CMAKE_PREFIX_PATH}:/opt/ros/jazzy PS1=(.rpwr_venv) \[\e]0;\u@\h: \w\a\]${debian_chroot:+($debian_chroot)}\[\033[01;32m\]\u@\h\[\033[00m\]:\[\033[01;34m\]\w\[\033[00m\]\$ VIRTUAL_ENV_PROMPT=(.rpwr_venv) /usr/bin/cmake /home/tahaos/Code/Projects/rpwr-assignments/internship/ws/ros/src/create3_sim/irobot_create_common/irobot_create_control -DCMAKE_INSTALL_PREFIX=/home/tahaos/Code/Projects/rpwr-assignments/internship/ws/ros/install/irobot_create_control
[0.114s] -- The C compiler identification is GNU 13.3.0
[0.185s] -- The CXX compiler identification is GNU 13.3.0
[0.204s] -- Detecting C compiler ABI info
[0.313s] -- Detecting C compiler ABI info - done
[0.329s] -- Check for working C compiler: /usr/bin/cc - skipped
[0.330s] -- Detecting C compile features
[0.330s] -- Detecting C compile features - done
[0.344s] -- Detecting CXX compiler ABI info
[0.474s] -- Detecting CXX compiler ABI info - done
[0.485s] -- Check for working CXX compiler: /usr/bin/c++ - skipped
[0.485s] -- Detecting CXX compile features
[0.486s] -- Detecting CXX compile features - done
[0.498s] -- Found ament_cmake: 2.5.4 (/opt/ros/jazzy/share/ament_cmake/cmake)
[0.687s] -- Found Python3: /home/tahaos/Code/Projects/rpwr-assignments/.rpwr_venv/bin/python3 (found version "3.12.3") found components: Interpreter 
[0.931s] -- Found ament_lint_auto: 0.17.2 (/opt/ros/jazzy/share/ament_lint_auto/cmake)
[1.094s] -- Added test 'flake8' to check Python code syntax and style conventions
[1.094s] -- Configured 'flake8' exclude dirs and/or files: 
[1.095s] -- Added test 'lint_cmake' to check CMake code style
[1.096s] -- Added test 'pep257' to check Python code against some of the docstring style conventions in PEP 257
[1.098s] -- Added test 'xmllint' to check XML markup files
[1.102s] -- Configuring done (1.0s)
[1.108s] -- Generating done (0.0s)
[1.111s] -- Build files have been written to: /home/tahaos/Code/Projects/rpwr-assignments/internship/ws/ros/build/irobot_create_control
[1.118s] Invoked command in '/home/tahaos/Code/Projects/rpwr-assignments/internship/ws/ros/build/irobot_create_control' returned '0': CMAKE_PREFIX_PATH=${CMAKE_PREFIX_PATH}:/opt/ros/jazzy PS1=(.rpwr_venv) \[\e]0;\u@\h: \w\a\]${debian_chroot:+($debian_chroot)}\[\033[01;32m\]\u@\h\[\033[00m\]:\[\033[01;34m\]\w\[\033[00m\]\$ VIRTUAL_ENV_PROMPT=(.rpwr_venv) /usr/bin/cmake /home/tahaos/Code/Projects/rpwr-assignments/internship/ws/ros/src/create3_sim/irobot_create_common/irobot_create_control -DCMAKE_INSTALL_PREFIX=/home/tahaos/Code/Projects/rpwr-assignments/internship/ws/ros/install/irobot_create_control
[1.121s] Invoking command in '/home/tahaos/Code/Projects/rpwr-assignments/internship/ws/ros/build/irobot_create_control': CMAKE_PREFIX_PATH=${CMAKE_PREFIX_PATH}:/opt/ros/jazzy PS1=(.rpwr_venv) \[\e]0;\u@\h: \w\a\]${debian_chroot:+($debian_chroot)}\[\033[01;32m\]\u@\h\[\033[00m\]:\[\033[01;34m\]\w\[\033[00m\]\$ VIRTUAL_ENV_PROMPT=(.rpwr_venv) /usr/bin/cmake --build /home/tahaos/Code/Projects/rpwr-assignments/internship/ws/ros/build/irobot_create_control -- -j12 -l12
[1.170s] Invoked command in '/home/tahaos/Code/Projects/rpwr-assignments/internship/ws/ros/build/irobot_create_control' returned '0': CMAKE_PREFIX_PATH=${CMAKE_PREFIX_PATH}:/opt/ros/jazzy PS1=(.rpwr_venv) \[\e]0;\u@\h: \w\a\]${debian_chroot:+($debian_chroot)}\[\033[01;32m\]\u@\h\[\033[00m\]:\[\033[01;34m\]\w\[\033[00m\]\$ VIRTUAL_ENV_PROMPT=(.rpwr_venv) /usr/bin/cmake --build /home/tahaos/Code/Projects/rpwr-assignments/internship/ws/ros/build/irobot_create_control -- -j12 -l12
[1.183s] Invoking command in '/home/tahaos/Code/Projects/rpwr-assignments/internship/ws/ros/build/irobot_create_control': CMAKE_PREFIX_PATH=${CMAKE_PREFIX_PATH}:/opt/ros/jazzy PS1=(.rpwr_venv) \[\e]0;\u@\h: \w\a\]${debian_chroot:+($debian_chroot)}\[\033[01;32m\]\u@\h\[\033[00m\]:\[\033[01;34m\]\w\[\033[00m\]\$ VIRTUAL_ENV_PROMPT=(.rpwr_venv) /usr/bin/cmake --install /home/tahaos/Code/Projects/rpwr-assignments/internship/ws/ros/build/irobot_create_control
[1.193s] -- Install configuration: ""
[1.193s] -- Installing: /home/tahaos/Code/Projects/rpwr-assignments/internship/ws/ros/install/irobot_create_control/share/irobot_create_control//launch
[1.194s] -- Installing: /home/tahaos/Code/Projects/rpwr-assignments/internship/ws/ros/install/irobot_create_control/share/irobot_create_control//launch/include
[1.194s] -- Installing: /home/tahaos/Code/Projects/rpwr-assignments/internship/ws/ros/install/irobot_create_control/share/irobot_create_control//launch/include/control.py
[1.194s] -- Installing: /home/tahaos/Code/Projects/rpwr-assignments/internship/ws/ros/install/irobot_create_control/share/irobot_create_control//config
[1.194s] -- Installing: /home/tahaos/Code/Projects/rpwr-assignments/internship/ws/ros/install/irobot_create_control/share/irobot_create_control//config/control.yaml
[1.194s] -- Installing: /home/tahaos/Code/Projects/rpwr-assignments/internship/ws/ros/install/irobot_create_control/share/ament_index/resource_index/package_run_dependencies/irobot_create_control
[1.195s] -- Installing: /home/tahaos/Code/Projects/rpwr-assignments/internship/ws/ros/install/irobot_create_control/share/ament_index/resource_index/parent_prefix_path/irobot_create_control
[1.195s] -- Installing: /home/tahaos/Code/Projects/rpwr-assignments/internship/ws/ros/install/irobot_create_control/share/irobot_create_control/environment/ament_prefix_path.sh
[1.195s] -- Installing: /home/tahaos/Code/Projects/rpwr-assignments/internship/ws/ros/install/irobot_create_control/share/irobot_create_control/environment/ament_prefix_path.dsv
[1.195s] -- Installing: /home/tahaos/Code/Projects/rpwr-assignments/internship/ws/ros/install/irobot_create_control/share/irobot_create_control/environment/path.sh
[1.195s] -- Installing: /home/tahaos/Code/Projects/rpwr-assignments/internship/ws/ros/install/irobot_create_control/share/irobot_create_control/environment/path.dsv
[1.195s] -- Installing: /home/tahaos/Code/Projects/rpwr-assignments/internship/ws/ros/install/irobot_create_control/share/irobot_create_control/local_setup.bash
[1.196s] -- Installing: /home/tahaos/Code/Projects/rpwr-assignments/internship/ws/ros/install/irobot_create_control/share/irobot_create_control/local_setup.sh
[1.196s] -- Installing: /home/tahaos/Code/Projects/rpwr-assignments/internship/ws/ros/install/irobot_create_control/share/irobot_create_control/local_setup.zsh
[1.196s] -- Installing: /home/tahaos/Code/Projects/rpwr-assignments/internship/ws/ros/install/irobot_create_control/share/irobot_create_control/local_setup.dsv
[1.196s] -- Installing: /home/tahaos/Code/Projects/rpwr-assignments/internship/ws/ros/install/irobot_create_control/share/irobot_create_control/package.dsv
[1.196s] -- Installing: /home/tahaos/Code/Projects/rpwr-assignments/internship/ws/ros/install/irobot_create_control/share/ament_index/resource_index/packages/irobot_create_control
[1.196s] -- Installing: /home/tahaos/Code/Projects/rpwr-assignments/internship/ws/ros/install/irobot_create_control/share/irobot_create_control/cmake/irobot_create_controlConfig.cmake
[1.197s] -- Installing: /home/tahaos/Code/Projects/rpwr-assignments/internship/ws/ros/install/irobot_create_control/share/irobot_create_control/cmake/irobot_create_controlConfig-version.cmake
[1.197s] -- Installing: /home/tahaos/Code/Projects/rpwr-assignments/internship/ws/ros/install/irobot_create_control/share/irobot_create_control/package.xml
[1.199s] Invoked command in '/home/tahaos/Code/Projects/rpwr-assignments/internship/ws/ros/build/irobot_create_control' returned '0': CMAKE_PREFIX_PATH=${CMAKE_PREFIX_PATH}:/opt/ros/jazzy PS1=(.rpwr_venv) \[\e]0;\u@\h: \w\a\]${debian_chroot:+($debian_chroot)}\[\033[01;32m\]\u@\h\[\033[00m\]:\[\033[01;34m\]\w\[\033[00m\]\$ VIRTUAL_ENV_PROMPT=(.rpwr_venv) /usr/bin/cmake --install /home/tahaos/Code/Projects/rpwr-assignments/internship/ws/ros/build/irobot_create_control
