[0.866s] Invoking command in '/home/tahaos/Code/Projects/rpwr-assignments/03_ros/ws/ros/src/turtle_party': PS1=\[\e]0;\u@\h: \w\a\]${debian_chroot:+($debian_chroot)}\[\033[01;32m\]\u@\h\[\033[00m\]:\[\033[01;34m\]\w\[\033[00m\]\$ PYTHONPATH=/home/tahaos/Code/Projects/rpwr-assignments/03_ros/ws/ros/build/turtle_party/prefix_override:/usr/lib/python3/dist-packages/colcon_core/task/python/colcon_distutils_commands:/home/tahaos/Code/Projects/rpwr-assignments/03_ros/ws/ros/install/turtle_party/lib/python3.12/site-packages:${PYTHONPATH} /usr/bin/python3 -W ignore:setup.py install is deprecated -W ignore:easy_install command is deprecated setup.py egg_info --egg-base ../../build/turtle_party build --build-base /home/tahaos/Code/Projects/rpwr-assignments/03_ros/ws/ros/build/turtle_party/build install --record /home/tahaos/Code/Projects/rpwr-assignments/03_ros/ws/ros/build/turtle_party/install.log --single-version-externally-managed install_data
[1.101s] running egg_info
[1.101s] creating ../../build/turtle_party/turtle_party.egg-info
[1.118s] writing ../../build/turtle_party/turtle_party.egg-info/PKG-INFO
[1.119s] writing dependency_links to ../../build/turtle_party/turtle_party.egg-info/dependency_links.txt
[1.119s] writing entry points to ../../build/turtle_party/turtle_party.egg-info/entry_points.txt
[1.119s] writing requirements to ../../build/turtle_party/turtle_party.egg-info/requires.txt
[1.119s] writing top-level names to ../../build/turtle_party/turtle_party.egg-info/top_level.txt
[1.119s] writing manifest file '../../build/turtle_party/turtle_party.egg-info/SOURCES.txt'
[1.152s] reading manifest file '../../build/turtle_party/turtle_party.egg-info/SOURCES.txt'
[1.152s] adding license file 'LICENSE'
[1.153s] writing manifest file '../../build/turtle_party/turtle_party.egg-info/SOURCES.txt'
[1.153s] running build
[1.153s] running build_py
[1.153s] creating /home/tahaos/Code/Projects/rpwr-assignments/03_ros/ws/ros/build/turtle_party/build
[1.153s] creating /home/tahaos/Code/Projects/rpwr-assignments/03_ros/ws/ros/build/turtle_party/build/lib
[1.154s] creating /home/tahaos/Code/Projects/rpwr-assignments/03_ros/ws/ros/build/turtle_party/build/lib/turtle_party
[1.154s] copying turtle_party/follow.py -> /home/tahaos/Code/Projects/rpwr-assignments/03_ros/ws/ros/build/turtle_party/build/lib/turtle_party
[1.154s] copying turtle_party/__init__.py -> /home/tahaos/Code/Projects/rpwr-assignments/03_ros/ws/ros/build/turtle_party/build/lib/turtle_party
[1.154s] running install
[1.159s] running install_lib
[1.176s] creating /home/tahaos/Code/Projects/rpwr-assignments/03_ros/ws/ros/install/turtle_party/lib/python3.12/site-packages/turtle_party
[1.176s] copying /home/tahaos/Code/Projects/rpwr-assignments/03_ros/ws/ros/build/turtle_party/build/lib/turtle_party/follow.py -> /home/tahaos/Code/Projects/rpwr-assignments/03_ros/ws/ros/install/turtle_party/lib/python3.12/site-packages/turtle_party
[1.176s] copying /home/tahaos/Code/Projects/rpwr-assignments/03_ros/ws/ros/build/turtle_party/build/lib/turtle_party/__init__.py -> /home/tahaos/Code/Projects/rpwr-assignments/03_ros/ws/ros/install/turtle_party/lib/python3.12/site-packages/turtle_party
[1.177s] byte-compiling /home/tahaos/Code/Projects/rpwr-assignments/03_ros/ws/ros/install/turtle_party/lib/python3.12/site-packages/turtle_party/follow.py to follow.cpython-312.pyc
[1.177s] byte-compiling /home/tahaos/Code/Projects/rpwr-assignments/03_ros/ws/ros/install/turtle_party/lib/python3.12/site-packages/turtle_party/__init__.py to __init__.cpython-312.pyc
[1.177s] running install_data
[1.178s] creating /home/tahaos/Code/Projects/rpwr-assignments/03_ros/ws/ros/install/turtle_party/share/ament_index
[1.178s] creating /home/tahaos/Code/Projects/rpwr-assignments/03_ros/ws/ros/install/turtle_party/share/ament_index/resource_index
[1.178s] creating /home/tahaos/Code/Projects/rpwr-assignments/03_ros/ws/ros/install/turtle_party/share/ament_index/resource_index/packages
[1.178s] copying resource/turtle_party -> /home/tahaos/Code/Projects/rpwr-assignments/03_ros/ws/ros/install/turtle_party/share/ament_index/resource_index/packages
[1.178s] copying package.xml -> /home/tahaos/Code/Projects/rpwr-assignments/03_ros/ws/ros/install/turtle_party/share/turtle_party
[1.178s] running install_egg_info
[1.195s] Copying ../../build/turtle_party/turtle_party.egg-info to /home/tahaos/Code/Projects/rpwr-assignments/03_ros/ws/ros/install/turtle_party/lib/python3.12/site-packages/turtle_party-0.0.0-py3.12.egg-info
[1.196s] running install_scripts
[1.312s] Installing follow script to /home/tahaos/Code/Projects/rpwr-assignments/03_ros/ws/ros/install/turtle_party/lib/turtle_party
[1.313s] writing list of installed files to '/home/tahaos/Code/Projects/rpwr-assignments/03_ros/ws/ros/build/turtle_party/install.log'
[1.332s] Invoked command in '/home/tahaos/Code/Projects/rpwr-assignments/03_ros/ws/ros/src/turtle_party' returned '0': PS1=\[\e]0;\u@\h: \w\a\]${debian_chroot:+($debian_chroot)}\[\033[01;32m\]\u@\h\[\033[00m\]:\[\033[01;34m\]\w\[\033[00m\]\$ PYTHONPATH=/home/tahaos/Code/Projects/rpwr-assignments/03_ros/ws/ros/build/turtle_party/prefix_override:/usr/lib/python3/dist-packages/colcon_core/task/python/colcon_distutils_commands:/home/tahaos/Code/Projects/rpwr-assignments/03_ros/ws/ros/install/turtle_party/lib/python3.12/site-packages:${PYTHONPATH} /usr/bin/python3 -W ignore:setup.py install is deprecated -W ignore:easy_install command is deprecated setup.py egg_info --egg-base ../../build/turtle_party build --build-base /home/tahaos/Code/Projects/rpwr-assignments/03_ros/ws/ros/build/turtle_party/build install --record /home/tahaos/Code/Projects/rpwr-assignments/03_ros/ws/ros/build/turtle_party/install.log --single-version-externally-managed install_data
