[0.034s] Invoking command in '/home/tahaos/Code/Projects/rpwr-assignments/04_navigation/ws/ros/build/irobot_create_toolbox': CMAKE_PREFIX_PATH=${CMAKE_PREFIX_PATH}:/opt/ros/jazzy VIRTUAL_ENV_PROMPT=(.rpwr_venv) /usr/bin/cmake /home/tahaos/Code/Projects/rpwr-assignments/04_navigation/ws/ros/src/create3_sim/irobot_create_common/irobot_create_toolbox -DCMAKE_INSTALL_PREFIX=/home/tahaos/Code/Projects/rpwr-assignments/04_navigation/ws/ros/install/irobot_create_toolbox
[0.282s] -- The C compiler identification is GNU 13.3.0
[0.541s] -- The CXX compiler identification is GNU 13.3.0
[0.560s] -- Detecting C compiler ABI info
[0.670s] -- Detecting C compiler ABI info - done
[0.687s] -- Check for working C compiler: /usr/bin/cc - skipped
[0.687s] -- Detecting C compile features
[0.688s] -- Detecting C compile features - done
[0.699s] -- Detecting CXX compiler ABI info
[0.822s] -- Detecting CXX compiler ABI info - done
[0.832s] -- Check for working CXX compiler: /usr/bin/c++ - skipped
[0.833s] -- Detecting CXX compile features
[0.833s] -- Detecting CXX compile features - done
[0.843s] -- Found ament_cmake: 2.5.4 (/opt/ros/jazzy/share/ament_cmake/cmake)
[0.986s] -- Found Python3: /home/tahaos/Code/Projects/rpwr-assignments/.rpwr_venv/bin/python3 (found version "3.12.3") found components: Interpreter 
[1.247s] -- Found gz_math_vendor: 0.0.8 (/opt/ros/jazzy/share/gz_math_vendor/cmake)
[1.284s] -- Looking for gz-math7 -- found version 7.5.2
[1.306s] -- Searching for dependencies of gz-math7
[1.313s] -- Looking for gz-utils2 -- found version 2.2.1
[1.313s] -- Searching for dependencies of gz-utils2
[1.330s] -- Found rclcpp: 28.1.9 (/opt/ros/jazzy/share/rclcpp/cmake)
[1.447s] -- Found rosidl_generator_c: 4.6.5 (/opt/ros/jazzy/share/rosidl_generator_c/cmake)
[1.484s] -- Found rosidl_generator_cpp: 4.6.5 (/opt/ros/jazzy/share/rosidl_generator_cpp/cmake)
[1.530s] -- Using all available rosidl_typesupport_c: rosidl_typesupport_fastrtps_c;rosidl_typesupport_introspection_c
[1.572s] -- Using all available rosidl_typesupport_cpp: rosidl_typesupport_fastrtps_cpp;rosidl_typesupport_introspection_cpp
[1.740s] -- Found rmw_implementation_cmake: 7.3.2 (/opt/ros/jazzy/share/rmw_implementation_cmake/cmake)
[1.750s] -- Found rmw_fastrtps_cpp: 8.4.2 (/opt/ros/jazzy/share/rmw_fastrtps_cpp/cmake)
[1.884s] -- Found OpenSSL: /usr/lib/x86_64-linux-gnu/libcrypto.so (found version "3.0.13")  
[1.906s] -- Found FastRTPS: /opt/ros/jazzy/include (Required is at least version "2.13") 
[1.932s] -- Using RMW implementation 'rmw_fastrtps_cpp' as default
[2.069s] -- Found ament_lint_auto: 0.17.2 (/opt/ros/jazzy/share/ament_lint_auto/cmake)
[2.090s] Traceback (most recent call last):
[2.090s]   File "/opt/ros/jazzy/share/ament_cmake_core/cmake/core/package_xml_2_cmake.py", line 22, in <module>
[2.090s]     from catkin_pkg.package import parse_package_string
[2.090s] ModuleNotFoundError: No module named 'catkin_pkg'
[2.093s] [31mCMake Error at /opt/ros/jazzy/share/ament_cmake_core/cmake/core/ament_package_xml.cmake:95 (message):
[2.093s]   
[2.093s]   execute_process(/home/tahaos/Code/Projects/rpwr-assignments/.rpwr_venv/bin/python3
[2.093s]   /opt/ros/jazzy/share/ament_cmake_core/cmake/core/package_xml_2_cmake.py
[2.093s]   /home/tahaos/Code/Projects/rpwr-assignments/04_navigation/ws/ros/src/create3_sim/irobot_create_common/irobot_create_toolbox/package.xml
[2.093s]   /home/tahaos/Code/Projects/rpwr-assignments/04_navigation/ws/ros/build/irobot_create_toolbox/ament_cmake_core/package.cmake)
[2.093s]   returned error code 1
[2.093s] Call Stack (most recent call first):
[2.094s]   /opt/ros/jazzy/share/ament_cmake_core/cmake/core/ament_package_xml.cmake:49 (_ament_package_xml)
[2.094s]   /opt/ros/jazzy/share/ament_lint_auto/cmake/ament_lint_auto_find_test_dependencies.cmake:31 (ament_package_xml)
[2.094s]   CMakeLists.txt:57 (ament_lint_auto_find_test_dependencies)
[2.094s] 
[2.094s] [0m
[2.094s] -- Configuring incomplete, errors occurred!
