[0.028s] Invoking command in '/home/tahaos/Code/Projects/rpwr-assignments/internship/ws/ros/build/irobot_create_gz_plugins': CMAKE_PREFIX_PATH=${CMAKE_PREFIX_PATH}:/opt/ros/jazzy PS1=(.rpwr_venv) \[\e]0;\u@\h: \w\a\]${debian_chroot:+($debian_chroot)}\[\033[01;32m\]\u@\h\[\033[00m\]:\[\033[01;34m\]\w\[\033[00m\]\$ VIRTUAL_ENV_PROMPT=(.rpwr_venv) /usr/bin/cmake /home/tahaos/Code/Projects/rpwr-assignments/internship/ws/ros/src/create3_sim/irobot_create_gz/irobot_create_gz_plugins -DCMAKE_INSTALL_PREFIX=/home/tahaos/Code/Projects/rpwr-assignments/internship/ws/ros/install/irobot_create_gz_plugins
[0.101s] -- The C compiler identification is GNU 13.3.0
[0.165s] -- The CXX compiler identification is GNU 13.3.0
[0.185s] -- Detecting C compiler ABI info
[0.294s] -- Detecting C compiler ABI info - done
[0.313s] -- Check for working C compiler: /usr/bin/cc - skipped
[0.313s] -- Detecting C compile features
[0.314s] -- Detecting C compile features - done
[0.326s] -- Detecting CXX compiler ABI info
[0.456s] -- Detecting CXX compiler ABI info - done
[0.467s] -- Check for working CXX compiler: /usr/bin/c++ - skipped
[0.467s] -- Detecting CXX compile features
[0.468s] -- Detecting CXX compile features - done
[0.480s] -- Found ament_cmake: 2.5.4 (/opt/ros/jazzy/share/ament_cmake/cmake)
[0.679s] -- Found Python3: /home/tahaos/Code/Projects/rpwr-assignments/.rpwr_venv/bin/python3 (found version "3.12.3") found components: Interpreter 
[0.960s] -- Found gz_gui_vendor: 0.0.5 (/opt/ros/jazzy/share/gz_gui_vendor/cmake)
[1.135s] -- Looking for gz-gui8 -- found version 8.4.0
[1.156s] -- Searching for dependencies of gz-gui8
[1.367s] -- Found Protobuf: /usr/lib/x86_64-linux-gnu/libprotobuf.so (found version "3.21.12") 
[1.377s] -- Checking for module 'tinyxml2'
[1.403s] --   Found tinyxml2, version 10.0.0
[1.453s] -- Looking for gz-utils2 -- found version 2.2.1
[1.453s] -- Searching for dependencies of gz-utils2
[1.464s] -- Looking for gz-math7 -- found version 7.5.2
[1.465s] -- Searching for dependencies of gz-math7
[1.466s] -- Looking for gz-utils2 -- found version 2.2.1
[1.476s] -- Looking for gz-common5 -- found version 5.7.1
[1.476s] -- Searching for dependencies of gz-common5
[1.477s] -- Looking for gz-utils2 -- found version 2.2.1
[1.478s] -- Looking for dlfcn.h - found
[1.481s] -- Looking for libdl - found
[1.484s] -- Found DL: TRUE  
[1.493s] -- Checking for module 'uuid'
[1.519s] --   Found uuid, version 2.39.3
[1.557s] -- Found UUID: TRUE  
[1.558s] -- Searching for <gz-common5> component [profiler]
[1.564s] -- Looking for gz-common5-profiler -- found version 5.7.1
[1.565s] -- Searching for dependencies of gz-common5-profiler
[1.571s] -- Looking for gz-plugin2 -- found version 2.0.4
[1.571s] -- Searching for dependencies of gz-plugin2
[1.571s] -- Looking for gz-utils2 -- found version 2.2.1
[1.572s] -- Searching for dependencies of gz-utils2
[1.572s] -- Searching for <gz-utils2> component [cli]
[1.579s] -- Looking for gz-utils2-cli -- found version 2.2.1
[1.579s] -- Searching for dependencies of gz-utils2-cli
[1.582s] -- Searching for <gz-plugin2> component [loader]
[1.588s] -- Looking for gz-plugin2-loader -- found version 2.0.4
[1.588s] -- Searching for dependencies of gz-plugin2-loader
[1.589s] -- Searching for <gz-plugin2> component [register]
[1.596s] -- Looking for gz-plugin2-register -- found version 2.0.4
[1.596s] -- Searching for dependencies of gz-plugin2-register
[1.607s] -- Looking for gz-transport13 -- found version 13.4.1
[1.607s] -- Searching for dependencies of gz-transport13
[1.672s] -- Config-file not installed for ZeroMQ -- checking for pkg-config
[1.677s] -- Checking for module 'libzmq >= 4'
[1.695s] --   Found libzmq, version 4.3.5
[1.753s] -- Found ZeroMQ: TRUE (Required is at least version "4") 
[1.763s] -- Looking for gz-utils2 -- found version 2.2.1
[1.772s] -- Looking for gz-msgs10 -- found version 10.3.2
[1.773s] -- Searching for dependencies of gz-msgs10
[1.819s] -- Looking for gz-utils2 -- found version 2.2.1
[1.819s] -- Looking for gz-math7 -- found version 7.5.2
[1.836s] -- Looking for gz-rendering8 -- found version 8.2.2
[1.836s] -- Searching for dependencies of gz-rendering8
[1.837s] -- Looking for gz-math7 -- found version 7.5.2
[1.837s] -- Searching for dependencies of gz-math7
[1.838s] -- Looking for gz-utils2 -- found version 2.2.1
[1.838s] -- Searching for <gz-math7> component [eigen3]
[1.845s] -- Looking for gz-math7-eigen3 -- found version 7.5.2
[1.845s] -- Searching for dependencies of gz-math7-eigen3
[1.867s] -- Looking for gz-common5 -- found version 5.7.1
[1.867s] -- Searching for dependencies of gz-common5
[1.868s] -- Looking for gz-utils2 -- found version 2.2.1
[1.868s] -- Looking for dlfcn.h - found
[1.868s] -- Looking for libdl - found
[1.880s] -- Searching for <gz-common5> component [graphics]
[1.886s] -- Looking for gz-common5-graphics -- found version 5.7.1
[1.886s] -- Searching for dependencies of gz-common5-graphics
[1.887s] -- Looking for gz-math7 -- found version 7.5.2
[1.906s] -- Found GzAssimp: TRUE (found version "5.3.0") 
[1.906s] -- Searching for <gz-common5> component [events]
[1.913s] -- Looking for gz-common5-events -- found version 5.7.1
[1.913s] -- Searching for dependencies of gz-common5-events
[1.913s] -- Looking for gz-math7 -- found version 7.5.2
[1.916s] -- Searching for <gz-common5> component [geospatial]
[1.922s] -- Looking for gz-common5-geospatial -- found version 5.7.1
[1.922s] -- Searching for dependencies of gz-common5-geospatial
[1.923s] -- Looking for gz-math7 -- found version 7.5.2
[1.923s] -- Looking for gz-common5 -- found version 5.7.1
[1.925s] -- Looking for gz-plugin2 -- found version 2.0.4
[1.925s] -- Searching for dependencies of gz-plugin2
[1.926s] -- Looking for gz-utils2 -- found version 2.2.1
[1.926s] -- Searching for <gz-plugin2> component [all]
[1.931s] -- Looking for all libraries of gz-plugin2 -- found version 2.0.4
[1.932s] -- Looking for gz-plugin2 -- found version 2.0.4
[1.933s] -- Looking for gz-utils2 -- found version 2.2.1
[1.957s] -- Found OpenGL: /usr/lib/x86_64-linux-gnu/libOpenGL.so  found components: OpenGL 
[1.960s] -- Looking for gz-msgs10 -- found version 10.3.2
[2.030s] -- Found ament_lint_auto: 0.17.2 (/opt/ros/jazzy/share/ament_lint_auto/cmake)
[2.226s] -- Added test 'cppcheck' to perform static code analysis on C / C++ code
[2.226s] -- Configured cppcheck include dirs: 
[2.226s] -- Configured cppcheck exclude dirs and/or files: 
[2.228s] -- Added test 'cpplint' to check C / C++ code against the Google style
[2.228s] -- Configured cpplint exclude dirs and/or files: 
[2.230s] -- Added test 'lint_cmake' to check CMake code style
[2.232s] -- Added test 'xmllint' to check XML markup files
[2.235s] -- Configuring done (2.2s)
[2.257s] -- Generating done (0.0s)
[2.265s] -- Build files have been written to: /home/tahaos/Code/Projects/rpwr-assignments/internship/ws/ros/build/irobot_create_gz_plugins
[2.279s] Invoked command in '/home/tahaos/Code/Projects/rpwr-assignments/internship/ws/ros/build/irobot_create_gz_plugins' returned '0': CMAKE_PREFIX_PATH=${CMAKE_PREFIX_PATH}:/opt/ros/jazzy PS1=(.rpwr_venv) \[\e]0;\u@\h: \w\a\]${debian_chroot:+($debian_chroot)}\[\033[01;32m\]\u@\h\[\033[00m\]:\[\033[01;34m\]\w\[\033[00m\]\$ VIRTUAL_ENV_PROMPT=(.rpwr_venv) /usr/bin/cmake /home/tahaos/Code/Projects/rpwr-assignments/internship/ws/ros/src/create3_sim/irobot_create_gz/irobot_create_gz_plugins -DCMAKE_INSTALL_PREFIX=/home/tahaos/Code/Projects/rpwr-assignments/internship/ws/ros/install/irobot_create_gz_plugins
[2.280s] Invoking command in '/home/tahaos/Code/Projects/rpwr-assignments/internship/ws/ros/build/irobot_create_gz_plugins': CMAKE_PREFIX_PATH=${CMAKE_PREFIX_PATH}:/opt/ros/jazzy PS1=(.rpwr_venv) \[\e]0;\u@\h: \w\a\]${debian_chroot:+($debian_chroot)}\[\033[01;32m\]\u@\h\[\033[00m\]:\[\033[01;34m\]\w\[\033[00m\]\$ VIRTUAL_ENV_PROMPT=(.rpwr_venv) /usr/bin/cmake --build /home/tahaos/Code/Projects/rpwr-assignments/internship/ws/ros/build/irobot_create_gz_plugins -- -j12 -l12
[2.347s] [  0%] Built target Create3Hmi_autogen_timestamp_deps
[2.374s] [ 14%] [34m[1mAutomatic MOC for target Create3Hmi[0m
[2.926s] [ 14%] Built target Create3Hmi_autogen
[2.941s] [ 28%] [34m[1mGenerating qrc_Create3Hmi.cpp[0m
[2.986s] [ 57%] [32mBuilding CXX object Create3Hmi/CMakeFiles/Create3Hmi.dir/Create3Hmi.cc.o[0m
[2.986s] [ 57%] [32mBuilding CXX object Create3Hmi/CMakeFiles/Create3Hmi.dir/Create3Hmi_autogen/mocs_compilation.cpp.o[0m
[2.989s] [ 71%] [32mBuilding CXX object Create3Hmi/CMakeFiles/Create3Hmi.dir/qrc_Create3Hmi.cpp.o[0m
[10.454s] [ 85%] [32m[1mLinking CXX shared library libCreate3Hmi.so[0m
[11.037s] [100%] Built target Create3Hmi
[11.105s] Invoked command in '/home/tahaos/Code/Projects/rpwr-assignments/internship/ws/ros/build/irobot_create_gz_plugins' returned '0': CMAKE_PREFIX_PATH=${CMAKE_PREFIX_PATH}:/opt/ros/jazzy PS1=(.rpwr_venv) \[\e]0;\u@\h: \w\a\]${debian_chroot:+($debian_chroot)}\[\033[01;32m\]\u@\h\[\033[00m\]:\[\033[01;34m\]\w\[\033[00m\]\$ VIRTUAL_ENV_PROMPT=(.rpwr_venv) /usr/bin/cmake --build /home/tahaos/Code/Projects/rpwr-assignments/internship/ws/ros/build/irobot_create_gz_plugins -- -j12 -l12
[11.105s] Invoking command in '/home/tahaos/Code/Projects/rpwr-assignments/internship/ws/ros/build/irobot_create_gz_plugins': CMAKE_PREFIX_PATH=${CMAKE_PREFIX_PATH}:/opt/ros/jazzy PS1=(.rpwr_venv) \[\e]0;\u@\h: \w\a\]${debian_chroot:+($debian_chroot)}\[\033[01;32m\]\u@\h\[\033[00m\]:\[\033[01;34m\]\w\[\033[00m\]\$ VIRTUAL_ENV_PROMPT=(.rpwr_venv) /usr/bin/cmake --install /home/tahaos/Code/Projects/rpwr-assignments/internship/ws/ros/build/irobot_create_gz_plugins
[11.139s] -- Install configuration: ""
[11.140s] -- Installing: /home/tahaos/Code/Projects/rpwr-assignments/internship/ws/ros/install/irobot_create_gz_plugins/share/ament_index/resource_index/package_run_dependencies/irobot_create_gz_plugins
[11.141s] -- Installing: /home/tahaos/Code/Projects/rpwr-assignments/internship/ws/ros/install/irobot_create_gz_plugins/share/ament_index/resource_index/parent_prefix_path/irobot_create_gz_plugins
[11.141s] -- Installing: /home/tahaos/Code/Projects/rpwr-assignments/internship/ws/ros/install/irobot_create_gz_plugins/share/irobot_create_gz_plugins/environment/ament_prefix_path.sh
[11.141s] -- Installing: /home/tahaos/Code/Projects/rpwr-assignments/internship/ws/ros/install/irobot_create_gz_plugins/share/irobot_create_gz_plugins/environment/ament_prefix_path.dsv
[11.141s] -- Installing: /home/tahaos/Code/Projects/rpwr-assignments/internship/ws/ros/install/irobot_create_gz_plugins/share/irobot_create_gz_plugins/environment/path.sh
[11.142s] -- Installing: /home/tahaos/Code/Projects/rpwr-assignments/internship/ws/ros/install/irobot_create_gz_plugins/share/irobot_create_gz_plugins/environment/path.dsv
[11.142s] -- Installing: /home/tahaos/Code/Projects/rpwr-assignments/internship/ws/ros/install/irobot_create_gz_plugins/share/irobot_create_gz_plugins/local_setup.bash
[11.148s] -- Installing: /home/tahaos/Code/Projects/rpwr-assignments/internship/ws/ros/install/irobot_create_gz_plugins/share/irobot_create_gz_plugins/local_setup.sh
[11.148s] -- Installing: /home/tahaos/Code/Projects/rpwr-assignments/internship/ws/ros/install/irobot_create_gz_plugins/share/irobot_create_gz_plugins/local_setup.zsh
[11.148s] -- Installing: /home/tahaos/Code/Projects/rpwr-assignments/internship/ws/ros/install/irobot_create_gz_plugins/share/irobot_create_gz_plugins/local_setup.dsv
[11.148s] -- Installing: /home/tahaos/Code/Projects/rpwr-assignments/internship/ws/ros/install/irobot_create_gz_plugins/share/irobot_create_gz_plugins/package.dsv
[11.149s] -- Installing: /home/tahaos/Code/Projects/rpwr-assignments/internship/ws/ros/install/irobot_create_gz_plugins/share/ament_index/resource_index/packages/irobot_create_gz_plugins
[11.149s] -- Installing: /home/tahaos/Code/Projects/rpwr-assignments/internship/ws/ros/install/irobot_create_gz_plugins/share/irobot_create_gz_plugins/cmake/irobot_create_gz_pluginsConfig.cmake
[11.149s] -- Installing: /home/tahaos/Code/Projects/rpwr-assignments/internship/ws/ros/install/irobot_create_gz_plugins/share/irobot_create_gz_plugins/cmake/irobot_create_gz_pluginsConfig-version.cmake
[11.149s] -- Installing: /home/tahaos/Code/Projects/rpwr-assignments/internship/ws/ros/install/irobot_create_gz_plugins/share/irobot_create_gz_plugins/package.xml
[11.149s] -- Installing: /home/tahaos/Code/Projects/rpwr-assignments/internship/ws/ros/install/irobot_create_gz_plugins/share/irobot_create_gz_plugins/lib/libCreate3Hmi.so
[11.149s] -- Set non-toolchain portion of runtime path of "/home/tahaos/Code/Projects/rpwr-assignments/internship/ws/ros/install/irobot_create_gz_plugins/share/irobot_create_gz_plugins/lib/libCreate3Hmi.so" to ""
[11.171s] Invoked command in '/home/tahaos/Code/Projects/rpwr-assignments/internship/ws/ros/build/irobot_create_gz_plugins' returned '0': CMAKE_PREFIX_PATH=${CMAKE_PREFIX_PATH}:/opt/ros/jazzy PS1=(.rpwr_venv) \[\e]0;\u@\h: \w\a\]${debian_chroot:+($debian_chroot)}\[\033[01;32m\]\u@\h\[\033[00m\]:\[\033[01;34m\]\w\[\033[00m\]\$ VIRTUAL_ENV_PROMPT=(.rpwr_venv) /usr/bin/cmake --install /home/tahaos/Code/Projects/rpwr-assignments/internship/ws/ros/build/irobot_create_gz_plugins
