[0.054s] Invoking command in '/home/tahaos/Code/Projects/rpwr-assignments/internship/ws/ros/build/turtlebot4_gz_toolbox': AMENT_PREFIX_PATH=/home/tahaos/Code/Projects/rpwr-assignments/internship/ws/ros/install/turtlebot4_msgs:${AMENT_PREFIX_PATH} CMAKE_PREFIX_PATH=/home/tahaos/Code/Projects/rpwr-assignments/internship/ws/ros/install/turtlebot4_msgs:/opt/ros/jazzy/opt/gz_sim_vendor:/opt/ros/jazzy/opt/gz_sensors_vendor:/opt/ros/jazzy/opt/gz_physics_vendor:/opt/ros/jazzy/opt/sdformat_vendor:/opt/ros/jazzy/opt/gz_gui_vendor:/opt/ros/jazzy/opt/gz_transport_vendor:/opt/ros/jazzy/opt/gz_rendering_vendor:/opt/ros/jazzy/opt/gz_plugin_vendor:/opt/ros/jazzy/opt/gz_fuel_tools_vendor:/opt/ros/jazzy/opt/gz_msgs_vendor:/opt/ros/jazzy/opt/gz_common_vendor:/opt/ros/jazzy/opt/gz_math_vendor:/opt/ros/jazzy/opt/gz_utils_vendor:/opt/ros/jazzy/opt/gz_tools_vendor:/opt/ros/jazzy/opt/gz_ogre_next_vendor:/opt/ros/jazzy/opt/gz_dartsim_vendor:/opt/ros/jazzy/opt/gz_cmake_vendor:/opt/ros/jazzy LD_LIBRARY_PATH=/home/tahaos/Code/Projects/rpwr-assignments/internship/ws/ros/install/turtlebot4_msgs/lib:${LD_LIBRARY_PATH} PS1=(.rpwr_venv) \[\e]0;\u@\h: \w\a\]${debian_chroot:+($debian_chroot)}\[\033[01;32m\]\u@\h\[\033[00m\]:\[\033[01;34m\]\w\[\033[00m\]\$ PYTHONPATH=/home/tahaos/Code/Projects/rpwr-assignments/internship/ws/ros/install/turtlebot4_msgs/lib/python3.12/site-packages:${PYTHONPATH} VIRTUAL_ENV_PROMPT=(.rpwr_venv) /usr/bin/cmake /home/tahaos/Code/Projects/rpwr-assignments/internship/ws/ros/src/turtlebot4_simulator/turtlebot4_gz_toolbox -DCMAKE_INSTALL_PREFIX=/home/tahaos/Code/Projects/rpwr-assignments/internship/ws/ros/install/turtlebot4_gz_toolbox
[0.322s] -- The C compiler identification is GNU 13.3.0
[0.507s] -- The CXX compiler identification is GNU 13.3.0
[0.579s] -- Detecting C compiler ABI info
[1.017s] -- Detecting C compiler ABI info - done
[1.069s] -- Check for working C compiler: /usr/bin/cc - skipped
[1.069s] -- Detecting C compile features
[1.070s] -- Detecting C compile features - done
[1.098s] -- Detecting CXX compiler ABI info
[1.553s] -- Detecting CXX compiler ABI info - done
[1.601s] -- Check for working CXX compiler: /usr/bin/c++ - skipped
[1.601s] -- Detecting CXX compile features
[1.601s] -- Detecting CXX compile features - done
[1.642s] -- Found ament_cmake: 2.5.4 (/opt/ros/jazzy/share/ament_cmake/cmake)
[2.224s] -- Found Python3: /home/tahaos/Code/Projects/rpwr-assignments/.rpwr_venv/bin/python3 (found version "3.12.3") found components: Interpreter 
[3.301s] -- Found rclcpp: 28.1.9 (/opt/ros/jazzy/share/rclcpp/cmake)
[3.931s] -- Found rosidl_generator_c: 4.6.5 (/opt/ros/jazzy/share/rosidl_generator_c/cmake)
[4.173s] -- Found rosidl_generator_cpp: 4.6.5 (/opt/ros/jazzy/share/rosidl_generator_cpp/cmake)
[4.356s] -- Using all available rosidl_typesupport_c: rosidl_typesupport_fastrtps_c;rosidl_typesupport_introspection_c
[4.542s] -- Using all available rosidl_typesupport_cpp: rosidl_typesupport_fastrtps_cpp;rosidl_typesupport_introspection_cpp
[5.678s] -- Found rmw_implementation_cmake: 7.3.2 (/opt/ros/jazzy/share/rmw_implementation_cmake/cmake)
[5.724s] -- Found rmw_fastrtps_cpp: 8.4.2 (/opt/ros/jazzy/share/rmw_fastrtps_cpp/cmake)
[6.229s] -- Found OpenSSL: /usr/lib/x86_64-linux-gnu/libcrypto.so (found version "3.0.13")  
[6.337s] -- Found FastRTPS: /opt/ros/jazzy/include (Required is at least version "2.13") 
[6.486s] -- Using RMW implementation 'rmw_fastrtps_cpp' as default
[7.127s] -- Found rclcpp_action: 28.1.9 (/opt/ros/jazzy/share/rclcpp_action/cmake)
[7.495s] -- Found std_msgs: 5.3.6 (/opt/ros/jazzy/share/std_msgs/cmake)
[7.668s] -- Found sensor_msgs: 5.3.6 (/opt/ros/jazzy/share/sensor_msgs/cmake)
[7.927s] -- Found turtlebot4_msgs: 2.0.1 (/home/tahaos/Code/Projects/rpwr-assignments/internship/ws/ros/install/turtlebot4_msgs/share/turtlebot4_msgs/cmake)
[8.028s] -- Found ament_lint_auto: 0.17.2 (/opt/ros/jazzy/share/ament_lint_auto/cmake)
[8.758s] -- Added test 'cppcheck' to perform static code analysis on C / C++ code
[8.758s] -- Configured cppcheck include dirs: /home/tahaos/Code/Projects/rpwr-assignments/internship/ws/ros/src/turtlebot4_simulator/turtlebot4_gz_toolbox/include
[8.759s] -- Configured cppcheck exclude dirs and/or files: 
[8.768s] -- Added test 'cpplint' to check C / C++ code against the Google style
[8.768s] -- Configured cpplint exclude dirs and/or files: 
[8.782s] -- Added test 'lint_cmake' to check CMake code style
[8.796s] -- Added test 'uncrustify' to check C / C++ code style
[8.797s] -- Configured uncrustify additional arguments: 
[8.807s] -- Added test 'xmllint' to check XML markup files
[8.837s] -- Configuring done (8.7s)
[9.022s] -- Generating done (0.1s)
[9.058s] -- Build files have been written to: /home/tahaos/Code/Projects/rpwr-assignments/internship/ws/ros/build/turtlebot4_gz_toolbox
[9.105s] Invoked command in '/home/tahaos/Code/Projects/rpwr-assignments/internship/ws/ros/build/turtlebot4_gz_toolbox' returned '0': AMENT_PREFIX_PATH=/home/tahaos/Code/Projects/rpwr-assignments/internship/ws/ros/install/turtlebot4_msgs:${AMENT_PREFIX_PATH} CMAKE_PREFIX_PATH=/home/tahaos/Code/Projects/rpwr-assignments/internship/ws/ros/install/turtlebot4_msgs:/opt/ros/jazzy/opt/gz_sim_vendor:/opt/ros/jazzy/opt/gz_sensors_vendor:/opt/ros/jazzy/opt/gz_physics_vendor:/opt/ros/jazzy/opt/sdformat_vendor:/opt/ros/jazzy/opt/gz_gui_vendor:/opt/ros/jazzy/opt/gz_transport_vendor:/opt/ros/jazzy/opt/gz_rendering_vendor:/opt/ros/jazzy/opt/gz_plugin_vendor:/opt/ros/jazzy/opt/gz_fuel_tools_vendor:/opt/ros/jazzy/opt/gz_msgs_vendor:/opt/ros/jazzy/opt/gz_common_vendor:/opt/ros/jazzy/opt/gz_math_vendor:/opt/ros/jazzy/opt/gz_utils_vendor:/opt/ros/jazzy/opt/gz_tools_vendor:/opt/ros/jazzy/opt/gz_ogre_next_vendor:/opt/ros/jazzy/opt/gz_dartsim_vendor:/opt/ros/jazzy/opt/gz_cmake_vendor:/opt/ros/jazzy LD_LIBRARY_PATH=/home/tahaos/Code/Projects/rpwr-assignments/internship/ws/ros/install/turtlebot4_msgs/lib:${LD_LIBRARY_PATH} PS1=(.rpwr_venv) \[\e]0;\u@\h: \w\a\]${debian_chroot:+($debian_chroot)}\[\033[01;32m\]\u@\h\[\033[00m\]:\[\033[01;34m\]\w\[\033[00m\]\$ PYTHONPATH=/home/tahaos/Code/Projects/rpwr-assignments/internship/ws/ros/install/turtlebot4_msgs/lib/python3.12/site-packages:${PYTHONPATH} VIRTUAL_ENV_PROMPT=(.rpwr_venv) /usr/bin/cmake /home/tahaos/Code/Projects/rpwr-assignments/internship/ws/ros/src/turtlebot4_simulator/turtlebot4_gz_toolbox -DCMAKE_INSTALL_PREFIX=/home/tahaos/Code/Projects/rpwr-assignments/internship/ws/ros/install/turtlebot4_gz_toolbox
[9.110s] Invoking command in '/home/tahaos/Code/Projects/rpwr-assignments/internship/ws/ros/build/turtlebot4_gz_toolbox': AMENT_PREFIX_PATH=/home/tahaos/Code/Projects/rpwr-assignments/internship/ws/ros/install/turtlebot4_msgs:${AMENT_PREFIX_PATH} CMAKE_PREFIX_PATH=/home/tahaos/Code/Projects/rpwr-assignments/internship/ws/ros/install/turtlebot4_msgs:/opt/ros/jazzy/opt/gz_sim_vendor:/opt/ros/jazzy/opt/gz_sensors_vendor:/opt/ros/jazzy/opt/gz_physics_vendor:/opt/ros/jazzy/opt/sdformat_vendor:/opt/ros/jazzy/opt/gz_gui_vendor:/opt/ros/jazzy/opt/gz_transport_vendor:/opt/ros/jazzy/opt/gz_rendering_vendor:/opt/ros/jazzy/opt/gz_plugin_vendor:/opt/ros/jazzy/opt/gz_fuel_tools_vendor:/opt/ros/jazzy/opt/gz_msgs_vendor:/opt/ros/jazzy/opt/gz_common_vendor:/opt/ros/jazzy/opt/gz_math_vendor:/opt/ros/jazzy/opt/gz_utils_vendor:/opt/ros/jazzy/opt/gz_tools_vendor:/opt/ros/jazzy/opt/gz_ogre_next_vendor:/opt/ros/jazzy/opt/gz_dartsim_vendor:/opt/ros/jazzy/opt/gz_cmake_vendor:/opt/ros/jazzy LD_LIBRARY_PATH=/home/tahaos/Code/Projects/rpwr-assignments/internship/ws/ros/install/turtlebot4_msgs/lib:${LD_LIBRARY_PATH} PS1=(.rpwr_venv) \[\e]0;\u@\h: \w\a\]${debian_chroot:+($debian_chroot)}\[\033[01;32m\]\u@\h\[\033[00m\]:\[\033[01;34m\]\w\[\033[00m\]\$ PYTHONPATH=/home/tahaos/Code/Projects/rpwr-assignments/internship/ws/ros/install/turtlebot4_msgs/lib/python3.12/site-packages:${PYTHONPATH} VIRTUAL_ENV_PROMPT=(.rpwr_venv) /usr/bin/cmake --build /home/tahaos/Code/Projects/rpwr-assignments/internship/ws/ros/build/turtlebot4_gz_toolbox -- -j12 -l12
[9.353s] [ 20%] [32mBuilding CXX object CMakeFiles/turtlebot4_gz_toolbox_lib.dir/src/hmi_main.cpp.o[0m
[18.946s] [ 40%] [32mBuilding CXX object CMakeFiles/turtlebot4_gz_toolbox_lib.dir/src/hmi_node.cpp.o[0m
[37.226s] [ 60%] [32m[1mLinking CXX static library libturtlebot4_gz_toolbox_lib.a[0m
[37.492s] [ 60%] Built target turtlebot4_gz_toolbox_lib
[37.521s] [ 80%] [32mBuilding CXX object CMakeFiles/turtlebot4_gz_hmi_node.dir/src/hmi_main.cpp.o[0m
[41.328s] [100%] [32m[1mLinking CXX executable turtlebot4_gz_hmi_node[0m
[41.916s] [100%] Built target turtlebot4_gz_hmi_node
[41.935s] Invoked command in '/home/tahaos/Code/Projects/rpwr-assignments/internship/ws/ros/build/turtlebot4_gz_toolbox' returned '0': AMENT_PREFIX_PATH=/home/tahaos/Code/Projects/rpwr-assignments/internship/ws/ros/install/turtlebot4_msgs:${AMENT_PREFIX_PATH} CMAKE_PREFIX_PATH=/home/tahaos/Code/Projects/rpwr-assignments/internship/ws/ros/install/turtlebot4_msgs:/opt/ros/jazzy/opt/gz_sim_vendor:/opt/ros/jazzy/opt/gz_sensors_vendor:/opt/ros/jazzy/opt/gz_physics_vendor:/opt/ros/jazzy/opt/sdformat_vendor:/opt/ros/jazzy/opt/gz_gui_vendor:/opt/ros/jazzy/opt/gz_transport_vendor:/opt/ros/jazzy/opt/gz_rendering_vendor:/opt/ros/jazzy/opt/gz_plugin_vendor:/opt/ros/jazzy/opt/gz_fuel_tools_vendor:/opt/ros/jazzy/opt/gz_msgs_vendor:/opt/ros/jazzy/opt/gz_common_vendor:/opt/ros/jazzy/opt/gz_math_vendor:/opt/ros/jazzy/opt/gz_utils_vendor:/opt/ros/jazzy/opt/gz_tools_vendor:/opt/ros/jazzy/opt/gz_ogre_next_vendor:/opt/ros/jazzy/opt/gz_dartsim_vendor:/opt/ros/jazzy/opt/gz_cmake_vendor:/opt/ros/jazzy LD_LIBRARY_PATH=/home/tahaos/Code/Projects/rpwr-assignments/internship/ws/ros/install/turtlebot4_msgs/lib:${LD_LIBRARY_PATH} PS1=(.rpwr_venv) \[\e]0;\u@\h: \w\a\]${debian_chroot:+($debian_chroot)}\[\033[01;32m\]\u@\h\[\033[00m\]:\[\033[01;34m\]\w\[\033[00m\]\$ PYTHONPATH=/home/tahaos/Code/Projects/rpwr-assignments/internship/ws/ros/install/turtlebot4_msgs/lib/python3.12/site-packages:${PYTHONPATH} VIRTUAL_ENV_PROMPT=(.rpwr_venv) /usr/bin/cmake --build /home/tahaos/Code/Projects/rpwr-assignments/internship/ws/ros/build/turtlebot4_gz_toolbox -- -j12 -l12
[41.938s] Invoking command in '/home/tahaos/Code/Projects/rpwr-assignments/internship/ws/ros/build/turtlebot4_gz_toolbox': AMENT_PREFIX_PATH=/home/tahaos/Code/Projects/rpwr-assignments/internship/ws/ros/install/turtlebot4_msgs:${AMENT_PREFIX_PATH} CMAKE_PREFIX_PATH=/home/tahaos/Code/Projects/rpwr-assignments/internship/ws/ros/install/turtlebot4_msgs:/opt/ros/jazzy/opt/gz_sim_vendor:/opt/ros/jazzy/opt/gz_sensors_vendor:/opt/ros/jazzy/opt/gz_physics_vendor:/opt/ros/jazzy/opt/sdformat_vendor:/opt/ros/jazzy/opt/gz_gui_vendor:/opt/ros/jazzy/opt/gz_transport_vendor:/opt/ros/jazzy/opt/gz_rendering_vendor:/opt/ros/jazzy/opt/gz_plugin_vendor:/opt/ros/jazzy/opt/gz_fuel_tools_vendor:/opt/ros/jazzy/opt/gz_msgs_vendor:/opt/ros/jazzy/opt/gz_common_vendor:/opt/ros/jazzy/opt/gz_math_vendor:/opt/ros/jazzy/opt/gz_utils_vendor:/opt/ros/jazzy/opt/gz_tools_vendor:/opt/ros/jazzy/opt/gz_ogre_next_vendor:/opt/ros/jazzy/opt/gz_dartsim_vendor:/opt/ros/jazzy/opt/gz_cmake_vendor:/opt/ros/jazzy LD_LIBRARY_PATH=/home/tahaos/Code/Projects/rpwr-assignments/internship/ws/ros/install/turtlebot4_msgs/lib:${LD_LIBRARY_PATH} PS1=(.rpwr_venv) \[\e]0;\u@\h: \w\a\]${debian_chroot:+($debian_chroot)}\[\033[01;32m\]\u@\h\[\033[00m\]:\[\033[01;34m\]\w\[\033[00m\]\$ PYTHONPATH=/home/tahaos/Code/Projects/rpwr-assignments/internship/ws/ros/install/turtlebot4_msgs/lib/python3.12/site-packages:${PYTHONPATH} VIRTUAL_ENV_PROMPT=(.rpwr_venv) /usr/bin/cmake --install /home/tahaos/Code/Projects/rpwr-assignments/internship/ws/ros/build/turtlebot4_gz_toolbox
[41.953s] -- Install configuration: ""
[41.953s] -- Installing: /home/tahaos/Code/Projects/rpwr-assignments/internship/ws/ros/install/turtlebot4_gz_toolbox/lib/turtlebot4_gz_toolbox/turtlebot4_gz_hmi_node
[41.960s] -- Set non-toolchain portion of runtime path of "/home/tahaos/Code/Projects/rpwr-assignments/internship/ws/ros/install/turtlebot4_gz_toolbox/lib/turtlebot4_gz_toolbox/turtlebot4_gz_hmi_node" to ""
[41.961s] -- Installing: /home/tahaos/Code/Projects/rpwr-assignments/internship/ws/ros/install/turtlebot4_gz_toolbox/share/ament_index/resource_index/package_run_dependencies/turtlebot4_gz_toolbox
[41.961s] -- Installing: /home/tahaos/Code/Projects/rpwr-assignments/internship/ws/ros/install/turtlebot4_gz_toolbox/share/ament_index/resource_index/parent_prefix_path/turtlebot4_gz_toolbox
[41.962s] -- Installing: /home/tahaos/Code/Projects/rpwr-assignments/internship/ws/ros/install/turtlebot4_gz_toolbox/share/turtlebot4_gz_toolbox/environment/ament_prefix_path.sh
[41.963s] -- Installing: /home/tahaos/Code/Projects/rpwr-assignments/internship/ws/ros/install/turtlebot4_gz_toolbox/share/turtlebot4_gz_toolbox/environment/ament_prefix_path.dsv
[41.963s] -- Installing: /home/tahaos/Code/Projects/rpwr-assignments/internship/ws/ros/install/turtlebot4_gz_toolbox/share/turtlebot4_gz_toolbox/environment/path.sh
[41.963s] -- Installing: /home/tahaos/Code/Projects/rpwr-assignments/internship/ws/ros/install/turtlebot4_gz_toolbox/share/turtlebot4_gz_toolbox/environment/path.dsv
[41.964s] -- Installing: /home/tahaos/Code/Projects/rpwr-assignments/internship/ws/ros/install/turtlebot4_gz_toolbox/share/turtlebot4_gz_toolbox/local_setup.bash
[41.964s] -- Installing: /home/tahaos/Code/Projects/rpwr-assignments/internship/ws/ros/install/turtlebot4_gz_toolbox/share/turtlebot4_gz_toolbox/local_setup.sh
[41.964s] -- Installing: /home/tahaos/Code/Projects/rpwr-assignments/internship/ws/ros/install/turtlebot4_gz_toolbox/share/turtlebot4_gz_toolbox/local_setup.zsh
[41.964s] -- Installing: /home/tahaos/Code/Projects/rpwr-assignments/internship/ws/ros/install/turtlebot4_gz_toolbox/share/turtlebot4_gz_toolbox/local_setup.dsv
[41.964s] -- Installing: /home/tahaos/Code/Projects/rpwr-assignments/internship/ws/ros/install/turtlebot4_gz_toolbox/share/turtlebot4_gz_toolbox/package.dsv
[41.965s] -- Installing: /home/tahaos/Code/Projects/rpwr-assignments/internship/ws/ros/install/turtlebot4_gz_toolbox/share/ament_index/resource_index/packages/turtlebot4_gz_toolbox
[41.965s] -- Installing: /home/tahaos/Code/Projects/rpwr-assignments/internship/ws/ros/install/turtlebot4_gz_toolbox/share/turtlebot4_gz_toolbox/cmake/ament_cmake_export_include_directories-extras.cmake
[41.965s] -- Installing: /home/tahaos/Code/Projects/rpwr-assignments/internship/ws/ros/install/turtlebot4_gz_toolbox/share/turtlebot4_gz_toolbox/cmake/turtlebot4_gz_toolboxConfig.cmake
[41.966s] -- Installing: /home/tahaos/Code/Projects/rpwr-assignments/internship/ws/ros/install/turtlebot4_gz_toolbox/share/turtlebot4_gz_toolbox/cmake/turtlebot4_gz_toolboxConfig-version.cmake
[41.966s] -- Installing: /home/tahaos/Code/Projects/rpwr-assignments/internship/ws/ros/install/turtlebot4_gz_toolbox/share/turtlebot4_gz_toolbox/package.xml
[41.969s] Invoked command in '/home/tahaos/Code/Projects/rpwr-assignments/internship/ws/ros/build/turtlebot4_gz_toolbox' returned '0': AMENT_PREFIX_PATH=/home/tahaos/Code/Projects/rpwr-assignments/internship/ws/ros/install/turtlebot4_msgs:${AMENT_PREFIX_PATH} CMAKE_PREFIX_PATH=/home/tahaos/Code/Projects/rpwr-assignments/internship/ws/ros/install/turtlebot4_msgs:/opt/ros/jazzy/opt/gz_sim_vendor:/opt/ros/jazzy/opt/gz_sensors_vendor:/opt/ros/jazzy/opt/gz_physics_vendor:/opt/ros/jazzy/opt/sdformat_vendor:/opt/ros/jazzy/opt/gz_gui_vendor:/opt/ros/jazzy/opt/gz_transport_vendor:/opt/ros/jazzy/opt/gz_rendering_vendor:/opt/ros/jazzy/opt/gz_plugin_vendor:/opt/ros/jazzy/opt/gz_fuel_tools_vendor:/opt/ros/jazzy/opt/gz_msgs_vendor:/opt/ros/jazzy/opt/gz_common_vendor:/opt/ros/jazzy/opt/gz_math_vendor:/opt/ros/jazzy/opt/gz_utils_vendor:/opt/ros/jazzy/opt/gz_tools_vendor:/opt/ros/jazzy/opt/gz_ogre_next_vendor:/opt/ros/jazzy/opt/gz_dartsim_vendor:/opt/ros/jazzy/opt/gz_cmake_vendor:/opt/ros/jazzy LD_LIBRARY_PATH=/home/tahaos/Code/Projects/rpwr-assignments/internship/ws/ros/install/turtlebot4_msgs/lib:${LD_LIBRARY_PATH} PS1=(.rpwr_venv) \[\e]0;\u@\h: \w\a\]${debian_chroot:+($debian_chroot)}\[\033[01;32m\]\u@\h\[\033[00m\]:\[\033[01;34m\]\w\[\033[00m\]\$ PYTHONPATH=/home/tahaos/Code/Projects/rpwr-assignments/internship/ws/ros/install/turtlebot4_msgs/lib/python3.12/site-packages:${PYTHONPATH} VIRTUAL_ENV_PROMPT=(.rpwr_venv) /usr/bin/cmake --install /home/tahaos/Code/Projects/rpwr-assignments/internship/ws/ros/build/turtlebot4_gz_toolbox
