[0.047s] Invoking command in '/home/tahaos/Code/Projects/rpwr-assignments/04_navigation/ws/ros/build/turtlebot4_gz_gui_plugins': CMAKE_PREFIX_PATH=${CMAKE_PREFIX_PATH}:/opt/ros/jazzy VIRTUAL_ENV_PROMPT=(.rpwr_venv) /usr/bin/cmake /home/tahaos/Code/Projects/rpwr-assignments/04_navigation/ws/ros/src/turtlebot4_simulator/turtlebot4_gz_gui_plugins -DCMAKE_INSTALL_PREFIX=/home/tahaos/Code/Projects/rpwr-assignments/04_navigation/ws/ros/install/turtlebot4_gz_gui_plugins
[0.075s] -- Found ament_cmake: 2.5.4 (/opt/ros/jazzy/share/ament_cmake/cmake)
[0.314s] -- Found gz_gui_vendor: 0.0.5 (/opt/ros/jazzy/share/gz_gui_vendor/cmake)
[0.329s] -- Looking for gz-gui8 -- found version 8.4.0
[0.335s] -- Searching for dependencies of gz-gui8
[0.374s] -- Checking for module 'tinyxml2'
[0.393s] --   Found tinyxml2, version 10.0.0
[0.428s] -- Looking for gz-utils2 -- found version 2.2.1
[0.428s] -- Searching for dependencies of gz-utils2
[0.430s] -- Looking for gz-math7 -- found version 7.5.2
[0.430s] -- Searching for dependencies of gz-math7
[0.430s] -- Looking for gz-utils2 -- found version 2.2.1
[0.432s] -- Looking for gz-common5 -- found version 5.7.1
[0.432s] -- Searching for dependencies of gz-common5
[0.433s] -- Looking for gz-utils2 -- found version 2.2.1
[0.433s] -- Looking for dlfcn.h - found
[0.433s] -- Looking for libdl - found
[0.442s] -- Checking for module 'uuid'
[0.462s] --   Found uuid, version 2.39.3
[0.506s] -- Searching for <gz-common5> component [profiler]
[0.506s] -- Looking for gz-common5-profiler -- found version 5.7.1
[0.507s] -- Searching for dependencies of gz-common5-profiler
[0.509s] -- Looking for gz-plugin2 -- found version 2.0.4
[0.509s] -- Searching for dependencies of gz-plugin2
[0.510s] -- Looking for gz-utils2 -- found version 2.2.1
[0.510s] -- Searching for dependencies of gz-utils2
[0.510s] -- Searching for <gz-utils2> component [cli]
[0.511s] -- Looking for gz-utils2-cli -- found version 2.2.1
[0.512s] -- Searching for dependencies of gz-utils2-cli
[0.514s] -- Searching for <gz-plugin2> component [loader]
[0.515s] -- Looking for gz-plugin2-loader -- found version 2.0.4
[0.515s] -- Searching for dependencies of gz-plugin2-loader
[0.516s] -- Searching for <gz-plugin2> component [register]
[0.517s] -- Looking for gz-plugin2-register -- found version 2.0.4
[0.517s] -- Searching for dependencies of gz-plugin2-register
[0.520s] -- Looking for gz-transport13 -- found version 13.4.1
[0.520s] -- Searching for dependencies of gz-transport13
[0.607s] -- Config-file not installed for ZeroMQ -- checking for pkg-config
[0.613s] -- Checking for module 'libzmq >= 4'
[0.634s] --   Found libzmq, version 4.3.5
[0.695s] -- Looking for gz-utils2 -- found version 2.2.1
[0.695s] -- Looking for gz-msgs10 -- found version 10.3.2
[0.696s] -- Searching for dependencies of gz-msgs10
[0.735s] -- Looking for gz-utils2 -- found version 2.2.1
[0.735s] -- Looking for gz-math7 -- found version 7.5.2
[0.743s] -- Looking for gz-rendering8 -- found version 8.2.2
[0.743s] -- Searching for dependencies of gz-rendering8
[0.744s] -- Looking for gz-math7 -- found version 7.5.2
[0.744s] -- Searching for dependencies of gz-math7
[0.744s] -- Looking for gz-utils2 -- found version 2.2.1
[0.745s] -- Searching for <gz-math7> component [eigen3]
[0.745s] -- Looking for gz-math7-eigen3 -- found version 7.5.2
[0.745s] -- Searching for dependencies of gz-math7-eigen3
[0.747s] -- Looking for gz-common5 -- found version 5.7.1
[0.747s] -- Searching for dependencies of gz-common5
[0.748s] -- Looking for gz-utils2 -- found version 2.2.1
[0.748s] -- Looking for dlfcn.h - found
[0.748s] -- Looking for libdl - found
[0.756s] -- Searching for <gz-common5> component [graphics]
[0.757s] -- Looking for gz-common5-graphics -- found version 5.7.1
[0.757s] -- Searching for dependencies of gz-common5-graphics
[0.757s] -- Looking for gz-math7 -- found version 7.5.2
[0.760s] -- Searching for <gz-common5> component [events]
[0.761s] -- Looking for gz-common5-events -- found version 5.7.1
[0.761s] -- Searching for dependencies of gz-common5-events
[0.761s] -- Looking for gz-math7 -- found version 7.5.2
[0.762s] -- Searching for <gz-common5> component [geospatial]
[0.762s] -- Looking for gz-common5-geospatial -- found version 5.7.1
[0.763s] -- Searching for dependencies of gz-common5-geospatial
[0.763s] -- Looking for gz-math7 -- found version 7.5.2
[0.763s] -- Looking for gz-common5 -- found version 5.7.1
[0.765s] -- Looking for gz-plugin2 -- found version 2.0.4
[0.765s] -- Searching for dependencies of gz-plugin2
[0.765s] -- Looking for gz-utils2 -- found version 2.2.1
[0.766s] -- Searching for <gz-plugin2> component [all]
[0.766s] -- Looking for all libraries of gz-plugin2 -- found version 2.0.4
[0.767s] -- Looking for gz-plugin2 -- found version 2.0.4
[0.768s] -- Looking for gz-utils2 -- found version 2.2.1
[0.771s] -- Looking for gz-msgs10 -- found version 10.3.2
[0.798s] -- Found ament_lint_auto: 0.17.2 (/opt/ros/jazzy/share/ament_lint_auto/cmake)
[1.014s] -- Looking for gz-gui8 -- found version 8.4.0
[1.017s] -- Looking for gz-common5 -- found version 5.7.1
[1.022s] -- Added test 'cppcheck' to perform static code analysis on C / C++ code
[1.022s] -- Configured cppcheck include dirs: 
[1.022s] -- Configured cppcheck exclude dirs and/or files: 
[1.024s] -- Added test 'cpplint' to check C / C++ code against the Google style
[1.024s] -- Configured cpplint exclude dirs and/or files: 
[1.025s] -- Added test 'lint_cmake' to check CMake code style
[1.027s] -- Added test 'xmllint' to check XML markup files
[1.030s] -- Configuring done (1.0s)
[1.049s] -- Generating done (0.0s)
[1.053s] -- Build files have been written to: /home/tahaos/Code/Projects/rpwr-assignments/04_navigation/ws/ros/build/turtlebot4_gz_gui_plugins
[1.063s] Invoked command in '/home/tahaos/Code/Projects/rpwr-assignments/04_navigation/ws/ros/build/turtlebot4_gz_gui_plugins' returned '0': CMAKE_PREFIX_PATH=${CMAKE_PREFIX_PATH}:/opt/ros/jazzy VIRTUAL_ENV_PROMPT=(.rpwr_venv) /usr/bin/cmake /home/tahaos/Code/Projects/rpwr-assignments/04_navigation/ws/ros/src/turtlebot4_simulator/turtlebot4_gz_gui_plugins -DCMAKE_INSTALL_PREFIX=/home/tahaos/Code/Projects/rpwr-assignments/04_navigation/ws/ros/install/turtlebot4_gz_gui_plugins
[1.064s] Invoking command in '/home/tahaos/Code/Projects/rpwr-assignments/04_navigation/ws/ros/build/turtlebot4_gz_gui_plugins': CMAKE_PREFIX_PATH=${CMAKE_PREFIX_PATH}:/opt/ros/jazzy VIRTUAL_ENV_PROMPT=(.rpwr_venv) /usr/bin/cmake --build /home/tahaos/Code/Projects/rpwr-assignments/04_navigation/ws/ros/build/turtlebot4_gz_gui_plugins -- -j12 -l12
[1.133s] [  0%] Built target Turtlebot4Hmi_autogen_timestamp_deps
[1.160s] [ 14%] [34m[1mAutomatic MOC for target Turtlebot4Hmi[0m
[2.868s] [ 14%] Built target Turtlebot4Hmi_autogen
[2.880s] [ 28%] [34m[1mGenerating qrc_Turtlebot4Hmi.cpp[0m
[2.923s] [ 71%] [32mBuilding CXX object Turtlebot4Hmi/CMakeFiles/Turtlebot4Hmi.dir/Turtlebot4Hmi_autogen/mocs_compilation.cpp.o[0m
[2.923s] [ 71%] [32mBuilding CXX object Turtlebot4Hmi/CMakeFiles/Turtlebot4Hmi.dir/Turtlebot4Hmi.cc.o[0m
[2.923s] [ 71%] [32mBuilding CXX object Turtlebot4Hmi/CMakeFiles/Turtlebot4Hmi.dir/qrc_Turtlebot4Hmi.cpp.o[0m
[9.329s] [ 85%] [32m[1mLinking CXX shared library libTurtlebot4Hmi.so[0m
[9.593s] [100%] Built target Turtlebot4Hmi
