[0.028s] Invoking command in '/home/tahaos/Code/Projects/rpwr-assignments/04_navigation/ws/ros/build/irobot_create_gz_plugins': CMAKE_PREFIX_PATH=${CMAKE_PREFIX_PATH}:/opt/ros/jazzy VIRTUAL_ENV_PROMPT=(.rpwr_venv) /usr/bin/cmake /home/tahaos/Code/Projects/rpwr-assignments/04_navigation/ws/ros/src/create3_sim/irobot_create_gz/irobot_create_gz_plugins -DCMAKE_INSTALL_PREFIX=/home/tahaos/Code/Projects/rpwr-assignments/04_navigation/ws/ros/install/irobot_create_gz_plugins
[0.050s] -- Found ament_cmake: 2.5.4 (/opt/ros/jazzy/share/ament_cmake/cmake)
[0.271s] -- Found gz_gui_vendor: 0.0.5 (/opt/ros/jazzy/share/gz_gui_vendor/cmake)
[0.282s] -- Looking for gz-gui8 -- found version 8.4.0
[0.288s] -- Searching for dependencies of gz-gui8
[0.333s] -- Checking for module 'tinyxml2'
[0.348s] --   Found tinyxml2, version 10.0.0
[0.384s] -- Looking for gz-utils2 -- found version 2.2.1
[0.384s] -- Searching for dependencies of gz-utils2
[0.386s] -- Looking for gz-math7 -- found version 7.5.2
[0.386s] -- Searching for dependencies of gz-math7
[0.386s] -- Looking for gz-utils2 -- found version 2.2.1
[0.387s] -- Looking for gz-common5 -- found version 5.7.1
[0.388s] -- Searching for dependencies of gz-common5
[0.388s] -- Looking for gz-utils2 -- found version 2.2.1
[0.388s] -- Looking for dlfcn.h - found
[0.388s] -- Looking for libdl - found
[0.397s] -- Checking for module 'uuid'
[0.418s] --   Found uuid, version 2.39.3
[0.453s] -- Searching for <gz-common5> component [profiler]
[0.453s] -- Looking for gz-common5-profiler -- found version 5.7.1
[0.454s] -- Searching for dependencies of gz-common5-profiler
[0.455s] -- Looking for gz-plugin2 -- found version 2.0.4
[0.455s] -- Searching for dependencies of gz-plugin2
[0.455s] -- Looking for gz-utils2 -- found version 2.2.1
[0.455s] -- Searching for dependencies of gz-utils2
[0.455s] -- Searching for <gz-utils2> component [cli]
[0.456s] -- Looking for gz-utils2-cli -- found version 2.2.1
[0.456s] -- Searching for dependencies of gz-utils2-cli
[0.457s] -- Searching for <gz-plugin2> component [loader]
[0.457s] -- Looking for gz-plugin2-loader -- found version 2.0.4
[0.458s] -- Searching for dependencies of gz-plugin2-loader
[0.458s] -- Searching for <gz-plugin2> component [register]
[0.458s] -- Looking for gz-plugin2-register -- found version 2.0.4
[0.459s] -- Searching for dependencies of gz-plugin2-register
[0.459s] -- Looking for gz-transport13 -- found version 13.4.1
[0.460s] -- Searching for dependencies of gz-transport13
[0.515s] -- Config-file not installed for ZeroMQ -- checking for pkg-config
[0.520s] -- Checking for module 'libzmq >= 4'
[0.536s] --   Found libzmq, version 4.3.5
[0.586s] -- Looking for gz-utils2 -- found version 2.2.1
[0.587s] -- Looking for gz-msgs10 -- found version 10.3.2
[0.587s] -- Searching for dependencies of gz-msgs10
[0.621s] -- Looking for gz-utils2 -- found version 2.2.1
[0.621s] -- Looking for gz-math7 -- found version 7.5.2
[0.630s] -- Looking for gz-rendering8 -- found version 8.2.2
[0.630s] -- Searching for dependencies of gz-rendering8
[0.630s] -- Looking for gz-math7 -- found version 7.5.2
[0.630s] -- Searching for dependencies of gz-math7
[0.631s] -- Looking for gz-utils2 -- found version 2.2.1
[0.631s] -- Searching for <gz-math7> component [eigen3]
[0.631s] -- Looking for gz-math7-eigen3 -- found version 7.5.2
[0.631s] -- Searching for dependencies of gz-math7-eigen3
[0.633s] -- Looking for gz-common5 -- found version 5.7.1
[0.633s] -- Searching for dependencies of gz-common5
[0.633s] -- Looking for gz-utils2 -- found version 2.2.1
[0.634s] -- Looking for dlfcn.h - found
[0.634s] -- Looking for libdl - found
[0.641s] -- Searching for <gz-common5> component [graphics]
[0.641s] -- Looking for gz-common5-graphics -- found version 5.7.1
[0.642s] -- Searching for dependencies of gz-common5-graphics
[0.642s] -- Looking for gz-math7 -- found version 7.5.2
[0.645s] -- Searching for <gz-common5> component [events]
[0.645s] -- Looking for gz-common5-events -- found version 5.7.1
[0.645s] -- Searching for dependencies of gz-common5-events
[0.646s] -- Looking for gz-math7 -- found version 7.5.2
[0.646s] -- Searching for <gz-common5> component [geospatial]
[0.647s] -- Looking for gz-common5-geospatial -- found version 5.7.1
[0.647s] -- Searching for dependencies of gz-common5-geospatial
[0.647s] -- Looking for gz-math7 -- found version 7.5.2
[0.648s] -- Looking for gz-common5 -- found version 5.7.1
[0.649s] -- Looking for gz-plugin2 -- found version 2.0.4
[0.649s] -- Searching for dependencies of gz-plugin2
[0.651s] -- Looking for gz-utils2 -- found version 2.2.1
[0.651s] -- Searching for <gz-plugin2> component [all]
[0.651s] -- Looking for all libraries of gz-plugin2 -- found version 2.0.4
[0.652s] -- Looking for gz-plugin2 -- found version 2.0.4
[0.653s] -- Looking for gz-utils2 -- found version 2.2.1
[0.658s] -- Looking for gz-msgs10 -- found version 10.3.2
[0.686s] -- Found ament_lint_auto: 0.17.2 (/opt/ros/jazzy/share/ament_lint_auto/cmake)
[0.712s] Traceback (most recent call last):
[0.712s]   File "/opt/ros/jazzy/share/ament_cmake_core/cmake/core/package_xml_2_cmake.py", line 22, in <module>
[0.712s]     from catkin_pkg.package import parse_package_string
[0.712s] ModuleNotFoundError: No module named 'catkin_pkg'
[0.715s] [31mCMake Error at /opt/ros/jazzy/share/ament_cmake_core/cmake/core/ament_package_xml.cmake:95 (message):
[0.716s]   
[0.716s]   execute_process(/home/tahaos/Code/Projects/rpwr-assignments/.rpwr_venv/bin/python3
[0.716s]   /opt/ros/jazzy/share/ament_cmake_core/cmake/core/package_xml_2_cmake.py
[0.716s]   /home/tahaos/Code/Projects/rpwr-assignments/04_navigation/ws/ros/src/create3_sim/irobot_create_gz/irobot_create_gz_plugins/package.xml
[0.716s]   /home/tahaos/Code/Projects/rpwr-assignments/04_navigation/ws/ros/build/irobot_create_gz_plugins/ament_cmake_core/package.cmake)
[0.716s]   returned error code 1
[0.716s] Call Stack (most recent call first):
[0.716s]   /opt/ros/jazzy/share/ament_cmake_core/cmake/core/ament_package_xml.cmake:49 (_ament_package_xml)
[0.716s]   /opt/ros/jazzy/share/ament_lint_auto/cmake/ament_lint_auto_find_test_dependencies.cmake:31 (ament_package_xml)
[0.716s]   CMakeLists.txt:19 (ament_lint_auto_find_test_dependencies)
[0.716s] 
[0.716s] [0m
[0.716s] -- Configuring incomplete, errors occurred!
[0.722s] Invoked command in '/home/tahaos/Code/Projects/rpwr-assignments/04_navigation/ws/ros/build/irobot_create_gz_plugins' returned '1': CMAKE_PREFIX_PATH=${CMAKE_PREFIX_PATH}:/opt/ros/jazzy VIRTUAL_ENV_PROMPT=(.rpwr_venv) /usr/bin/cmake /home/tahaos/Code/Projects/rpwr-assignments/04_navigation/ws/ros/src/create3_sim/irobot_create_gz/irobot_create_gz_plugins -DCMAKE_INSTALL_PREFIX=/home/tahaos/Code/Projects/rpwr-assignments/04_navigation/ws/ros/install/irobot_create_gz_plugins
