[0.035s] Invoking command in '/home/tahaos/Code/Projects/rpwr-assignments/04_navigation/ws/ros/build/irobot_create_control': CMAKE_PREFIX_PATH=${CMAKE_PREFIX_PATH}:/opt/ros/jazzy VIRTUAL_ENV_PROMPT=(.rpwr_venv) /usr/bin/cmake /home/tahaos/Code/Projects/rpwr-assignments/04_navigation/ws/ros/src/create3_sim/irobot_create_common/irobot_create_control -DCMAKE_INSTALL_PREFIX=/home/tahaos/Code/Projects/rpwr-assignments/04_navigation/ws/ros/install/irobot_create_control
[0.054s] -- Found ament_cmake: 2.5.4 (/opt/ros/jazzy/share/ament_cmake/cmake)
[0.280s] -- Found ament_lint_auto: 0.17.2 (/opt/ros/jazzy/share/ament_lint_auto/cmake)
[0.313s] Traceback (most recent call last):
[0.313s]   File "/opt/ros/jazzy/share/ament_cmake_core/cmake/core/package_xml_2_cmake.py", line 22, in <module>
[0.313s]     from catkin_pkg.package import parse_package_string
[0.313s] ModuleNotFoundError: No module named 'catkin_pkg'
[0.320s] [31mCMake Error at /opt/ros/jazzy/share/ament_cmake_core/cmake/core/ament_package_xml.cmake:95 (message):
[0.320s]   
[0.320s] -- Configuring incomplete, errors occurred!
[0.320s]   execute_process(/home/tahaos/Code/Projects/rpwr-assignments/.rpwr_venv/bin/python3
[0.320s]   /opt/ros/jazzy/share/ament_cmake_core/cmake/core/package_xml_2_cmake.py
[0.320s]   /home/tahaos/Code/Projects/rpwr-assignments/04_navigation/ws/ros/src/create3_sim/irobot_create_common/irobot_create_control/package.xml
[0.320s]   /home/tahaos/Code/Projects/rpwr-assignments/04_navigation/ws/ros/build/irobot_create_control/ament_cmake_core/package.cmake)
[0.320s]   returned error code 1
[0.321s] Call Stack (most recent call first):
[0.321s]   /opt/ros/jazzy/share/ament_cmake_core/cmake/core/ament_package_xml.cmake:49 (_ament_package_xml)
[0.321s]   /opt/ros/jazzy/share/ament_lint_auto/cmake/ament_lint_auto_find_test_dependencies.cmake:31 (ament_package_xml)
[0.321s]   CMakeLists.txt:17 (ament_lint_auto_find_test_dependencies)
[0.321s] 
[0.321s] [0m
[0.327s] Invoked command in '/home/tahaos/Code/Projects/rpwr-assignments/04_navigation/ws/ros/build/irobot_create_control' returned '1': CMAKE_PREFIX_PATH=${CMAKE_PREFIX_PATH}:/opt/ros/jazzy VIRTUAL_ENV_PROMPT=(.rpwr_venv) /usr/bin/cmake /home/tahaos/Code/Projects/rpwr-assignments/04_navigation/ws/ros/src/create3_sim/irobot_create_common/irobot_create_control -DCMAKE_INSTALL_PREFIX=/home/tahaos/Code/Projects/rpwr-assignments/04_navigation/ws/ros/install/irobot_create_control
