[0.010s] Invoking command in '/home/tahaos/Code/Projects/rpwr-assignments/04_navigation/ws/ros/build/turtlebot4_gz_toolbox': AMENT_PREFIX_PATH=/home/tahaos/Code/Projects/rpwr-assignments/04_navigation/ws/ros/install/turtlebot4_msgs:${AMENT_PREFIX_PATH} CMAKE_PREFIX_PATH=/home/tahaos/Code/Projects/rpwr-assignments/04_navigation/ws/ros/install/turtlebot4_msgs:/opt/ros/jazzy/opt/gz_sim_vendor:/opt/ros/jazzy/opt/gz_sensors_vendor:/opt/ros/jazzy/opt/gz_physics_vendor:/opt/ros/jazzy/opt/sdformat_vendor:/opt/ros/jazzy/opt/gz_gui_vendor:/opt/ros/jazzy/opt/gz_transport_vendor:/opt/ros/jazzy/opt/gz_rendering_vendor:/opt/ros/jazzy/opt/gz_plugin_vendor:/opt/ros/jazzy/opt/gz_fuel_tools_vendor:/opt/ros/jazzy/opt/gz_msgs_vendor:/opt/ros/jazzy/opt/gz_common_vendor:/opt/ros/jazzy/opt/gz_math_vendor:/opt/ros/jazzy/opt/gz_utils_vendor:/opt/ros/jazzy/opt/gz_tools_vendor:/opt/ros/jazzy/opt/gz_ogre_next_vendor:/opt/ros/jazzy/opt/gz_dartsim_vendor:/opt/ros/jazzy/opt/gz_cmake_vendor:/opt/ros/jazzy LD_LIBRARY_PATH=/home/tahaos/Code/Projects/rpwr-assignments/04_navigation/ws/ros/install/turtlebot4_msgs/lib:${LD_LIBRARY_PATH} PYTHONPATH=/home/tahaos/Code/Projects/rpwr-assignments/04_navigation/ws/ros/install/turtlebot4_msgs/lib/python3.12/site-packages:${PYTHONPATH} VIRTUAL_ENV_PROMPT=(.rpwr_venv) /usr/bin/cmake /home/tahaos/Code/Projects/rpwr-assignments/04_navigation/ws/ros/src/turtlebot4_simulator/turtlebot4_gz_toolbox -DCMAKE_INSTALL_PREFIX=/home/tahaos/Code/Projects/rpwr-assignments/04_navigation/ws/ros/install/turtlebot4_gz_toolbox
[0.074s] -- The C compiler identification is GNU 13.3.0
[0.140s] -- The CXX compiler identification is GNU 13.3.0
[0.155s] -- Detecting C compiler ABI info
[0.251s] -- Detecting C compiler ABI info - done
[0.260s] -- Check for working C compiler: /usr/bin/cc - skipped
[0.260s] -- Detecting C compile features
[0.260s] -- Detecting C compile features - done
[0.270s] -- Detecting CXX compiler ABI info
[0.376s] -- Detecting CXX compiler ABI info - done
[0.386s] -- Check for working CXX compiler: /usr/bin/c++ - skipped
[0.386s] -- Detecting CXX compile features
[0.387s] -- Detecting CXX compile features - done
[0.398s] -- Found ament_cmake: 2.5.4 (/opt/ros/jazzy/share/ament_cmake/cmake)
[0.546s] -- Found Python3: /home/tahaos/Code/Projects/rpwr-assignments/.rpwr_venv/bin/python3 (found version "3.12.3") found components: Interpreter 
[0.755s] -- Found rclcpp: 28.1.9 (/opt/ros/jazzy/share/rclcpp/cmake)
[0.867s] -- Found rosidl_generator_c: 4.6.5 (/opt/ros/jazzy/share/rosidl_generator_c/cmake)
[0.906s] -- Found rosidl_generator_cpp: 4.6.5 (/opt/ros/jazzy/share/rosidl_generator_cpp/cmake)
[0.944s] -- Using all available rosidl_typesupport_c: rosidl_typesupport_fastrtps_c;rosidl_typesupport_introspection_c
[0.989s] -- Using all available rosidl_typesupport_cpp: rosidl_typesupport_fastrtps_cpp;rosidl_typesupport_introspection_cpp
[1.151s] -- Found rmw_implementation_cmake: 7.3.2 (/opt/ros/jazzy/share/rmw_implementation_cmake/cmake)
[1.161s] -- Found rmw_fastrtps_cpp: 8.4.2 (/opt/ros/jazzy/share/rmw_fastrtps_cpp/cmake)
[1.290s] -- Found OpenSSL: /usr/lib/x86_64-linux-gnu/libcrypto.so (found version "3.0.13")  
[1.312s] -- Found FastRTPS: /opt/ros/jazzy/include (Required is at least version "2.13") 
[1.336s] -- Using RMW implementation 'rmw_fastrtps_cpp' as default
[1.502s] -- Found rclcpp_action: 28.1.9 (/opt/ros/jazzy/share/rclcpp_action/cmake)
[1.614s] -- Found std_msgs: 5.3.6 (/opt/ros/jazzy/share/std_msgs/cmake)
[1.641s] -- Found sensor_msgs: 5.3.6 (/opt/ros/jazzy/share/sensor_msgs/cmake)
[1.703s] -- Found turtlebot4_msgs: 2.0.1 (/home/tahaos/Code/Projects/rpwr-assignments/04_navigation/ws/ros/install/turtlebot4_msgs/share/turtlebot4_msgs/cmake)
[1.731s] -- Found ament_lint_auto: 0.17.2 (/opt/ros/jazzy/share/ament_lint_auto/cmake)
[1.937s] -- Added test 'cppcheck' to perform static code analysis on C / C++ code
[1.937s] -- Configured cppcheck include dirs: /home/tahaos/Code/Projects/rpwr-assignments/04_navigation/ws/ros/src/turtlebot4_simulator/turtlebot4_gz_toolbox/include
[1.937s] -- Configured cppcheck exclude dirs and/or files: 
[1.938s] -- Added test 'cpplint' to check C / C++ code against the Google style
[1.938s] -- Configured cpplint exclude dirs and/or files: 
[1.939s] -- Added test 'lint_cmake' to check CMake code style
[1.941s] -- Added test 'uncrustify' to check C / C++ code style
[1.941s] -- Configured uncrustify additional arguments: 
[1.943s] -- Added test 'xmllint' to check XML markup files
[1.947s] -- Configuring done (1.9s)
[1.968s] -- Generating done (0.0s)
[1.973s] -- Build files have been written to: /home/tahaos/Code/Projects/rpwr-assignments/04_navigation/ws/ros/build/turtlebot4_gz_toolbox
[1.986s] Invoked command in '/home/tahaos/Code/Projects/rpwr-assignments/04_navigation/ws/ros/build/turtlebot4_gz_toolbox' returned '0': AMENT_PREFIX_PATH=/home/tahaos/Code/Projects/rpwr-assignments/04_navigation/ws/ros/install/turtlebot4_msgs:${AMENT_PREFIX_PATH} CMAKE_PREFIX_PATH=/home/tahaos/Code/Projects/rpwr-assignments/04_navigation/ws/ros/install/turtlebot4_msgs:/opt/ros/jazzy/opt/gz_sim_vendor:/opt/ros/jazzy/opt/gz_sensors_vendor:/opt/ros/jazzy/opt/gz_physics_vendor:/opt/ros/jazzy/opt/sdformat_vendor:/opt/ros/jazzy/opt/gz_gui_vendor:/opt/ros/jazzy/opt/gz_transport_vendor:/opt/ros/jazzy/opt/gz_rendering_vendor:/opt/ros/jazzy/opt/gz_plugin_vendor:/opt/ros/jazzy/opt/gz_fuel_tools_vendor:/opt/ros/jazzy/opt/gz_msgs_vendor:/opt/ros/jazzy/opt/gz_common_vendor:/opt/ros/jazzy/opt/gz_math_vendor:/opt/ros/jazzy/opt/gz_utils_vendor:/opt/ros/jazzy/opt/gz_tools_vendor:/opt/ros/jazzy/opt/gz_ogre_next_vendor:/opt/ros/jazzy/opt/gz_dartsim_vendor:/opt/ros/jazzy/opt/gz_cmake_vendor:/opt/ros/jazzy LD_LIBRARY_PATH=/home/tahaos/Code/Projects/rpwr-assignments/04_navigation/ws/ros/install/turtlebot4_msgs/lib:${LD_LIBRARY_PATH} PYTHONPATH=/home/tahaos/Code/Projects/rpwr-assignments/04_navigation/ws/ros/install/turtlebot4_msgs/lib/python3.12/site-packages:${PYTHONPATH} VIRTUAL_ENV_PROMPT=(.rpwr_venv) /usr/bin/cmake /home/tahaos/Code/Projects/rpwr-assignments/04_navigation/ws/ros/src/turtlebot4_simulator/turtlebot4_gz_toolbox -DCMAKE_INSTALL_PREFIX=/home/tahaos/Code/Projects/rpwr-assignments/04_navigation/ws/ros/install/turtlebot4_gz_toolbox
[1.987s] Invoking command in '/home/tahaos/Code/Projects/rpwr-assignments/04_navigation/ws/ros/build/turtlebot4_gz_toolbox': AMENT_PREFIX_PATH=/home/tahaos/Code/Projects/rpwr-assignments/04_navigation/ws/ros/install/turtlebot4_msgs:${AMENT_PREFIX_PATH} CMAKE_PREFIX_PATH=/home/tahaos/Code/Projects/rpwr-assignments/04_navigation/ws/ros/install/turtlebot4_msgs:/opt/ros/jazzy/opt/gz_sim_vendor:/opt/ros/jazzy/opt/gz_sensors_vendor:/opt/ros/jazzy/opt/gz_physics_vendor:/opt/ros/jazzy/opt/sdformat_vendor:/opt/ros/jazzy/opt/gz_gui_vendor:/opt/ros/jazzy/opt/gz_transport_vendor:/opt/ros/jazzy/opt/gz_rendering_vendor:/opt/ros/jazzy/opt/gz_plugin_vendor:/opt/ros/jazzy/opt/gz_fuel_tools_vendor:/opt/ros/jazzy/opt/gz_msgs_vendor:/opt/ros/jazzy/opt/gz_common_vendor:/opt/ros/jazzy/opt/gz_math_vendor:/opt/ros/jazzy/opt/gz_utils_vendor:/opt/ros/jazzy/opt/gz_tools_vendor:/opt/ros/jazzy/opt/gz_ogre_next_vendor:/opt/ros/jazzy/opt/gz_dartsim_vendor:/opt/ros/jazzy/opt/gz_cmake_vendor:/opt/ros/jazzy LD_LIBRARY_PATH=/home/tahaos/Code/Projects/rpwr-assignments/04_navigation/ws/ros/install/turtlebot4_msgs/lib:${LD_LIBRARY_PATH} PYTHONPATH=/home/tahaos/Code/Projects/rpwr-assignments/04_navigation/ws/ros/install/turtlebot4_msgs/lib/python3.12/site-packages:${PYTHONPATH} VIRTUAL_ENV_PROMPT=(.rpwr_venv) /usr/bin/cmake --build /home/tahaos/Code/Projects/rpwr-assignments/04_navigation/ws/ros/build/turtlebot4_gz_toolbox -- -j12 -l12
[2.060s] [ 40%] [32mBuilding CXX object CMakeFiles/turtlebot4_gz_toolbox_lib.dir/src/hmi_node.cpp.o[0m
[2.060s] [ 40%] [32mBuilding CXX object CMakeFiles/turtlebot4_gz_toolbox_lib.dir/src/hmi_main.cpp.o[0m
[14.987s] [ 60%] [32m[1mLinking CXX static library libturtlebot4_gz_toolbox_lib.a[0m
[15.234s] [ 60%] Built target turtlebot4_gz_toolbox_lib
[15.258s] [ 80%] [32mBuilding CXX object CMakeFiles/turtlebot4_gz_hmi_node.dir/src/hmi_main.cpp.o[0m
[18.205s] [100%] [32m[1mLinking CXX executable turtlebot4_gz_hmi_node[0m
[18.636s] [100%] Built target turtlebot4_gz_hmi_node
[18.648s] Invoked command in '/home/tahaos/Code/Projects/rpwr-assignments/04_navigation/ws/ros/build/turtlebot4_gz_toolbox' returned '0': AMENT_PREFIX_PATH=/home/tahaos/Code/Projects/rpwr-assignments/04_navigation/ws/ros/install/turtlebot4_msgs:${AMENT_PREFIX_PATH} CMAKE_PREFIX_PATH=/home/tahaos/Code/Projects/rpwr-assignments/04_navigation/ws/ros/install/turtlebot4_msgs:/opt/ros/jazzy/opt/gz_sim_vendor:/opt/ros/jazzy/opt/gz_sensors_vendor:/opt/ros/jazzy/opt/gz_physics_vendor:/opt/ros/jazzy/opt/sdformat_vendor:/opt/ros/jazzy/opt/gz_gui_vendor:/opt/ros/jazzy/opt/gz_transport_vendor:/opt/ros/jazzy/opt/gz_rendering_vendor:/opt/ros/jazzy/opt/gz_plugin_vendor:/opt/ros/jazzy/opt/gz_fuel_tools_vendor:/opt/ros/jazzy/opt/gz_msgs_vendor:/opt/ros/jazzy/opt/gz_common_vendor:/opt/ros/jazzy/opt/gz_math_vendor:/opt/ros/jazzy/opt/gz_utils_vendor:/opt/ros/jazzy/opt/gz_tools_vendor:/opt/ros/jazzy/opt/gz_ogre_next_vendor:/opt/ros/jazzy/opt/gz_dartsim_vendor:/opt/ros/jazzy/opt/gz_cmake_vendor:/opt/ros/jazzy LD_LIBRARY_PATH=/home/tahaos/Code/Projects/rpwr-assignments/04_navigation/ws/ros/install/turtlebot4_msgs/lib:${LD_LIBRARY_PATH} PYTHONPATH=/home/tahaos/Code/Projects/rpwr-assignments/04_navigation/ws/ros/install/turtlebot4_msgs/lib/python3.12/site-packages:${PYTHONPATH} VIRTUAL_ENV_PROMPT=(.rpwr_venv) /usr/bin/cmake --build /home/tahaos/Code/Projects/rpwr-assignments/04_navigation/ws/ros/build/turtlebot4_gz_toolbox -- -j12 -l12
[18.649s] Invoking command in '/home/tahaos/Code/Projects/rpwr-assignments/04_navigation/ws/ros/build/turtlebot4_gz_toolbox': AMENT_PREFIX_PATH=/home/tahaos/Code/Projects/rpwr-assignments/04_navigation/ws/ros/install/turtlebot4_msgs:${AMENT_PREFIX_PATH} CMAKE_PREFIX_PATH=/home/tahaos/Code/Projects/rpwr-assignments/04_navigation/ws/ros/install/turtlebot4_msgs:/opt/ros/jazzy/opt/gz_sim_vendor:/opt/ros/jazzy/opt/gz_sensors_vendor:/opt/ros/jazzy/opt/gz_physics_vendor:/opt/ros/jazzy/opt/sdformat_vendor:/opt/ros/jazzy/opt/gz_gui_vendor:/opt/ros/jazzy/opt/gz_transport_vendor:/opt/ros/jazzy/opt/gz_rendering_vendor:/opt/ros/jazzy/opt/gz_plugin_vendor:/opt/ros/jazzy/opt/gz_fuel_tools_vendor:/opt/ros/jazzy/opt/gz_msgs_vendor:/opt/ros/jazzy/opt/gz_common_vendor:/opt/ros/jazzy/opt/gz_math_vendor:/opt/ros/jazzy/opt/gz_utils_vendor:/opt/ros/jazzy/opt/gz_tools_vendor:/opt/ros/jazzy/opt/gz_ogre_next_vendor:/opt/ros/jazzy/opt/gz_dartsim_vendor:/opt/ros/jazzy/opt/gz_cmake_vendor:/opt/ros/jazzy LD_LIBRARY_PATH=/home/tahaos/Code/Projects/rpwr-assignments/04_navigation/ws/ros/install/turtlebot4_msgs/lib:${LD_LIBRARY_PATH} PYTHONPATH=/home/tahaos/Code/Projects/rpwr-assignments/04_navigation/ws/ros/install/turtlebot4_msgs/lib/python3.12/site-packages:${PYTHONPATH} VIRTUAL_ENV_PROMPT=(.rpwr_venv) /usr/bin/cmake --install /home/tahaos/Code/Projects/rpwr-assignments/04_navigation/ws/ros/build/turtlebot4_gz_toolbox
[18.658s] -- Install configuration: ""
[18.658s] -- Installing: /home/tahaos/Code/Projects/rpwr-assignments/04_navigation/ws/ros/install/turtlebot4_gz_toolbox/lib/turtlebot4_gz_toolbox/turtlebot4_gz_hmi_node
[18.664s] -- Set non-toolchain portion of runtime path of "/home/tahaos/Code/Projects/rpwr-assignments/04_navigation/ws/ros/install/turtlebot4_gz_toolbox/lib/turtlebot4_gz_toolbox/turtlebot4_gz_hmi_node" to ""
[18.665s] -- Installing: /home/tahaos/Code/Projects/rpwr-assignments/04_navigation/ws/ros/install/turtlebot4_gz_toolbox/share/ament_index/resource_index/package_run_dependencies/turtlebot4_gz_toolbox
[18.665s] -- Installing: /home/tahaos/Code/Projects/rpwr-assignments/04_navigation/ws/ros/install/turtlebot4_gz_toolbox/share/ament_index/resource_index/parent_prefix_path/turtlebot4_gz_toolbox
[18.665s] -- Installing: /home/tahaos/Code/Projects/rpwr-assignments/04_navigation/ws/ros/install/turtlebot4_gz_toolbox/share/turtlebot4_gz_toolbox/environment/ament_prefix_path.sh
[18.665s] -- Installing: /home/tahaos/Code/Projects/rpwr-assignments/04_navigation/ws/ros/install/turtlebot4_gz_toolbox/share/turtlebot4_gz_toolbox/environment/ament_prefix_path.dsv
[18.665s] -- Installing: /home/tahaos/Code/Projects/rpwr-assignments/04_navigation/ws/ros/install/turtlebot4_gz_toolbox/share/turtlebot4_gz_toolbox/environment/path.sh
[18.665s] -- Installing: /home/tahaos/Code/Projects/rpwr-assignments/04_navigation/ws/ros/install/turtlebot4_gz_toolbox/share/turtlebot4_gz_toolbox/environment/path.dsv
[18.666s] -- Installing: /home/tahaos/Code/Projects/rpwr-assignments/04_navigation/ws/ros/install/turtlebot4_gz_toolbox/share/turtlebot4_gz_toolbox/local_setup.bash
[18.666s] -- Installing: /home/tahaos/Code/Projects/rpwr-assignments/04_navigation/ws/ros/install/turtlebot4_gz_toolbox/share/turtlebot4_gz_toolbox/local_setup.sh
[18.666s] -- Installing: /home/tahaos/Code/Projects/rpwr-assignments/04_navigation/ws/ros/install/turtlebot4_gz_toolbox/share/turtlebot4_gz_toolbox/local_setup.zsh
[18.666s] -- Installing: /home/tahaos/Code/Projects/rpwr-assignments/04_navigation/ws/ros/install/turtlebot4_gz_toolbox/share/turtlebot4_gz_toolbox/local_setup.dsv
[18.666s] -- Installing: /home/tahaos/Code/Projects/rpwr-assignments/04_navigation/ws/ros/install/turtlebot4_gz_toolbox/share/turtlebot4_gz_toolbox/package.dsv
[18.666s] -- Installing: /home/tahaos/Code/Projects/rpwr-assignments/04_navigation/ws/ros/install/turtlebot4_gz_toolbox/share/ament_index/resource_index/packages/turtlebot4_gz_toolbox
[18.666s] -- Installing: /home/tahaos/Code/Projects/rpwr-assignments/04_navigation/ws/ros/install/turtlebot4_gz_toolbox/share/turtlebot4_gz_toolbox/cmake/ament_cmake_export_include_directories-extras.cmake
[18.667s] -- Installing: /home/tahaos/Code/Projects/rpwr-assignments/04_navigation/ws/ros/install/turtlebot4_gz_toolbox/share/turtlebot4_gz_toolbox/cmake/turtlebot4_gz_toolboxConfig.cmake
[18.667s] -- Installing: /home/tahaos/Code/Projects/rpwr-assignments/04_navigation/ws/ros/install/turtlebot4_gz_toolbox/share/turtlebot4_gz_toolbox/cmake/turtlebot4_gz_toolboxConfig-version.cmake
[18.667s] -- Installing: /home/tahaos/Code/Projects/rpwr-assignments/04_navigation/ws/ros/install/turtlebot4_gz_toolbox/share/turtlebot4_gz_toolbox/package.xml
[18.669s] Invoked command in '/home/tahaos/Code/Projects/rpwr-assignments/04_navigation/ws/ros/build/turtlebot4_gz_toolbox' returned '0': AMENT_PREFIX_PATH=/home/tahaos/Code/Projects/rpwr-assignments/04_navigation/ws/ros/install/turtlebot4_msgs:${AMENT_PREFIX_PATH} CMAKE_PREFIX_PATH=/home/tahaos/Code/Projects/rpwr-assignments/04_navigation/ws/ros/install/turtlebot4_msgs:/opt/ros/jazzy/opt/gz_sim_vendor:/opt/ros/jazzy/opt/gz_sensors_vendor:/opt/ros/jazzy/opt/gz_physics_vendor:/opt/ros/jazzy/opt/sdformat_vendor:/opt/ros/jazzy/opt/gz_gui_vendor:/opt/ros/jazzy/opt/gz_transport_vendor:/opt/ros/jazzy/opt/gz_rendering_vendor:/opt/ros/jazzy/opt/gz_plugin_vendor:/opt/ros/jazzy/opt/gz_fuel_tools_vendor:/opt/ros/jazzy/opt/gz_msgs_vendor:/opt/ros/jazzy/opt/gz_common_vendor:/opt/ros/jazzy/opt/gz_math_vendor:/opt/ros/jazzy/opt/gz_utils_vendor:/opt/ros/jazzy/opt/gz_tools_vendor:/opt/ros/jazzy/opt/gz_ogre_next_vendor:/opt/ros/jazzy/opt/gz_dartsim_vendor:/opt/ros/jazzy/opt/gz_cmake_vendor:/opt/ros/jazzy LD_LIBRARY_PATH=/home/tahaos/Code/Projects/rpwr-assignments/04_navigation/ws/ros/install/turtlebot4_msgs/lib:${LD_LIBRARY_PATH} PYTHONPATH=/home/tahaos/Code/Projects/rpwr-assignments/04_navigation/ws/ros/install/turtlebot4_msgs/lib/python3.12/site-packages:${PYTHONPATH} VIRTUAL_ENV_PROMPT=(.rpwr_venv) /usr/bin/cmake --install /home/tahaos/Code/Projects/rpwr-assignments/04_navigation/ws/ros/build/turtlebot4_gz_toolbox
