-- Install configuration: ""
-- Installing: /home/tahaos/Code/Projects/rpwr-assignments/04_navigation/ws/ros/install/irobot_create_description/share/irobot_create_description//meshes
-- Installing: /home/tahaos/Code/Projects/rpwr-assignments/04_navigation/ws/ros/install/irobot_create_description/share/irobot_create_description//meshes/dock
-- Installing: /home/tahaos/Code/Projects/rpwr-assignments/04_navigation/ws/ros/install/irobot_create_description/share/irobot_create_description//meshes/dock/visual.dae
-- Installing: /home/tahaos/Code/Projects/rpwr-assignments/04_navigation/ws/ros/install/irobot_create_description/share/irobot_create_description//meshes/bumper_visual.dae
-- Installing: /home/tahaos/Code/Projects/rpwr-assignments/04_navigation/ws/ros/install/irobot_create_description/share/irobot_create_description//meshes/bumper_collision.dae
-- Installing: /home/tahaos/Code/Projects/rpwr-assignments/04_navigation/ws/ros/install/irobot_create_description/share/irobot_create_description//meshes/body_visual.dae
-- Installing: /home/tahaos/Code/Projects/rpwr-assignments/04_navigation/ws/ros/install/irobot_create_description/share/irobot_create_description//urdf
-- Installing: /home/tahaos/Code/Projects/rpwr-assignments/04_navigation/ws/ros/install/irobot_create_description/share/irobot_create_description//urdf/dock
-- Installing: /home/tahaos/Code/Projects/rpwr-assignments/04_navigation/ws/ros/install/irobot_create_description/share/irobot_create_description//urdf/dock/standard_dock.urdf.xacro
-- Installing: /home/tahaos/Code/Projects/rpwr-assignments/04_navigation/ws/ros/install/irobot_create_description/share/irobot_create_description//urdf/dock/ir_emitter.urdf.xacro
-- Installing: /home/tahaos/Code/Projects/rpwr-assignments/04_navigation/ws/ros/install/irobot_create_description/share/irobot_create_description//urdf/wheel_with_wheeldrop.urdf.xacro
-- Installing: /home/tahaos/Code/Projects/rpwr-assignments/04_navigation/ws/ros/install/irobot_create_description/share/irobot_create_description//urdf/wheel.urdf.xacro
-- Installing: /home/tahaos/Code/Projects/rpwr-assignments/04_navigation/ws/ros/install/irobot_create_description/share/irobot_create_description//urdf/create3.urdf.xacro
-- Installing: /home/tahaos/Code/Projects/rpwr-assignments/04_navigation/ws/ros/install/irobot_create_description/share/irobot_create_description//urdf/sensors
-- Installing: /home/tahaos/Code/Projects/rpwr-assignments/04_navigation/ws/ros/install/irobot_create_description/share/irobot_create_description//urdf/sensors/ir_opcode_receivers.urdf.xacro
-- Installing: /home/tahaos/Code/Projects/rpwr-assignments/04_navigation/ws/ros/install/irobot_create_description/share/irobot_create_description//urdf/sensors/ir_intensity.urdf.xacro
-- Installing: /home/tahaos/Code/Projects/rpwr-assignments/04_navigation/ws/ros/install/irobot_create_description/share/irobot_create_description//urdf/sensors/cliff_sensor.urdf.xacro
-- Installing: /home/tahaos/Code/Projects/rpwr-assignments/04_navigation/ws/ros/install/irobot_create_description/share/irobot_create_description//urdf/sensors/optical_mouse.urdf.xacro
-- Installing: /home/tahaos/Code/Projects/rpwr-assignments/04_navigation/ws/ros/install/irobot_create_description/share/irobot_create_description//urdf/sensors/imu.urdf.xacro
-- Installing: /home/tahaos/Code/Projects/rpwr-assignments/04_navigation/ws/ros/install/irobot_create_description/share/irobot_create_description//urdf/button.urdf.xacro
-- Installing: /home/tahaos/Code/Projects/rpwr-assignments/04_navigation/ws/ros/install/irobot_create_description/share/irobot_create_description//urdf/common_properties.urdf.xacro
-- Installing: /home/tahaos/Code/Projects/rpwr-assignments/04_navigation/ws/ros/install/irobot_create_description/share/irobot_create_description//urdf/wheel_drop.urdf.xacro
-- Installing: /home/tahaos/Code/Projects/rpwr-assignments/04_navigation/ws/ros/install/irobot_create_description/share/irobot_create_description//urdf/caster.urdf.xacro
-- Installing: /home/tahaos/Code/Projects/rpwr-assignments/04_navigation/ws/ros/install/irobot_create_description/share/irobot_create_description//urdf/bumper.urdf.xacro
-- Installing: /home/tahaos/Code/Projects/rpwr-assignments/04_navigation/ws/ros/install/irobot_create_description/share/ament_index/resource_index/package_run_dependencies/irobot_create_description
-- Installing: /home/tahaos/Code/Projects/rpwr-assignments/04_navigation/ws/ros/install/irobot_create_description/share/ament_index/resource_index/parent_prefix_path/irobot_create_description
-- Installing: /home/tahaos/Code/Projects/rpwr-assignments/04_navigation/ws/ros/install/irobot_create_description/share/irobot_create_description/environment/ament_prefix_path.sh
-- Installing: /home/tahaos/Code/Projects/rpwr-assignments/04_navigation/ws/ros/install/irobot_create_description/share/irobot_create_description/environment/ament_prefix_path.dsv
-- Installing: /home/tahaos/Code/Projects/rpwr-assignments/04_navigation/ws/ros/install/irobot_create_description/share/irobot_create_description/environment/path.sh
-- Installing: /home/tahaos/Code/Projects/rpwr-assignments/04_navigation/ws/ros/install/irobot_create_description/share/irobot_create_description/environment/path.dsv
-- Installing: /home/tahaos/Code/Projects/rpwr-assignments/04_navigation/ws/ros/install/irobot_create_description/share/irobot_create_description/local_setup.bash
-- Installing: /home/tahaos/Code/Projects/rpwr-assignments/04_navigation/ws/ros/install/irobot_create_description/share/irobot_create_description/local_setup.sh
-- Installing: /home/tahaos/Code/Projects/rpwr-assignments/04_navigation/ws/ros/install/irobot_create_description/share/irobot_create_description/local_setup.zsh
-- Installing: /home/tahaos/Code/Projects/rpwr-assignments/04_navigation/ws/ros/install/irobot_create_description/share/irobot_create_description/local_setup.dsv
-- Installing: /home/tahaos/Code/Projects/rpwr-assignments/04_navigation/ws/ros/install/irobot_create_description/share/irobot_create_description/package.dsv
-- Installing: /home/tahaos/Code/Projects/rpwr-assignments/04_navigation/ws/ros/install/irobot_create_description/share/ament_index/resource_index/packages/irobot_create_description
-- Installing: /home/tahaos/Code/Projects/rpwr-assignments/04_navigation/ws/ros/install/irobot_create_description/share/irobot_create_description/cmake/irobot_create_descriptionConfig.cmake
-- Installing: /home/tahaos/Code/Projects/rpwr-assignments/04_navigation/ws/ros/install/irobot_create_description/share/irobot_create_description/cmake/irobot_create_descriptionConfig-version.cmake
-- Installing: /home/tahaos/Code/Projects/rpwr-assignments/04_navigation/ws/ros/install/irobot_create_description/share/irobot_create_description/package.xml
