/home/tahaos/Code/Projects/rpwr-assignments/03_ros/ws/ros/install/turtle_party/lib/python3.12/site-packages/turtle_party/follow.py
/home/tahaos/Code/Projects/rpwr-assignments/03_ros/ws/ros/install/turtle_party/lib/python3.12/site-packages/turtle_party/turtle_tf2_broadcaster.py
/home/tahaos/Code/Projects/rpwr-assignments/03_ros/ws/ros/install/turtle_party/lib/python3.12/site-packages/turtle_party/__init__.py
/home/tahaos/Code/Projects/rpwr-assignments/03_ros/ws/ros/install/turtle_party/lib/python3.12/site-packages/turtle_party/turtle_tf2_listener.py
/home/tahaos/Code/Projects/rpwr-assignments/03_ros/ws/ros/install/turtle_party/lib/python3.12/site-packages/turtle_party/__pycache__/follow.cpython-312.pyc
/home/tahaos/Code/Projects/rpwr-assignments/03_ros/ws/ros/install/turtle_party/lib/python3.12/site-packages/turtle_party/__pycache__/turtle_tf2_broadcaster.cpython-312.pyc
/home/tahaos/Code/Projects/rpwr-assignments/03_ros/ws/ros/install/turtle_party/lib/python3.12/site-packages/turtle_party/__pycache__/__init__.cpython-312.pyc
/home/tahaos/Code/Projects/rpwr-assignments/03_ros/ws/ros/install/turtle_party/lib/python3.12/site-packages/turtle_party/__pycache__/turtle_tf2_listener.cpython-312.pyc
/home/tahaos/Code/Projects/rpwr-assignments/03_ros/ws/ros/install/turtle_party/share/ament_index/resource_index/packages/turtle_party
/home/tahaos/Code/Projects/rpwr-assignments/03_ros/ws/ros/install/turtle_party/share/turtle_party/package.xml
/home/tahaos/Code/Projects/rpwr-assignments/03_ros/ws/ros/install/turtle_party/share/turtle_party/launch/turtle_tf2_demo_launch.py
/home/tahaos/Code/Projects/rpwr-assignments/03_ros/ws/ros/install/turtle_party/share/turtle_party/launch/turtles_gone_wild.launch
/home/tahaos/Code/Projects/rpwr-assignments/03_ros/ws/ros/install/turtle_party/lib/python3.12/site-packages/turtle_party-0.0.0-py3.12.egg-info/entry_points.txt
/home/tahaos/Code/Projects/rpwr-assignments/03_ros/ws/ros/install/turtle_party/lib/python3.12/site-packages/turtle_party-0.0.0-py3.12.egg-info/requires.txt
/home/tahaos/Code/Projects/rpwr-assignments/03_ros/ws/ros/install/turtle_party/lib/python3.12/site-packages/turtle_party-0.0.0-py3.12.egg-info/dependency_links.txt
/home/tahaos/Code/Projects/rpwr-assignments/03_ros/ws/ros/install/turtle_party/lib/python3.12/site-packages/turtle_party-0.0.0-py3.12.egg-info/top_level.txt
/home/tahaos/Code/Projects/rpwr-assignments/03_ros/ws/ros/install/turtle_party/lib/python3.12/site-packages/turtle_party-0.0.0-py3.12.egg-info/zip-safe
/home/tahaos/Code/Projects/rpwr-assignments/03_ros/ws/ros/install/turtle_party/lib/python3.12/site-packages/turtle_party-0.0.0-py3.12.egg-info/PKG-INFO
/home/tahaos/Code/Projects/rpwr-assignments/03_ros/ws/ros/install/turtle_party/lib/python3.12/site-packages/turtle_party-0.0.0-py3.12.egg-info/SOURCES.txt
/home/tahaos/Code/Projects/rpwr-assignments/03_ros/ws/ros/install/turtle_party/lib/turtle_party/follow
/home/tahaos/Code/Projects/rpwr-assignments/03_ros/ws/ros/install/turtle_party/lib/turtle_party/turtle_tf2_broadcaster
/home/tahaos/Code/Projects/rpwr-assignments/03_ros/ws/ros/install/turtle_party/lib/turtle_party/turtle_tf2_listener
