[0.055s] Invoking command in '/home/tahaos/Code/Projects/rpwr-assignments/04_navigation/ws/ros/build/irobot_create_gz_plugins': CMAKE_PREFIX_PATH=${CMAKE_PREFIX_PATH}:/opt/ros/jazzy VIRTUAL_ENV_PROMPT=(.rpwr_venv) /usr/bin/cmake /home/tahaos/Code/Projects/rpwr-assignments/04_navigation/ws/ros/src/create3_sim/irobot_create_gz/irobot_create_gz_plugins -DCMAKE_INSTALL_PREFIX=/home/tahaos/Code/Projects/rpwr-assignments/04_navigation/ws/ros/install/irobot_create_gz_plugins
[0.275s] -- The C compiler identification is GNU 13.3.0
[0.527s] -- The CXX compiler identification is GNU 13.3.0
[0.549s] -- Detecting C compiler ABI info
[0.661s] -- Detecting C compiler ABI info - done
[0.670s] -- Check for working C compiler: /usr/bin/cc - skipped
[0.671s] -- Detecting C compile features
[0.671s] -- Detecting C compile features - done
[0.682s] -- Detecting CXX compiler ABI info
[0.811s] -- Detecting CXX compiler ABI info - done
[0.827s] -- Check for working CXX compiler: /usr/bin/c++ - skipped
[0.828s] -- Detecting CXX compile features
[0.829s] -- Detecting CXX compile features - done
[0.841s] -- Found ament_cmake: 2.5.4 (/opt/ros/jazzy/share/ament_cmake/cmake)
[1.003s] -- Found Python3: /home/tahaos/Code/Projects/rpwr-assignments/.rpwr_venv/bin/python3 (found version "3.12.3") found components: Interpreter 
[1.241s] -- Found gz_gui_vendor: 0.0.5 (/opt/ros/jazzy/share/gz_gui_vendor/cmake)
[1.377s] -- Looking for gz-gui8 -- found version 8.4.0
[1.389s] -- Searching for dependencies of gz-gui8
[1.543s] -- Found Protobuf: /usr/lib/x86_64-linux-gnu/libprotobuf.so (found version "3.21.12") 
[1.551s] -- Checking for module 'tinyxml2'
[1.567s] --   Found tinyxml2, version 10.0.0
[1.607s] -- Looking for gz-utils2 -- found version 2.2.1
[1.607s] -- Searching for dependencies of gz-utils2
[1.614s] -- Looking for gz-math7 -- found version 7.5.2
[1.614s] -- Searching for dependencies of gz-math7
[1.614s] -- Looking for gz-utils2 -- found version 2.2.1
[1.620s] -- Looking for gz-common5 -- found version 5.7.1
[1.621s] -- Searching for dependencies of gz-common5
[1.621s] -- Looking for gz-utils2 -- found version 2.2.1
[1.622s] -- Looking for dlfcn.h - found
[1.623s] -- Looking for libdl - found
[1.624s] -- Found DL: TRUE  
[1.629s] -- Checking for module 'uuid'
[1.644s] --   Found uuid, version 2.39.3
[1.675s] -- Found UUID: TRUE  
[1.675s] -- Searching for <gz-common5> component [profiler]
[1.682s] -- Looking for gz-common5-profiler -- found version 5.7.1
[1.682s] -- Searching for dependencies of gz-common5-profiler
[1.689s] -- Looking for gz-plugin2 -- found version 2.0.4
[1.690s] -- Searching for dependencies of gz-plugin2
[1.690s] -- Looking for gz-utils2 -- found version 2.2.1
[1.690s] -- Searching for dependencies of gz-utils2
[1.691s] -- Searching for <gz-utils2> component [cli]
[1.699s] -- Looking for gz-utils2-cli -- found version 2.2.1
[1.699s] -- Searching for dependencies of gz-utils2-cli
[1.700s] -- Searching for <gz-plugin2> component [loader]
[1.708s] -- Looking for gz-plugin2-loader -- found version 2.0.4
[1.708s] -- Searching for dependencies of gz-plugin2-loader
[1.709s] -- Searching for <gz-plugin2> component [register]
[1.716s] -- Looking for gz-plugin2-register -- found version 2.0.4
[1.716s] -- Searching for dependencies of gz-plugin2-register
[1.723s] -- Looking for gz-transport13 -- found version 13.4.1
[1.723s] -- Searching for dependencies of gz-transport13
[1.794s] -- Config-file not installed for ZeroMQ -- checking for pkg-config
[1.801s] -- Checking for module 'libzmq >= 4'
[1.819s] --   Found libzmq, version 4.3.5
[1.866s] -- Found ZeroMQ: TRUE (Required is at least version "4") 
[1.876s] -- Looking for gz-utils2 -- found version 2.2.1
[1.881s] -- Looking for gz-msgs10 -- found version 10.3.2
[1.881s] -- Searching for dependencies of gz-msgs10
[1.913s] -- Looking for gz-utils2 -- found version 2.2.1
[1.914s] -- Looking for gz-math7 -- found version 7.5.2
[1.926s] -- Looking for gz-rendering8 -- found version 8.2.2
[1.927s] -- Searching for dependencies of gz-rendering8
[1.927s] -- Looking for gz-math7 -- found version 7.5.2
[1.927s] -- Searching for dependencies of gz-math7
[1.927s] -- Looking for gz-utils2 -- found version 2.2.1
[1.928s] -- Searching for <gz-math7> component [eigen3]
[1.933s] -- Looking for gz-math7-eigen3 -- found version 7.5.2
[1.933s] -- Searching for dependencies of gz-math7-eigen3
[1.955s] -- Looking for gz-common5 -- found version 5.7.1
[1.955s] -- Searching for dependencies of gz-common5
[1.955s] -- Looking for gz-utils2 -- found version 2.2.1
[1.956s] -- Looking for dlfcn.h - found
[1.956s] -- Looking for libdl - found
[1.964s] -- Searching for <gz-common5> component [graphics]
[1.972s] -- Looking for gz-common5-graphics -- found version 5.7.1
[1.973s] -- Searching for dependencies of gz-common5-graphics
[1.973s] -- Looking for gz-math7 -- found version 7.5.2
[1.992s] -- Found GzAssimp: TRUE (found version "5.3.0") 
[1.993s] -- Searching for <gz-common5> component [events]
[1.999s] -- Looking for gz-common5-events -- found version 5.7.1
[1.999s] -- Searching for dependencies of gz-common5-events
[2.000s] -- Looking for gz-math7 -- found version 7.5.2
[2.000s] -- Searching for <gz-common5> component [geospatial]
[2.006s] -- Looking for gz-common5-geospatial -- found version 5.7.1
[2.006s] -- Searching for dependencies of gz-common5-geospatial
[2.007s] -- Looking for gz-math7 -- found version 7.5.2
[2.007s] -- Looking for gz-common5 -- found version 5.7.1
[2.008s] -- Looking for gz-plugin2 -- found version 2.0.4
[2.008s] -- Searching for dependencies of gz-plugin2
[2.009s] -- Looking for gz-utils2 -- found version 2.2.1
[2.009s] -- Searching for <gz-plugin2> component [all]
[2.014s] -- Looking for all libraries of gz-plugin2 -- found version 2.0.4
[2.014s] -- Looking for gz-plugin2 -- found version 2.0.4
[2.015s] -- Looking for gz-utils2 -- found version 2.2.1
[2.036s] -- Found OpenGL: /usr/lib/x86_64-linux-gnu/libOpenGL.so  found components: OpenGL 
[2.037s] -- Looking for gz-msgs10 -- found version 10.3.2
[2.112s] -- Found ament_lint_auto: 0.17.2 (/opt/ros/jazzy/share/ament_lint_auto/cmake)
[2.138s] Traceback (most recent call last):
[2.138s]   File "/opt/ros/jazzy/share/ament_cmake_core/cmake/core/package_xml_2_cmake.py", line 22, in <module>
[2.138s]     from catkin_pkg.package import parse_package_string
[2.138s] ModuleNotFoundError: No module named 'catkin_pkg'
[2.142s] [31mCMake Error at /opt/ros/jazzy/share/ament_cmake_core/cmake/core/ament_package_xml.cmake:95 (message):
[2.142s]   
[2.142s]   execute_process(/home/tahaos/Code/Projects/rpwr-assignments/.rpwr_venv/bin/python3
[2.142s]   /opt/ros/jazzy/share/ament_cmake_core/cmake/core/package_xml_2_cmake.py
[2.142s]   /home/tahaos/Code/Projects/rpwr-assignments/04_navigation/ws/ros/src/create3_sim/irobot_create_gz/irobot_create_gz_plugins/package.xml
[2.142s]   /home/tahaos/Code/Projects/rpwr-assignments/04_navigation/ws/ros/build/irobot_create_gz_plugins/ament_cmake_core/package.cmake)
[2.142s]   returned error code 1
[2.142s] Call Stack (most recent call first):
[2.142s]   /opt/ros/jazzy/share/ament_cmake_core/cmake/core/ament_package_xml.cmake:49 (_ament_package_xml)
[2.142s]   /opt/ros/jazzy/share/ament_lint_auto/cmake/ament_lint_auto_find_test_dependencies.cmake:31 (ament_package_xml)
[2.143s]   CMakeLists.txt:19 (ament_lint_auto_find_test_dependencies)
[2.143s] 
[2.143s] [0m
[2.143s] -- Configuring incomplete, errors occurred!
