[0.032s] Invoking command in '/home/tahaos/Code/Projects/rpwr-assignments/internship/ws/ros/build/turtlebot4_msgs': CMAKE_PREFIX_PATH=${CMAKE_PREFIX_PATH}:/opt/ros/jazzy PS1=(.rpwr_venv) \[\e]0;\u@\h: \w\a\]${debian_chroot:+($debian_chroot)}\[\033[01;32m\]\u@\h\[\033[00m\]:\[\033[01;34m\]\w\[\033[00m\]\$ VIRTUAL_ENV_PROMPT=(.rpwr_venv) /usr/bin/cmake /home/tahaos/Code/Projects/rpwr-assignments/internship/ws/ros/src/turtlebot4/turtlebot4_msgs -DCMAKE_INSTALL_PREFIX=/home/tahaos/Code/Projects/rpwr-assignments/internship/ws/ros/install/turtlebot4_msgs
[0.107s] -- The C compiler identification is GNU 13.3.0
[0.171s] -- The CXX compiler identification is GNU 13.3.0
[0.191s] -- Detecting C compiler ABI info
[0.300s] -- Detecting C compiler ABI info - done
[0.313s] -- Check for working C compiler: /usr/bin/cc - skipped
[0.314s] -- Detecting C compile features
[0.314s] -- Detecting C compile features - done
[0.326s] -- Detecting CXX compiler ABI info
[0.465s] -- Detecting CXX compiler ABI info - done
[0.487s] -- Check for working CXX compiler: /usr/bin/c++ - skipped
[0.487s] -- Detecting CXX compile features
[0.488s] -- Detecting CXX compile features - done
[0.512s] -- Found ament_cmake: 2.5.4 (/opt/ros/jazzy/share/ament_cmake/cmake)
[0.714s] -- Found Python3: /home/tahaos/Code/Projects/rpwr-assignments/.rpwr_venv/bin/python3 (found version "3.12.3") found components: Interpreter 
[0.987s] -- Found ament_lint_auto: 0.17.2 (/opt/ros/jazzy/share/ament_lint_auto/cmake)
[1.245s] -- Found rosidl_default_generators: 1.6.0 (/opt/ros/jazzy/share/rosidl_default_generators/cmake)
[1.270s] -- Using all available rosidl_typesupport_c: rosidl_typesupport_fastrtps_c;rosidl_typesupport_introspection_c
[1.486s] -- Using all available rosidl_typesupport_cpp: rosidl_typesupport_fastrtps_cpp;rosidl_typesupport_introspection_cpp
[1.651s] -- Found rosidl_adapter: 4.6.5 (/opt/ros/jazzy/share/rosidl_adapter/cmake)
[1.662s] -- Found std_msgs: 5.3.6 (/opt/ros/jazzy/share/std_msgs/cmake)
[2.284s] -- Found ament_cmake_ros: 0.12.0 (/opt/ros/jazzy/share/ament_cmake_ros/cmake)
[2.764s] -- Using all available rosidl_typesupport_c: rosidl_typesupport_fastrtps_c;rosidl_typesupport_introspection_c
[3.493s] -- Using all available rosidl_typesupport_cpp: rosidl_typesupport_fastrtps_cpp;rosidl_typesupport_introspection_cpp
[3.510s] -- Found python_cmake_module: 0.11.1 (/opt/ros/jazzy/share/python_cmake_module/cmake)
[3.683s] -- Found PythonExtra: /home/tahaos/Code/Projects/rpwr-assignments/.rpwr_venv/bin/python3  
[4.401s] -- Found Python3: /home/tahaos/Code/Projects/rpwr-assignments/.rpwr_venv/bin/python3 (found version "3.12.3") found components: Interpreter Development NumPy Development.Module Development.Embed 
[4.450s] -- Added test 'copyright' to check source files copyright and LICENSE
[4.453s] -- Added test 'lint_cmake' to check CMake code style
[4.455s] -- Added test 'xmllint' to check XML markup files
[4.462s] -- Configuring done (4.4s)
[4.510s] -- Generating done (0.0s)
[4.527s] -- Build files have been written to: /home/tahaos/Code/Projects/rpwr-assignments/internship/ws/ros/build/turtlebot4_msgs
[4.537s] Invoked command in '/home/tahaos/Code/Projects/rpwr-assignments/internship/ws/ros/build/turtlebot4_msgs' returned '0': CMAKE_PREFIX_PATH=${CMAKE_PREFIX_PATH}:/opt/ros/jazzy PS1=(.rpwr_venv) \[\e]0;\u@\h: \w\a\]${debian_chroot:+($debian_chroot)}\[\033[01;32m\]\u@\h\[\033[00m\]:\[\033[01;34m\]\w\[\033[00m\]\$ VIRTUAL_ENV_PROMPT=(.rpwr_venv) /usr/bin/cmake /home/tahaos/Code/Projects/rpwr-assignments/internship/ws/ros/src/turtlebot4/turtlebot4_msgs -DCMAKE_INSTALL_PREFIX=/home/tahaos/Code/Projects/rpwr-assignments/internship/ws/ros/install/turtlebot4_msgs
[4.539s] Invoking command in '/home/tahaos/Code/Projects/rpwr-assignments/internship/ws/ros/build/turtlebot4_msgs': CMAKE_PREFIX_PATH=${CMAKE_PREFIX_PATH}:/opt/ros/jazzy PS1=(.rpwr_venv) \[\e]0;\u@\h: \w\a\]${debian_chroot:+($debian_chroot)}\[\033[01;32m\]\u@\h\[\033[00m\]:\[\033[01;34m\]\w\[\033[00m\]\$ VIRTUAL_ENV_PROMPT=(.rpwr_venv) /usr/bin/cmake --build /home/tahaos/Code/Projects/rpwr-assignments/internship/ws/ros/build/turtlebot4_msgs -- -j12 -l12
[4.613s] [  1%] [34m[1mGenerating type hashes for ROS interfaces[0m
[4.628s] [  1%] Built target ament_cmake_python_copy_turtlebot4_msgs
[4.914s] running egg_info
[4.941s] creating turtlebot4_msgs.egg-info
[4.941s] writing turtlebot4_msgs.egg-info/PKG-INFO
[4.942s] writing dependency_links to turtlebot4_msgs.egg-info/dependency_links.txt
[4.942s] writing top-level names to turtlebot4_msgs.egg-info/top_level.txt
[4.942s] writing manifest file 'turtlebot4_msgs.egg-info/SOURCES.txt'
[5.013s] reading manifest file 'turtlebot4_msgs.egg-info/SOURCES.txt'
[5.014s] writing manifest file 'turtlebot4_msgs.egg-info/SOURCES.txt'
[5.029s] [  1%] Built target turtlebot4_msgs__rosidl_generator_type_description
[5.051s] [  3%] [34m[1mGenerating C code for ROS interfaces[0m
[5.062s] [  5%] [34m[1mGenerating C++ code for ROS interfaces[0m
[5.082s] [  5%] Built target ament_cmake_python_build_turtlebot4_msgs_egg
[5.766s] [  5%] Built target turtlebot4_msgs__cpp
[6.210s] [  7%] [32mBuilding C object CMakeFiles/turtlebot4_msgs__rosidl_generator_c.dir/rosidl_generator_c/turtlebot4_msgs/msg/detail/user_led__functions.c.o[0m
[6.211s] [  9%] [32mBuilding C object CMakeFiles/turtlebot4_msgs__rosidl_generator_c.dir/rosidl_generator_c/turtlebot4_msgs/msg/detail/user_button__description.c.o[0m
[6.211s] [ 12%] [32mBuilding C object CMakeFiles/turtlebot4_msgs__rosidl_generator_c.dir/rosidl_generator_c/turtlebot4_msgs/msg/detail/user_button__type_support.c.o[0m
[6.212s] [ 11%] [32mBuilding C object CMakeFiles/turtlebot4_msgs__rosidl_generator_c.dir/rosidl_generator_c/turtlebot4_msgs/msg/detail/user_led__type_support.c.o[0m
[6.217s] [ 14%] [32mBuilding C object CMakeFiles/turtlebot4_msgs__rosidl_generator_c.dir/rosidl_generator_c/turtlebot4_msgs/msg/detail/user_button__functions.c.o[0m
[6.218s] [ 16%] [32mBuilding C object CMakeFiles/turtlebot4_msgs__rosidl_generator_c.dir/rosidl_generator_c/turtlebot4_msgs/msg/detail/user_led__description.c.o[0m
[6.222s] [ 18%] [32mBuilding C object CMakeFiles/turtlebot4_msgs__rosidl_generator_c.dir/rosidl_generator_c/turtlebot4_msgs/msg/detail/user_display__description.c.o[0m
[6.226s] [ 20%] [32mBuilding C object CMakeFiles/turtlebot4_msgs__rosidl_generator_c.dir/rosidl_generator_c/turtlebot4_msgs/msg/detail/user_display__functions.c.o[0m
[6.229s] [ 22%] [32mBuilding C object CMakeFiles/turtlebot4_msgs__rosidl_generator_c.dir/rosidl_generator_c/turtlebot4_msgs/msg/detail/user_display__type_support.c.o[0m
[6.333s] [ 24%] [32m[1mLinking C shared library libturtlebot4_msgs__rosidl_generator_c.so[0m
[6.384s] [ 24%] Built target turtlebot4_msgs__rosidl_generator_c
[6.405s] [ 33%] [34m[1mGenerating C++ type support dispatch for ROS interfaces[0m
[6.405s] [ 33%] [34m[1mGenerating C++ type support for eProsima Fast-RTPS[0m
[6.405s] [ 33%] [34m[1mGenerating C type support for eProsima Fast-RTPS[0m
[6.405s] [ 33%] [34m[1mGenerating C type support dispatch for ROS interfaces[0m
[6.406s] [ 33%] [34m[1mGenerating C introspection for ROS interfaces[0m
[6.408s] [ 35%] [34m[1mGenerating C++ introspection for ROS interfaces[0m
[7.236s] [ 37%] [32mBuilding CXX object CMakeFiles/turtlebot4_msgs__rosidl_typesupport_c.dir/rosidl_typesupport_c/turtlebot4_msgs/msg/user_led__type_support.cpp.o[0m
[7.254s] [ 38%] [32mBuilding CXX object CMakeFiles/turtlebot4_msgs__rosidl_typesupport_c.dir/rosidl_typesupport_c/turtlebot4_msgs/msg/user_button__type_support.cpp.o[0m
[7.258s] [ 40%] [32mBuilding CXX object CMakeFiles/turtlebot4_msgs__rosidl_typesupport_c.dir/rosidl_typesupport_c/turtlebot4_msgs/msg/user_display__type_support.cpp.o[0m
[7.283s] [ 42%] [32mBuilding CXX object CMakeFiles/turtlebot4_msgs__rosidl_typesupport_cpp.dir/rosidl_typesupport_cpp/turtlebot4_msgs/msg/user_led__type_support.cpp.o[0m
[7.295s] [ 44%] [32mBuilding CXX object CMakeFiles/turtlebot4_msgs__rosidl_typesupport_cpp.dir/rosidl_typesupport_cpp/turtlebot4_msgs/msg/user_button__type_support.cpp.o[0m
[7.309s] [ 46%] [32mBuilding CXX object CMakeFiles/turtlebot4_msgs__rosidl_typesupport_cpp.dir/rosidl_typesupport_cpp/turtlebot4_msgs/msg/user_display__type_support.cpp.o[0m
[7.390s] [ 48%] [32mBuilding CXX object CMakeFiles/turtlebot4_msgs__rosidl_typesupport_introspection_cpp.dir/rosidl_typesupport_introspection_cpp/turtlebot4_msgs/msg/detail/user_led__type_support.cpp.o[0m
[7.401s] [ 50%] [32m[1mLinking CXX shared library libturtlebot4_msgs__rosidl_typesupport_c.so[0m
[7.409s] [ 53%] [32mBuilding CXX object CMakeFiles/turtlebot4_msgs__rosidl_typesupport_introspection_cpp.dir/rosidl_typesupport_introspection_cpp/turtlebot4_msgs/msg/detail/user_display__type_support.cpp.o[0m
[7.409s] [ 53%] [32mBuilding CXX object CMakeFiles/turtlebot4_msgs__rosidl_typesupport_introspection_cpp.dir/rosidl_typesupport_introspection_cpp/turtlebot4_msgs/msg/detail/user_button__type_support.cpp.o[0m
[7.576s] [ 55%] [32mBuilding C object CMakeFiles/turtlebot4_msgs__rosidl_typesupport_introspection_c.dir/rosidl_typesupport_introspection_c/turtlebot4_msgs/msg/detail/user_button__type_support.c.o[0m
[7.577s] [ 57%] [32mBuilding C object CMakeFiles/turtlebot4_msgs__rosidl_typesupport_introspection_c.dir/rosidl_typesupport_introspection_c/turtlebot4_msgs/msg/detail/user_led__type_support.c.o[0m
[7.587s] [ 59%] [32mBuilding C object CMakeFiles/turtlebot4_msgs__rosidl_typesupport_introspection_c.dir/rosidl_typesupport_introspection_c/turtlebot4_msgs/msg/detail/user_display__type_support.c.o[0m
[7.601s] [ 59%] Built target turtlebot4_msgs__rosidl_typesupport_c
[7.607s] [ 61%] [32mBuilding CXX object CMakeFiles/turtlebot4_msgs__rosidl_typesupport_fastrtps_c.dir/rosidl_typesupport_fastrtps_c/turtlebot4_msgs/msg/detail/user_led__type_support_c.cpp.o[0m
[7.628s] [ 62%] [32mBuilding CXX object CMakeFiles/turtlebot4_msgs__rosidl_typesupport_fastrtps_cpp.dir/rosidl_typesupport_fastrtps_cpp/turtlebot4_msgs/msg/detail/dds_fastrtps/user_led__type_support.cpp.o[0m
[7.635s] [ 64%] [32mBuilding CXX object CMakeFiles/turtlebot4_msgs__rosidl_typesupport_fastrtps_c.dir/rosidl_typesupport_fastrtps_c/turtlebot4_msgs/msg/detail/user_button__type_support_c.cpp.o[0m
[7.703s] [ 66%] [32mBuilding CXX object CMakeFiles/turtlebot4_msgs__rosidl_typesupport_fastrtps_cpp.dir/rosidl_typesupport_fastrtps_cpp/turtlebot4_msgs/msg/detail/dds_fastrtps/user_button__type_support.cpp.o[0m
[7.718s] [ 68%] [32mBuilding CXX object CMakeFiles/turtlebot4_msgs__rosidl_typesupport_fastrtps_cpp.dir/rosidl_typesupport_fastrtps_cpp/turtlebot4_msgs/msg/detail/dds_fastrtps/user_display__type_support.cpp.o[0m
[7.735s] [ 70%] [32m[1mLinking C shared library libturtlebot4_msgs__rosidl_typesupport_introspection_c.so[0m
[7.877s] [ 70%] Built target turtlebot4_msgs__rosidl_typesupport_introspection_c
[7.931s] [ 72%] [32mBuilding CXX object CMakeFiles/turtlebot4_msgs__rosidl_typesupport_fastrtps_c.dir/rosidl_typesupport_fastrtps_c/turtlebot4_msgs/msg/detail/user_display__type_support_c.cpp.o[0m
[8.483s] [ 74%] [32m[1mLinking CXX shared library libturtlebot4_msgs__rosidl_typesupport_cpp.so[0m
[8.613s] [ 74%] Built target turtlebot4_msgs__rosidl_typesupport_cpp
[8.791s] [ 75%] [32m[1mLinking CXX shared library libturtlebot4_msgs__rosidl_typesupport_introspection_cpp.so[0m
[9.238s] [ 75%] Built target turtlebot4_msgs__rosidl_typesupport_introspection_cpp
[9.825s] [ 77%] [32m[1mLinking CXX shared library libturtlebot4_msgs__rosidl_typesupport_fastrtps_cpp.so[0m
[10.185s] [ 79%] [32m[1mLinking CXX shared library libturtlebot4_msgs__rosidl_typesupport_fastrtps_c.so[0m
[10.191s] [ 79%] Built target turtlebot4_msgs__rosidl_typesupport_fastrtps_cpp
[10.490s] [ 79%] Built target turtlebot4_msgs__rosidl_typesupport_fastrtps_c
[10.549s] [ 79%] Built target turtlebot4_msgs
[10.636s] [ 81%] [34m[1mGenerating Python code for ROS interfaces[0m
[13.962s] [ 81%] Built target turtlebot4_msgs__py
[14.091s] [ 83%] [32mBuilding C object CMakeFiles/turtlebot4_msgs__rosidl_generator_py.dir/rosidl_generator_py/turtlebot4_msgs/msg/_user_display_s.c.o[0m
[14.106s] [ 85%] [32mBuilding C object CMakeFiles/turtlebot4_msgs__rosidl_generator_py.dir/rosidl_generator_py/turtlebot4_msgs/msg/_user_button_s.c.o[0m
[14.106s] [ 87%] [32mBuilding C object CMakeFiles/turtlebot4_msgs__rosidl_generator_py.dir/rosidl_generator_py/turtlebot4_msgs/msg/_user_led_s.c.o[0m
[15.017s] [ 88%] [32m[1mLinking C shared library libturtlebot4_msgs__rosidl_generator_py.so[0m
[15.257s] [ 88%] Built target turtlebot4_msgs__rosidl_generator_py
[15.386s] [ 90%] [32mBuilding C object CMakeFiles/turtlebot4_msgs_s__rosidl_typesupport_introspection_c.dir/rosidl_generator_py/turtlebot4_msgs/_turtlebot4_msgs_s.ep.rosidl_typesupport_introspection_c.c.o[0m
[15.409s] [ 92%] [32mBuilding C object CMakeFiles/turtlebot4_msgs_s__rosidl_typesupport_c.dir/rosidl_generator_py/turtlebot4_msgs/_turtlebot4_msgs_s.ep.rosidl_typesupport_c.c.o[0m
[15.415s] [ 94%] [32mBuilding C object CMakeFiles/turtlebot4_msgs_s__rosidl_typesupport_fastrtps_c.dir/rosidl_generator_py/turtlebot4_msgs/_turtlebot4_msgs_s.ep.rosidl_typesupport_fastrtps_c.c.o[0m
[15.754s] [ 96%] [32m[1mLinking C shared module rosidl_generator_py/turtlebot4_msgs/turtlebot4_msgs_s__rosidl_typesupport_c.so[0m
[15.872s] [ 96%] Built target turtlebot4_msgs_s__rosidl_typesupport_c
[16.076s] [ 98%] [32m[1mLinking C shared module rosidl_generator_py/turtlebot4_msgs/turtlebot4_msgs_s__rosidl_typesupport_introspection_c.so[0m
[16.218s] [ 98%] Built target turtlebot4_msgs_s__rosidl_typesupport_introspection_c
[16.224s] [100%] [32m[1mLinking C shared module rosidl_generator_py/turtlebot4_msgs/turtlebot4_msgs_s__rosidl_typesupport_fastrtps_c.so[0m
[16.370s] [100%] Built target turtlebot4_msgs_s__rosidl_typesupport_fastrtps_c
[16.428s] Invoked command in '/home/tahaos/Code/Projects/rpwr-assignments/internship/ws/ros/build/turtlebot4_msgs' returned '0': CMAKE_PREFIX_PATH=${CMAKE_PREFIX_PATH}:/opt/ros/jazzy PS1=(.rpwr_venv) \[\e]0;\u@\h: \w\a\]${debian_chroot:+($debian_chroot)}\[\033[01;32m\]\u@\h\[\033[00m\]:\[\033[01;34m\]\w\[\033[00m\]\$ VIRTUAL_ENV_PROMPT=(.rpwr_venv) /usr/bin/cmake --build /home/tahaos/Code/Projects/rpwr-assignments/internship/ws/ros/build/turtlebot4_msgs -- -j12 -l12
[16.433s] Invoking command in '/home/tahaos/Code/Projects/rpwr-assignments/internship/ws/ros/build/turtlebot4_msgs': CMAKE_PREFIX_PATH=${CMAKE_PREFIX_PATH}:/opt/ros/jazzy PS1=(.rpwr_venv) \[\e]0;\u@\h: \w\a\]${debian_chroot:+($debian_chroot)}\[\033[01;32m\]\u@\h\[\033[00m\]:\[\033[01;34m\]\w\[\033[00m\]\$ VIRTUAL_ENV_PROMPT=(.rpwr_venv) /usr/bin/cmake --install /home/tahaos/Code/Projects/rpwr-assignments/internship/ws/ros/build/turtlebot4_msgs
[16.471s] -- Install configuration: ""
[16.471s] -- Installing: /home/tahaos/Code/Projects/rpwr-assignments/internship/ws/ros/install/turtlebot4_msgs/share/ament_index/resource_index/rosidl_interfaces/turtlebot4_msgs
[16.471s] -- Installing: /home/tahaos/Code/Projects/rpwr-assignments/internship/ws/ros/install/turtlebot4_msgs/share/turtlebot4_msgs/msg/UserLed.json
[16.472s] -- Installing: /home/tahaos/Code/Projects/rpwr-assignments/internship/ws/ros/install/turtlebot4_msgs/share/turtlebot4_msgs/msg/UserButton.json
[16.473s] -- Installing: /home/tahaos/Code/Projects/rpwr-assignments/internship/ws/ros/install/turtlebot4_msgs/share/turtlebot4_msgs/msg/UserDisplay.json
[16.473s] -- Installing: /home/tahaos/Code/Projects/rpwr-assignments/internship/ws/ros/install/turtlebot4_msgs/include/turtlebot4_msgs/turtlebot4_msgs
[16.474s] -- Installing: /home/tahaos/Code/Projects/rpwr-assignments/internship/ws/ros/install/turtlebot4_msgs/include/turtlebot4_msgs/turtlebot4_msgs/msg
[16.474s] -- Installing: /home/tahaos/Code/Projects/rpwr-assignments/internship/ws/ros/install/turtlebot4_msgs/include/turtlebot4_msgs/turtlebot4_msgs/msg/user_led.h
[16.481s] -- Installing: /home/tahaos/Code/Projects/rpwr-assignments/internship/ws/ros/install/turtlebot4_msgs/include/turtlebot4_msgs/turtlebot4_msgs/msg/detail
[16.481s] -- Installing: /home/tahaos/Code/Projects/rpwr-assignments/internship/ws/ros/install/turtlebot4_msgs/include/turtlebot4_msgs/turtlebot4_msgs/msg/detail/user_button__struct.h
[16.481s] -- Installing: /home/tahaos/Code/Projects/rpwr-assignments/internship/ws/ros/install/turtlebot4_msgs/include/turtlebot4_msgs/turtlebot4_msgs/msg/detail/user_display__description.c
[16.481s] -- Installing: /home/tahaos/Code/Projects/rpwr-assignments/internship/ws/ros/install/turtlebot4_msgs/include/turtlebot4_msgs/turtlebot4_msgs/msg/detail/user_display__type_support.h
[16.481s] -- Installing: /home/tahaos/Code/Projects/rpwr-assignments/internship/ws/ros/install/turtlebot4_msgs/include/turtlebot4_msgs/turtlebot4_msgs/msg/detail/user_button__description.c
[16.482s] -- Installing: /home/tahaos/Code/Projects/rpwr-assignments/internship/ws/ros/install/turtlebot4_msgs/include/turtlebot4_msgs/turtlebot4_msgs/msg/detail/user_display__type_support.c
[16.482s] -- Installing: /home/tahaos/Code/Projects/rpwr-assignments/internship/ws/ros/install/turtlebot4_msgs/include/turtlebot4_msgs/turtlebot4_msgs/msg/detail/user_led__functions.h
[16.482s] -- Installing: /home/tahaos/Code/Projects/rpwr-assignments/internship/ws/ros/install/turtlebot4_msgs/include/turtlebot4_msgs/turtlebot4_msgs/msg/detail/user_button__type_support.c
[16.482s] -- Installing: /home/tahaos/Code/Projects/rpwr-assignments/internship/ws/ros/install/turtlebot4_msgs/include/turtlebot4_msgs/turtlebot4_msgs/msg/detail/user_display__functions.c
[16.482s] -- Installing: /home/tahaos/Code/Projects/rpwr-assignments/internship/ws/ros/install/turtlebot4_msgs/include/turtlebot4_msgs/turtlebot4_msgs/msg/detail/user_display__struct.h
[16.483s] -- Installing: /home/tahaos/Code/Projects/rpwr-assignments/internship/ws/ros/install/turtlebot4_msgs/include/turtlebot4_msgs/turtlebot4_msgs/msg/detail/user_led__type_support.h
[16.484s] -- Installing: /home/tahaos/Code/Projects/rpwr-assignments/internship/ws/ros/install/turtlebot4_msgs/include/turtlebot4_msgs/turtlebot4_msgs/msg/detail/user_led__type_support.c
[16.484s] -- Installing: /home/tahaos/Code/Projects/rpwr-assignments/internship/ws/ros/install/turtlebot4_msgs/include/turtlebot4_msgs/turtlebot4_msgs/msg/detail/user_button__functions.c
[16.492s] -- Installing: /home/tahaos/Code/Projects/rpwr-assignments/internship/ws/ros/install/turtlebot4_msgs/include/turtlebot4_msgs/turtlebot4_msgs/msg/detail/user_button__functions.h
[16.492s] -- Installing: /home/tahaos/Code/Projects/rpwr-assignments/internship/ws/ros/install/turtlebot4_msgs/include/turtlebot4_msgs/turtlebot4_msgs/msg/detail/user_led__struct.h
[16.493s] -- Installing: /home/tahaos/Code/Projects/rpwr-assignments/internship/ws/ros/install/turtlebot4_msgs/include/turtlebot4_msgs/turtlebot4_msgs/msg/detail/user_led__functions.c
[16.493s] -- Installing: /home/tahaos/Code/Projects/rpwr-assignments/internship/ws/ros/install/turtlebot4_msgs/include/turtlebot4_msgs/turtlebot4_msgs/msg/detail/user_button__type_support.h
[16.493s] -- Installing: /home/tahaos/Code/Projects/rpwr-assignments/internship/ws/ros/install/turtlebot4_msgs/include/turtlebot4_msgs/turtlebot4_msgs/msg/detail/user_display__functions.h
[16.493s] -- Installing: /home/tahaos/Code/Projects/rpwr-assignments/internship/ws/ros/install/turtlebot4_msgs/include/turtlebot4_msgs/turtlebot4_msgs/msg/detail/user_led__description.c
[16.493s] -- Installing: /home/tahaos/Code/Projects/rpwr-assignments/internship/ws/ros/install/turtlebot4_msgs/include/turtlebot4_msgs/turtlebot4_msgs/msg/user_button.h
[16.493s] -- Installing: /home/tahaos/Code/Projects/rpwr-assignments/internship/ws/ros/install/turtlebot4_msgs/include/turtlebot4_msgs/turtlebot4_msgs/msg/rosidl_generator_c__visibility_control.h
[16.494s] -- Installing: /home/tahaos/Code/Projects/rpwr-assignments/internship/ws/ros/install/turtlebot4_msgs/include/turtlebot4_msgs/turtlebot4_msgs/msg/user_display.h
[16.494s] -- Installing: /home/tahaos/Code/Projects/rpwr-assignments/internship/ws/ros/install/turtlebot4_msgs/share/turtlebot4_msgs/environment/library_path.sh
[16.494s] -- Installing: /home/tahaos/Code/Projects/rpwr-assignments/internship/ws/ros/install/turtlebot4_msgs/share/turtlebot4_msgs/environment/library_path.dsv
[16.494s] -- Installing: /home/tahaos/Code/Projects/rpwr-assignments/internship/ws/ros/install/turtlebot4_msgs/lib/libturtlebot4_msgs__rosidl_generator_c.so
[16.494s] -- Set non-toolchain portion of runtime path of "/home/tahaos/Code/Projects/rpwr-assignments/internship/ws/ros/install/turtlebot4_msgs/lib/libturtlebot4_msgs__rosidl_generator_c.so" to ""
[16.495s] -- Up-to-date: /home/tahaos/Code/Projects/rpwr-assignments/internship/ws/ros/install/turtlebot4_msgs/include/turtlebot4_msgs/turtlebot4_msgs
[16.495s] -- Up-to-date: /home/tahaos/Code/Projects/rpwr-assignments/internship/ws/ros/install/turtlebot4_msgs/include/turtlebot4_msgs/turtlebot4_msgs/msg
[16.496s] -- Installing: /home/tahaos/Code/Projects/rpwr-assignments/internship/ws/ros/install/turtlebot4_msgs/include/turtlebot4_msgs/turtlebot4_msgs/msg/rosidl_typesupport_fastrtps_c__visibility_control.h
[16.496s] -- Up-to-date: /home/tahaos/Code/Projects/rpwr-assignments/internship/ws/ros/install/turtlebot4_msgs/include/turtlebot4_msgs/turtlebot4_msgs/msg/detail
[16.497s] -- Installing: /home/tahaos/Code/Projects/rpwr-assignments/internship/ws/ros/install/turtlebot4_msgs/include/turtlebot4_msgs/turtlebot4_msgs/msg/detail/user_button__rosidl_typesupport_fastrtps_c.h
[16.497s] -- Installing: /home/tahaos/Code/Projects/rpwr-assignments/internship/ws/ros/install/turtlebot4_msgs/include/turtlebot4_msgs/turtlebot4_msgs/msg/detail/user_display__rosidl_typesupport_fastrtps_c.h
[16.498s] -- Installing: /home/tahaos/Code/Projects/rpwr-assignments/internship/ws/ros/install/turtlebot4_msgs/include/turtlebot4_msgs/turtlebot4_msgs/msg/detail/user_led__rosidl_typesupport_fastrtps_c.h
[16.499s] -- Installing: /home/tahaos/Code/Projects/rpwr-assignments/internship/ws/ros/install/turtlebot4_msgs/lib/libturtlebot4_msgs__rosidl_typesupport_fastrtps_c.so
[16.500s] -- Set non-toolchain portion of runtime path of "/home/tahaos/Code/Projects/rpwr-assignments/internship/ws/ros/install/turtlebot4_msgs/lib/libturtlebot4_msgs__rosidl_typesupport_fastrtps_c.so" to ""
[16.500s] -- Up-to-date: /home/tahaos/Code/Projects/rpwr-assignments/internship/ws/ros/install/turtlebot4_msgs/include/turtlebot4_msgs/turtlebot4_msgs
[16.501s] -- Up-to-date: /home/tahaos/Code/Projects/rpwr-assignments/internship/ws/ros/install/turtlebot4_msgs/include/turtlebot4_msgs/turtlebot4_msgs/msg
[16.501s] -- Installing: /home/tahaos/Code/Projects/rpwr-assignments/internship/ws/ros/install/turtlebot4_msgs/include/turtlebot4_msgs/turtlebot4_msgs/msg/rosidl_typesupport_introspection_c__visibility_control.h
[16.502s] -- Up-to-date: /home/tahaos/Code/Projects/rpwr-assignments/internship/ws/ros/install/turtlebot4_msgs/include/turtlebot4_msgs/turtlebot4_msgs/msg/detail
[16.502s] -- Installing: /home/tahaos/Code/Projects/rpwr-assignments/internship/ws/ros/install/turtlebot4_msgs/include/turtlebot4_msgs/turtlebot4_msgs/msg/detail/user_button__rosidl_typesupport_introspection_c.h
[16.503s] -- Installing: /home/tahaos/Code/Projects/rpwr-assignments/internship/ws/ros/install/turtlebot4_msgs/include/turtlebot4_msgs/turtlebot4_msgs/msg/detail/user_display__rosidl_typesupport_introspection_c.h
[16.503s] -- Installing: /home/tahaos/Code/Projects/rpwr-assignments/internship/ws/ros/install/turtlebot4_msgs/include/turtlebot4_msgs/turtlebot4_msgs/msg/detail/user_display__type_support.c
[16.504s] -- Installing: /home/tahaos/Code/Projects/rpwr-assignments/internship/ws/ros/install/turtlebot4_msgs/include/turtlebot4_msgs/turtlebot4_msgs/msg/detail/user_button__type_support.c
[16.504s] -- Installing: /home/tahaos/Code/Projects/rpwr-assignments/internship/ws/ros/install/turtlebot4_msgs/include/turtlebot4_msgs/turtlebot4_msgs/msg/detail/user_led__type_support.c
[16.505s] -- Installing: /home/tahaos/Code/Projects/rpwr-assignments/internship/ws/ros/install/turtlebot4_msgs/include/turtlebot4_msgs/turtlebot4_msgs/msg/detail/user_led__rosidl_typesupport_introspection_c.h
[16.505s] -- Installing: /home/tahaos/Code/Projects/rpwr-assignments/internship/ws/ros/install/turtlebot4_msgs/lib/libturtlebot4_msgs__rosidl_typesupport_introspection_c.so
[16.506s] -- Set non-toolchain portion of runtime path of "/home/tahaos/Code/Projects/rpwr-assignments/internship/ws/ros/install/turtlebot4_msgs/lib/libturtlebot4_msgs__rosidl_typesupport_introspection_c.so" to ""
[16.507s] -- Installing: /home/tahaos/Code/Projects/rpwr-assignments/internship/ws/ros/install/turtlebot4_msgs/lib/libturtlebot4_msgs__rosidl_typesupport_c.so
[16.508s] -- Set non-toolchain portion of runtime path of "/home/tahaos/Code/Projects/rpwr-assignments/internship/ws/ros/install/turtlebot4_msgs/lib/libturtlebot4_msgs__rosidl_typesupport_c.so" to ""
[16.508s] -- Up-to-date: /home/tahaos/Code/Projects/rpwr-assignments/internship/ws/ros/install/turtlebot4_msgs/include/turtlebot4_msgs/turtlebot4_msgs
[16.508s] -- Up-to-date: /home/tahaos/Code/Projects/rpwr-assignments/internship/ws/ros/install/turtlebot4_msgs/include/turtlebot4_msgs/turtlebot4_msgs/msg
[16.509s] -- Installing: /home/tahaos/Code/Projects/rpwr-assignments/internship/ws/ros/install/turtlebot4_msgs/include/turtlebot4_msgs/turtlebot4_msgs/msg/rosidl_generator_cpp__visibility_control.hpp
[16.509s] -- Installing: /home/tahaos/Code/Projects/rpwr-assignments/internship/ws/ros/install/turtlebot4_msgs/include/turtlebot4_msgs/turtlebot4_msgs/msg/user_led.hpp
[16.510s] -- Installing: /home/tahaos/Code/Projects/rpwr-assignments/internship/ws/ros/install/turtlebot4_msgs/include/turtlebot4_msgs/turtlebot4_msgs/msg/user_button.hpp
[16.511s] -- Up-to-date: /home/tahaos/Code/Projects/rpwr-assignments/internship/ws/ros/install/turtlebot4_msgs/include/turtlebot4_msgs/turtlebot4_msgs/msg/detail
[16.511s] -- Installing: /home/tahaos/Code/Projects/rpwr-assignments/internship/ws/ros/install/turtlebot4_msgs/include/turtlebot4_msgs/turtlebot4_msgs/msg/detail/user_display__type_support.hpp
[16.512s] -- Installing: /home/tahaos/Code/Projects/rpwr-assignments/internship/ws/ros/install/turtlebot4_msgs/include/turtlebot4_msgs/turtlebot4_msgs/msg/detail/user_button__type_support.hpp
[16.512s] -- Installing: /home/tahaos/Code/Projects/rpwr-assignments/internship/ws/ros/install/turtlebot4_msgs/include/turtlebot4_msgs/turtlebot4_msgs/msg/detail/user_button__builder.hpp
[16.512s] -- Installing: /home/tahaos/Code/Projects/rpwr-assignments/internship/ws/ros/install/turtlebot4_msgs/include/turtlebot4_msgs/turtlebot4_msgs/msg/detail/user_button__struct.hpp
[16.513s] -- Installing: /home/tahaos/Code/Projects/rpwr-assignments/internship/ws/ros/install/turtlebot4_msgs/include/turtlebot4_msgs/turtlebot4_msgs/msg/detail/user_display__builder.hpp
[16.513s] -- Installing: /home/tahaos/Code/Projects/rpwr-assignments/internship/ws/ros/install/turtlebot4_msgs/include/turtlebot4_msgs/turtlebot4_msgs/msg/detail/user_led__type_support.hpp
[16.514s] -- Installing: /home/tahaos/Code/Projects/rpwr-assignments/internship/ws/ros/install/turtlebot4_msgs/include/turtlebot4_msgs/turtlebot4_msgs/msg/detail/user_led__traits.hpp
[16.514s] -- Installing: /home/tahaos/Code/Projects/rpwr-assignments/internship/ws/ros/install/turtlebot4_msgs/include/turtlebot4_msgs/turtlebot4_msgs/msg/detail/user_display__struct.hpp
[16.515s] -- Installing: /home/tahaos/Code/Projects/rpwr-assignments/internship/ws/ros/install/turtlebot4_msgs/include/turtlebot4_msgs/turtlebot4_msgs/msg/detail/user_button__traits.hpp
[16.515s] -- Installing: /home/tahaos/Code/Projects/rpwr-assignments/internship/ws/ros/install/turtlebot4_msgs/include/turtlebot4_msgs/turtlebot4_msgs/msg/detail/user_display__traits.hpp
[16.516s] -- Installing: /home/tahaos/Code/Projects/rpwr-assignments/internship/ws/ros/install/turtlebot4_msgs/include/turtlebot4_msgs/turtlebot4_msgs/msg/detail/user_led__builder.hpp
[16.516s] -- Installing: /home/tahaos/Code/Projects/rpwr-assignments/internship/ws/ros/install/turtlebot4_msgs/include/turtlebot4_msgs/turtlebot4_msgs/msg/detail/user_led__struct.hpp
[16.517s] -- Installing: /home/tahaos/Code/Projects/rpwr-assignments/internship/ws/ros/install/turtlebot4_msgs/include/turtlebot4_msgs/turtlebot4_msgs/msg/user_display.hpp
[16.518s] -- Up-to-date: /home/tahaos/Code/Projects/rpwr-assignments/internship/ws/ros/install/turtlebot4_msgs/include/turtlebot4_msgs/turtlebot4_msgs
[16.518s] -- Up-to-date: /home/tahaos/Code/Projects/rpwr-assignments/internship/ws/ros/install/turtlebot4_msgs/include/turtlebot4_msgs/turtlebot4_msgs/msg
[16.518s] -- Up-to-date: /home/tahaos/Code/Projects/rpwr-assignments/internship/ws/ros/install/turtlebot4_msgs/include/turtlebot4_msgs/turtlebot4_msgs/msg/detail
[16.519s] -- Installing: /home/tahaos/Code/Projects/rpwr-assignments/internship/ws/ros/install/turtlebot4_msgs/include/turtlebot4_msgs/turtlebot4_msgs/msg/detail/user_button__rosidl_typesupport_fastrtps_cpp.hpp
[16.519s] -- Installing: /home/tahaos/Code/Projects/rpwr-assignments/internship/ws/ros/install/turtlebot4_msgs/include/turtlebot4_msgs/turtlebot4_msgs/msg/detail/user_display__rosidl_typesupport_fastrtps_cpp.hpp
[16.520s] -- Installing: /home/tahaos/Code/Projects/rpwr-assignments/internship/ws/ros/install/turtlebot4_msgs/include/turtlebot4_msgs/turtlebot4_msgs/msg/detail/dds_fastrtps
[16.521s] -- Installing: /home/tahaos/Code/Projects/rpwr-assignments/internship/ws/ros/install/turtlebot4_msgs/include/turtlebot4_msgs/turtlebot4_msgs/msg/detail/user_led__rosidl_typesupport_fastrtps_cpp.hpp
[16.524s] -- Installing: /home/tahaos/Code/Projects/rpwr-assignments/internship/ws/ros/install/turtlebot4_msgs/include/turtlebot4_msgs/turtlebot4_msgs/msg/rosidl_typesupport_fastrtps_cpp__visibility_control.h
[16.525s] -- Installing: /home/tahaos/Code/Projects/rpwr-assignments/internship/ws/ros/install/turtlebot4_msgs/lib/libturtlebot4_msgs__rosidl_typesupport_fastrtps_cpp.so
[16.526s] -- Set non-toolchain portion of runtime path of "/home/tahaos/Code/Projects/rpwr-assignments/internship/ws/ros/install/turtlebot4_msgs/lib/libturtlebot4_msgs__rosidl_typesupport_fastrtps_cpp.so" to ""
[16.526s] -- Up-to-date: /home/tahaos/Code/Projects/rpwr-assignments/internship/ws/ros/install/turtlebot4_msgs/include/turtlebot4_msgs/turtlebot4_msgs
[16.527s] -- Up-to-date: /home/tahaos/Code/Projects/rpwr-assignments/internship/ws/ros/install/turtlebot4_msgs/include/turtlebot4_msgs/turtlebot4_msgs/msg
[16.527s] -- Up-to-date: /home/tahaos/Code/Projects/rpwr-assignments/internship/ws/ros/install/turtlebot4_msgs/include/turtlebot4_msgs/turtlebot4_msgs/msg/detail
[16.527s] -- Installing: /home/tahaos/Code/Projects/rpwr-assignments/internship/ws/ros/install/turtlebot4_msgs/include/turtlebot4_msgs/turtlebot4_msgs/msg/detail/user_display__rosidl_typesupport_introspection_cpp.hpp
[16.528s] -- Installing: /home/tahaos/Code/Projects/rpwr-assignments/internship/ws/ros/install/turtlebot4_msgs/include/turtlebot4_msgs/turtlebot4_msgs/msg/detail/user_button__rosidl_typesupport_introspection_cpp.hpp
[16.528s] -- Installing: /home/tahaos/Code/Projects/rpwr-assignments/internship/ws/ros/install/turtlebot4_msgs/include/turtlebot4_msgs/turtlebot4_msgs/msg/detail/user_led__rosidl_typesupport_introspection_cpp.hpp
[16.528s] -- Installing: /home/tahaos/Code/Projects/rpwr-assignments/internship/ws/ros/install/turtlebot4_msgs/include/turtlebot4_msgs/turtlebot4_msgs/msg/detail/user_led__type_support.cpp
[16.531s] -- Installing: /home/tahaos/Code/Projects/rpwr-assignments/internship/ws/ros/install/turtlebot4_msgs/include/turtlebot4_msgs/turtlebot4_msgs/msg/detail/user_button__type_support.cpp
[16.531s] -- Installing: /home/tahaos/Code/Projects/rpwr-assignments/internship/ws/ros/install/turtlebot4_msgs/include/turtlebot4_msgs/turtlebot4_msgs/msg/detail/user_display__type_support.cpp
[16.531s] -- Installing: /home/tahaos/Code/Projects/rpwr-assignments/internship/ws/ros/install/turtlebot4_msgs/lib/libturtlebot4_msgs__rosidl_typesupport_introspection_cpp.so
[16.531s] -- Set non-toolchain portion of runtime path of "/home/tahaos/Code/Projects/rpwr-assignments/internship/ws/ros/install/turtlebot4_msgs/lib/libturtlebot4_msgs__rosidl_typesupport_introspection_cpp.so" to ""
[16.532s] -- Installing: /home/tahaos/Code/Projects/rpwr-assignments/internship/ws/ros/install/turtlebot4_msgs/lib/libturtlebot4_msgs__rosidl_typesupport_cpp.so
[16.533s] -- Set non-toolchain portion of runtime path of "/home/tahaos/Code/Projects/rpwr-assignments/internship/ws/ros/install/turtlebot4_msgs/lib/libturtlebot4_msgs__rosidl_typesupport_cpp.so" to ""
[16.534s] -- Installing: /home/tahaos/Code/Projects/rpwr-assignments/internship/ws/ros/install/turtlebot4_msgs/share/turtlebot4_msgs/environment/pythonpath.sh
[16.534s] -- Installing: /home/tahaos/Code/Projects/rpwr-assignments/internship/ws/ros/install/turtlebot4_msgs/share/turtlebot4_msgs/environment/pythonpath.dsv
[16.534s] -- Installing: /home/tahaos/Code/Projects/rpwr-assignments/internship/ws/ros/install/turtlebot4_msgs/lib/python3.12/site-packages/turtlebot4_msgs-2.0.1-py3.12.egg-info
[16.535s] -- Installing: /home/tahaos/Code/Projects/rpwr-assignments/internship/ws/ros/install/turtlebot4_msgs/lib/python3.12/site-packages/turtlebot4_msgs-2.0.1-py3.12.egg-info/dependency_links.txt
[16.535s] -- Installing: /home/tahaos/Code/Projects/rpwr-assignments/internship/ws/ros/install/turtlebot4_msgs/lib/python3.12/site-packages/turtlebot4_msgs-2.0.1-py3.12.egg-info/top_level.txt
[16.536s] -- Installing: /home/tahaos/Code/Projects/rpwr-assignments/internship/ws/ros/install/turtlebot4_msgs/lib/python3.12/site-packages/turtlebot4_msgs-2.0.1-py3.12.egg-info/PKG-INFO
[16.537s] -- Installing: /home/tahaos/Code/Projects/rpwr-assignments/internship/ws/ros/install/turtlebot4_msgs/lib/python3.12/site-packages/turtlebot4_msgs-2.0.1-py3.12.egg-info/SOURCES.txt
[16.537s] -- Installing: /home/tahaos/Code/Projects/rpwr-assignments/internship/ws/ros/install/turtlebot4_msgs/lib/python3.12/site-packages/turtlebot4_msgs
[16.538s] -- Installing: /home/tahaos/Code/Projects/rpwr-assignments/internship/ws/ros/install/turtlebot4_msgs/lib/python3.12/site-packages/turtlebot4_msgs/msg
[16.538s] -- Installing: /home/tahaos/Code/Projects/rpwr-assignments/internship/ws/ros/install/turtlebot4_msgs/lib/python3.12/site-packages/turtlebot4_msgs/msg/_user_display_s.c
[16.538s] -- Installing: /home/tahaos/Code/Projects/rpwr-assignments/internship/ws/ros/install/turtlebot4_msgs/lib/python3.12/site-packages/turtlebot4_msgs/msg/_user_led.py
[16.538s] -- Installing: /home/tahaos/Code/Projects/rpwr-assignments/internship/ws/ros/install/turtlebot4_msgs/lib/python3.12/site-packages/turtlebot4_msgs/msg/_user_led_s.c
[16.539s] -- Installing: /home/tahaos/Code/Projects/rpwr-assignments/internship/ws/ros/install/turtlebot4_msgs/lib/python3.12/site-packages/turtlebot4_msgs/msg/_user_button_s.c
[16.539s] -- Installing: /home/tahaos/Code/Projects/rpwr-assignments/internship/ws/ros/install/turtlebot4_msgs/lib/python3.12/site-packages/turtlebot4_msgs/msg/_user_button.py
[16.539s] -- Installing: /home/tahaos/Code/Projects/rpwr-assignments/internship/ws/ros/install/turtlebot4_msgs/lib/python3.12/site-packages/turtlebot4_msgs/msg/_user_display.py
[16.539s] -- Installing: /home/tahaos/Code/Projects/rpwr-assignments/internship/ws/ros/install/turtlebot4_msgs/lib/python3.12/site-packages/turtlebot4_msgs/msg/__init__.py
[16.539s] -- Installing: /home/tahaos/Code/Projects/rpwr-assignments/internship/ws/ros/install/turtlebot4_msgs/lib/python3.12/site-packages/turtlebot4_msgs/turtlebot4_msgs_s__rosidl_typesupport_fastrtps_c.so
[16.539s] -- Installing: /home/tahaos/Code/Projects/rpwr-assignments/internship/ws/ros/install/turtlebot4_msgs/lib/python3.12/site-packages/turtlebot4_msgs/turtlebot4_msgs_s__rosidl_typesupport_introspection_c.so
[16.539s] -- Installing: /home/tahaos/Code/Projects/rpwr-assignments/internship/ws/ros/install/turtlebot4_msgs/lib/python3.12/site-packages/turtlebot4_msgs/_turtlebot4_msgs_s.ep.rosidl_typesupport_c.c
[16.540s] -- Installing: /home/tahaos/Code/Projects/rpwr-assignments/internship/ws/ros/install/turtlebot4_msgs/lib/python3.12/site-packages/turtlebot4_msgs/_turtlebot4_msgs_s.ep.rosidl_typesupport_fastrtps_c.c
[16.543s] -- Installing: /home/tahaos/Code/Projects/rpwr-assignments/internship/ws/ros/install/turtlebot4_msgs/lib/python3.12/site-packages/turtlebot4_msgs/__init__.py
[16.543s] -- Installing: /home/tahaos/Code/Projects/rpwr-assignments/internship/ws/ros/install/turtlebot4_msgs/lib/python3.12/site-packages/turtlebot4_msgs/turtlebot4_msgs_s__rosidl_typesupport_c.so
[16.543s] -- Installing: /home/tahaos/Code/Projects/rpwr-assignments/internship/ws/ros/install/turtlebot4_msgs/lib/python3.12/site-packages/turtlebot4_msgs/_turtlebot4_msgs_s.ep.rosidl_typesupport_introspection_c.c
[16.625s] Listing '/home/tahaos/Code/Projects/rpwr-assignments/internship/ws/ros/install/turtlebot4_msgs/lib/python3.12/site-packages/turtlebot4_msgs'...
[16.625s] Compiling '/home/tahaos/Code/Projects/rpwr-assignments/internship/ws/ros/install/turtlebot4_msgs/lib/python3.12/site-packages/turtlebot4_msgs/__init__.py'...
[16.625s] Listing '/home/tahaos/Code/Projects/rpwr-assignments/internship/ws/ros/install/turtlebot4_msgs/lib/python3.12/site-packages/turtlebot4_msgs/msg'...
[16.625s] Compiling '/home/tahaos/Code/Projects/rpwr-assignments/internship/ws/ros/install/turtlebot4_msgs/lib/python3.12/site-packages/turtlebot4_msgs/msg/__init__.py'...
[16.625s] Compiling '/home/tahaos/Code/Projects/rpwr-assignments/internship/ws/ros/install/turtlebot4_msgs/lib/python3.12/site-packages/turtlebot4_msgs/msg/_user_button.py'...
[16.625s] Compiling '/home/tahaos/Code/Projects/rpwr-assignments/internship/ws/ros/install/turtlebot4_msgs/lib/python3.12/site-packages/turtlebot4_msgs/msg/_user_display.py'...
[16.626s] Compiling '/home/tahaos/Code/Projects/rpwr-assignments/internship/ws/ros/install/turtlebot4_msgs/lib/python3.12/site-packages/turtlebot4_msgs/msg/_user_led.py'...
[16.641s] -- Installing: /home/tahaos/Code/Projects/rpwr-assignments/internship/ws/ros/install/turtlebot4_msgs/lib/python3.12/site-packages/turtlebot4_msgs/turtlebot4_msgs_s__rosidl_typesupport_fastrtps_c.so
[16.642s] -- Set non-toolchain portion of runtime path of "/home/tahaos/Code/Projects/rpwr-assignments/internship/ws/ros/install/turtlebot4_msgs/lib/python3.12/site-packages/turtlebot4_msgs/turtlebot4_msgs_s__rosidl_typesupport_fastrtps_c.so" to ""
[16.643s] -- Installing: /home/tahaos/Code/Projects/rpwr-assignments/internship/ws/ros/install/turtlebot4_msgs/lib/python3.12/site-packages/turtlebot4_msgs/turtlebot4_msgs_s__rosidl_typesupport_introspection_c.so
[16.644s] -- Set non-toolchain portion of runtime path of "/home/tahaos/Code/Projects/rpwr-assignments/internship/ws/ros/install/turtlebot4_msgs/lib/python3.12/site-packages/turtlebot4_msgs/turtlebot4_msgs_s__rosidl_typesupport_introspection_c.so" to ""
[16.647s] -- Installing: /home/tahaos/Code/Projects/rpwr-assignments/internship/ws/ros/install/turtlebot4_msgs/lib/python3.12/site-packages/turtlebot4_msgs/turtlebot4_msgs_s__rosidl_typesupport_c.so
[16.647s] -- Set non-toolchain portion of runtime path of "/home/tahaos/Code/Projects/rpwr-assignments/internship/ws/ros/install/turtlebot4_msgs/lib/python3.12/site-packages/turtlebot4_msgs/turtlebot4_msgs_s__rosidl_typesupport_c.so" to ""
[16.648s] -- Installing: /home/tahaos/Code/Projects/rpwr-assignments/internship/ws/ros/install/turtlebot4_msgs/lib/libturtlebot4_msgs__rosidl_generator_py.so
[16.649s] -- Set non-toolchain portion of runtime path of "/home/tahaos/Code/Projects/rpwr-assignments/internship/ws/ros/install/turtlebot4_msgs/lib/libturtlebot4_msgs__rosidl_generator_py.so" to ""
[16.649s] -- Installing: /home/tahaos/Code/Projects/rpwr-assignments/internship/ws/ros/install/turtlebot4_msgs/share/turtlebot4_msgs/msg/UserLed.idl
[16.650s] -- Installing: /home/tahaos/Code/Projects/rpwr-assignments/internship/ws/ros/install/turtlebot4_msgs/share/turtlebot4_msgs/msg/UserButton.idl
[16.650s] -- Installing: /home/tahaos/Code/Projects/rpwr-assignments/internship/ws/ros/install/turtlebot4_msgs/share/turtlebot4_msgs/msg/UserDisplay.idl
[16.652s] -- Installing: /home/tahaos/Code/Projects/rpwr-assignments/internship/ws/ros/install/turtlebot4_msgs/share/turtlebot4_msgs/msg/UserLed.msg
[16.653s] -- Installing: /home/tahaos/Code/Projects/rpwr-assignments/internship/ws/ros/install/turtlebot4_msgs/share/turtlebot4_msgs/msg/UserButton.msg
[16.653s] -- Installing: /home/tahaos/Code/Projects/rpwr-assignments/internship/ws/ros/install/turtlebot4_msgs/share/turtlebot4_msgs/msg/UserDisplay.msg
[16.654s] -- Installing: /home/tahaos/Code/Projects/rpwr-assignments/internship/ws/ros/install/turtlebot4_msgs/share/ament_index/resource_index/package_run_dependencies/turtlebot4_msgs
[16.654s] -- Installing: /home/tahaos/Code/Projects/rpwr-assignments/internship/ws/ros/install/turtlebot4_msgs/share/ament_index/resource_index/parent_prefix_path/turtlebot4_msgs
[16.655s] -- Installing: /home/tahaos/Code/Projects/rpwr-assignments/internship/ws/ros/install/turtlebot4_msgs/share/turtlebot4_msgs/environment/ament_prefix_path.sh
[16.656s] -- Installing: /home/tahaos/Code/Projects/rpwr-assignments/internship/ws/ros/install/turtlebot4_msgs/share/turtlebot4_msgs/environment/ament_prefix_path.dsv
[16.656s] -- Installing: /home/tahaos/Code/Projects/rpwr-assignments/internship/ws/ros/install/turtlebot4_msgs/share/turtlebot4_msgs/environment/path.sh
[16.656s] -- Installing: /home/tahaos/Code/Projects/rpwr-assignments/internship/ws/ros/install/turtlebot4_msgs/share/turtlebot4_msgs/environment/path.dsv
[16.657s] -- Installing: /home/tahaos/Code/Projects/rpwr-assignments/internship/ws/ros/install/turtlebot4_msgs/share/turtlebot4_msgs/local_setup.bash
[16.658s] -- Installing: /home/tahaos/Code/Projects/rpwr-assignments/internship/ws/ros/install/turtlebot4_msgs/share/turtlebot4_msgs/local_setup.sh
[16.658s] -- Installing: /home/tahaos/Code/Projects/rpwr-assignments/internship/ws/ros/install/turtlebot4_msgs/share/turtlebot4_msgs/local_setup.zsh
[16.659s] -- Installing: /home/tahaos/Code/Projects/rpwr-assignments/internship/ws/ros/install/turtlebot4_msgs/share/turtlebot4_msgs/local_setup.dsv
[16.659s] -- Installing: /home/tahaos/Code/Projects/rpwr-assignments/internship/ws/ros/install/turtlebot4_msgs/share/turtlebot4_msgs/package.dsv
[16.660s] -- Installing: /home/tahaos/Code/Projects/rpwr-assignments/internship/ws/ros/install/turtlebot4_msgs/share/ament_index/resource_index/packages/turtlebot4_msgs
[16.661s] -- Installing: /home/tahaos/Code/Projects/rpwr-assignments/internship/ws/ros/install/turtlebot4_msgs/share/turtlebot4_msgs/cmake/export_turtlebot4_msgs__rosidl_generator_cExport.cmake
[16.664s] -- Installing: /home/tahaos/Code/Projects/rpwr-assignments/internship/ws/ros/install/turtlebot4_msgs/share/turtlebot4_msgs/cmake/export_turtlebot4_msgs__rosidl_generator_cExport-noconfig.cmake
[16.664s] -- Installing: /home/tahaos/Code/Projects/rpwr-assignments/internship/ws/ros/install/turtlebot4_msgs/share/turtlebot4_msgs/cmake/export_turtlebot4_msgs__rosidl_typesupport_fastrtps_cExport.cmake
[16.664s] -- Installing: /home/tahaos/Code/Projects/rpwr-assignments/internship/ws/ros/install/turtlebot4_msgs/share/turtlebot4_msgs/cmake/export_turtlebot4_msgs__rosidl_typesupport_fastrtps_cExport-noconfig.cmake
[16.665s] -- Installing: /home/tahaos/Code/Projects/rpwr-assignments/internship/ws/ros/install/turtlebot4_msgs/share/turtlebot4_msgs/cmake/turtlebot4_msgs__rosidl_typesupport_introspection_cExport.cmake
[16.665s] -- Installing: /home/tahaos/Code/Projects/rpwr-assignments/internship/ws/ros/install/turtlebot4_msgs/share/turtlebot4_msgs/cmake/turtlebot4_msgs__rosidl_typesupport_introspection_cExport-noconfig.cmake
[16.666s] -- Installing: /home/tahaos/Code/Projects/rpwr-assignments/internship/ws/ros/install/turtlebot4_msgs/share/turtlebot4_msgs/cmake/turtlebot4_msgs__rosidl_typesupport_cExport.cmake
[16.667s] -- Installing: /home/tahaos/Code/Projects/rpwr-assignments/internship/ws/ros/install/turtlebot4_msgs/share/turtlebot4_msgs/cmake/turtlebot4_msgs__rosidl_typesupport_cExport-noconfig.cmake
[16.667s] -- Installing: /home/tahaos/Code/Projects/rpwr-assignments/internship/ws/ros/install/turtlebot4_msgs/share/turtlebot4_msgs/cmake/export_turtlebot4_msgs__rosidl_generator_cppExport.cmake
[16.668s] -- Installing: /home/tahaos/Code/Projects/rpwr-assignments/internship/ws/ros/install/turtlebot4_msgs/share/turtlebot4_msgs/cmake/export_turtlebot4_msgs__rosidl_typesupport_fastrtps_cppExport.cmake
[16.668s] -- Installing: /home/tahaos/Code/Projects/rpwr-assignments/internship/ws/ros/install/turtlebot4_msgs/share/turtlebot4_msgs/cmake/export_turtlebot4_msgs__rosidl_typesupport_fastrtps_cppExport-noconfig.cmake
[16.669s] -- Installing: /home/tahaos/Code/Projects/rpwr-assignments/internship/ws/ros/install/turtlebot4_msgs/share/turtlebot4_msgs/cmake/turtlebot4_msgs__rosidl_typesupport_introspection_cppExport.cmake
[16.670s] -- Installing: /home/tahaos/Code/Projects/rpwr-assignments/internship/ws/ros/install/turtlebot4_msgs/share/turtlebot4_msgs/cmake/turtlebot4_msgs__rosidl_typesupport_introspection_cppExport-noconfig.cmake
[16.670s] -- Installing: /home/tahaos/Code/Projects/rpwr-assignments/internship/ws/ros/install/turtlebot4_msgs/share/turtlebot4_msgs/cmake/turtlebot4_msgs__rosidl_typesupport_cppExport.cmake
[16.671s] -- Installing: /home/tahaos/Code/Projects/rpwr-assignments/internship/ws/ros/install/turtlebot4_msgs/share/turtlebot4_msgs/cmake/turtlebot4_msgs__rosidl_typesupport_cppExport-noconfig.cmake
[16.671s] -- Installing: /home/tahaos/Code/Projects/rpwr-assignments/internship/ws/ros/install/turtlebot4_msgs/share/turtlebot4_msgs/cmake/export_turtlebot4_msgs__rosidl_generator_pyExport.cmake
[16.672s] -- Installing: /home/tahaos/Code/Projects/rpwr-assignments/internship/ws/ros/install/turtlebot4_msgs/share/turtlebot4_msgs/cmake/export_turtlebot4_msgs__rosidl_generator_pyExport-noconfig.cmake
[16.672s] -- Installing: /home/tahaos/Code/Projects/rpwr-assignments/internship/ws/ros/install/turtlebot4_msgs/share/turtlebot4_msgs/cmake/rosidl_cmake-extras.cmake
[16.673s] -- Installing: /home/tahaos/Code/Projects/rpwr-assignments/internship/ws/ros/install/turtlebot4_msgs/share/turtlebot4_msgs/cmake/ament_cmake_export_include_directories-extras.cmake
[16.673s] -- Installing: /home/tahaos/Code/Projects/rpwr-assignments/internship/ws/ros/install/turtlebot4_msgs/share/turtlebot4_msgs/cmake/ament_cmake_export_libraries-extras.cmake
[16.674s] -- Installing: /home/tahaos/Code/Projects/rpwr-assignments/internship/ws/ros/install/turtlebot4_msgs/share/turtlebot4_msgs/cmake/ament_cmake_export_targets-extras.cmake
[16.675s] -- Installing: /home/tahaos/Code/Projects/rpwr-assignments/internship/ws/ros/install/turtlebot4_msgs/share/turtlebot4_msgs/cmake/rosidl_cmake_export_typesupport_targets-extras.cmake
[16.675s] -- Installing: /home/tahaos/Code/Projects/rpwr-assignments/internship/ws/ros/install/turtlebot4_msgs/share/turtlebot4_msgs/cmake/ament_cmake_export_dependencies-extras.cmake
[16.675s] -- Installing: /home/tahaos/Code/Projects/rpwr-assignments/internship/ws/ros/install/turtlebot4_msgs/share/turtlebot4_msgs/cmake/rosidl_cmake_export_typesupport_libraries-extras.cmake
[16.676s] -- Installing: /home/tahaos/Code/Projects/rpwr-assignments/internship/ws/ros/install/turtlebot4_msgs/share/turtlebot4_msgs/cmake/turtlebot4_msgsConfig.cmake
[16.677s] -- Installing: /home/tahaos/Code/Projects/rpwr-assignments/internship/ws/ros/install/turtlebot4_msgs/share/turtlebot4_msgs/cmake/turtlebot4_msgsConfig-version.cmake
[16.677s] -- Installing: /home/tahaos/Code/Projects/rpwr-assignments/internship/ws/ros/install/turtlebot4_msgs/share/turtlebot4_msgs/package.xml
[16.684s] Invoked command in '/home/tahaos/Code/Projects/rpwr-assignments/internship/ws/ros/build/turtlebot4_msgs' returned '0': CMAKE_PREFIX_PATH=${CMAKE_PREFIX_PATH}:/opt/ros/jazzy PS1=(.rpwr_venv) \[\e]0;\u@\h: \w\a\]${debian_chroot:+($debian_chroot)}\[\033[01;32m\]\u@\h\[\033[00m\]:\[\033[01;34m\]\w\[\033[00m\]\$ VIRTUAL_ENV_PROMPT=(.rpwr_venv) /usr/bin/cmake --install /home/tahaos/Code/Projects/rpwr-assignments/internship/ws/ros/build/turtlebot4_msgs
