[0.045s] Invoking command in '/home/tahaos/Code/Projects/rpwr-assignments/04_navigation/ws/ros/build/irobot_create_toolbox': CMAKE_PREFIX_PATH=${CMAKE_PREFIX_PATH}:/opt/ros/jazzy VIRTUAL_ENV_PROMPT=(.rpwr_venv) /usr/bin/cmake /home/tahaos/Code/Projects/rpwr-assignments/04_navigation/ws/ros/src/create3_sim/irobot_create_common/irobot_create_toolbox -DCMAKE_INSTALL_PREFIX=/home/tahaos/Code/Projects/rpwr-assignments/04_navigation/ws/ros/install/irobot_create_toolbox
[0.074s] -- Found ament_cmake: 2.5.4 (/opt/ros/jazzy/share/ament_cmake/cmake)
[0.308s] -- Found gz_math_vendor: 0.0.8 (/opt/ros/jazzy/share/gz_math_vendor/cmake)
[0.310s] -- Looking for gz-math7 -- found version 7.5.2
[0.316s] -- Searching for dependencies of gz-math7
[0.317s] -- Looking for gz-utils2 -- found version 2.2.1
[0.317s] -- Searching for dependencies of gz-utils2
[0.320s] -- Found rclcpp: 28.1.9 (/opt/ros/jazzy/share/rclcpp/cmake)
[0.358s] -- Found rosidl_generator_c: 4.6.5 (/opt/ros/jazzy/share/rosidl_generator_c/cmake)
[0.369s] -- Found rosidl_generator_cpp: 4.6.5 (/opt/ros/jazzy/share/rosidl_generator_cpp/cmake)
[0.383s] -- Using all available rosidl_typesupport_c: rosidl_typesupport_fastrtps_c;rosidl_typesupport_introspection_c
[0.400s] -- Using all available rosidl_typesupport_cpp: rosidl_typesupport_fastrtps_cpp;rosidl_typesupport_introspection_cpp
[0.510s] -- Found rmw_implementation_cmake: 7.3.2 (/opt/ros/jazzy/share/rmw_implementation_cmake/cmake)
[0.511s] -- Found rmw_fastrtps_cpp: 8.4.2 (/opt/ros/jazzy/share/rmw_fastrtps_cpp/cmake)
[0.598s] -- Using RMW implementation 'rmw_fastrtps_cpp' as default
[0.689s] -- Found ament_lint_auto: 0.17.2 (/opt/ros/jazzy/share/ament_lint_auto/cmake)
[0.871s] -- Added test 'cppcheck' to perform static code analysis on C / C++ code
[0.871s] -- Configured cppcheck include dirs: $<BUILD_INTERFACE:/home/tahaos/Code/Projects/rpwr-assignments/04_navigation/ws/ros/src/create3_sim/irobot_create_common/irobot_create_toolbox/include>
[0.871s] -- Configured cppcheck exclude dirs and/or files: 
[0.873s] -- Added test 'cpplint' to check C / C++ code against the Google style
[0.873s] -- Configured cpplint exclude dirs and/or files: 
[0.875s] -- Added test 'lint_cmake' to check CMake code style
[0.877s] -- Added test 'uncrustify' to check C / C++ code style
[0.878s] -- Configured uncrustify additional arguments: 
[0.879s] -- Added test 'xmllint' to check XML markup files
[0.882s] -- Configuring done (0.8s)
[0.897s] -- Generating done (0.0s)
[0.907s] -- Build files have been written to: /home/tahaos/Code/Projects/rpwr-assignments/04_navigation/ws/ros/build/irobot_create_toolbox
[0.917s] Invoked command in '/home/tahaos/Code/Projects/rpwr-assignments/04_navigation/ws/ros/build/irobot_create_toolbox' returned '0': CMAKE_PREFIX_PATH=${CMAKE_PREFIX_PATH}:/opt/ros/jazzy VIRTUAL_ENV_PROMPT=(.rpwr_venv) /usr/bin/cmake /home/tahaos/Code/Projects/rpwr-assignments/04_navigation/ws/ros/src/create3_sim/irobot_create_common/irobot_create_toolbox -DCMAKE_INSTALL_PREFIX=/home/tahaos/Code/Projects/rpwr-assignments/04_navigation/ws/ros/install/irobot_create_toolbox
[0.920s] Invoking command in '/home/tahaos/Code/Projects/rpwr-assignments/04_navigation/ws/ros/build/irobot_create_toolbox': CMAKE_PREFIX_PATH=${CMAKE_PREFIX_PATH}:/opt/ros/jazzy VIRTUAL_ENV_PROMPT=(.rpwr_venv) /usr/bin/cmake --build /home/tahaos/Code/Projects/rpwr-assignments/04_navigation/ws/ros/build/irobot_create_toolbox -- -j12 -l12
[0.984s] [ 50%] [32mBuilding CXX object CMakeFiles/irobot_create_toolbox.dir/src/polar_coordinates.cpp.o[0m
[1.651s] [100%] [32m[1mLinking CXX shared library libirobot_create_toolbox.so[0m
[1.759s] [100%] Built target irobot_create_toolbox
