Built target ament_cmake_python_copy_turtlebot4_navigation
running egg_info
writing turtlebot4_navigation.egg-info/PKG-INFO
writing dependency_links to turtlebot4_navigation.egg-info/dependency_links.txt
writing top-level names to turtlebot4_navigation.egg-info/top_level.txt
reading manifest file 'turtlebot4_navigation.egg-info/SOURCES.txt'
writing manifest file 'turtlebot4_navigation.egg-info/SOURCES.txt'
Built target ament_cmake_python_build_turtlebot4_navigation_egg
-- Install configuration: ""
-- Installing: /home/tahaos/Code/Projects/rpwr-assignments/04_navigation/ws/ros/install/turtlebot4_navigation/share/turtlebot4_navigation/config
-- Installing: /home/tahaos/Code/Projects/rpwr-assignments/04_navigation/ws/ros/install/turtlebot4_navigation/share/turtlebot4_navigation/config/nav2.yaml
-- Installing: /home/tahaos/Code/Projects/rpwr-assignments/04_navigation/ws/ros/install/turtlebot4_navigation/share/turtlebot4_navigation/config/localization.yaml
-- Installing: /home/tahaos/Code/Projects/rpwr-assignments/04_navigation/ws/ros/install/turtlebot4_navigation/share/turtlebot4_navigation/config/slam.yaml
-- Installing: /home/tahaos/Code/Projects/rpwr-assignments/04_navigation/ws/ros/install/turtlebot4_navigation/share/turtlebot4_navigation/launch
-- Installing: /home/tahaos/Code/Projects/rpwr-assignments/04_navigation/ws/ros/install/turtlebot4_navigation/share/turtlebot4_navigation/launch/nav2.launch.py
-- Installing: /home/tahaos/Code/Projects/rpwr-assignments/04_navigation/ws/ros/install/turtlebot4_navigation/share/turtlebot4_navigation/launch/localization.launch.py
-- Installing: /home/tahaos/Code/Projects/rpwr-assignments/04_navigation/ws/ros/install/turtlebot4_navigation/share/turtlebot4_navigation/launch/slam.launch.py
-- Installing: /home/tahaos/Code/Projects/rpwr-assignments/04_navigation/ws/ros/install/turtlebot4_navigation/share/turtlebot4_navigation/maps
-- Installing: /home/tahaos/Code/Projects/rpwr-assignments/04_navigation/ws/ros/install/turtlebot4_navigation/share/turtlebot4_navigation/maps/maze.yaml
-- Installing: /home/tahaos/Code/Projects/rpwr-assignments/04_navigation/ws/ros/install/turtlebot4_navigation/share/turtlebot4_navigation/maps/warehouse.pgm
-- Installing: /home/tahaos/Code/Projects/rpwr-assignments/04_navigation/ws/ros/install/turtlebot4_navigation/share/turtlebot4_navigation/maps/depot.pgm
-- Installing: /home/tahaos/Code/Projects/rpwr-assignments/04_navigation/ws/ros/install/turtlebot4_navigation/share/turtlebot4_navigation/maps/warehouse.yaml
-- Installing: /home/tahaos/Code/Projects/rpwr-assignments/04_navigation/ws/ros/install/turtlebot4_navigation/share/turtlebot4_navigation/maps/depot.yaml
-- Installing: /home/tahaos/Code/Projects/rpwr-assignments/04_navigation/ws/ros/install/turtlebot4_navigation/share/turtlebot4_navigation/maps/maze.pgm
-- Installing: /home/tahaos/Code/Projects/rpwr-assignments/04_navigation/ws/ros/install/turtlebot4_navigation/share/turtlebot4_navigation/environment/pythonpath.sh
-- Installing: /home/tahaos/Code/Projects/rpwr-assignments/04_navigation/ws/ros/install/turtlebot4_navigation/share/turtlebot4_navigation/environment/pythonpath.dsv
-- Installing: /home/tahaos/Code/Projects/rpwr-assignments/04_navigation/ws/ros/install/turtlebot4_navigation/lib/python3.12/site-packages/turtlebot4_navigation-2.0.1-py3.12.egg-info
-- Installing: /home/tahaos/Code/Projects/rpwr-assignments/04_navigation/ws/ros/install/turtlebot4_navigation/lib/python3.12/site-packages/turtlebot4_navigation-2.0.1-py3.12.egg-info/dependency_links.txt
-- Installing: /home/tahaos/Code/Projects/rpwr-assignments/04_navigation/ws/ros/install/turtlebot4_navigation/lib/python3.12/site-packages/turtlebot4_navigation-2.0.1-py3.12.egg-info/top_level.txt
-- Installing: /home/tahaos/Code/Projects/rpwr-assignments/04_navigation/ws/ros/install/turtlebot4_navigation/lib/python3.12/site-packages/turtlebot4_navigation-2.0.1-py3.12.egg-info/PKG-INFO
-- Installing: /home/tahaos/Code/Projects/rpwr-assignments/04_navigation/ws/ros/install/turtlebot4_navigation/lib/python3.12/site-packages/turtlebot4_navigation-2.0.1-py3.12.egg-info/SOURCES.txt
-- Installing: /home/tahaos/Code/Projects/rpwr-assignments/04_navigation/ws/ros/install/turtlebot4_navigation/lib/python3.12/site-packages/turtlebot4_navigation
-- Installing: /home/tahaos/Code/Projects/rpwr-assignments/04_navigation/ws/ros/install/turtlebot4_navigation/lib/python3.12/site-packages/turtlebot4_navigation/turtlebot4_navigator.py
-- Installing: /home/tahaos/Code/Projects/rpwr-assignments/04_navigation/ws/ros/install/turtlebot4_navigation/lib/python3.12/site-packages/turtlebot4_navigation/__init__.py
Listing '/home/tahaos/Code/Projects/rpwr-assignments/04_navigation/ws/ros/install/turtlebot4_navigation/lib/python3.12/site-packages/turtlebot4_navigation'...
Compiling '/home/tahaos/Code/Projects/rpwr-assignments/04_navigation/ws/ros/install/turtlebot4_navigation/lib/python3.12/site-packages/turtlebot4_navigation/__init__.py'...
Compiling '/home/tahaos/Code/Projects/rpwr-assignments/04_navigation/ws/ros/install/turtlebot4_navigation/lib/python3.12/site-packages/turtlebot4_navigation/turtlebot4_navigator.py'...
-- Installing: /home/tahaos/Code/Projects/rpwr-assignments/04_navigation/ws/ros/install/turtlebot4_navigation/lib/python3.12/site-packages/turtlebot4_navigator.py
Compiling '/home/tahaos/Code/Projects/rpwr-assignments/04_navigation/ws/ros/install/turtlebot4_navigation/lib/python3.12/site-packages/turtlebot4_navigator.py'...
-- Installing: /home/tahaos/Code/Projects/rpwr-assignments/04_navigation/ws/ros/install/turtlebot4_navigation/share/ament_index/resource_index/package_run_dependencies/turtlebot4_navigation
-- Installing: /home/tahaos/Code/Projects/rpwr-assignments/04_navigation/ws/ros/install/turtlebot4_navigation/share/ament_index/resource_index/parent_prefix_path/turtlebot4_navigation
-- Installing: /home/tahaos/Code/Projects/rpwr-assignments/04_navigation/ws/ros/install/turtlebot4_navigation/share/turtlebot4_navigation/environment/ament_prefix_path.sh
-- Installing: /home/tahaos/Code/Projects/rpwr-assignments/04_navigation/ws/ros/install/turtlebot4_navigation/share/turtlebot4_navigation/environment/ament_prefix_path.dsv
-- Installing: /home/tahaos/Code/Projects/rpwr-assignments/04_navigation/ws/ros/install/turtlebot4_navigation/share/turtlebot4_navigation/environment/path.sh
-- Installing: /home/tahaos/Code/Projects/rpwr-assignments/04_navigation/ws/ros/install/turtlebot4_navigation/share/turtlebot4_navigation/environment/path.dsv
-- Installing: /home/tahaos/Code/Projects/rpwr-assignments/04_navigation/ws/ros/install/turtlebot4_navigation/share/turtlebot4_navigation/local_setup.bash
-- Installing: /home/tahaos/Code/Projects/rpwr-assignments/04_navigation/ws/ros/install/turtlebot4_navigation/share/turtlebot4_navigation/local_setup.sh
-- Installing: /home/tahaos/Code/Projects/rpwr-assignments/04_navigation/ws/ros/install/turtlebot4_navigation/share/turtlebot4_navigation/local_setup.zsh
-- Installing: /home/tahaos/Code/Projects/rpwr-assignments/04_navigation/ws/ros/install/turtlebot4_navigation/share/turtlebot4_navigation/local_setup.dsv
-- Installing: /home/tahaos/Code/Projects/rpwr-assignments/04_navigation/ws/ros/install/turtlebot4_navigation/share/turtlebot4_navigation/package.dsv
-- Installing: /home/tahaos/Code/Projects/rpwr-assignments/04_navigation/ws/ros/install/turtlebot4_navigation/share/ament_index/resource_index/packages/turtlebot4_navigation
-- Installing: /home/tahaos/Code/Projects/rpwr-assignments/04_navigation/ws/ros/install/turtlebot4_navigation/share/turtlebot4_navigation/cmake/turtlebot4_navigationConfig.cmake
-- Installing: /home/tahaos/Code/Projects/rpwr-assignments/04_navigation/ws/ros/install/turtlebot4_navigation/share/turtlebot4_navigation/cmake/turtlebot4_navigationConfig-version.cmake
-- Installing: /home/tahaos/Code/Projects/rpwr-assignments/04_navigation/ws/ros/install/turtlebot4_navigation/share/turtlebot4_navigation/package.xml
