[0.032s] Invoking command in '/home/tahaos/Code/Projects/rpwr-assignments/04_navigation/ws/ros/build/turtlebot4_gz_gui_plugins': CMAKE_PREFIX_PATH=${CMAKE_PREFIX_PATH}:/opt/ros/jazzy VIRTUAL_ENV_PROMPT=(.rpwr_venv) /usr/bin/cmake /home/tahaos/Code/Projects/rpwr-assignments/04_navigation/ws/ros/src/turtlebot4_simulator/turtlebot4_gz_gui_plugins -DCMAKE_INSTALL_PREFIX=/home/tahaos/Code/Projects/rpwr-assignments/04_navigation/ws/ros/install/turtlebot4_gz_gui_plugins
[0.051s] -- Found ament_cmake: 2.5.4 (/opt/ros/jazzy/share/ament_cmake/cmake)
[0.272s] -- Found gz_gui_vendor: 0.0.5 (/opt/ros/jazzy/share/gz_gui_vendor/cmake)
[0.286s] -- Looking for gz-gui8 -- found version 8.4.0
[0.295s] -- Searching for dependencies of gz-gui8
[0.336s] -- Checking for module 'tinyxml2'
[0.350s] --   Found tinyxml2, version 10.0.0
[0.384s] -- Looking for gz-utils2 -- found version 2.2.1
[0.384s] -- Searching for dependencies of gz-utils2
[0.385s] -- Looking for gz-math7 -- found version 7.5.2
[0.385s] -- Searching for dependencies of gz-math7
[0.386s] -- Looking for gz-utils2 -- found version 2.2.1
[0.387s] -- Looking for gz-common5 -- found version 5.7.1
[0.387s] -- Searching for dependencies of gz-common5
[0.388s] -- Looking for gz-utils2 -- found version 2.2.1
[0.388s] -- Looking for dlfcn.h - found
[0.388s] -- Looking for libdl - found
[0.394s] -- Checking for module 'uuid'
[0.414s] --   Found uuid, version 2.39.3
[0.447s] -- Searching for <gz-common5> component [profiler]
[0.447s] -- Looking for gz-common5-profiler -- found version 5.7.1
[0.447s] -- Searching for dependencies of gz-common5-profiler
[0.449s] -- Looking for gz-plugin2 -- found version 2.0.4
[0.449s] -- Searching for dependencies of gz-plugin2
[0.450s] -- Looking for gz-utils2 -- found version 2.2.1
[0.450s] -- Searching for dependencies of gz-utils2
[0.451s] -- Searching for <gz-utils2> component [cli]
[0.451s] -- Looking for gz-utils2-cli -- found version 2.2.1
[0.452s] -- Searching for dependencies of gz-utils2-cli
[0.453s] -- Searching for <gz-plugin2> component [loader]
[0.454s] -- Looking for gz-plugin2-loader -- found version 2.0.4
[0.454s] -- Searching for dependencies of gz-plugin2-loader
[0.455s] -- Searching for <gz-plugin2> component [register]
[0.456s] -- Looking for gz-plugin2-register -- found version 2.0.4
[0.456s] -- Searching for dependencies of gz-plugin2-register
[0.458s] -- Looking for gz-transport13 -- found version 13.4.1
[0.458s] -- Searching for dependencies of gz-transport13
[0.518s] -- Config-file not installed for ZeroMQ -- checking for pkg-config
[0.522s] -- Checking for module 'libzmq >= 4'
[0.536s] --   Found libzmq, version 4.3.5
[0.581s] -- Looking for gz-utils2 -- found version 2.2.1
[0.581s] -- Looking for gz-msgs10 -- found version 10.3.2
[0.581s] -- Searching for dependencies of gz-msgs10
[0.614s] -- Looking for gz-utils2 -- found version 2.2.1
[0.615s] -- Looking for gz-math7 -- found version 7.5.2
[0.627s] -- Looking for gz-rendering8 -- found version 8.2.2
[0.627s] -- Searching for dependencies of gz-rendering8
[0.628s] -- Looking for gz-math7 -- found version 7.5.2
[0.629s] -- Searching for dependencies of gz-math7
[0.630s] -- Looking for gz-utils2 -- found version 2.2.1
[0.630s] -- Searching for <gz-math7> component [eigen3]
[0.631s] -- Looking for gz-math7-eigen3 -- found version 7.5.2
[0.631s] -- Searching for dependencies of gz-math7-eigen3
[0.634s] -- Looking for gz-common5 -- found version 5.7.1
[0.634s] -- Searching for dependencies of gz-common5
[0.635s] -- Looking for gz-utils2 -- found version 2.2.1
[0.635s] -- Looking for dlfcn.h - found
[0.635s] -- Looking for libdl - found
[0.644s] -- Searching for <gz-common5> component [graphics]
[0.645s] -- Looking for gz-common5-graphics -- found version 5.7.1
[0.645s] -- Searching for dependencies of gz-common5-graphics
[0.645s] -- Looking for gz-math7 -- found version 7.5.2
[0.648s] -- Searching for <gz-common5> component [events]
[0.648s] -- Looking for gz-common5-events -- found version 5.7.1
[0.648s] -- Searching for dependencies of gz-common5-events
[0.649s] -- Looking for gz-math7 -- found version 7.5.2
[0.649s] -- Searching for <gz-common5> component [geospatial]
[0.650s] -- Looking for gz-common5-geospatial -- found version 5.7.1
[0.650s] -- Searching for dependencies of gz-common5-geospatial
[0.650s] -- Looking for gz-math7 -- found version 7.5.2
[0.651s] -- Looking for gz-common5 -- found version 5.7.1
[0.652s] -- Looking for gz-plugin2 -- found version 2.0.4
[0.652s] -- Searching for dependencies of gz-plugin2
[0.652s] -- Looking for gz-utils2 -- found version 2.2.1
[0.652s] -- Searching for <gz-plugin2> component [all]
[0.653s] -- Looking for all libraries of gz-plugin2 -- found version 2.0.4
[0.653s] -- Looking for gz-plugin2 -- found version 2.0.4
[0.654s] -- Looking for gz-utils2 -- found version 2.2.1
[0.657s] -- Looking for gz-msgs10 -- found version 10.3.2
[0.681s] -- Found ament_lint_auto: 0.17.2 (/opt/ros/jazzy/share/ament_lint_auto/cmake)
[0.706s] Traceback (most recent call last):
[0.706s]   File "/opt/ros/jazzy/share/ament_cmake_core/cmake/core/package_xml_2_cmake.py", line 22, in <module>
[0.706s]     from catkin_pkg.package import parse_package_string
[0.706s] ModuleNotFoundError: No module named 'catkin_pkg'
[0.710s] [31mCMake Error at /opt/ros/jazzy/share/ament_cmake_core/cmake/core/ament_package_xml.cmake:95 (message):
[0.711s]   
[0.711s]   execute_process(/home/tahaos/Code/Projects/rpwr-assignments/.rpwr_venv/bin/python3
[0.711s]   /opt/ros/jazzy/share/ament_cmake_core/cmake/core/package_xml_2_cmake.py
[0.711s]   /home/tahaos/Code/Projects/rpwr-assignments/04_navigation/ws/ros/src/turtlebot4_simulator/turtlebot4_gz_gui_plugins/package.xml
[0.712s]   /home/tahaos/Code/Projects/rpwr-assignments/04_navigation/ws/ros/build/turtlebot4_gz_gui_plugins/ament_cmake_core/package.cmake)
[0.712s]   returned error code 1
[0.712s] Call Stack (most recent call first):
[0.712s]   /opt/ros/jazzy/share/ament_cmake_core/cmake/core/ament_package_xml.cmake:49 (_ament_package_xml)
[0.712s]   /opt/ros/jazzy/share/ament_lint_auto/cmake/ament_lint_auto_find_test_dependencies.cmake:31 (ament_package_xml)
[0.712s]   CMakeLists.txt:19 (ament_lint_auto_find_test_dependencies)
[0.712s] 
[0.713s] [0m
[0.713s] -- Configuring incomplete, errors occurred!
