[0.056s] Invoking command in '/home/tahaos/Code/Projects/rpwr-assignments/internship/ws/ros/build/turtlebot4_node': AMENT_PREFIX_PATH=/home/tahaos/Code/Projects/rpwr-assignments/internship/ws/ros/install/turtlebot4_msgs:${AMENT_PREFIX_PATH} CMAKE_PREFIX_PATH=/home/tahaos/Code/Projects/rpwr-assignments/internship/ws/ros/install/turtlebot4_msgs:/opt/ros/jazzy/opt/gz_sim_vendor:/opt/ros/jazzy/opt/gz_sensors_vendor:/opt/ros/jazzy/opt/gz_physics_vendor:/opt/ros/jazzy/opt/sdformat_vendor:/opt/ros/jazzy/opt/gz_gui_vendor:/opt/ros/jazzy/opt/gz_transport_vendor:/opt/ros/jazzy/opt/gz_rendering_vendor:/opt/ros/jazzy/opt/gz_plugin_vendor:/opt/ros/jazzy/opt/gz_fuel_tools_vendor:/opt/ros/jazzy/opt/gz_msgs_vendor:/opt/ros/jazzy/opt/gz_common_vendor:/opt/ros/jazzy/opt/gz_math_vendor:/opt/ros/jazzy/opt/gz_utils_vendor:/opt/ros/jazzy/opt/gz_tools_vendor:/opt/ros/jazzy/opt/gz_ogre_next_vendor:/opt/ros/jazzy/opt/gz_dartsim_vendor:/opt/ros/jazzy/opt/gz_cmake_vendor:/opt/ros/jazzy LD_LIBRARY_PATH=/home/tahaos/Code/Projects/rpwr-assignments/internship/ws/ros/install/turtlebot4_msgs/lib:${LD_LIBRARY_PATH} PS1=(.rpwr_venv) \[\e]0;\u@\h: \w\a\]${debian_chroot:+($debian_chroot)}\[\033[01;32m\]\u@\h\[\033[00m\]:\[\033[01;34m\]\w\[\033[00m\]\$ PYTHONPATH=/home/tahaos/Code/Projects/rpwr-assignments/internship/ws/ros/install/turtlebot4_msgs/lib/python3.12/site-packages:${PYTHONPATH} VIRTUAL_ENV_PROMPT=(.rpwr_venv) /usr/bin/cmake /home/tahaos/Code/Projects/rpwr-assignments/internship/ws/ros/src/turtlebot4/turtlebot4_node -DCMAKE_INSTALL_PREFIX=/home/tahaos/Code/Projects/rpwr-assignments/internship/ws/ros/install/turtlebot4_node
[0.200s] -- The C compiler identification is GNU 13.3.0
[0.368s] -- The CXX compiler identification is GNU 13.3.0
[0.465s] -- Detecting C compiler ABI info
[0.882s] -- Detecting C compiler ABI info - done
[0.942s] -- Check for working C compiler: /usr/bin/cc - skipped
[0.948s] -- Detecting C compile features
[0.950s] -- Detecting C compile features - done
[1.000s] -- Detecting CXX compiler ABI info
[1.471s] -- Detecting CXX compiler ABI info - done
[1.518s] -- Check for working CXX compiler: /usr/bin/c++ - skipped
[1.518s] -- Detecting CXX compile features
[1.519s] -- Detecting CXX compile features - done
[1.560s] -- Found ament_cmake: 2.5.4 (/opt/ros/jazzy/share/ament_cmake/cmake)
[2.118s] -- Found Python3: /home/tahaos/Code/Projects/rpwr-assignments/.rpwr_venv/bin/python3 (found version "3.12.3") found components: Interpreter 
[3.381s] -- Found rclcpp: 28.1.9 (/opt/ros/jazzy/share/rclcpp/cmake)
[4.081s] -- Found rosidl_generator_c: 4.6.5 (/opt/ros/jazzy/share/rosidl_generator_c/cmake)
[4.286s] -- Found rosidl_generator_cpp: 4.6.5 (/opt/ros/jazzy/share/rosidl_generator_cpp/cmake)
[4.413s] -- Using all available rosidl_typesupport_c: rosidl_typesupport_fastrtps_c;rosidl_typesupport_introspection_c
[4.522s] -- Using all available rosidl_typesupport_cpp: rosidl_typesupport_fastrtps_cpp;rosidl_typesupport_introspection_cpp
[5.663s] -- Found rmw_implementation_cmake: 7.3.2 (/opt/ros/jazzy/share/rmw_implementation_cmake/cmake)
[5.706s] -- Found rmw_fastrtps_cpp: 8.4.2 (/opt/ros/jazzy/share/rmw_fastrtps_cpp/cmake)
[6.226s] -- Found OpenSSL: /usr/lib/x86_64-linux-gnu/libcrypto.so (found version "3.0.13")  
[6.317s] -- Found FastRTPS: /opt/ros/jazzy/include (Required is at least version "2.13") 
[6.432s] -- Using RMW implementation 'rmw_fastrtps_cpp' as default
[6.942s] -- Found rclcpp_action: 28.1.9 (/opt/ros/jazzy/share/rclcpp_action/cmake)
[7.280s] -- Found std_msgs: 5.3.6 (/opt/ros/jazzy/share/std_msgs/cmake)
[7.387s] -- Found std_srvs: 5.3.6 (/opt/ros/jazzy/share/std_srvs/cmake)
[7.552s] -- Found sensor_msgs: 5.3.6 (/opt/ros/jazzy/share/sensor_msgs/cmake)
[8.004s] -- Found irobot_create_msgs: 3.0.0 (/opt/ros/jazzy/share/irobot_create_msgs/cmake)
[8.253s] -- Found turtlebot4_msgs: 2.0.1 (/home/tahaos/Code/Projects/rpwr-assignments/internship/ws/ros/install/turtlebot4_msgs/share/turtlebot4_msgs/cmake)
[8.431s] -- Found ament_lint_auto: 0.17.2 (/opt/ros/jazzy/share/ament_lint_auto/cmake)
[9.082s] -- Added test 'cppcheck' to perform static code analysis on C / C++ code
[9.084s] -- Configured cppcheck include dirs: /home/tahaos/Code/Projects/rpwr-assignments/internship/ws/ros/src/turtlebot4/turtlebot4_node/include
[9.084s] -- Configured cppcheck exclude dirs and/or files: 
[9.091s] -- Added test 'cpplint' to check C / C++ code against the Google style
[9.091s] -- Configured cpplint exclude dirs and/or files: 
[9.097s] -- Added test 'lint_cmake' to check CMake code style
[9.097s] -- Added test 'uncrustify' to check C / C++ code style
[9.098s] -- Configured uncrustify additional arguments: 
[9.099s] -- Added test 'xmllint' to check XML markup files
[9.106s] -- Configuring done (9.0s)
[9.199s] -- Generating done (0.1s)
[9.240s] -- Build files have been written to: /home/tahaos/Code/Projects/rpwr-assignments/internship/ws/ros/build/turtlebot4_node
[9.264s] Invoked command in '/home/tahaos/Code/Projects/rpwr-assignments/internship/ws/ros/build/turtlebot4_node' returned '0': AMENT_PREFIX_PATH=/home/tahaos/Code/Projects/rpwr-assignments/internship/ws/ros/install/turtlebot4_msgs:${AMENT_PREFIX_PATH} CMAKE_PREFIX_PATH=/home/tahaos/Code/Projects/rpwr-assignments/internship/ws/ros/install/turtlebot4_msgs:/opt/ros/jazzy/opt/gz_sim_vendor:/opt/ros/jazzy/opt/gz_sensors_vendor:/opt/ros/jazzy/opt/gz_physics_vendor:/opt/ros/jazzy/opt/sdformat_vendor:/opt/ros/jazzy/opt/gz_gui_vendor:/opt/ros/jazzy/opt/gz_transport_vendor:/opt/ros/jazzy/opt/gz_rendering_vendor:/opt/ros/jazzy/opt/gz_plugin_vendor:/opt/ros/jazzy/opt/gz_fuel_tools_vendor:/opt/ros/jazzy/opt/gz_msgs_vendor:/opt/ros/jazzy/opt/gz_common_vendor:/opt/ros/jazzy/opt/gz_math_vendor:/opt/ros/jazzy/opt/gz_utils_vendor:/opt/ros/jazzy/opt/gz_tools_vendor:/opt/ros/jazzy/opt/gz_ogre_next_vendor:/opt/ros/jazzy/opt/gz_dartsim_vendor:/opt/ros/jazzy/opt/gz_cmake_vendor:/opt/ros/jazzy LD_LIBRARY_PATH=/home/tahaos/Code/Projects/rpwr-assignments/internship/ws/ros/install/turtlebot4_msgs/lib:${LD_LIBRARY_PATH} PS1=(.rpwr_venv) \[\e]0;\u@\h: \w\a\]${debian_chroot:+($debian_chroot)}\[\033[01;32m\]\u@\h\[\033[00m\]:\[\033[01;34m\]\w\[\033[00m\]\$ PYTHONPATH=/home/tahaos/Code/Projects/rpwr-assignments/internship/ws/ros/install/turtlebot4_msgs/lib/python3.12/site-packages:${PYTHONPATH} VIRTUAL_ENV_PROMPT=(.rpwr_venv) /usr/bin/cmake /home/tahaos/Code/Projects/rpwr-assignments/internship/ws/ros/src/turtlebot4/turtlebot4_node -DCMAKE_INSTALL_PREFIX=/home/tahaos/Code/Projects/rpwr-assignments/internship/ws/ros/install/turtlebot4_node
[9.269s] Invoking command in '/home/tahaos/Code/Projects/rpwr-assignments/internship/ws/ros/build/turtlebot4_node': AMENT_PREFIX_PATH=/home/tahaos/Code/Projects/rpwr-assignments/internship/ws/ros/install/turtlebot4_msgs:${AMENT_PREFIX_PATH} CMAKE_PREFIX_PATH=/home/tahaos/Code/Projects/rpwr-assignments/internship/ws/ros/install/turtlebot4_msgs:/opt/ros/jazzy/opt/gz_sim_vendor:/opt/ros/jazzy/opt/gz_sensors_vendor:/opt/ros/jazzy/opt/gz_physics_vendor:/opt/ros/jazzy/opt/sdformat_vendor:/opt/ros/jazzy/opt/gz_gui_vendor:/opt/ros/jazzy/opt/gz_transport_vendor:/opt/ros/jazzy/opt/gz_rendering_vendor:/opt/ros/jazzy/opt/gz_plugin_vendor:/opt/ros/jazzy/opt/gz_fuel_tools_vendor:/opt/ros/jazzy/opt/gz_msgs_vendor:/opt/ros/jazzy/opt/gz_common_vendor:/opt/ros/jazzy/opt/gz_math_vendor:/opt/ros/jazzy/opt/gz_utils_vendor:/opt/ros/jazzy/opt/gz_tools_vendor:/opt/ros/jazzy/opt/gz_ogre_next_vendor:/opt/ros/jazzy/opt/gz_dartsim_vendor:/opt/ros/jazzy/opt/gz_cmake_vendor:/opt/ros/jazzy LD_LIBRARY_PATH=/home/tahaos/Code/Projects/rpwr-assignments/internship/ws/ros/install/turtlebot4_msgs/lib:${LD_LIBRARY_PATH} PS1=(.rpwr_venv) \[\e]0;\u@\h: \w\a\]${debian_chroot:+($debian_chroot)}\[\033[01;32m\]\u@\h\[\033[00m\]:\[\033[01;34m\]\w\[\033[00m\]\$ PYTHONPATH=/home/tahaos/Code/Projects/rpwr-assignments/internship/ws/ros/install/turtlebot4_msgs/lib/python3.12/site-packages:${PYTHONPATH} VIRTUAL_ENV_PROMPT=(.rpwr_venv) /usr/bin/cmake --build /home/tahaos/Code/Projects/rpwr-assignments/internship/ws/ros/build/turtlebot4_node -- -j12 -l12
[9.439s] [ 12%] [32mBuilding CXX object CMakeFiles/turtlebot4_node_lib.dir/src/main.cpp.o[0m
[25.016s] [ 25%] [32mBuilding CXX object CMakeFiles/turtlebot4_node_lib.dir/src/leds.cpp.o[0m
[36.727s] [ 37%] [32mBuilding CXX object CMakeFiles/turtlebot4_node_lib.dir/src/buttons.cpp.o[0m
[51.001s] [ 62%] [32mBuilding CXX object CMakeFiles/turtlebot4_node_lib.dir/src/display.cpp.o[0m
[51.001s] [ 62%] [32mBuilding CXX object CMakeFiles/turtlebot4_node_lib.dir/src/turtlebot4.cpp.o[0m
[77.391s] [ 75%] [32m[1mLinking CXX static library libturtlebot4_node_lib.a[0m
[78.372s] [ 75%] Built target turtlebot4_node_lib
[78.397s] [ 87%] [32mBuilding CXX object CMakeFiles/turtlebot4_node.dir/src/main.cpp.o[0m
[83.456s] [100%] [32m[1mLinking CXX executable turtlebot4_node[0m
[85.156s] [100%] Built target turtlebot4_node
[85.170s] Invoked command in '/home/tahaos/Code/Projects/rpwr-assignments/internship/ws/ros/build/turtlebot4_node' returned '0': AMENT_PREFIX_PATH=/home/tahaos/Code/Projects/rpwr-assignments/internship/ws/ros/install/turtlebot4_msgs:${AMENT_PREFIX_PATH} CMAKE_PREFIX_PATH=/home/tahaos/Code/Projects/rpwr-assignments/internship/ws/ros/install/turtlebot4_msgs:/opt/ros/jazzy/opt/gz_sim_vendor:/opt/ros/jazzy/opt/gz_sensors_vendor:/opt/ros/jazzy/opt/gz_physics_vendor:/opt/ros/jazzy/opt/sdformat_vendor:/opt/ros/jazzy/opt/gz_gui_vendor:/opt/ros/jazzy/opt/gz_transport_vendor:/opt/ros/jazzy/opt/gz_rendering_vendor:/opt/ros/jazzy/opt/gz_plugin_vendor:/opt/ros/jazzy/opt/gz_fuel_tools_vendor:/opt/ros/jazzy/opt/gz_msgs_vendor:/opt/ros/jazzy/opt/gz_common_vendor:/opt/ros/jazzy/opt/gz_math_vendor:/opt/ros/jazzy/opt/gz_utils_vendor:/opt/ros/jazzy/opt/gz_tools_vendor:/opt/ros/jazzy/opt/gz_ogre_next_vendor:/opt/ros/jazzy/opt/gz_dartsim_vendor:/opt/ros/jazzy/opt/gz_cmake_vendor:/opt/ros/jazzy LD_LIBRARY_PATH=/home/tahaos/Code/Projects/rpwr-assignments/internship/ws/ros/install/turtlebot4_msgs/lib:${LD_LIBRARY_PATH} PS1=(.rpwr_venv) \[\e]0;\u@\h: \w\a\]${debian_chroot:+($debian_chroot)}\[\033[01;32m\]\u@\h\[\033[00m\]:\[\033[01;34m\]\w\[\033[00m\]\$ PYTHONPATH=/home/tahaos/Code/Projects/rpwr-assignments/internship/ws/ros/install/turtlebot4_msgs/lib/python3.12/site-packages:${PYTHONPATH} VIRTUAL_ENV_PROMPT=(.rpwr_venv) /usr/bin/cmake --build /home/tahaos/Code/Projects/rpwr-assignments/internship/ws/ros/build/turtlebot4_node -- -j12 -l12
[85.171s] Invoking command in '/home/tahaos/Code/Projects/rpwr-assignments/internship/ws/ros/build/turtlebot4_node': AMENT_PREFIX_PATH=/home/tahaos/Code/Projects/rpwr-assignments/internship/ws/ros/install/turtlebot4_msgs:${AMENT_PREFIX_PATH} CMAKE_PREFIX_PATH=/home/tahaos/Code/Projects/rpwr-assignments/internship/ws/ros/install/turtlebot4_msgs:/opt/ros/jazzy/opt/gz_sim_vendor:/opt/ros/jazzy/opt/gz_sensors_vendor:/opt/ros/jazzy/opt/gz_physics_vendor:/opt/ros/jazzy/opt/sdformat_vendor:/opt/ros/jazzy/opt/gz_gui_vendor:/opt/ros/jazzy/opt/gz_transport_vendor:/opt/ros/jazzy/opt/gz_rendering_vendor:/opt/ros/jazzy/opt/gz_plugin_vendor:/opt/ros/jazzy/opt/gz_fuel_tools_vendor:/opt/ros/jazzy/opt/gz_msgs_vendor:/opt/ros/jazzy/opt/gz_common_vendor:/opt/ros/jazzy/opt/gz_math_vendor:/opt/ros/jazzy/opt/gz_utils_vendor:/opt/ros/jazzy/opt/gz_tools_vendor:/opt/ros/jazzy/opt/gz_ogre_next_vendor:/opt/ros/jazzy/opt/gz_dartsim_vendor:/opt/ros/jazzy/opt/gz_cmake_vendor:/opt/ros/jazzy LD_LIBRARY_PATH=/home/tahaos/Code/Projects/rpwr-assignments/internship/ws/ros/install/turtlebot4_msgs/lib:${LD_LIBRARY_PATH} PS1=(.rpwr_venv) \[\e]0;\u@\h: \w\a\]${debian_chroot:+($debian_chroot)}\[\033[01;32m\]\u@\h\[\033[00m\]:\[\033[01;34m\]\w\[\033[00m\]\$ PYTHONPATH=/home/tahaos/Code/Projects/rpwr-assignments/internship/ws/ros/install/turtlebot4_msgs/lib/python3.12/site-packages:${PYTHONPATH} VIRTUAL_ENV_PROMPT=(.rpwr_venv) /usr/bin/cmake --install /home/tahaos/Code/Projects/rpwr-assignments/internship/ws/ros/build/turtlebot4_node
[85.180s] -- Install configuration: ""
[85.180s] -- Installing: /home/tahaos/Code/Projects/rpwr-assignments/internship/ws/ros/install/turtlebot4_node/lib/turtlebot4_node/turtlebot4_node
[85.203s] -- Set non-toolchain portion of runtime path of "/home/tahaos/Code/Projects/rpwr-assignments/internship/ws/ros/install/turtlebot4_node/lib/turtlebot4_node/turtlebot4_node" to ""
[85.203s] -- Installing: /home/tahaos/Code/Projects/rpwr-assignments/internship/ws/ros/install/turtlebot4_node/include
[85.203s] -- Installing: /home/tahaos/Code/Projects/rpwr-assignments/internship/ws/ros/install/turtlebot4_node/include/turtlebot4_node
[85.204s] -- Installing: /home/tahaos/Code/Projects/rpwr-assignments/internship/ws/ros/install/turtlebot4_node/include/turtlebot4_node/display.hpp
[85.204s] -- Installing: /home/tahaos/Code/Projects/rpwr-assignments/internship/ws/ros/install/turtlebot4_node/include/turtlebot4_node/turtlebot4.hpp
[85.204s] -- Installing: /home/tahaos/Code/Projects/rpwr-assignments/internship/ws/ros/install/turtlebot4_node/include/turtlebot4_node/action.hpp
[85.204s] -- Installing: /home/tahaos/Code/Projects/rpwr-assignments/internship/ws/ros/install/turtlebot4_node/include/turtlebot4_node/buttons.hpp
[85.204s] -- Installing: /home/tahaos/Code/Projects/rpwr-assignments/internship/ws/ros/install/turtlebot4_node/include/turtlebot4_node/utils.hpp
[85.204s] -- Installing: /home/tahaos/Code/Projects/rpwr-assignments/internship/ws/ros/install/turtlebot4_node/include/turtlebot4_node/leds.hpp
[85.204s] -- Installing: /home/tahaos/Code/Projects/rpwr-assignments/internship/ws/ros/install/turtlebot4_node/include/turtlebot4_node/service.hpp
[85.204s] -- Installing: /home/tahaos/Code/Projects/rpwr-assignments/internship/ws/ros/install/turtlebot4_node/share/ament_index/resource_index/package_run_dependencies/turtlebot4_node
[85.205s] -- Installing: /home/tahaos/Code/Projects/rpwr-assignments/internship/ws/ros/install/turtlebot4_node/share/ament_index/resource_index/parent_prefix_path/turtlebot4_node
[85.205s] -- Installing: /home/tahaos/Code/Projects/rpwr-assignments/internship/ws/ros/install/turtlebot4_node/share/turtlebot4_node/environment/ament_prefix_path.sh
[85.205s] -- Installing: /home/tahaos/Code/Projects/rpwr-assignments/internship/ws/ros/install/turtlebot4_node/share/turtlebot4_node/environment/ament_prefix_path.dsv
[85.205s] -- Installing: /home/tahaos/Code/Projects/rpwr-assignments/internship/ws/ros/install/turtlebot4_node/share/turtlebot4_node/environment/path.sh
[85.205s] -- Installing: /home/tahaos/Code/Projects/rpwr-assignments/internship/ws/ros/install/turtlebot4_node/share/turtlebot4_node/environment/path.dsv
[85.205s] -- Installing: /home/tahaos/Code/Projects/rpwr-assignments/internship/ws/ros/install/turtlebot4_node/share/turtlebot4_node/local_setup.bash
[85.205s] -- Installing: /home/tahaos/Code/Projects/rpwr-assignments/internship/ws/ros/install/turtlebot4_node/share/turtlebot4_node/local_setup.sh
[85.206s] -- Installing: /home/tahaos/Code/Projects/rpwr-assignments/internship/ws/ros/install/turtlebot4_node/share/turtlebot4_node/local_setup.zsh
[85.206s] -- Installing: /home/tahaos/Code/Projects/rpwr-assignments/internship/ws/ros/install/turtlebot4_node/share/turtlebot4_node/local_setup.dsv
[85.206s] -- Installing: /home/tahaos/Code/Projects/rpwr-assignments/internship/ws/ros/install/turtlebot4_node/share/turtlebot4_node/package.dsv
[85.206s] -- Installing: /home/tahaos/Code/Projects/rpwr-assignments/internship/ws/ros/install/turtlebot4_node/share/ament_index/resource_index/packages/turtlebot4_node
[85.206s] -- Installing: /home/tahaos/Code/Projects/rpwr-assignments/internship/ws/ros/install/turtlebot4_node/share/turtlebot4_node/cmake/ament_cmake_export_include_directories-extras.cmake
[85.206s] -- Installing: /home/tahaos/Code/Projects/rpwr-assignments/internship/ws/ros/install/turtlebot4_node/share/turtlebot4_node/cmake/turtlebot4_nodeConfig.cmake
[85.206s] -- Installing: /home/tahaos/Code/Projects/rpwr-assignments/internship/ws/ros/install/turtlebot4_node/share/turtlebot4_node/cmake/turtlebot4_nodeConfig-version.cmake
[85.206s] -- Installing: /home/tahaos/Code/Projects/rpwr-assignments/internship/ws/ros/install/turtlebot4_node/share/turtlebot4_node/package.xml
[85.208s] Invoked command in '/home/tahaos/Code/Projects/rpwr-assignments/internship/ws/ros/build/turtlebot4_node' returned '0': AMENT_PREFIX_PATH=/home/tahaos/Code/Projects/rpwr-assignments/internship/ws/ros/install/turtlebot4_msgs:${AMENT_PREFIX_PATH} CMAKE_PREFIX_PATH=/home/tahaos/Code/Projects/rpwr-assignments/internship/ws/ros/install/turtlebot4_msgs:/opt/ros/jazzy/opt/gz_sim_vendor:/opt/ros/jazzy/opt/gz_sensors_vendor:/opt/ros/jazzy/opt/gz_physics_vendor:/opt/ros/jazzy/opt/sdformat_vendor:/opt/ros/jazzy/opt/gz_gui_vendor:/opt/ros/jazzy/opt/gz_transport_vendor:/opt/ros/jazzy/opt/gz_rendering_vendor:/opt/ros/jazzy/opt/gz_plugin_vendor:/opt/ros/jazzy/opt/gz_fuel_tools_vendor:/opt/ros/jazzy/opt/gz_msgs_vendor:/opt/ros/jazzy/opt/gz_common_vendor:/opt/ros/jazzy/opt/gz_math_vendor:/opt/ros/jazzy/opt/gz_utils_vendor:/opt/ros/jazzy/opt/gz_tools_vendor:/opt/ros/jazzy/opt/gz_ogre_next_vendor:/opt/ros/jazzy/opt/gz_dartsim_vendor:/opt/ros/jazzy/opt/gz_cmake_vendor:/opt/ros/jazzy LD_LIBRARY_PATH=/home/tahaos/Code/Projects/rpwr-assignments/internship/ws/ros/install/turtlebot4_msgs/lib:${LD_LIBRARY_PATH} PS1=(.rpwr_venv) \[\e]0;\u@\h: \w\a\]${debian_chroot:+($debian_chroot)}\[\033[01;32m\]\u@\h\[\033[00m\]:\[\033[01;34m\]\w\[\033[00m\]\$ PYTHONPATH=/home/tahaos/Code/Projects/rpwr-assignments/internship/ws/ros/install/turtlebot4_msgs/lib/python3.12/site-packages:${PYTHONPATH} VIRTUAL_ENV_PROMPT=(.rpwr_venv) /usr/bin/cmake --install /home/tahaos/Code/Projects/rpwr-assignments/internship/ws/ros/build/turtlebot4_node
