[0.023s] Invoking command in '/home/tahaos/Code/Projects/rpwr-assignments/internship/ws/ros/build/turtlebot4_gz_gui_plugins': CMAKE_PREFIX_PATH=${CMAKE_PREFIX_PATH}:/opt/ros/jazzy PS1=(.rpwr_venv) \[\e]0;\u@\h: \w\a\]${debian_chroot:+($debian_chroot)}\[\033[01;32m\]\u@\h\[\033[00m\]:\[\033[01;34m\]\w\[\033[00m\]\$ VIRTUAL_ENV_PROMPT=(.rpwr_venv) /usr/bin/cmake /home/tahaos/Code/Projects/rpwr-assignments/internship/ws/ros/src/turtlebot4_simulator/turtlebot4_gz_gui_plugins -DCMAKE_INSTALL_PREFIX=/home/tahaos/Code/Projects/rpwr-assignments/internship/ws/ros/install/turtlebot4_gz_gui_plugins
[0.095s] -- The C compiler identification is GNU 13.3.0
[0.160s] -- The CXX compiler identification is GNU 13.3.0
[0.179s] -- Detecting C compiler ABI info
[0.288s] -- Detecting C compiler ABI info - done
[0.307s] -- Check for working C compiler: /usr/bin/cc - skipped
[0.307s] -- Detecting C compile features
[0.309s] -- Detecting C compile features - done
[0.320s] -- Detecting CXX compiler ABI info
[0.449s] -- Detecting CXX compiler ABI info - done
[0.471s] -- Check for working CXX compiler: /usr/bin/c++ - skipped
[0.471s] -- Detecting CXX compile features
[0.472s] -- Detecting CXX compile features - done
[0.497s] -- Found ament_cmake: 2.5.4 (/opt/ros/jazzy/share/ament_cmake/cmake)
[0.709s] -- Found Python3: /home/tahaos/Code/Projects/rpwr-assignments/.rpwr_venv/bin/python3 (found version "3.12.3") found components: Interpreter 
[0.982s] -- Found gz_gui_vendor: 0.0.5 (/opt/ros/jazzy/share/gz_gui_vendor/cmake)
[1.126s] -- Looking for gz-gui8 -- found version 8.4.0
[1.139s] -- Searching for dependencies of gz-gui8
[1.347s] -- Found Protobuf: /usr/lib/x86_64-linux-gnu/libprotobuf.so (found version "3.21.12") 
[1.360s] -- Checking for module 'tinyxml2'
[1.382s] --   Found tinyxml2, version 10.0.0
[1.436s] -- Looking for gz-utils2 -- found version 2.2.1
[1.436s] -- Searching for dependencies of gz-utils2
[1.447s] -- Looking for gz-math7 -- found version 7.5.2
[1.447s] -- Searching for dependencies of gz-math7
[1.448s] -- Looking for gz-utils2 -- found version 2.2.1
[1.459s] -- Looking for gz-common5 -- found version 5.7.1
[1.459s] -- Searching for dependencies of gz-common5
[1.460s] -- Looking for gz-utils2 -- found version 2.2.1
[1.461s] -- Looking for dlfcn.h - found
[1.464s] -- Looking for libdl - found
[1.466s] -- Found DL: TRUE  
[1.476s] -- Checking for module 'uuid'
[1.500s] --   Found uuid, version 2.39.3
[1.541s] -- Found UUID: TRUE  
[1.543s] -- Searching for <gz-common5> component [profiler]
[1.552s] -- Looking for gz-common5-profiler -- found version 5.7.1
[1.552s] -- Searching for dependencies of gz-common5-profiler
[1.563s] -- Looking for gz-plugin2 -- found version 2.0.4
[1.563s] -- Searching for dependencies of gz-plugin2
[1.564s] -- Looking for gz-utils2 -- found version 2.2.1
[1.564s] -- Searching for dependencies of gz-utils2
[1.565s] -- Searching for <gz-utils2> component [cli]
[1.573s] -- Looking for gz-utils2-cli -- found version 2.2.1
[1.573s] -- Searching for dependencies of gz-utils2-cli
[1.575s] -- Searching for <gz-plugin2> component [loader]
[1.583s] -- Looking for gz-plugin2-loader -- found version 2.0.4
[1.583s] -- Searching for dependencies of gz-plugin2-loader
[1.585s] -- Searching for <gz-plugin2> component [register]
[1.593s] -- Looking for gz-plugin2-register -- found version 2.0.4
[1.593s] -- Searching for dependencies of gz-plugin2-register
[1.600s] -- Looking for gz-transport13 -- found version 13.4.1
[1.600s] -- Searching for dependencies of gz-transport13
[1.663s] -- Config-file not installed for ZeroMQ -- checking for pkg-config
[1.670s] -- Checking for module 'libzmq >= 4'
[1.694s] --   Found libzmq, version 4.3.5
[1.750s] -- Found ZeroMQ: TRUE (Required is at least version "4") 
[1.759s] -- Looking for gz-utils2 -- found version 2.2.1
[1.765s] -- Looking for gz-msgs10 -- found version 10.3.2
[1.766s] -- Searching for dependencies of gz-msgs10
[1.806s] -- Looking for gz-utils2 -- found version 2.2.1
[1.807s] -- Looking for gz-math7 -- found version 7.5.2
[1.825s] -- Looking for gz-rendering8 -- found version 8.2.2
[1.825s] -- Searching for dependencies of gz-rendering8
[1.826s] -- Looking for gz-math7 -- found version 7.5.2
[1.826s] -- Searching for dependencies of gz-math7
[1.826s] -- Looking for gz-utils2 -- found version 2.2.1
[1.827s] -- Searching for <gz-math7> component [eigen3]
[1.833s] -- Looking for gz-math7-eigen3 -- found version 7.5.2
[1.833s] -- Searching for dependencies of gz-math7-eigen3
[1.856s] -- Looking for gz-common5 -- found version 5.7.1
[1.856s] -- Searching for dependencies of gz-common5
[1.857s] -- Looking for gz-utils2 -- found version 2.2.1
[1.857s] -- Looking for dlfcn.h - found
[1.857s] -- Looking for libdl - found
[1.868s] -- Searching for <gz-common5> component [graphics]
[1.875s] -- Looking for gz-common5-graphics -- found version 5.7.1
[1.875s] -- Searching for dependencies of gz-common5-graphics
[1.875s] -- Looking for gz-math7 -- found version 7.5.2
[1.897s] -- Found GzAssimp: TRUE (found version "5.3.0") 
[1.899s] -- Searching for <gz-common5> component [events]
[1.906s] -- Looking for gz-common5-events -- found version 5.7.1
[1.906s] -- Searching for dependencies of gz-common5-events
[1.907s] -- Looking for gz-math7 -- found version 7.5.2
[1.910s] -- Searching for <gz-common5> component [geospatial]
[1.917s] -- Looking for gz-common5-geospatial -- found version 5.7.1
[1.917s] -- Searching for dependencies of gz-common5-geospatial
[1.917s] -- Looking for gz-math7 -- found version 7.5.2
[1.918s] -- Looking for gz-common5 -- found version 5.7.1
[1.920s] -- Looking for gz-plugin2 -- found version 2.0.4
[1.920s] -- Searching for dependencies of gz-plugin2
[1.921s] -- Looking for gz-utils2 -- found version 2.2.1
[1.921s] -- Searching for <gz-plugin2> component [all]
[1.928s] -- Looking for all libraries of gz-plugin2 -- found version 2.0.4
[1.929s] -- Looking for gz-plugin2 -- found version 2.0.4
[1.931s] -- Looking for gz-utils2 -- found version 2.2.1
[1.955s] -- Found OpenGL: /usr/lib/x86_64-linux-gnu/libOpenGL.so  found components: OpenGL 
[1.956s] -- Looking for gz-msgs10 -- found version 10.3.2
[2.021s] -- Found ament_lint_auto: 0.17.2 (/opt/ros/jazzy/share/ament_lint_auto/cmake)
[2.250s] -- Looking for gz-gui8 -- found version 8.4.0
[2.254s] -- Looking for gz-common5 -- found version 5.7.1
[2.258s] -- Added test 'cppcheck' to perform static code analysis on C / C++ code
[2.259s] -- Configured cppcheck include dirs: 
[2.259s] -- Configured cppcheck exclude dirs and/or files: 
[2.261s] -- Added test 'cpplint' to check C / C++ code against the Google style
[2.261s] -- Configured cpplint exclude dirs and/or files: 
[2.263s] -- Added test 'lint_cmake' to check CMake code style
[2.264s] -- Added test 'xmllint' to check XML markup files
[2.268s] -- Configuring done (2.2s)
[2.291s] -- Generating done (0.0s)
[2.297s] -- Build files have been written to: /home/tahaos/Code/Projects/rpwr-assignments/internship/ws/ros/build/turtlebot4_gz_gui_plugins
[2.307s] Invoked command in '/home/tahaos/Code/Projects/rpwr-assignments/internship/ws/ros/build/turtlebot4_gz_gui_plugins' returned '0': CMAKE_PREFIX_PATH=${CMAKE_PREFIX_PATH}:/opt/ros/jazzy PS1=(.rpwr_venv) \[\e]0;\u@\h: \w\a\]${debian_chroot:+($debian_chroot)}\[\033[01;32m\]\u@\h\[\033[00m\]:\[\033[01;34m\]\w\[\033[00m\]\$ VIRTUAL_ENV_PROMPT=(.rpwr_venv) /usr/bin/cmake /home/tahaos/Code/Projects/rpwr-assignments/internship/ws/ros/src/turtlebot4_simulator/turtlebot4_gz_gui_plugins -DCMAKE_INSTALL_PREFIX=/home/tahaos/Code/Projects/rpwr-assignments/internship/ws/ros/install/turtlebot4_gz_gui_plugins
[2.310s] Invoking command in '/home/tahaos/Code/Projects/rpwr-assignments/internship/ws/ros/build/turtlebot4_gz_gui_plugins': CMAKE_PREFIX_PATH=${CMAKE_PREFIX_PATH}:/opt/ros/jazzy PS1=(.rpwr_venv) \[\e]0;\u@\h: \w\a\]${debian_chroot:+($debian_chroot)}\[\033[01;32m\]\u@\h\[\033[00m\]:\[\033[01;34m\]\w\[\033[00m\]\$ VIRTUAL_ENV_PROMPT=(.rpwr_venv) /usr/bin/cmake --build /home/tahaos/Code/Projects/rpwr-assignments/internship/ws/ros/build/turtlebot4_gz_gui_plugins -- -j12 -l12
[2.374s] [  0%] Built target Turtlebot4Hmi_autogen_timestamp_deps
[2.407s] [ 14%] [34m[1mAutomatic MOC for target Turtlebot4Hmi[0m
[4.040s] [ 14%] Built target Turtlebot4Hmi_autogen
[4.082s] [ 28%] [34m[1mGenerating qrc_Turtlebot4Hmi.cpp[0m
[4.168s] [ 57%] [32mBuilding CXX object Turtlebot4Hmi/CMakeFiles/Turtlebot4Hmi.dir/Turtlebot4Hmi.cc.o[0m
[4.168s] [ 57%] [32mBuilding CXX object Turtlebot4Hmi/CMakeFiles/Turtlebot4Hmi.dir/Turtlebot4Hmi_autogen/mocs_compilation.cpp.o[0m
[4.172s] [ 71%] [32mBuilding CXX object Turtlebot4Hmi/CMakeFiles/Turtlebot4Hmi.dir/qrc_Turtlebot4Hmi.cpp.o[0m
[31.934s] [ 85%] [32m[1mLinking CXX shared library libTurtlebot4Hmi.so[0m
[33.012s] [100%] Built target Turtlebot4Hmi
[33.074s] Invoked command in '/home/tahaos/Code/Projects/rpwr-assignments/internship/ws/ros/build/turtlebot4_gz_gui_plugins' returned '0': CMAKE_PREFIX_PATH=${CMAKE_PREFIX_PATH}:/opt/ros/jazzy PS1=(.rpwr_venv) \[\e]0;\u@\h: \w\a\]${debian_chroot:+($debian_chroot)}\[\033[01;32m\]\u@\h\[\033[00m\]:\[\033[01;34m\]\w\[\033[00m\]\$ VIRTUAL_ENV_PROMPT=(.rpwr_venv) /usr/bin/cmake --build /home/tahaos/Code/Projects/rpwr-assignments/internship/ws/ros/build/turtlebot4_gz_gui_plugins -- -j12 -l12
[33.078s] Invoking command in '/home/tahaos/Code/Projects/rpwr-assignments/internship/ws/ros/build/turtlebot4_gz_gui_plugins': CMAKE_PREFIX_PATH=${CMAKE_PREFIX_PATH}:/opt/ros/jazzy PS1=(.rpwr_venv) \[\e]0;\u@\h: \w\a\]${debian_chroot:+($debian_chroot)}\[\033[01;32m\]\u@\h\[\033[00m\]:\[\033[01;34m\]\w\[\033[00m\]\$ VIRTUAL_ENV_PROMPT=(.rpwr_venv) /usr/bin/cmake --install /home/tahaos/Code/Projects/rpwr-assignments/internship/ws/ros/build/turtlebot4_gz_gui_plugins
[33.110s] -- Install configuration: ""
[33.118s] -- Installing: /home/tahaos/Code/Projects/rpwr-assignments/internship/ws/ros/install/turtlebot4_gz_gui_plugins/share/ament_index/resource_index/package_run_dependencies/turtlebot4_gz_gui_plugins
[33.119s] -- Installing: /home/tahaos/Code/Projects/rpwr-assignments/internship/ws/ros/install/turtlebot4_gz_gui_plugins/share/ament_index/resource_index/parent_prefix_path/turtlebot4_gz_gui_plugins
[33.119s] -- Installing: /home/tahaos/Code/Projects/rpwr-assignments/internship/ws/ros/install/turtlebot4_gz_gui_plugins/share/turtlebot4_gz_gui_plugins/environment/ament_prefix_path.sh
[33.120s] -- Installing: /home/tahaos/Code/Projects/rpwr-assignments/internship/ws/ros/install/turtlebot4_gz_gui_plugins/share/turtlebot4_gz_gui_plugins/environment/ament_prefix_path.dsv
[33.121s] -- Installing: /home/tahaos/Code/Projects/rpwr-assignments/internship/ws/ros/install/turtlebot4_gz_gui_plugins/share/turtlebot4_gz_gui_plugins/environment/path.sh
[33.122s] -- Installing: /home/tahaos/Code/Projects/rpwr-assignments/internship/ws/ros/install/turtlebot4_gz_gui_plugins/share/turtlebot4_gz_gui_plugins/environment/path.dsv
[33.122s] -- Installing: /home/tahaos/Code/Projects/rpwr-assignments/internship/ws/ros/install/turtlebot4_gz_gui_plugins/share/turtlebot4_gz_gui_plugins/local_setup.bash
[33.122s] -- Installing: /home/tahaos/Code/Projects/rpwr-assignments/internship/ws/ros/install/turtlebot4_gz_gui_plugins/share/turtlebot4_gz_gui_plugins/local_setup.sh
[33.122s] -- Installing: /home/tahaos/Code/Projects/rpwr-assignments/internship/ws/ros/install/turtlebot4_gz_gui_plugins/share/turtlebot4_gz_gui_plugins/local_setup.zsh
[33.124s] -- Installing: /home/tahaos/Code/Projects/rpwr-assignments/internship/ws/ros/install/turtlebot4_gz_gui_plugins/share/turtlebot4_gz_gui_plugins/local_setup.dsv
[33.124s] -- Installing: /home/tahaos/Code/Projects/rpwr-assignments/internship/ws/ros/install/turtlebot4_gz_gui_plugins/share/turtlebot4_gz_gui_plugins/package.dsv
[33.125s] -- Installing: /home/tahaos/Code/Projects/rpwr-assignments/internship/ws/ros/install/turtlebot4_gz_gui_plugins/share/ament_index/resource_index/packages/turtlebot4_gz_gui_plugins
[33.125s] -- Installing: /home/tahaos/Code/Projects/rpwr-assignments/internship/ws/ros/install/turtlebot4_gz_gui_plugins/share/turtlebot4_gz_gui_plugins/cmake/turtlebot4_gz_gui_pluginsConfig.cmake
[33.127s] -- Installing: /home/tahaos/Code/Projects/rpwr-assignments/internship/ws/ros/install/turtlebot4_gz_gui_plugins/share/turtlebot4_gz_gui_plugins/cmake/turtlebot4_gz_gui_pluginsConfig-version.cmake
[33.127s] -- Installing: /home/tahaos/Code/Projects/rpwr-assignments/internship/ws/ros/install/turtlebot4_gz_gui_plugins/share/turtlebot4_gz_gui_plugins/package.xml
[33.129s] -- Installing: /home/tahaos/Code/Projects/rpwr-assignments/internship/ws/ros/install/turtlebot4_gz_gui_plugins/share/turtlebot4_gz_gui_plugins/lib/libTurtlebot4Hmi.so
[33.130s] -- Set non-toolchain portion of runtime path of "/home/tahaos/Code/Projects/rpwr-assignments/internship/ws/ros/install/turtlebot4_gz_gui_plugins/share/turtlebot4_gz_gui_plugins/lib/libTurtlebot4Hmi.so" to ""
[33.153s] Invoked command in '/home/tahaos/Code/Projects/rpwr-assignments/internship/ws/ros/build/turtlebot4_gz_gui_plugins' returned '0': CMAKE_PREFIX_PATH=${CMAKE_PREFIX_PATH}:/opt/ros/jazzy PS1=(.rpwr_venv) \[\e]0;\u@\h: \w\a\]${debian_chroot:+($debian_chroot)}\[\033[01;32m\]\u@\h\[\033[00m\]:\[\033[01;34m\]\w\[\033[00m\]\$ VIRTUAL_ENV_PROMPT=(.rpwr_venv) /usr/bin/cmake --install /home/tahaos/Code/Projects/rpwr-assignments/internship/ws/ros/build/turtlebot4_gz_gui_plugins
