[0.043s] Invoking command in '/home/tahaos/Code/Projects/rpwr-assignments/04_navigation/ws/ros/build/turtlebot4_msgs': CMAKE_PREFIX_PATH=${CMAKE_PREFIX_PATH}:/opt/ros/jazzy VIRTUAL_ENV_PROMPT=(.rpwr_venv) /usr/bin/cmake --build /home/tahaos/Code/Projects/rpwr-assignments/04_navigation/ws/ros/build/turtlebot4_msgs -- -j12 -l12
[0.112s] [  1%] Built target turtlebot4_msgs__rosidl_generator_type_description
[0.133s] [  1%] Built target ament_cmake_python_copy_turtlebot4_msgs
[0.141s] [  3%] Built target turtlebot4_msgs__cpp
[0.153s] [ 24%] Built target turtlebot4_msgs__rosidl_generator_c
[0.197s] [ 33%] Built target turtlebot4_msgs__rosidl_typesupport_c
[0.200s] [ 42%] Built target turtlebot4_msgs__rosidl_typesupport_fastrtps_c
[0.201s] [ 51%] Built target turtlebot4_msgs__rosidl_typesupport_introspection_c
[0.202s] [ 61%] Built target turtlebot4_msgs__rosidl_typesupport_cpp
[0.205s] [ 79%] Built target turtlebot4_msgs__rosidl_typesupport_introspection_cpp
[0.206s] [ 79%] Built target turtlebot4_msgs__rosidl_typesupport_fastrtps_cpp
[0.243s] [ 79%] Built target turtlebot4_msgs
[0.275s] [ 81%] Built target turtlebot4_msgs__py
[0.358s] [ 88%] Built target turtlebot4_msgs__rosidl_generator_py
[0.428s] [ 92%] Built target turtlebot4_msgs_s__rosidl_typesupport_fastrtps_c
[0.429s] [ 96%] Built target turtlebot4_msgs_s__rosidl_typesupport_introspection_c
[0.441s] [100%] Built target turtlebot4_msgs_s__rosidl_typesupport_c
[0.536s] running egg_info
[0.561s] writing turtlebot4_msgs.egg-info/PKG-INFO
[0.562s] writing dependency_links to turtlebot4_msgs.egg-info/dependency_links.txt
[0.562s] writing top-level names to turtlebot4_msgs.egg-info/top_level.txt
[0.634s] reading manifest file 'turtlebot4_msgs.egg-info/SOURCES.txt'
[0.635s] writing manifest file 'turtlebot4_msgs.egg-info/SOURCES.txt'
[0.670s] [100%] Built target ament_cmake_python_build_turtlebot4_msgs_egg
[0.685s] Invoked command in '/home/tahaos/Code/Projects/rpwr-assignments/04_navigation/ws/ros/build/turtlebot4_msgs' returned '0': CMAKE_PREFIX_PATH=${CMAKE_PREFIX_PATH}:/opt/ros/jazzy VIRTUAL_ENV_PROMPT=(.rpwr_venv) /usr/bin/cmake --build /home/tahaos/Code/Projects/rpwr-assignments/04_navigation/ws/ros/build/turtlebot4_msgs -- -j12 -l12
[0.686s] Invoking command in '/home/tahaos/Code/Projects/rpwr-assignments/04_navigation/ws/ros/build/turtlebot4_msgs': CMAKE_PREFIX_PATH=${CMAKE_PREFIX_PATH}:/opt/ros/jazzy VIRTUAL_ENV_PROMPT=(.rpwr_venv) /usr/bin/cmake --install /home/tahaos/Code/Projects/rpwr-assignments/04_navigation/ws/ros/build/turtlebot4_msgs
[0.696s] -- Install configuration: ""
[0.696s] -- Up-to-date: /home/tahaos/Code/Projects/rpwr-assignments/04_navigation/ws/ros/install/turtlebot4_msgs/share/ament_index/resource_index/rosidl_interfaces/turtlebot4_msgs
[0.697s] -- Up-to-date: /home/tahaos/Code/Projects/rpwr-assignments/04_navigation/ws/ros/install/turtlebot4_msgs/share/turtlebot4_msgs/msg/UserLed.json
[0.697s] -- Up-to-date: /home/tahaos/Code/Projects/rpwr-assignments/04_navigation/ws/ros/install/turtlebot4_msgs/share/turtlebot4_msgs/msg/UserButton.json
[0.697s] -- Up-to-date: /home/tahaos/Code/Projects/rpwr-assignments/04_navigation/ws/ros/install/turtlebot4_msgs/share/turtlebot4_msgs/msg/UserDisplay.json
[0.697s] -- Up-to-date: /home/tahaos/Code/Projects/rpwr-assignments/04_navigation/ws/ros/install/turtlebot4_msgs/include/turtlebot4_msgs/turtlebot4_msgs
[0.697s] -- Up-to-date: /home/tahaos/Code/Projects/rpwr-assignments/04_navigation/ws/ros/install/turtlebot4_msgs/include/turtlebot4_msgs/turtlebot4_msgs/msg
[0.697s] -- Up-to-date: /home/tahaos/Code/Projects/rpwr-assignments/04_navigation/ws/ros/install/turtlebot4_msgs/include/turtlebot4_msgs/turtlebot4_msgs/msg/user_led.h
[0.697s] -- Up-to-date: /home/tahaos/Code/Projects/rpwr-assignments/04_navigation/ws/ros/install/turtlebot4_msgs/include/turtlebot4_msgs/turtlebot4_msgs/msg/detail
[0.697s] -- Up-to-date: /home/tahaos/Code/Projects/rpwr-assignments/04_navigation/ws/ros/install/turtlebot4_msgs/include/turtlebot4_msgs/turtlebot4_msgs/msg/detail/user_button__struct.h
[0.698s] -- Up-to-date: /home/tahaos/Code/Projects/rpwr-assignments/04_navigation/ws/ros/install/turtlebot4_msgs/include/turtlebot4_msgs/turtlebot4_msgs/msg/detail/user_display__description.c
[0.698s] -- Up-to-date: /home/tahaos/Code/Projects/rpwr-assignments/04_navigation/ws/ros/install/turtlebot4_msgs/include/turtlebot4_msgs/turtlebot4_msgs/msg/detail/user_display__type_support.h
[0.698s] -- Up-to-date: /home/tahaos/Code/Projects/rpwr-assignments/04_navigation/ws/ros/install/turtlebot4_msgs/include/turtlebot4_msgs/turtlebot4_msgs/msg/detail/user_button__description.c
[0.698s] -- Up-to-date: /home/tahaos/Code/Projects/rpwr-assignments/04_navigation/ws/ros/install/turtlebot4_msgs/include/turtlebot4_msgs/turtlebot4_msgs/msg/detail/user_display__type_support.c
[0.698s] -- Up-to-date: /home/tahaos/Code/Projects/rpwr-assignments/04_navigation/ws/ros/install/turtlebot4_msgs/include/turtlebot4_msgs/turtlebot4_msgs/msg/detail/user_led__functions.h
[0.698s] -- Up-to-date: /home/tahaos/Code/Projects/rpwr-assignments/04_navigation/ws/ros/install/turtlebot4_msgs/include/turtlebot4_msgs/turtlebot4_msgs/msg/detail/user_button__type_support.c
[0.698s] -- Up-to-date: /home/tahaos/Code/Projects/rpwr-assignments/04_navigation/ws/ros/install/turtlebot4_msgs/include/turtlebot4_msgs/turtlebot4_msgs/msg/detail/user_display__functions.c
[0.698s] -- Up-to-date: /home/tahaos/Code/Projects/rpwr-assignments/04_navigation/ws/ros/install/turtlebot4_msgs/include/turtlebot4_msgs/turtlebot4_msgs/msg/detail/user_display__struct.h
[0.698s] -- Up-to-date: /home/tahaos/Code/Projects/rpwr-assignments/04_navigation/ws/ros/install/turtlebot4_msgs/include/turtlebot4_msgs/turtlebot4_msgs/msg/detail/user_led__type_support.h
[0.699s] -- Up-to-date: /home/tahaos/Code/Projects/rpwr-assignments/04_navigation/ws/ros/install/turtlebot4_msgs/include/turtlebot4_msgs/turtlebot4_msgs/msg/detail/user_led__type_support.c
[0.699s] -- Up-to-date: /home/tahaos/Code/Projects/rpwr-assignments/04_navigation/ws/ros/install/turtlebot4_msgs/include/turtlebot4_msgs/turtlebot4_msgs/msg/detail/user_button__functions.c
[0.699s] -- Up-to-date: /home/tahaos/Code/Projects/rpwr-assignments/04_navigation/ws/ros/install/turtlebot4_msgs/include/turtlebot4_msgs/turtlebot4_msgs/msg/detail/user_button__functions.h
[0.699s] -- Up-to-date: /home/tahaos/Code/Projects/rpwr-assignments/04_navigation/ws/ros/install/turtlebot4_msgs/include/turtlebot4_msgs/turtlebot4_msgs/msg/detail/user_led__struct.h
[0.699s] -- Up-to-date: /home/tahaos/Code/Projects/rpwr-assignments/04_navigation/ws/ros/install/turtlebot4_msgs/include/turtlebot4_msgs/turtlebot4_msgs/msg/detail/user_led__functions.c
[0.699s] -- Up-to-date: /home/tahaos/Code/Projects/rpwr-assignments/04_navigation/ws/ros/install/turtlebot4_msgs/include/turtlebot4_msgs/turtlebot4_msgs/msg/detail/user_button__type_support.h
[0.699s] -- Up-to-date: /home/tahaos/Code/Projects/rpwr-assignments/04_navigation/ws/ros/install/turtlebot4_msgs/include/turtlebot4_msgs/turtlebot4_msgs/msg/detail/user_display__functions.h
[0.699s] -- Up-to-date: /home/tahaos/Code/Projects/rpwr-assignments/04_navigation/ws/ros/install/turtlebot4_msgs/include/turtlebot4_msgs/turtlebot4_msgs/msg/detail/user_led__description.c
[0.700s] -- Up-to-date: /home/tahaos/Code/Projects/rpwr-assignments/04_navigation/ws/ros/install/turtlebot4_msgs/include/turtlebot4_msgs/turtlebot4_msgs/msg/user_button.h
[0.700s] -- Up-to-date: /home/tahaos/Code/Projects/rpwr-assignments/04_navigation/ws/ros/install/turtlebot4_msgs/include/turtlebot4_msgs/turtlebot4_msgs/msg/rosidl_generator_c__visibility_control.h
[0.700s] -- Up-to-date: /home/tahaos/Code/Projects/rpwr-assignments/04_navigation/ws/ros/install/turtlebot4_msgs/include/turtlebot4_msgs/turtlebot4_msgs/msg/user_display.h
[0.700s] -- Up-to-date: /home/tahaos/Code/Projects/rpwr-assignments/04_navigation/ws/ros/install/turtlebot4_msgs/share/turtlebot4_msgs/environment/library_path.sh
[0.700s] -- Up-to-date: /home/tahaos/Code/Projects/rpwr-assignments/04_navigation/ws/ros/install/turtlebot4_msgs/share/turtlebot4_msgs/environment/library_path.dsv
[0.700s] -- Up-to-date: /home/tahaos/Code/Projects/rpwr-assignments/04_navigation/ws/ros/install/turtlebot4_msgs/lib/libturtlebot4_msgs__rosidl_generator_c.so
[0.700s] -- Up-to-date: /home/tahaos/Code/Projects/rpwr-assignments/04_navigation/ws/ros/install/turtlebot4_msgs/include/turtlebot4_msgs/turtlebot4_msgs
[0.700s] -- Up-to-date: /home/tahaos/Code/Projects/rpwr-assignments/04_navigation/ws/ros/install/turtlebot4_msgs/include/turtlebot4_msgs/turtlebot4_msgs/msg
[0.701s] -- Up-to-date: /home/tahaos/Code/Projects/rpwr-assignments/04_navigation/ws/ros/install/turtlebot4_msgs/include/turtlebot4_msgs/turtlebot4_msgs/msg/rosidl_typesupport_fastrtps_c__visibility_control.h
[0.701s] -- Up-to-date: /home/tahaos/Code/Projects/rpwr-assignments/04_navigation/ws/ros/install/turtlebot4_msgs/include/turtlebot4_msgs/turtlebot4_msgs/msg/detail
[0.701s] -- Up-to-date: /home/tahaos/Code/Projects/rpwr-assignments/04_navigation/ws/ros/install/turtlebot4_msgs/include/turtlebot4_msgs/turtlebot4_msgs/msg/detail/user_button__rosidl_typesupport_fastrtps_c.h
[0.701s] -- Up-to-date: /home/tahaos/Code/Projects/rpwr-assignments/04_navigation/ws/ros/install/turtlebot4_msgs/include/turtlebot4_msgs/turtlebot4_msgs/msg/detail/user_display__rosidl_typesupport_fastrtps_c.h
[0.701s] -- Up-to-date: /home/tahaos/Code/Projects/rpwr-assignments/04_navigation/ws/ros/install/turtlebot4_msgs/include/turtlebot4_msgs/turtlebot4_msgs/msg/detail/user_led__rosidl_typesupport_fastrtps_c.h
[0.701s] -- Up-to-date: /home/tahaos/Code/Projects/rpwr-assignments/04_navigation/ws/ros/install/turtlebot4_msgs/lib/libturtlebot4_msgs__rosidl_typesupport_fastrtps_c.so
[0.701s] -- Up-to-date: /home/tahaos/Code/Projects/rpwr-assignments/04_navigation/ws/ros/install/turtlebot4_msgs/include/turtlebot4_msgs/turtlebot4_msgs
[0.701s] -- Up-to-date: /home/tahaos/Code/Projects/rpwr-assignments/04_navigation/ws/ros/install/turtlebot4_msgs/include/turtlebot4_msgs/turtlebot4_msgs/msg
[0.701s] -- Up-to-date: /home/tahaos/Code/Projects/rpwr-assignments/04_navigation/ws/ros/install/turtlebot4_msgs/include/turtlebot4_msgs/turtlebot4_msgs/msg/rosidl_typesupport_introspection_c__visibility_control.h
[0.701s] -- Up-to-date: /home/tahaos/Code/Projects/rpwr-assignments/04_navigation/ws/ros/install/turtlebot4_msgs/include/turtlebot4_msgs/turtlebot4_msgs/msg/detail
[0.702s] -- Up-to-date: /home/tahaos/Code/Projects/rpwr-assignments/04_navigation/ws/ros/install/turtlebot4_msgs/include/turtlebot4_msgs/turtlebot4_msgs/msg/detail/user_button__rosidl_typesupport_introspection_c.h
[0.702s] -- Up-to-date: /home/tahaos/Code/Projects/rpwr-assignments/04_navigation/ws/ros/install/turtlebot4_msgs/include/turtlebot4_msgs/turtlebot4_msgs/msg/detail/user_display__rosidl_typesupport_introspection_c.h
[0.702s] -- Up-to-date: /home/tahaos/Code/Projects/rpwr-assignments/04_navigation/ws/ros/install/turtlebot4_msgs/include/turtlebot4_msgs/turtlebot4_msgs/msg/detail/user_display__type_support.c
[0.702s] -- Up-to-date: /home/tahaos/Code/Projects/rpwr-assignments/04_navigation/ws/ros/install/turtlebot4_msgs/include/turtlebot4_msgs/turtlebot4_msgs/msg/detail/user_button__type_support.c
[0.702s] -- Up-to-date: /home/tahaos/Code/Projects/rpwr-assignments/04_navigation/ws/ros/install/turtlebot4_msgs/include/turtlebot4_msgs/turtlebot4_msgs/msg/detail/user_led__type_support.c
[0.702s] -- Up-to-date: /home/tahaos/Code/Projects/rpwr-assignments/04_navigation/ws/ros/install/turtlebot4_msgs/include/turtlebot4_msgs/turtlebot4_msgs/msg/detail/user_led__rosidl_typesupport_introspection_c.h
[0.702s] -- Up-to-date: /home/tahaos/Code/Projects/rpwr-assignments/04_navigation/ws/ros/install/turtlebot4_msgs/lib/libturtlebot4_msgs__rosidl_typesupport_introspection_c.so
[0.702s] -- Up-to-date: /home/tahaos/Code/Projects/rpwr-assignments/04_navigation/ws/ros/install/turtlebot4_msgs/lib/libturtlebot4_msgs__rosidl_typesupport_c.so
[0.702s] -- Up-to-date: /home/tahaos/Code/Projects/rpwr-assignments/04_navigation/ws/ros/install/turtlebot4_msgs/include/turtlebot4_msgs/turtlebot4_msgs
[0.702s] -- Up-to-date: /home/tahaos/Code/Projects/rpwr-assignments/04_navigation/ws/ros/install/turtlebot4_msgs/include/turtlebot4_msgs/turtlebot4_msgs/msg
[0.703s] -- Up-to-date: /home/tahaos/Code/Projects/rpwr-assignments/04_navigation/ws/ros/install/turtlebot4_msgs/include/turtlebot4_msgs/turtlebot4_msgs/msg/rosidl_generator_cpp__visibility_control.hpp
[0.703s] -- Up-to-date: /home/tahaos/Code/Projects/rpwr-assignments/04_navigation/ws/ros/install/turtlebot4_msgs/include/turtlebot4_msgs/turtlebot4_msgs/msg/user_led.hpp
[0.703s] -- Up-to-date: /home/tahaos/Code/Projects/rpwr-assignments/04_navigation/ws/ros/install/turtlebot4_msgs/include/turtlebot4_msgs/turtlebot4_msgs/msg/user_button.hpp
[0.703s] -- Up-to-date: /home/tahaos/Code/Projects/rpwr-assignments/04_navigation/ws/ros/install/turtlebot4_msgs/include/turtlebot4_msgs/turtlebot4_msgs/msg/detail
[0.703s] -- Up-to-date: /home/tahaos/Code/Projects/rpwr-assignments/04_navigation/ws/ros/install/turtlebot4_msgs/include/turtlebot4_msgs/turtlebot4_msgs/msg/detail/user_display__type_support.hpp
[0.703s] -- Up-to-date: /home/tahaos/Code/Projects/rpwr-assignments/04_navigation/ws/ros/install/turtlebot4_msgs/include/turtlebot4_msgs/turtlebot4_msgs/msg/detail/user_button__type_support.hpp
[0.703s] -- Up-to-date: /home/tahaos/Code/Projects/rpwr-assignments/04_navigation/ws/ros/install/turtlebot4_msgs/include/turtlebot4_msgs/turtlebot4_msgs/msg/detail/user_button__builder.hpp
[0.703s] -- Up-to-date: /home/tahaos/Code/Projects/rpwr-assignments/04_navigation/ws/ros/install/turtlebot4_msgs/include/turtlebot4_msgs/turtlebot4_msgs/msg/detail/user_button__struct.hpp
[0.703s] -- Up-to-date: /home/tahaos/Code/Projects/rpwr-assignments/04_navigation/ws/ros/install/turtlebot4_msgs/include/turtlebot4_msgs/turtlebot4_msgs/msg/detail/user_display__builder.hpp
[0.704s] -- Up-to-date: /home/tahaos/Code/Projects/rpwr-assignments/04_navigation/ws/ros/install/turtlebot4_msgs/include/turtlebot4_msgs/turtlebot4_msgs/msg/detail/user_led__type_support.hpp
[0.704s] -- Up-to-date: /home/tahaos/Code/Projects/rpwr-assignments/04_navigation/ws/ros/install/turtlebot4_msgs/include/turtlebot4_msgs/turtlebot4_msgs/msg/detail/user_led__traits.hpp
[0.704s] -- Up-to-date: /home/tahaos/Code/Projects/rpwr-assignments/04_navigation/ws/ros/install/turtlebot4_msgs/include/turtlebot4_msgs/turtlebot4_msgs/msg/detail/user_display__struct.hpp
[0.704s] -- Up-to-date: /home/tahaos/Code/Projects/rpwr-assignments/04_navigation/ws/ros/install/turtlebot4_msgs/include/turtlebot4_msgs/turtlebot4_msgs/msg/detail/user_button__traits.hpp
[0.704s] -- Up-to-date: /home/tahaos/Code/Projects/rpwr-assignments/04_navigation/ws/ros/install/turtlebot4_msgs/include/turtlebot4_msgs/turtlebot4_msgs/msg/detail/user_display__traits.hpp
[0.704s] -- Up-to-date: /home/tahaos/Code/Projects/rpwr-assignments/04_navigation/ws/ros/install/turtlebot4_msgs/include/turtlebot4_msgs/turtlebot4_msgs/msg/detail/user_led__builder.hpp
[0.704s] -- Up-to-date: /home/tahaos/Code/Projects/rpwr-assignments/04_navigation/ws/ros/install/turtlebot4_msgs/include/turtlebot4_msgs/turtlebot4_msgs/msg/detail/user_led__struct.hpp
[0.704s] -- Up-to-date: /home/tahaos/Code/Projects/rpwr-assignments/04_navigation/ws/ros/install/turtlebot4_msgs/include/turtlebot4_msgs/turtlebot4_msgs/msg/user_display.hpp
[0.704s] -- Up-to-date: /home/tahaos/Code/Projects/rpwr-assignments/04_navigation/ws/ros/install/turtlebot4_msgs/include/turtlebot4_msgs/turtlebot4_msgs
[0.704s] -- Up-to-date: /home/tahaos/Code/Projects/rpwr-assignments/04_navigation/ws/ros/install/turtlebot4_msgs/include/turtlebot4_msgs/turtlebot4_msgs/msg
[0.705s] -- Up-to-date: /home/tahaos/Code/Projects/rpwr-assignments/04_navigation/ws/ros/install/turtlebot4_msgs/include/turtlebot4_msgs/turtlebot4_msgs/msg/detail
[0.705s] -- Up-to-date: /home/tahaos/Code/Projects/rpwr-assignments/04_navigation/ws/ros/install/turtlebot4_msgs/include/turtlebot4_msgs/turtlebot4_msgs/msg/detail/user_button__rosidl_typesupport_fastrtps_cpp.hpp
[0.705s] -- Up-to-date: /home/tahaos/Code/Projects/rpwr-assignments/04_navigation/ws/ros/install/turtlebot4_msgs/include/turtlebot4_msgs/turtlebot4_msgs/msg/detail/user_display__rosidl_typesupport_fastrtps_cpp.hpp
[0.705s] -- Up-to-date: /home/tahaos/Code/Projects/rpwr-assignments/04_navigation/ws/ros/install/turtlebot4_msgs/include/turtlebot4_msgs/turtlebot4_msgs/msg/detail/dds_fastrtps
[0.705s] -- Up-to-date: /home/tahaos/Code/Projects/rpwr-assignments/04_navigation/ws/ros/install/turtlebot4_msgs/include/turtlebot4_msgs/turtlebot4_msgs/msg/detail/user_led__rosidl_typesupport_fastrtps_cpp.hpp
[0.705s] -- Up-to-date: /home/tahaos/Code/Projects/rpwr-assignments/04_navigation/ws/ros/install/turtlebot4_msgs/include/turtlebot4_msgs/turtlebot4_msgs/msg/rosidl_typesupport_fastrtps_cpp__visibility_control.h
[0.706s] -- Up-to-date: /home/tahaos/Code/Projects/rpwr-assignments/04_navigation/ws/ros/install/turtlebot4_msgs/lib/libturtlebot4_msgs__rosidl_typesupport_fastrtps_cpp.so
[0.706s] -- Up-to-date: /home/tahaos/Code/Projects/rpwr-assignments/04_navigation/ws/ros/install/turtlebot4_msgs/include/turtlebot4_msgs/turtlebot4_msgs
[0.706s] -- Up-to-date: /home/tahaos/Code/Projects/rpwr-assignments/04_navigation/ws/ros/install/turtlebot4_msgs/include/turtlebot4_msgs/turtlebot4_msgs/msg
[0.706s] -- Up-to-date: /home/tahaos/Code/Projects/rpwr-assignments/04_navigation/ws/ros/install/turtlebot4_msgs/include/turtlebot4_msgs/turtlebot4_msgs/msg/detail
[0.706s] -- Up-to-date: /home/tahaos/Code/Projects/rpwr-assignments/04_navigation/ws/ros/install/turtlebot4_msgs/include/turtlebot4_msgs/turtlebot4_msgs/msg/detail/user_display__rosidl_typesupport_introspection_cpp.hpp
[0.706s] -- Up-to-date: /home/tahaos/Code/Projects/rpwr-assignments/04_navigation/ws/ros/install/turtlebot4_msgs/include/turtlebot4_msgs/turtlebot4_msgs/msg/detail/user_button__rosidl_typesupport_introspection_cpp.hpp
[0.706s] -- Up-to-date: /home/tahaos/Code/Projects/rpwr-assignments/04_navigation/ws/ros/install/turtlebot4_msgs/include/turtlebot4_msgs/turtlebot4_msgs/msg/detail/user_led__rosidl_typesupport_introspection_cpp.hpp
[0.706s] -- Up-to-date: /home/tahaos/Code/Projects/rpwr-assignments/04_navigation/ws/ros/install/turtlebot4_msgs/include/turtlebot4_msgs/turtlebot4_msgs/msg/detail/user_led__type_support.cpp
[0.706s] -- Up-to-date: /home/tahaos/Code/Projects/rpwr-assignments/04_navigation/ws/ros/install/turtlebot4_msgs/include/turtlebot4_msgs/turtlebot4_msgs/msg/detail/user_button__type_support.cpp
[0.707s] -- Up-to-date: /home/tahaos/Code/Projects/rpwr-assignments/04_navigation/ws/ros/install/turtlebot4_msgs/include/turtlebot4_msgs/turtlebot4_msgs/msg/detail/user_display__type_support.cpp
[0.707s] -- Up-to-date: /home/tahaos/Code/Projects/rpwr-assignments/04_navigation/ws/ros/install/turtlebot4_msgs/lib/libturtlebot4_msgs__rosidl_typesupport_introspection_cpp.so
[0.707s] -- Up-to-date: /home/tahaos/Code/Projects/rpwr-assignments/04_navigation/ws/ros/install/turtlebot4_msgs/lib/libturtlebot4_msgs__rosidl_typesupport_cpp.so
[0.707s] -- Up-to-date: /home/tahaos/Code/Projects/rpwr-assignments/04_navigation/ws/ros/install/turtlebot4_msgs/share/turtlebot4_msgs/environment/pythonpath.sh
[0.707s] -- Up-to-date: /home/tahaos/Code/Projects/rpwr-assignments/04_navigation/ws/ros/install/turtlebot4_msgs/share/turtlebot4_msgs/environment/pythonpath.dsv
[0.707s] -- Up-to-date: /home/tahaos/Code/Projects/rpwr-assignments/04_navigation/ws/ros/install/turtlebot4_msgs/lib/python3.12/site-packages/turtlebot4_msgs-2.0.1-py3.12.egg-info
[0.707s] -- Installing: /home/tahaos/Code/Projects/rpwr-assignments/04_navigation/ws/ros/install/turtlebot4_msgs/lib/python3.12/site-packages/turtlebot4_msgs-2.0.1-py3.12.egg-info/dependency_links.txt
[0.707s] -- Installing: /home/tahaos/Code/Projects/rpwr-assignments/04_navigation/ws/ros/install/turtlebot4_msgs/lib/python3.12/site-packages/turtlebot4_msgs-2.0.1-py3.12.egg-info/top_level.txt
[0.708s] -- Installing: /home/tahaos/Code/Projects/rpwr-assignments/04_navigation/ws/ros/install/turtlebot4_msgs/lib/python3.12/site-packages/turtlebot4_msgs-2.0.1-py3.12.egg-info/PKG-INFO
[0.708s] -- Installing: /home/tahaos/Code/Projects/rpwr-assignments/04_navigation/ws/ros/install/turtlebot4_msgs/lib/python3.12/site-packages/turtlebot4_msgs-2.0.1-py3.12.egg-info/SOURCES.txt
[0.708s] -- Up-to-date: /home/tahaos/Code/Projects/rpwr-assignments/04_navigation/ws/ros/install/turtlebot4_msgs/lib/python3.12/site-packages/turtlebot4_msgs
[0.708s] -- Up-to-date: /home/tahaos/Code/Projects/rpwr-assignments/04_navigation/ws/ros/install/turtlebot4_msgs/lib/python3.12/site-packages/turtlebot4_msgs/msg
[0.708s] -- Up-to-date: /home/tahaos/Code/Projects/rpwr-assignments/04_navigation/ws/ros/install/turtlebot4_msgs/lib/python3.12/site-packages/turtlebot4_msgs/msg/_user_display_s.c
[0.708s] -- Up-to-date: /home/tahaos/Code/Projects/rpwr-assignments/04_navigation/ws/ros/install/turtlebot4_msgs/lib/python3.12/site-packages/turtlebot4_msgs/msg/_user_led.py
[0.708s] -- Up-to-date: /home/tahaos/Code/Projects/rpwr-assignments/04_navigation/ws/ros/install/turtlebot4_msgs/lib/python3.12/site-packages/turtlebot4_msgs/msg/_user_led_s.c
[0.708s] -- Up-to-date: /home/tahaos/Code/Projects/rpwr-assignments/04_navigation/ws/ros/install/turtlebot4_msgs/lib/python3.12/site-packages/turtlebot4_msgs/msg/_user_button_s.c
[0.708s] -- Up-to-date: /home/tahaos/Code/Projects/rpwr-assignments/04_navigation/ws/ros/install/turtlebot4_msgs/lib/python3.12/site-packages/turtlebot4_msgs/msg/_user_button.py
[0.708s] -- Up-to-date: /home/tahaos/Code/Projects/rpwr-assignments/04_navigation/ws/ros/install/turtlebot4_msgs/lib/python3.12/site-packages/turtlebot4_msgs/msg/_user_display.py
[0.708s] -- Up-to-date: /home/tahaos/Code/Projects/rpwr-assignments/04_navigation/ws/ros/install/turtlebot4_msgs/lib/python3.12/site-packages/turtlebot4_msgs/msg/__init__.py
[0.708s] -- Up-to-date: /home/tahaos/Code/Projects/rpwr-assignments/04_navigation/ws/ros/install/turtlebot4_msgs/lib/python3.12/site-packages/turtlebot4_msgs/turtlebot4_msgs_s__rosidl_typesupport_fastrtps_c.so
[0.709s] -- Up-to-date: /home/tahaos/Code/Projects/rpwr-assignments/04_navigation/ws/ros/install/turtlebot4_msgs/lib/python3.12/site-packages/turtlebot4_msgs/turtlebot4_msgs_s__rosidl_typesupport_introspection_c.so
[0.709s] -- Up-to-date: /home/tahaos/Code/Projects/rpwr-assignments/04_navigation/ws/ros/install/turtlebot4_msgs/lib/python3.12/site-packages/turtlebot4_msgs/_turtlebot4_msgs_s.ep.rosidl_typesupport_c.c
[0.709s] -- Up-to-date: /home/tahaos/Code/Projects/rpwr-assignments/04_navigation/ws/ros/install/turtlebot4_msgs/lib/python3.12/site-packages/turtlebot4_msgs/_turtlebot4_msgs_s.ep.rosidl_typesupport_fastrtps_c.c
[0.709s] -- Up-to-date: /home/tahaos/Code/Projects/rpwr-assignments/04_navigation/ws/ros/install/turtlebot4_msgs/lib/python3.12/site-packages/turtlebot4_msgs/__init__.py
[0.709s] -- Up-to-date: /home/tahaos/Code/Projects/rpwr-assignments/04_navigation/ws/ros/install/turtlebot4_msgs/lib/python3.12/site-packages/turtlebot4_msgs/turtlebot4_msgs_s__rosidl_typesupport_c.so
[0.709s] -- Up-to-date: /home/tahaos/Code/Projects/rpwr-assignments/04_navigation/ws/ros/install/turtlebot4_msgs/lib/python3.12/site-packages/turtlebot4_msgs/_turtlebot4_msgs_s.ep.rosidl_typesupport_introspection_c.c
[0.743s] Listing '/home/tahaos/Code/Projects/rpwr-assignments/04_navigation/ws/ros/install/turtlebot4_msgs/lib/python3.12/site-packages/turtlebot4_msgs'...
[0.743s] Listing '/home/tahaos/Code/Projects/rpwr-assignments/04_navigation/ws/ros/install/turtlebot4_msgs/lib/python3.12/site-packages/turtlebot4_msgs/msg'...
[0.748s] -- Up-to-date: /home/tahaos/Code/Projects/rpwr-assignments/04_navigation/ws/ros/install/turtlebot4_msgs/lib/python3.12/site-packages/turtlebot4_msgs/turtlebot4_msgs_s__rosidl_typesupport_fastrtps_c.so
[0.748s] -- Up-to-date: /home/tahaos/Code/Projects/rpwr-assignments/04_navigation/ws/ros/install/turtlebot4_msgs/lib/python3.12/site-packages/turtlebot4_msgs/turtlebot4_msgs_s__rosidl_typesupport_introspection_c.so
[0.749s] -- Up-to-date: /home/tahaos/Code/Projects/rpwr-assignments/04_navigation/ws/ros/install/turtlebot4_msgs/lib/python3.12/site-packages/turtlebot4_msgs/turtlebot4_msgs_s__rosidl_typesupport_c.so
[0.749s] -- Up-to-date: /home/tahaos/Code/Projects/rpwr-assignments/04_navigation/ws/ros/install/turtlebot4_msgs/lib/libturtlebot4_msgs__rosidl_generator_py.so
[0.749s] -- Up-to-date: /home/tahaos/Code/Projects/rpwr-assignments/04_navigation/ws/ros/install/turtlebot4_msgs/share/turtlebot4_msgs/msg/UserLed.idl
[0.749s] -- Up-to-date: /home/tahaos/Code/Projects/rpwr-assignments/04_navigation/ws/ros/install/turtlebot4_msgs/share/turtlebot4_msgs/msg/UserButton.idl
[0.749s] -- Up-to-date: /home/tahaos/Code/Projects/rpwr-assignments/04_navigation/ws/ros/install/turtlebot4_msgs/share/turtlebot4_msgs/msg/UserDisplay.idl
[0.749s] -- Up-to-date: /home/tahaos/Code/Projects/rpwr-assignments/04_navigation/ws/ros/install/turtlebot4_msgs/share/turtlebot4_msgs/msg/UserLed.msg
[0.750s] -- Up-to-date: /home/tahaos/Code/Projects/rpwr-assignments/04_navigation/ws/ros/install/turtlebot4_msgs/share/turtlebot4_msgs/msg/UserButton.msg
[0.750s] -- Up-to-date: /home/tahaos/Code/Projects/rpwr-assignments/04_navigation/ws/ros/install/turtlebot4_msgs/share/turtlebot4_msgs/msg/UserDisplay.msg
[0.750s] -- Up-to-date: /home/tahaos/Code/Projects/rpwr-assignments/04_navigation/ws/ros/install/turtlebot4_msgs/share/ament_index/resource_index/package_run_dependencies/turtlebot4_msgs
[0.750s] -- Up-to-date: /home/tahaos/Code/Projects/rpwr-assignments/04_navigation/ws/ros/install/turtlebot4_msgs/share/ament_index/resource_index/parent_prefix_path/turtlebot4_msgs
[0.750s] -- Up-to-date: /home/tahaos/Code/Projects/rpwr-assignments/04_navigation/ws/ros/install/turtlebot4_msgs/share/turtlebot4_msgs/environment/ament_prefix_path.sh
[0.750s] -- Up-to-date: /home/tahaos/Code/Projects/rpwr-assignments/04_navigation/ws/ros/install/turtlebot4_msgs/share/turtlebot4_msgs/environment/ament_prefix_path.dsv
[0.750s] -- Up-to-date: /home/tahaos/Code/Projects/rpwr-assignments/04_navigation/ws/ros/install/turtlebot4_msgs/share/turtlebot4_msgs/environment/path.sh
[0.750s] -- Up-to-date: /home/tahaos/Code/Projects/rpwr-assignments/04_navigation/ws/ros/install/turtlebot4_msgs/share/turtlebot4_msgs/environment/path.dsv
[0.750s] -- Up-to-date: /home/tahaos/Code/Projects/rpwr-assignments/04_navigation/ws/ros/install/turtlebot4_msgs/share/turtlebot4_msgs/local_setup.bash
[0.750s] -- Up-to-date: /home/tahaos/Code/Projects/rpwr-assignments/04_navigation/ws/ros/install/turtlebot4_msgs/share/turtlebot4_msgs/local_setup.sh
[0.750s] -- Up-to-date: /home/tahaos/Code/Projects/rpwr-assignments/04_navigation/ws/ros/install/turtlebot4_msgs/share/turtlebot4_msgs/local_setup.zsh
[0.751s] -- Up-to-date: /home/tahaos/Code/Projects/rpwr-assignments/04_navigation/ws/ros/install/turtlebot4_msgs/share/turtlebot4_msgs/local_setup.dsv
[0.751s] -- Installing: /home/tahaos/Code/Projects/rpwr-assignments/04_navigation/ws/ros/install/turtlebot4_msgs/share/turtlebot4_msgs/package.dsv
[0.751s] -- Up-to-date: /home/tahaos/Code/Projects/rpwr-assignments/04_navigation/ws/ros/install/turtlebot4_msgs/share/ament_index/resource_index/packages/turtlebot4_msgs
[0.751s] -- Up-to-date: /home/tahaos/Code/Projects/rpwr-assignments/04_navigation/ws/ros/install/turtlebot4_msgs/share/turtlebot4_msgs/cmake/export_turtlebot4_msgs__rosidl_generator_cExport.cmake
[0.751s] -- Up-to-date: /home/tahaos/Code/Projects/rpwr-assignments/04_navigation/ws/ros/install/turtlebot4_msgs/share/turtlebot4_msgs/cmake/export_turtlebot4_msgs__rosidl_generator_cExport-noconfig.cmake
[0.751s] -- Up-to-date: /home/tahaos/Code/Projects/rpwr-assignments/04_navigation/ws/ros/install/turtlebot4_msgs/share/turtlebot4_msgs/cmake/export_turtlebot4_msgs__rosidl_typesupport_fastrtps_cExport.cmake
[0.751s] -- Up-to-date: /home/tahaos/Code/Projects/rpwr-assignments/04_navigation/ws/ros/install/turtlebot4_msgs/share/turtlebot4_msgs/cmake/export_turtlebot4_msgs__rosidl_typesupport_fastrtps_cExport-noconfig.cmake
[0.751s] -- Up-to-date: /home/tahaos/Code/Projects/rpwr-assignments/04_navigation/ws/ros/install/turtlebot4_msgs/share/turtlebot4_msgs/cmake/turtlebot4_msgs__rosidl_typesupport_introspection_cExport.cmake
[0.751s] -- Up-to-date: /home/tahaos/Code/Projects/rpwr-assignments/04_navigation/ws/ros/install/turtlebot4_msgs/share/turtlebot4_msgs/cmake/turtlebot4_msgs__rosidl_typesupport_introspection_cExport-noconfig.cmake
[0.751s] -- Up-to-date: /home/tahaos/Code/Projects/rpwr-assignments/04_navigation/ws/ros/install/turtlebot4_msgs/share/turtlebot4_msgs/cmake/turtlebot4_msgs__rosidl_typesupport_cExport.cmake
[0.751s] -- Up-to-date: /home/tahaos/Code/Projects/rpwr-assignments/04_navigation/ws/ros/install/turtlebot4_msgs/share/turtlebot4_msgs/cmake/turtlebot4_msgs__rosidl_typesupport_cExport-noconfig.cmake
[0.751s] -- Up-to-date: /home/tahaos/Code/Projects/rpwr-assignments/04_navigation/ws/ros/install/turtlebot4_msgs/share/turtlebot4_msgs/cmake/export_turtlebot4_msgs__rosidl_generator_cppExport.cmake
[0.752s] -- Up-to-date: /home/tahaos/Code/Projects/rpwr-assignments/04_navigation/ws/ros/install/turtlebot4_msgs/share/turtlebot4_msgs/cmake/export_turtlebot4_msgs__rosidl_typesupport_fastrtps_cppExport.cmake
[0.752s] -- Up-to-date: /home/tahaos/Code/Projects/rpwr-assignments/04_navigation/ws/ros/install/turtlebot4_msgs/share/turtlebot4_msgs/cmake/export_turtlebot4_msgs__rosidl_typesupport_fastrtps_cppExport-noconfig.cmake
[0.752s] -- Up-to-date: /home/tahaos/Code/Projects/rpwr-assignments/04_navigation/ws/ros/install/turtlebot4_msgs/share/turtlebot4_msgs/cmake/turtlebot4_msgs__rosidl_typesupport_introspection_cppExport.cmake
[0.752s] -- Up-to-date: /home/tahaos/Code/Projects/rpwr-assignments/04_navigation/ws/ros/install/turtlebot4_msgs/share/turtlebot4_msgs/cmake/turtlebot4_msgs__rosidl_typesupport_introspection_cppExport-noconfig.cmake
[0.752s] -- Up-to-date: /home/tahaos/Code/Projects/rpwr-assignments/04_navigation/ws/ros/install/turtlebot4_msgs/share/turtlebot4_msgs/cmake/turtlebot4_msgs__rosidl_typesupport_cppExport.cmake
[0.752s] -- Up-to-date: /home/tahaos/Code/Projects/rpwr-assignments/04_navigation/ws/ros/install/turtlebot4_msgs/share/turtlebot4_msgs/cmake/turtlebot4_msgs__rosidl_typesupport_cppExport-noconfig.cmake
[0.752s] -- Up-to-date: /home/tahaos/Code/Projects/rpwr-assignments/04_navigation/ws/ros/install/turtlebot4_msgs/share/turtlebot4_msgs/cmake/export_turtlebot4_msgs__rosidl_generator_pyExport.cmake
[0.752s] -- Up-to-date: /home/tahaos/Code/Projects/rpwr-assignments/04_navigation/ws/ros/install/turtlebot4_msgs/share/turtlebot4_msgs/cmake/export_turtlebot4_msgs__rosidl_generator_pyExport-noconfig.cmake
[0.752s] -- Up-to-date: /home/tahaos/Code/Projects/rpwr-assignments/04_navigation/ws/ros/install/turtlebot4_msgs/share/turtlebot4_msgs/cmake/rosidl_cmake-extras.cmake
[0.752s] -- Up-to-date: /home/tahaos/Code/Projects/rpwr-assignments/04_navigation/ws/ros/install/turtlebot4_msgs/share/turtlebot4_msgs/cmake/ament_cmake_export_include_directories-extras.cmake
[0.752s] -- Up-to-date: /home/tahaos/Code/Projects/rpwr-assignments/04_navigation/ws/ros/install/turtlebot4_msgs/share/turtlebot4_msgs/cmake/ament_cmake_export_libraries-extras.cmake
[0.752s] -- Up-to-date: /home/tahaos/Code/Projects/rpwr-assignments/04_navigation/ws/ros/install/turtlebot4_msgs/share/turtlebot4_msgs/cmake/ament_cmake_export_targets-extras.cmake
[0.752s] -- Up-to-date: /home/tahaos/Code/Projects/rpwr-assignments/04_navigation/ws/ros/install/turtlebot4_msgs/share/turtlebot4_msgs/cmake/rosidl_cmake_export_typesupport_targets-extras.cmake
[0.752s] -- Up-to-date: /home/tahaos/Code/Projects/rpwr-assignments/04_navigation/ws/ros/install/turtlebot4_msgs/share/turtlebot4_msgs/cmake/ament_cmake_export_dependencies-extras.cmake
[0.752s] -- Up-to-date: /home/tahaos/Code/Projects/rpwr-assignments/04_navigation/ws/ros/install/turtlebot4_msgs/share/turtlebot4_msgs/cmake/rosidl_cmake_export_typesupport_libraries-extras.cmake
[0.753s] -- Up-to-date: /home/tahaos/Code/Projects/rpwr-assignments/04_navigation/ws/ros/install/turtlebot4_msgs/share/turtlebot4_msgs/cmake/turtlebot4_msgsConfig.cmake
[0.753s] -- Up-to-date: /home/tahaos/Code/Projects/rpwr-assignments/04_navigation/ws/ros/install/turtlebot4_msgs/share/turtlebot4_msgs/cmake/turtlebot4_msgsConfig-version.cmake
[0.753s] -- Up-to-date: /home/tahaos/Code/Projects/rpwr-assignments/04_navigation/ws/ros/install/turtlebot4_msgs/share/turtlebot4_msgs/package.xml
[0.754s] Invoked command in '/home/tahaos/Code/Projects/rpwr-assignments/04_navigation/ws/ros/build/turtlebot4_msgs' returned '0': CMAKE_PREFIX_PATH=${CMAKE_PREFIX_PATH}:/opt/ros/jazzy VIRTUAL_ENV_PROMPT=(.rpwr_venv) /usr/bin/cmake --install /home/tahaos/Code/Projects/rpwr-assignments/04_navigation/ws/ros/build/turtlebot4_msgs
