[0.036s] Invoking command in '/home/tahaos/Code/Projects/rpwr-assignments/internship/ws/ros/build/irobot_create_toolbox': CMAKE_PREFIX_PATH=${CMAKE_PREFIX_PATH}:/opt/ros/jazzy PS1=(.rpwr_venv) \[\e]0;\u@\h: \w\a\]${debian_chroot:+($debian_chroot)}\[\033[01;32m\]\u@\h\[\033[00m\]:\[\033[01;34m\]\w\[\033[00m\]\$ VIRTUAL_ENV_PROMPT=(.rpwr_venv) /usr/bin/cmake /home/tahaos/Code/Projects/rpwr-assignments/internship/ws/ros/src/create3_sim/irobot_create_common/irobot_create_toolbox -DCMAKE_INSTALL_PREFIX=/home/tahaos/Code/Projects/rpwr-assignments/internship/ws/ros/install/irobot_create_toolbox
[0.106s] -- The C compiler identification is GNU 13.3.0
[0.178s] -- The CXX compiler identification is GNU 13.3.0
[0.198s] -- Detecting C compiler ABI info
[0.305s] -- Detecting C compiler ABI info - done
[0.318s] -- Check for working C compiler: /usr/bin/cc - skipped
[0.318s] -- Detecting C compile features
[0.319s] -- Detecting C compile features - done
[0.332s] -- Detecting CXX compiler ABI info
[0.467s] -- Detecting CXX compiler ABI info - done
[0.480s] -- Check for working CXX compiler: /usr/bin/c++ - skipped
[0.480s] -- Detecting CXX compile features
[0.481s] -- Detecting CXX compile features - done
[0.493s] -- Found ament_cmake: 2.5.4 (/opt/ros/jazzy/share/ament_cmake/cmake)
[0.687s] -- Found Python3: /home/tahaos/Code/Projects/rpwr-assignments/.rpwr_venv/bin/python3 (found version "3.12.3") found components: Interpreter 
[0.949s] -- Found gz_math_vendor: 0.0.8 (/opt/ros/jazzy/share/gz_math_vendor/cmake)
[0.995s] -- Looking for gz-math7 -- found version 7.5.2
[1.026s] -- Searching for dependencies of gz-math7
[1.034s] -- Looking for gz-utils2 -- found version 2.2.1
[1.034s] -- Searching for dependencies of gz-utils2
[1.055s] -- Found rclcpp: 28.1.9 (/opt/ros/jazzy/share/rclcpp/cmake)
[1.205s] -- Found rosidl_generator_c: 4.6.5 (/opt/ros/jazzy/share/rosidl_generator_c/cmake)
[1.266s] -- Found rosidl_generator_cpp: 4.6.5 (/opt/ros/jazzy/share/rosidl_generator_cpp/cmake)
[1.314s] -- Using all available rosidl_typesupport_c: rosidl_typesupport_fastrtps_c;rosidl_typesupport_introspection_c
[1.385s] -- Using all available rosidl_typesupport_cpp: rosidl_typesupport_fastrtps_cpp;rosidl_typesupport_introspection_cpp
[1.645s] -- Found rmw_implementation_cmake: 7.3.2 (/opt/ros/jazzy/share/rmw_implementation_cmake/cmake)
[1.659s] -- Found rmw_fastrtps_cpp: 8.4.2 (/opt/ros/jazzy/share/rmw_fastrtps_cpp/cmake)
[1.860s] -- Found OpenSSL: /usr/lib/x86_64-linux-gnu/libcrypto.so (found version "3.0.13")  
[1.894s] -- Found FastRTPS: /opt/ros/jazzy/include (Required is at least version "2.13") 
[1.936s] -- Using RMW implementation 'rmw_fastrtps_cpp' as default
[2.159s] -- Found ament_lint_auto: 0.17.2 (/opt/ros/jazzy/share/ament_lint_auto/cmake)
[2.361s] -- Added test 'cppcheck' to perform static code analysis on C / C++ code
[2.361s] -- Configured cppcheck include dirs: $<BUILD_INTERFACE:/home/tahaos/Code/Projects/rpwr-assignments/internship/ws/ros/src/create3_sim/irobot_create_common/irobot_create_toolbox/include>
[2.361s] -- Configured cppcheck exclude dirs and/or files: 
[2.362s] -- Added test 'cpplint' to check C / C++ code against the Google style
[2.362s] -- Configured cpplint exclude dirs and/or files: 
[2.364s] -- Added test 'lint_cmake' to check CMake code style
[2.366s] -- Added test 'uncrustify' to check C / C++ code style
[2.366s] -- Configured uncrustify additional arguments: 
[2.367s] -- Added test 'xmllint' to check XML markup files
[2.371s] -- Configuring done (2.3s)
[2.388s] -- Generating done (0.0s)
[2.392s] -- Build files have been written to: /home/tahaos/Code/Projects/rpwr-assignments/internship/ws/ros/build/irobot_create_toolbox
[2.408s] Invoked command in '/home/tahaos/Code/Projects/rpwr-assignments/internship/ws/ros/build/irobot_create_toolbox' returned '0': CMAKE_PREFIX_PATH=${CMAKE_PREFIX_PATH}:/opt/ros/jazzy PS1=(.rpwr_venv) \[\e]0;\u@\h: \w\a\]${debian_chroot:+($debian_chroot)}\[\033[01;32m\]\u@\h\[\033[00m\]:\[\033[01;34m\]\w\[\033[00m\]\$ VIRTUAL_ENV_PROMPT=(.rpwr_venv) /usr/bin/cmake /home/tahaos/Code/Projects/rpwr-assignments/internship/ws/ros/src/create3_sim/irobot_create_common/irobot_create_toolbox -DCMAKE_INSTALL_PREFIX=/home/tahaos/Code/Projects/rpwr-assignments/internship/ws/ros/install/irobot_create_toolbox
[2.411s] Invoking command in '/home/tahaos/Code/Projects/rpwr-assignments/internship/ws/ros/build/irobot_create_toolbox': CMAKE_PREFIX_PATH=${CMAKE_PREFIX_PATH}:/opt/ros/jazzy PS1=(.rpwr_venv) \[\e]0;\u@\h: \w\a\]${debian_chroot:+($debian_chroot)}\[\033[01;32m\]\u@\h\[\033[00m\]:\[\033[01;34m\]\w\[\033[00m\]\$ VIRTUAL_ENV_PROMPT=(.rpwr_venv) /usr/bin/cmake --build /home/tahaos/Code/Projects/rpwr-assignments/internship/ws/ros/build/irobot_create_toolbox -- -j12 -l12
[2.481s] [ 50%] [32mBuilding CXX object CMakeFiles/irobot_create_toolbox.dir/src/polar_coordinates.cpp.o[0m
[3.146s] [100%] [32m[1mLinking CXX shared library libirobot_create_toolbox.so[0m
[3.299s] [100%] Built target irobot_create_toolbox
[3.319s] Invoked command in '/home/tahaos/Code/Projects/rpwr-assignments/internship/ws/ros/build/irobot_create_toolbox' returned '0': CMAKE_PREFIX_PATH=${CMAKE_PREFIX_PATH}:/opt/ros/jazzy PS1=(.rpwr_venv) \[\e]0;\u@\h: \w\a\]${debian_chroot:+($debian_chroot)}\[\033[01;32m\]\u@\h\[\033[00m\]:\[\033[01;34m\]\w\[\033[00m\]\$ VIRTUAL_ENV_PROMPT=(.rpwr_venv) /usr/bin/cmake --build /home/tahaos/Code/Projects/rpwr-assignments/internship/ws/ros/build/irobot_create_toolbox -- -j12 -l12
[3.321s] Invoking command in '/home/tahaos/Code/Projects/rpwr-assignments/internship/ws/ros/build/irobot_create_toolbox': CMAKE_PREFIX_PATH=${CMAKE_PREFIX_PATH}:/opt/ros/jazzy PS1=(.rpwr_venv) \[\e]0;\u@\h: \w\a\]${debian_chroot:+($debian_chroot)}\[\033[01;32m\]\u@\h\[\033[00m\]:\[\033[01;34m\]\w\[\033[00m\]\$ VIRTUAL_ENV_PROMPT=(.rpwr_venv) /usr/bin/cmake --install /home/tahaos/Code/Projects/rpwr-assignments/internship/ws/ros/build/irobot_create_toolbox
[3.336s] -- Install configuration: ""
[3.336s] -- Installing: /home/tahaos/Code/Projects/rpwr-assignments/internship/ws/ros/install/irobot_create_toolbox/lib/libirobot_create_toolbox.so
[3.336s] -- Set non-toolchain portion of runtime path of "/home/tahaos/Code/Projects/rpwr-assignments/internship/ws/ros/install/irobot_create_toolbox/lib/libirobot_create_toolbox.so" to ""
[3.337s] -- Installing: /home/tahaos/Code/Projects/rpwr-assignments/internship/ws/ros/install/irobot_create_toolbox/include/irobot_create_toolbox
[3.337s] -- Installing: /home/tahaos/Code/Projects/rpwr-assignments/internship/ws/ros/install/irobot_create_toolbox/include/irobot_create_toolbox/irobot_create_toolbox
[3.337s] -- Installing: /home/tahaos/Code/Projects/rpwr-assignments/internship/ws/ros/install/irobot_create_toolbox/include/irobot_create_toolbox/irobot_create_toolbox/sensors
[3.337s] -- Installing: /home/tahaos/Code/Projects/rpwr-assignments/internship/ws/ros/install/irobot_create_toolbox/include/irobot_create_toolbox/irobot_create_toolbox/sensors/bumpers.hpp
[3.338s] -- Installing: /home/tahaos/Code/Projects/rpwr-assignments/internship/ws/ros/install/irobot_create_toolbox/include/irobot_create_toolbox/irobot_create_toolbox/math.hpp
[3.338s] -- Installing: /home/tahaos/Code/Projects/rpwr-assignments/internship/ws/ros/install/irobot_create_toolbox/include/irobot_create_toolbox/irobot_create_toolbox/polar_coordinates.hpp
[3.338s] -- Installing: /home/tahaos/Code/Projects/rpwr-assignments/internship/ws/ros/install/irobot_create_toolbox/share/ament_index/resource_index/package_run_dependencies/irobot_create_toolbox
[3.338s] -- Installing: /home/tahaos/Code/Projects/rpwr-assignments/internship/ws/ros/install/irobot_create_toolbox/share/ament_index/resource_index/parent_prefix_path/irobot_create_toolbox
[3.338s] -- Installing: /home/tahaos/Code/Projects/rpwr-assignments/internship/ws/ros/install/irobot_create_toolbox/share/irobot_create_toolbox/environment/ament_prefix_path.sh
[3.339s] -- Installing: /home/tahaos/Code/Projects/rpwr-assignments/internship/ws/ros/install/irobot_create_toolbox/share/irobot_create_toolbox/environment/ament_prefix_path.dsv
[3.339s] -- Installing: /home/tahaos/Code/Projects/rpwr-assignments/internship/ws/ros/install/irobot_create_toolbox/share/irobot_create_toolbox/environment/path.sh
[3.339s] -- Installing: /home/tahaos/Code/Projects/rpwr-assignments/internship/ws/ros/install/irobot_create_toolbox/share/irobot_create_toolbox/environment/path.dsv
[3.339s] -- Installing: /home/tahaos/Code/Projects/rpwr-assignments/internship/ws/ros/install/irobot_create_toolbox/share/irobot_create_toolbox/local_setup.bash
[3.340s] -- Installing: /home/tahaos/Code/Projects/rpwr-assignments/internship/ws/ros/install/irobot_create_toolbox/share/irobot_create_toolbox/local_setup.sh
[3.340s] -- Installing: /home/tahaos/Code/Projects/rpwr-assignments/internship/ws/ros/install/irobot_create_toolbox/share/irobot_create_toolbox/local_setup.zsh
[3.340s] -- Installing: /home/tahaos/Code/Projects/rpwr-assignments/internship/ws/ros/install/irobot_create_toolbox/share/irobot_create_toolbox/local_setup.dsv
[3.340s] -- Installing: /home/tahaos/Code/Projects/rpwr-assignments/internship/ws/ros/install/irobot_create_toolbox/share/irobot_create_toolbox/package.dsv
[3.340s] -- Installing: /home/tahaos/Code/Projects/rpwr-assignments/internship/ws/ros/install/irobot_create_toolbox/share/ament_index/resource_index/packages/irobot_create_toolbox
[3.341s] -- Installing: /home/tahaos/Code/Projects/rpwr-assignments/internship/ws/ros/install/irobot_create_toolbox/share/irobot_create_toolbox/cmake/export_irobot_create_toolboxExport.cmake
[3.341s] -- Installing: /home/tahaos/Code/Projects/rpwr-assignments/internship/ws/ros/install/irobot_create_toolbox/share/irobot_create_toolbox/cmake/export_irobot_create_toolboxExport-noconfig.cmake
[3.341s] -- Installing: /home/tahaos/Code/Projects/rpwr-assignments/internship/ws/ros/install/irobot_create_toolbox/share/irobot_create_toolbox/cmake/ament_cmake_export_targets-extras.cmake
[3.341s] -- Installing: /home/tahaos/Code/Projects/rpwr-assignments/internship/ws/ros/install/irobot_create_toolbox/share/irobot_create_toolbox/cmake/ament_cmake_export_dependencies-extras.cmake
[3.341s] -- Installing: /home/tahaos/Code/Projects/rpwr-assignments/internship/ws/ros/install/irobot_create_toolbox/share/irobot_create_toolbox/cmake/irobot_create_toolboxConfig.cmake
[3.342s] -- Installing: /home/tahaos/Code/Projects/rpwr-assignments/internship/ws/ros/install/irobot_create_toolbox/share/irobot_create_toolbox/cmake/irobot_create_toolboxConfig-version.cmake
[3.342s] -- Installing: /home/tahaos/Code/Projects/rpwr-assignments/internship/ws/ros/install/irobot_create_toolbox/share/irobot_create_toolbox/package.xml
[3.345s] Invoked command in '/home/tahaos/Code/Projects/rpwr-assignments/internship/ws/ros/build/irobot_create_toolbox' returned '0': CMAKE_PREFIX_PATH=${CMAKE_PREFIX_PATH}:/opt/ros/jazzy PS1=(.rpwr_venv) \[\e]0;\u@\h: \w\a\]${debian_chroot:+($debian_chroot)}\[\033[01;32m\]\u@\h\[\033[00m\]:\[\033[01;34m\]\w\[\033[00m\]\$ VIRTUAL_ENV_PROMPT=(.rpwr_venv) /usr/bin/cmake --install /home/tahaos/Code/Projects/rpwr-assignments/internship/ws/ros/build/irobot_create_toolbox
