[  5%] Built target hazards_vector_publisher
[ 10%] Built target motion_control
[ 16%] Built target ir_intensity_vector_publisher
[ 21%] Built target hazard_publisher_lib
[ 27%] Built target wheel_status_publisher_lib
[ 32%] Built target wheel_status_publisher
[ 37%] Built target ir_intensity_publisher_lib
[ 43%] Built target robot_state_lib
[ 48%] Built target ui_mgr
[ 54%] Built target ui_mgr_lib
[ 59%] Built target robot_state
[ 78%] Built target motion_control_lib
[ 83%] Built target mock_publisher_lib
[ 89%] Built target mock_publisher
[ 94%] Built target kidnap_estimator_publisher_lib
[100%] Built target kidnap_estimator_publisher
-- Install configuration: ""
-- Installing: /home/tahaos/Code/Projects/rpwr-assignments/04_navigation/ws/ros/install/irobot_create_nodes/lib/irobot_create_nodes/hazards_vector_publisher
-- Set non-toolchain portion of runtime path of "/home/tahaos/Code/Projects/rpwr-assignments/04_navigation/ws/ros/install/irobot_create_nodes/lib/irobot_create_nodes/hazards_vector_publisher" to ""
-- Installing: /home/tahaos/Code/Projects/rpwr-assignments/04_navigation/ws/ros/install/irobot_create_nodes/lib/irobot_create_nodes/ir_intensity_vector_publisher
-- Set non-toolchain portion of runtime path of "/home/tahaos/Code/Projects/rpwr-assignments/04_navigation/ws/ros/install/irobot_create_nodes/lib/irobot_create_nodes/ir_intensity_vector_publisher" to ""
-- Installing: /home/tahaos/Code/Projects/rpwr-assignments/04_navigation/ws/ros/install/irobot_create_nodes/lib/irobot_create_nodes/motion_control
-- Set non-toolchain portion of runtime path of "/home/tahaos/Code/Projects/rpwr-assignments/04_navigation/ws/ros/install/irobot_create_nodes/lib/irobot_create_nodes/motion_control" to ""
-- Installing: /home/tahaos/Code/Projects/rpwr-assignments/04_navigation/ws/ros/install/irobot_create_nodes/lib/irobot_create_nodes/wheel_status_publisher
-- Set non-toolchain portion of runtime path of "/home/tahaos/Code/Projects/rpwr-assignments/04_navigation/ws/ros/install/irobot_create_nodes/lib/irobot_create_nodes/wheel_status_publisher" to ""
-- Installing: /home/tahaos/Code/Projects/rpwr-assignments/04_navigation/ws/ros/install/irobot_create_nodes/lib/irobot_create_nodes/robot_state
-- Set non-toolchain portion of runtime path of "/home/tahaos/Code/Projects/rpwr-assignments/04_navigation/ws/ros/install/irobot_create_nodes/lib/irobot_create_nodes/robot_state" to ""
-- Installing: /home/tahaos/Code/Projects/rpwr-assignments/04_navigation/ws/ros/install/irobot_create_nodes/lib/irobot_create_nodes/ui_mgr
-- Set non-toolchain portion of runtime path of "/home/tahaos/Code/Projects/rpwr-assignments/04_navigation/ws/ros/install/irobot_create_nodes/lib/irobot_create_nodes/ui_mgr" to ""
-- Installing: /home/tahaos/Code/Projects/rpwr-assignments/04_navigation/ws/ros/install/irobot_create_nodes/lib/irobot_create_nodes/mock_publisher
-- Set non-toolchain portion of runtime path of "/home/tahaos/Code/Projects/rpwr-assignments/04_navigation/ws/ros/install/irobot_create_nodes/lib/irobot_create_nodes/mock_publisher" to ""
-- Installing: /home/tahaos/Code/Projects/rpwr-assignments/04_navigation/ws/ros/install/irobot_create_nodes/lib/irobot_create_nodes/kidnap_estimator_publisher
-- Set non-toolchain portion of runtime path of "/home/tahaos/Code/Projects/rpwr-assignments/04_navigation/ws/ros/install/irobot_create_nodes/lib/irobot_create_nodes/kidnap_estimator_publisher" to ""
-- Installing: /home/tahaos/Code/Projects/rpwr-assignments/04_navigation/ws/ros/install/irobot_create_nodes/lib/libhazard_publisher_lib.so
-- Set non-toolchain portion of runtime path of "/home/tahaos/Code/Projects/rpwr-assignments/04_navigation/ws/ros/install/irobot_create_nodes/lib/libhazard_publisher_lib.so" to ""
-- Installing: /home/tahaos/Code/Projects/rpwr-assignments/04_navigation/ws/ros/install/irobot_create_nodes/lib/libir_intensity_publisher_lib.so
-- Set non-toolchain portion of runtime path of "/home/tahaos/Code/Projects/rpwr-assignments/04_navigation/ws/ros/install/irobot_create_nodes/lib/libir_intensity_publisher_lib.so" to ""
-- Installing: /home/tahaos/Code/Projects/rpwr-assignments/04_navigation/ws/ros/install/irobot_create_nodes/lib/libmotion_control_lib.so
-- Set non-toolchain portion of runtime path of "/home/tahaos/Code/Projects/rpwr-assignments/04_navigation/ws/ros/install/irobot_create_nodes/lib/libmotion_control_lib.so" to ""
-- Installing: /home/tahaos/Code/Projects/rpwr-assignments/04_navigation/ws/ros/install/irobot_create_nodes/lib/libwheel_status_publisher_lib.so
-- Set non-toolchain portion of runtime path of "/home/tahaos/Code/Projects/rpwr-assignments/04_navigation/ws/ros/install/irobot_create_nodes/lib/libwheel_status_publisher_lib.so" to ""
-- Installing: /home/tahaos/Code/Projects/rpwr-assignments/04_navigation/ws/ros/install/irobot_create_nodes/lib/librobot_state_lib.so
-- Set non-toolchain portion of runtime path of "/home/tahaos/Code/Projects/rpwr-assignments/04_navigation/ws/ros/install/irobot_create_nodes/lib/librobot_state_lib.so" to ""
-- Installing: /home/tahaos/Code/Projects/rpwr-assignments/04_navigation/ws/ros/install/irobot_create_nodes/lib/libui_mgr_lib.so
-- Set non-toolchain portion of runtime path of "/home/tahaos/Code/Projects/rpwr-assignments/04_navigation/ws/ros/install/irobot_create_nodes/lib/libui_mgr_lib.so" to ""
-- Installing: /home/tahaos/Code/Projects/rpwr-assignments/04_navigation/ws/ros/install/irobot_create_nodes/lib/libmock_publisher_lib.so
-- Set non-toolchain portion of runtime path of "/home/tahaos/Code/Projects/rpwr-assignments/04_navigation/ws/ros/install/irobot_create_nodes/lib/libmock_publisher_lib.so" to ""
-- Installing: /home/tahaos/Code/Projects/rpwr-assignments/04_navigation/ws/ros/install/irobot_create_nodes/lib/libkidnap_estimator_publisher_lib.so
-- Set non-toolchain portion of runtime path of "/home/tahaos/Code/Projects/rpwr-assignments/04_navigation/ws/ros/install/irobot_create_nodes/lib/libkidnap_estimator_publisher_lib.so" to ""
-- Installing: /home/tahaos/Code/Projects/rpwr-assignments/04_navigation/ws/ros/install/irobot_create_nodes/include
-- Installing: /home/tahaos/Code/Projects/rpwr-assignments/04_navigation/ws/ros/install/irobot_create_nodes/include/irobot_create_nodes
-- Installing: /home/tahaos/Code/Projects/rpwr-assignments/04_navigation/ws/ros/install/irobot_create_nodes/include/irobot_create_nodes/hazards_vector_publisher.hpp
-- Installing: /home/tahaos/Code/Projects/rpwr-assignments/04_navigation/ws/ros/install/irobot_create_nodes/include/irobot_create_nodes/motion_control_node.hpp
-- Installing: /home/tahaos/Code/Projects/rpwr-assignments/04_navigation/ws/ros/install/irobot_create_nodes/include/irobot_create_nodes/motion_control
-- Installing: /home/tahaos/Code/Projects/rpwr-assignments/04_navigation/ws/ros/install/irobot_create_nodes/include/irobot_create_nodes/motion_control/reflex_behavior.hpp
-- Installing: /home/tahaos/Code/Projects/rpwr-assignments/04_navigation/ws/ros/install/irobot_create_nodes/include/irobot_create_nodes/motion_control/wall_follow_states.hpp
-- Installing: /home/tahaos/Code/Projects/rpwr-assignments/04_navigation/ws/ros/install/irobot_create_nodes/include/irobot_create_nodes/motion_control/behaviors_scheduler.hpp
-- Installing: /home/tahaos/Code/Projects/rpwr-assignments/04_navigation/ws/ros/install/irobot_create_nodes/include/irobot_create_nodes/motion_control/wall_follow_behavior.hpp
-- Installing: /home/tahaos/Code/Projects/rpwr-assignments/04_navigation/ws/ros/install/irobot_create_nodes/include/irobot_create_nodes/motion_control/docking_behavior.hpp
-- Installing: /home/tahaos/Code/Projects/rpwr-assignments/04_navigation/ws/ros/install/irobot_create_nodes/include/irobot_create_nodes/motion_control/drive_goal_behaviors.hpp
-- Installing: /home/tahaos/Code/Projects/rpwr-assignments/04_navigation/ws/ros/install/irobot_create_nodes/include/irobot_create_nodes/motion_control/simple_goal_controller.hpp
-- Installing: /home/tahaos/Code/Projects/rpwr-assignments/04_navigation/ws/ros/install/irobot_create_nodes/include/irobot_create_nodes/mock_publisher.hpp
-- Installing: /home/tahaos/Code/Projects/rpwr-assignments/04_navigation/ws/ros/install/irobot_create_nodes/include/irobot_create_nodes/kidnap_estimator_publisher.hpp
-- Installing: /home/tahaos/Code/Projects/rpwr-assignments/04_navigation/ws/ros/install/irobot_create_nodes/include/irobot_create_nodes/robot_state.hpp
-- Installing: /home/tahaos/Code/Projects/rpwr-assignments/04_navigation/ws/ros/install/irobot_create_nodes/include/irobot_create_nodes/ui_mgr.hpp
-- Installing: /home/tahaos/Code/Projects/rpwr-assignments/04_navigation/ws/ros/install/irobot_create_nodes/include/irobot_create_nodes/ir_intensity_vector_publisher.hpp
-- Installing: /home/tahaos/Code/Projects/rpwr-assignments/04_navigation/ws/ros/install/irobot_create_nodes/include/irobot_create_nodes/wheels_publisher.hpp
-- Installing: /home/tahaos/Code/Projects/rpwr-assignments/04_navigation/ws/ros/install/irobot_create_nodes/share/irobot_create_nodes/environment/library_path.sh
-- Installing: /home/tahaos/Code/Projects/rpwr-assignments/04_navigation/ws/ros/install/irobot_create_nodes/share/irobot_create_nodes/environment/library_path.dsv
-- Installing: /home/tahaos/Code/Projects/rpwr-assignments/04_navigation/ws/ros/install/irobot_create_nodes/share/ament_index/resource_index/package_run_dependencies/irobot_create_nodes
-- Installing: /home/tahaos/Code/Projects/rpwr-assignments/04_navigation/ws/ros/install/irobot_create_nodes/share/ament_index/resource_index/parent_prefix_path/irobot_create_nodes
-- Installing: /home/tahaos/Code/Projects/rpwr-assignments/04_navigation/ws/ros/install/irobot_create_nodes/share/irobot_create_nodes/environment/ament_prefix_path.sh
-- Installing: /home/tahaos/Code/Projects/rpwr-assignments/04_navigation/ws/ros/install/irobot_create_nodes/share/irobot_create_nodes/environment/ament_prefix_path.dsv
-- Installing: /home/tahaos/Code/Projects/rpwr-assignments/04_navigation/ws/ros/install/irobot_create_nodes/share/irobot_create_nodes/environment/path.sh
-- Installing: /home/tahaos/Code/Projects/rpwr-assignments/04_navigation/ws/ros/install/irobot_create_nodes/share/irobot_create_nodes/environment/path.dsv
-- Installing: /home/tahaos/Code/Projects/rpwr-assignments/04_navigation/ws/ros/install/irobot_create_nodes/share/irobot_create_nodes/local_setup.bash
-- Installing: /home/tahaos/Code/Projects/rpwr-assignments/04_navigation/ws/ros/install/irobot_create_nodes/share/irobot_create_nodes/local_setup.sh
-- Installing: /home/tahaos/Code/Projects/rpwr-assignments/04_navigation/ws/ros/install/irobot_create_nodes/share/irobot_create_nodes/local_setup.zsh
-- Installing: /home/tahaos/Code/Projects/rpwr-assignments/04_navigation/ws/ros/install/irobot_create_nodes/share/irobot_create_nodes/local_setup.dsv
-- Installing: /home/tahaos/Code/Projects/rpwr-assignments/04_navigation/ws/ros/install/irobot_create_nodes/share/irobot_create_nodes/package.dsv
-- Installing: /home/tahaos/Code/Projects/rpwr-assignments/04_navigation/ws/ros/install/irobot_create_nodes/share/ament_index/resource_index/packages/irobot_create_nodes
-- Installing: /home/tahaos/Code/Projects/rpwr-assignments/04_navigation/ws/ros/install/irobot_create_nodes/share/ament_index/resource_index/rclcpp_components/irobot_create_nodes
-- Installing: /home/tahaos/Code/Projects/rpwr-assignments/04_navigation/ws/ros/install/irobot_create_nodes/share/irobot_create_nodes/cmake/ament_cmake_export_include_directories-extras.cmake
-- Installing: /home/tahaos/Code/Projects/rpwr-assignments/04_navigation/ws/ros/install/irobot_create_nodes/share/irobot_create_nodes/cmake/ament_cmake_export_libraries-extras.cmake
-- Installing: /home/tahaos/Code/Projects/rpwr-assignments/04_navigation/ws/ros/install/irobot_create_nodes/share/irobot_create_nodes/cmake/ament_cmake_export_dependencies-extras.cmake
-- Installing: /home/tahaos/Code/Projects/rpwr-assignments/04_navigation/ws/ros/install/irobot_create_nodes/share/irobot_create_nodes/cmake/irobot_create_nodesConfig.cmake
-- Installing: /home/tahaos/Code/Projects/rpwr-assignments/04_navigation/ws/ros/install/irobot_create_nodes/share/irobot_create_nodes/cmake/irobot_create_nodesConfig-version.cmake
-- Installing: /home/tahaos/Code/Projects/rpwr-assignments/04_navigation/ws/ros/install/irobot_create_nodes/share/irobot_create_nodes/package.xml
