[0.034s] Invoking command in '/home/tahaos/Code/Projects/rpwr-assignments/04_navigation/ws/ros/build/turtlebot4_navigation': CMAKE_PREFIX_PATH=${CMAKE_PREFIX_PATH}:/opt/ros/jazzy VIRTUAL_ENV_PROMPT=(.rpwr_venv) /usr/bin/cmake --build /home/tahaos/Code/Projects/rpwr-assignments/04_navigation/ws/ros/build/turtlebot4_navigation -- -j12 -l12
[0.113s] Built target ament_cmake_python_copy_turtlebot4_navigation
[0.526s] running egg_info
[0.549s] writing turtlebot4_navigation.egg-info/PKG-INFO
[0.550s] writing dependency_links to turtlebot4_navigation.egg-info/dependency_links.txt
[0.551s] writing top-level names to turtlebot4_navigation.egg-info/top_level.txt
[0.615s] reading manifest file 'turtlebot4_navigation.egg-info/SOURCES.txt'
[0.615s] writing manifest file 'turtlebot4_navigation.egg-info/SOURCES.txt'
[0.650s] Built target ament_cmake_python_build_turtlebot4_navigation_egg
[0.662s] Invoked command in '/home/tahaos/Code/Projects/rpwr-assignments/04_navigation/ws/ros/build/turtlebot4_navigation' returned '0': CMAKE_PREFIX_PATH=${CMAKE_PREFIX_PATH}:/opt/ros/jazzy VIRTUAL_ENV_PROMPT=(.rpwr_venv) /usr/bin/cmake --build /home/tahaos/Code/Projects/rpwr-assignments/04_navigation/ws/ros/build/turtlebot4_navigation -- -j12 -l12
[0.663s] Invoking command in '/home/tahaos/Code/Projects/rpwr-assignments/04_navigation/ws/ros/build/turtlebot4_navigation': CMAKE_PREFIX_PATH=${CMAKE_PREFIX_PATH}:/opt/ros/jazzy VIRTUAL_ENV_PROMPT=(.rpwr_venv) /usr/bin/cmake --install /home/tahaos/Code/Projects/rpwr-assignments/04_navigation/ws/ros/build/turtlebot4_navigation
[0.672s] -- Install configuration: ""
[0.673s] -- Up-to-date: /home/tahaos/Code/Projects/rpwr-assignments/04_navigation/ws/ros/install/turtlebot4_navigation/share/turtlebot4_navigation/config
[0.673s] -- Up-to-date: /home/tahaos/Code/Projects/rpwr-assignments/04_navigation/ws/ros/install/turtlebot4_navigation/share/turtlebot4_navigation/config/nav2.yaml
[0.673s] -- Up-to-date: /home/tahaos/Code/Projects/rpwr-assignments/04_navigation/ws/ros/install/turtlebot4_navigation/share/turtlebot4_navigation/config/localization.yaml
[0.673s] -- Up-to-date: /home/tahaos/Code/Projects/rpwr-assignments/04_navigation/ws/ros/install/turtlebot4_navigation/share/turtlebot4_navigation/config/slam.yaml
[0.673s] -- Up-to-date: /home/tahaos/Code/Projects/rpwr-assignments/04_navigation/ws/ros/install/turtlebot4_navigation/share/turtlebot4_navigation/launch
[0.673s] -- Up-to-date: /home/tahaos/Code/Projects/rpwr-assignments/04_navigation/ws/ros/install/turtlebot4_navigation/share/turtlebot4_navigation/launch/nav2.launch.py
[0.673s] -- Up-to-date: /home/tahaos/Code/Projects/rpwr-assignments/04_navigation/ws/ros/install/turtlebot4_navigation/share/turtlebot4_navigation/launch/localization.launch.py
[0.673s] -- Up-to-date: /home/tahaos/Code/Projects/rpwr-assignments/04_navigation/ws/ros/install/turtlebot4_navigation/share/turtlebot4_navigation/launch/slam.launch.py
[0.673s] -- Up-to-date: /home/tahaos/Code/Projects/rpwr-assignments/04_navigation/ws/ros/install/turtlebot4_navigation/share/turtlebot4_navigation/maps
[0.673s] -- Up-to-date: /home/tahaos/Code/Projects/rpwr-assignments/04_navigation/ws/ros/install/turtlebot4_navigation/share/turtlebot4_navigation/maps/maze.yaml
[0.674s] -- Up-to-date: /home/tahaos/Code/Projects/rpwr-assignments/04_navigation/ws/ros/install/turtlebot4_navigation/share/turtlebot4_navigation/maps/warehouse.pgm
[0.674s] -- Up-to-date: /home/tahaos/Code/Projects/rpwr-assignments/04_navigation/ws/ros/install/turtlebot4_navigation/share/turtlebot4_navigation/maps/depot.pgm
[0.674s] -- Up-to-date: /home/tahaos/Code/Projects/rpwr-assignments/04_navigation/ws/ros/install/turtlebot4_navigation/share/turtlebot4_navigation/maps/warehouse.yaml
[0.674s] -- Up-to-date: /home/tahaos/Code/Projects/rpwr-assignments/04_navigation/ws/ros/install/turtlebot4_navigation/share/turtlebot4_navigation/maps/depot.yaml
[0.674s] -- Up-to-date: /home/tahaos/Code/Projects/rpwr-assignments/04_navigation/ws/ros/install/turtlebot4_navigation/share/turtlebot4_navigation/maps/maze.pgm
[0.674s] -- Up-to-date: /home/tahaos/Code/Projects/rpwr-assignments/04_navigation/ws/ros/install/turtlebot4_navigation/share/turtlebot4_navigation/environment/pythonpath.sh
[0.674s] -- Up-to-date: /home/tahaos/Code/Projects/rpwr-assignments/04_navigation/ws/ros/install/turtlebot4_navigation/share/turtlebot4_navigation/environment/pythonpath.dsv
[0.674s] -- Up-to-date: /home/tahaos/Code/Projects/rpwr-assignments/04_navigation/ws/ros/install/turtlebot4_navigation/lib/python3.12/site-packages/turtlebot4_navigation-2.0.1-py3.12.egg-info
[0.674s] -- Installing: /home/tahaos/Code/Projects/rpwr-assignments/04_navigation/ws/ros/install/turtlebot4_navigation/lib/python3.12/site-packages/turtlebot4_navigation-2.0.1-py3.12.egg-info/dependency_links.txt
[0.674s] -- Installing: /home/tahaos/Code/Projects/rpwr-assignments/04_navigation/ws/ros/install/turtlebot4_navigation/lib/python3.12/site-packages/turtlebot4_navigation-2.0.1-py3.12.egg-info/top_level.txt
[0.674s] -- Installing: /home/tahaos/Code/Projects/rpwr-assignments/04_navigation/ws/ros/install/turtlebot4_navigation/lib/python3.12/site-packages/turtlebot4_navigation-2.0.1-py3.12.egg-info/PKG-INFO
[0.674s] -- Installing: /home/tahaos/Code/Projects/rpwr-assignments/04_navigation/ws/ros/install/turtlebot4_navigation/lib/python3.12/site-packages/turtlebot4_navigation-2.0.1-py3.12.egg-info/SOURCES.txt
[0.674s] -- Up-to-date: /home/tahaos/Code/Projects/rpwr-assignments/04_navigation/ws/ros/install/turtlebot4_navigation/lib/python3.12/site-packages/turtlebot4_navigation
[0.675s] -- Up-to-date: /home/tahaos/Code/Projects/rpwr-assignments/04_navigation/ws/ros/install/turtlebot4_navigation/lib/python3.12/site-packages/turtlebot4_navigation/turtlebot4_navigator.py
[0.675s] -- Up-to-date: /home/tahaos/Code/Projects/rpwr-assignments/04_navigation/ws/ros/install/turtlebot4_navigation/lib/python3.12/site-packages/turtlebot4_navigation/__init__.py
[0.712s] Listing '/home/tahaos/Code/Projects/rpwr-assignments/04_navigation/ws/ros/install/turtlebot4_navigation/lib/python3.12/site-packages/turtlebot4_navigation'...
[0.717s] -- Up-to-date: /home/tahaos/Code/Projects/rpwr-assignments/04_navigation/ws/ros/install/turtlebot4_navigation/lib/python3.12/site-packages/turtlebot4_navigator.py
[0.756s] -- Up-to-date: /home/tahaos/Code/Projects/rpwr-assignments/04_navigation/ws/ros/install/turtlebot4_navigation/share/ament_index/resource_index/package_run_dependencies/turtlebot4_navigation
[0.757s] -- Up-to-date: /home/tahaos/Code/Projects/rpwr-assignments/04_navigation/ws/ros/install/turtlebot4_navigation/share/ament_index/resource_index/parent_prefix_path/turtlebot4_navigation
[0.757s] -- Up-to-date: /home/tahaos/Code/Projects/rpwr-assignments/04_navigation/ws/ros/install/turtlebot4_navigation/share/turtlebot4_navigation/environment/ament_prefix_path.sh
[0.757s] -- Up-to-date: /home/tahaos/Code/Projects/rpwr-assignments/04_navigation/ws/ros/install/turtlebot4_navigation/share/turtlebot4_navigation/environment/ament_prefix_path.dsv
[0.757s] -- Up-to-date: /home/tahaos/Code/Projects/rpwr-assignments/04_navigation/ws/ros/install/turtlebot4_navigation/share/turtlebot4_navigation/environment/path.sh
[0.757s] -- Up-to-date: /home/tahaos/Code/Projects/rpwr-assignments/04_navigation/ws/ros/install/turtlebot4_navigation/share/turtlebot4_navigation/environment/path.dsv
[0.757s] -- Up-to-date: /home/tahaos/Code/Projects/rpwr-assignments/04_navigation/ws/ros/install/turtlebot4_navigation/share/turtlebot4_navigation/local_setup.bash
[0.757s] -- Up-to-date: /home/tahaos/Code/Projects/rpwr-assignments/04_navigation/ws/ros/install/turtlebot4_navigation/share/turtlebot4_navigation/local_setup.sh
[0.757s] -- Up-to-date: /home/tahaos/Code/Projects/rpwr-assignments/04_navigation/ws/ros/install/turtlebot4_navigation/share/turtlebot4_navigation/local_setup.zsh
[0.757s] -- Up-to-date: /home/tahaos/Code/Projects/rpwr-assignments/04_navigation/ws/ros/install/turtlebot4_navigation/share/turtlebot4_navigation/local_setup.dsv
[0.757s] -- Installing: /home/tahaos/Code/Projects/rpwr-assignments/04_navigation/ws/ros/install/turtlebot4_navigation/share/turtlebot4_navigation/package.dsv
[0.757s] -- Up-to-date: /home/tahaos/Code/Projects/rpwr-assignments/04_navigation/ws/ros/install/turtlebot4_navigation/share/ament_index/resource_index/packages/turtlebot4_navigation
[0.758s] -- Up-to-date: /home/tahaos/Code/Projects/rpwr-assignments/04_navigation/ws/ros/install/turtlebot4_navigation/share/turtlebot4_navigation/cmake/turtlebot4_navigationConfig.cmake
[0.758s] -- Up-to-date: /home/tahaos/Code/Projects/rpwr-assignments/04_navigation/ws/ros/install/turtlebot4_navigation/share/turtlebot4_navigation/cmake/turtlebot4_navigationConfig-version.cmake
[0.758s] -- Up-to-date: /home/tahaos/Code/Projects/rpwr-assignments/04_navigation/ws/ros/install/turtlebot4_navigation/share/turtlebot4_navigation/package.xml
[0.764s] Invoked command in '/home/tahaos/Code/Projects/rpwr-assignments/04_navigation/ws/ros/build/turtlebot4_navigation' returned '0': CMAKE_PREFIX_PATH=${CMAKE_PREFIX_PATH}:/opt/ros/jazzy VIRTUAL_ENV_PROMPT=(.rpwr_venv) /usr/bin/cmake --install /home/tahaos/Code/Projects/rpwr-assignments/04_navigation/ws/ros/build/turtlebot4_navigation
