Built target ament_cmake_python_copy_irobot_create_common_bringup
running egg_info
creating irobot_create_common_bringup.egg-info
writing irobot_create_common_bringup.egg-info/PKG-INFO
writing dependency_links to irobot_create_common_bringup.egg-info/dependency_links.txt
writing top-level names to irobot_create_common_bringup.egg-info/top_level.txt
writing manifest file 'irobot_create_common_bringup.egg-info/SOURCES.txt'
reading manifest file 'irobot_create_common_bringup.egg-info/SOURCES.txt'
writing manifest file 'irobot_create_common_bringup.egg-info/SOURCES.txt'
Built target ament_cmake_python_build_irobot_create_common_bringup_egg
-- Install configuration: ""
-- Installing: /home/tahaos/Code/Projects/rpwr-assignments/04_navigation/ws/ros/install/irobot_create_common_bringup/share/irobot_create_common_bringup/config
-- Installing: /home/tahaos/Code/Projects/rpwr-assignments/04_navigation/ws/ros/install/irobot_create_common_bringup/share/irobot_create_common_bringup/config/hazard_vector_params.yaml
-- Installing: /home/tahaos/Code/Projects/rpwr-assignments/04_navigation/ws/ros/install/irobot_create_common_bringup/share/irobot_create_common_bringup/config/robot_state_params.yaml
-- Installing: /home/tahaos/Code/Projects/rpwr-assignments/04_navigation/ws/ros/install/irobot_create_common_bringup/share/irobot_create_common_bringup/config/mock_params.yaml
-- Installing: /home/tahaos/Code/Projects/rpwr-assignments/04_navigation/ws/ros/install/irobot_create_common_bringup/share/irobot_create_common_bringup/config/wheel_status_params.yaml
-- Installing: /home/tahaos/Code/Projects/rpwr-assignments/04_navigation/ws/ros/install/irobot_create_common_bringup/share/irobot_create_common_bringup/config/ir_intensity_vector_params.yaml
-- Installing: /home/tahaos/Code/Projects/rpwr-assignments/04_navigation/ws/ros/install/irobot_create_common_bringup/share/irobot_create_common_bringup/config/ui_mgr_params.yaml
-- Installing: /home/tahaos/Code/Projects/rpwr-assignments/04_navigation/ws/ros/install/irobot_create_common_bringup/share/irobot_create_common_bringup/config/kidnap_estimator_params.yaml
-- Installing: /home/tahaos/Code/Projects/rpwr-assignments/04_navigation/ws/ros/install/irobot_create_common_bringup/share/irobot_create_common_bringup/launch
-- Installing: /home/tahaos/Code/Projects/rpwr-assignments/04_navigation/ws/ros/install/irobot_create_common_bringup/share/irobot_create_common_bringup/launch/dock_description.launch.py
-- Installing: /home/tahaos/Code/Projects/rpwr-assignments/04_navigation/ws/ros/install/irobot_create_common_bringup/share/irobot_create_common_bringup/launch/create3_nodes.launch.py
-- Installing: /home/tahaos/Code/Projects/rpwr-assignments/04_navigation/ws/ros/install/irobot_create_common_bringup/share/irobot_create_common_bringup/launch/rviz2.launch.py
-- Installing: /home/tahaos/Code/Projects/rpwr-assignments/04_navigation/ws/ros/install/irobot_create_common_bringup/share/irobot_create_common_bringup/launch/robot_description.launch.py
-- Installing: /home/tahaos/Code/Projects/rpwr-assignments/04_navigation/ws/ros/install/irobot_create_common_bringup/share/irobot_create_common_bringup/rviz
-- Installing: /home/tahaos/Code/Projects/rpwr-assignments/04_navigation/ws/ros/install/irobot_create_common_bringup/share/irobot_create_common_bringup/rviz/irobot_create_view.rviz
-- Installing: /home/tahaos/Code/Projects/rpwr-assignments/04_navigation/ws/ros/install/irobot_create_common_bringup/share/irobot_create_common_bringup/rviz/irobot_logo.jpg
-- Installing: /home/tahaos/Code/Projects/rpwr-assignments/04_navigation/ws/ros/install/irobot_create_common_bringup/share/irobot_create_common_bringup/environment/pythonpath.sh
-- Installing: /home/tahaos/Code/Projects/rpwr-assignments/04_navigation/ws/ros/install/irobot_create_common_bringup/share/irobot_create_common_bringup/environment/pythonpath.dsv
-- Installing: /home/tahaos/Code/Projects/rpwr-assignments/04_navigation/ws/ros/install/irobot_create_common_bringup/lib/python3.12/site-packages/irobot_create_common_bringup-3.0.4-py3.12.egg-info
-- Installing: /home/tahaos/Code/Projects/rpwr-assignments/04_navigation/ws/ros/install/irobot_create_common_bringup/lib/python3.12/site-packages/irobot_create_common_bringup-3.0.4-py3.12.egg-info/dependency_links.txt
-- Installing: /home/tahaos/Code/Projects/rpwr-assignments/04_navigation/ws/ros/install/irobot_create_common_bringup/lib/python3.12/site-packages/irobot_create_common_bringup-3.0.4-py3.12.egg-info/top_level.txt
-- Installing: /home/tahaos/Code/Projects/rpwr-assignments/04_navigation/ws/ros/install/irobot_create_common_bringup/lib/python3.12/site-packages/irobot_create_common_bringup-3.0.4-py3.12.egg-info/PKG-INFO
-- Installing: /home/tahaos/Code/Projects/rpwr-assignments/04_navigation/ws/ros/install/irobot_create_common_bringup/lib/python3.12/site-packages/irobot_create_common_bringup-3.0.4-py3.12.egg-info/SOURCES.txt
-- Installing: /home/tahaos/Code/Projects/rpwr-assignments/04_navigation/ws/ros/install/irobot_create_common_bringup/lib/python3.12/site-packages/irobot_create_common_bringup
-- Installing: /home/tahaos/Code/Projects/rpwr-assignments/04_navigation/ws/ros/install/irobot_create_common_bringup/lib/python3.12/site-packages/irobot_create_common_bringup/__init__.py
-- Installing: /home/tahaos/Code/Projects/rpwr-assignments/04_navigation/ws/ros/install/irobot_create_common_bringup/lib/python3.12/site-packages/irobot_create_common_bringup/namespace.py
-- Installing: /home/tahaos/Code/Projects/rpwr-assignments/04_navigation/ws/ros/install/irobot_create_common_bringup/lib/python3.12/site-packages/irobot_create_common_bringup/offset.py
Listing '/home/tahaos/Code/Projects/rpwr-assignments/04_navigation/ws/ros/install/irobot_create_common_bringup/lib/python3.12/site-packages/irobot_create_common_bringup'...
Compiling '/home/tahaos/Code/Projects/rpwr-assignments/04_navigation/ws/ros/install/irobot_create_common_bringup/lib/python3.12/site-packages/irobot_create_common_bringup/__init__.py'...
Compiling '/home/tahaos/Code/Projects/rpwr-assignments/04_navigation/ws/ros/install/irobot_create_common_bringup/lib/python3.12/site-packages/irobot_create_common_bringup/namespace.py'...
Compiling '/home/tahaos/Code/Projects/rpwr-assignments/04_navigation/ws/ros/install/irobot_create_common_bringup/lib/python3.12/site-packages/irobot_create_common_bringup/offset.py'...
-- Installing: /home/tahaos/Code/Projects/rpwr-assignments/04_navigation/ws/ros/install/irobot_create_common_bringup/share/ament_index/resource_index/package_run_dependencies/irobot_create_common_bringup
-- Installing: /home/tahaos/Code/Projects/rpwr-assignments/04_navigation/ws/ros/install/irobot_create_common_bringup/share/ament_index/resource_index/parent_prefix_path/irobot_create_common_bringup
-- Installing: /home/tahaos/Code/Projects/rpwr-assignments/04_navigation/ws/ros/install/irobot_create_common_bringup/share/irobot_create_common_bringup/environment/ament_prefix_path.sh
-- Installing: /home/tahaos/Code/Projects/rpwr-assignments/04_navigation/ws/ros/install/irobot_create_common_bringup/share/irobot_create_common_bringup/environment/ament_prefix_path.dsv
-- Installing: /home/tahaos/Code/Projects/rpwr-assignments/04_navigation/ws/ros/install/irobot_create_common_bringup/share/irobot_create_common_bringup/environment/path.sh
-- Installing: /home/tahaos/Code/Projects/rpwr-assignments/04_navigation/ws/ros/install/irobot_create_common_bringup/share/irobot_create_common_bringup/environment/path.dsv
-- Installing: /home/tahaos/Code/Projects/rpwr-assignments/04_navigation/ws/ros/install/irobot_create_common_bringup/share/irobot_create_common_bringup/local_setup.bash
-- Installing: /home/tahaos/Code/Projects/rpwr-assignments/04_navigation/ws/ros/install/irobot_create_common_bringup/share/irobot_create_common_bringup/local_setup.sh
-- Installing: /home/tahaos/Code/Projects/rpwr-assignments/04_navigation/ws/ros/install/irobot_create_common_bringup/share/irobot_create_common_bringup/local_setup.zsh
-- Installing: /home/tahaos/Code/Projects/rpwr-assignments/04_navigation/ws/ros/install/irobot_create_common_bringup/share/irobot_create_common_bringup/local_setup.dsv
-- Installing: /home/tahaos/Code/Projects/rpwr-assignments/04_navigation/ws/ros/install/irobot_create_common_bringup/share/irobot_create_common_bringup/package.dsv
-- Installing: /home/tahaos/Code/Projects/rpwr-assignments/04_navigation/ws/ros/install/irobot_create_common_bringup/share/ament_index/resource_index/packages/irobot_create_common_bringup
-- Installing: /home/tahaos/Code/Projects/rpwr-assignments/04_navigation/ws/ros/install/irobot_create_common_bringup/share/irobot_create_common_bringup/cmake/irobot_create_common_bringupConfig.cmake
-- Installing: /home/tahaos/Code/Projects/rpwr-assignments/04_navigation/ws/ros/install/irobot_create_common_bringup/share/irobot_create_common_bringup/cmake/irobot_create_common_bringupConfig-version.cmake
-- Installing: /home/tahaos/Code/Projects/rpwr-assignments/04_navigation/ws/ros/install/irobot_create_common_bringup/share/irobot_create_common_bringup/package.xml
