[0.062s] Invoking command in '/home/tahaos/Code/Projects/rpwr-assignments/04_navigation/ws/ros/build/turtlebot4_navigation': CMAKE_PREFIX_PATH=${CMAKE_PREFIX_PATH}:/opt/ros/jazzy VIRTUAL_ENV_PROMPT=(.rpwr_venv) /usr/bin/cmake /home/tahaos/Code/Projects/rpwr-assignments/04_navigation/ws/ros/src/turtlebot4/turtlebot4_navigation -DCMAKE_INSTALL_PREFIX=/home/tahaos/Code/Projects/rpwr-assignments/04_navigation/ws/ros/install/turtlebot4_navigation
[0.086s] -- Found ament_cmake: 2.5.4 (/opt/ros/jazzy/share/ament_cmake/cmake)
[0.437s] -- Found ament_lint_auto: 0.17.2 (/opt/ros/jazzy/share/ament_lint_auto/cmake)
[0.644s] -- Added test 'copyright' to check source files copyright and LICENSE
[0.649s] -- Added test 'flake8' to check Python code syntax and style conventions
[0.650s] -- Configured 'flake8' exclude dirs and/or files: 
[0.651s] -- Added test 'lint_cmake' to check CMake code style
[0.653s] -- Added test 'pep257' to check Python code against some of the docstring style conventions in PEP 257
[0.656s] -- Added test 'xmllint' to check XML markup files
[0.659s] -- Configuring done (0.6s)
[0.666s] -- Generating done (0.0s)
[0.669s] -- Build files have been written to: /home/tahaos/Code/Projects/rpwr-assignments/04_navigation/ws/ros/build/turtlebot4_navigation
[0.673s] Invoked command in '/home/tahaos/Code/Projects/rpwr-assignments/04_navigation/ws/ros/build/turtlebot4_navigation' returned '0': CMAKE_PREFIX_PATH=${CMAKE_PREFIX_PATH}:/opt/ros/jazzy VIRTUAL_ENV_PROMPT=(.rpwr_venv) /usr/bin/cmake /home/tahaos/Code/Projects/rpwr-assignments/04_navigation/ws/ros/src/turtlebot4/turtlebot4_navigation -DCMAKE_INSTALL_PREFIX=/home/tahaos/Code/Projects/rpwr-assignments/04_navigation/ws/ros/install/turtlebot4_navigation
[0.675s] Invoking command in '/home/tahaos/Code/Projects/rpwr-assignments/04_navigation/ws/ros/build/turtlebot4_navigation': CMAKE_PREFIX_PATH=${CMAKE_PREFIX_PATH}:/opt/ros/jazzy VIRTUAL_ENV_PROMPT=(.rpwr_venv) /usr/bin/cmake --build /home/tahaos/Code/Projects/rpwr-assignments/04_navigation/ws/ros/build/turtlebot4_navigation -- -j12 -l12
[0.753s] Built target ament_cmake_python_copy_turtlebot4_navigation
[1.060s] running egg_info
[1.084s] creating turtlebot4_navigation.egg-info
[1.084s] writing turtlebot4_navigation.egg-info/PKG-INFO
[1.084s] writing dependency_links to turtlebot4_navigation.egg-info/dependency_links.txt
[1.084s] writing top-level names to turtlebot4_navigation.egg-info/top_level.txt
[1.085s] writing manifest file 'turtlebot4_navigation.egg-info/SOURCES.txt'
[1.154s] reading manifest file 'turtlebot4_navigation.egg-info/SOURCES.txt'
[1.155s] writing manifest file 'turtlebot4_navigation.egg-info/SOURCES.txt'
[1.199s] Built target ament_cmake_python_build_turtlebot4_navigation_egg
